Log file open, 07/20/19 20:24:47
LogWindows: Failed to load 'aqProf.dll' (GetLastError=126)
LogWindows: File 'aqProf.dll' does not exist
LogWindows: Failed to load 'VtuneApi.dll' (GetLastError=126)
LogWindows: File 'VtuneApi.dll' does not exist
LogWindows: Failed to load 'VtuneApi32e.dll' (GetLastError=126)
LogWindows: File 'VtuneApi32e.dll' does not exist
LogInit: Display: Running engine for game: CoinCollector
LogPlatformFile: Not using cached read wrapper
LogInit: Display: RandInit(660168893) SRandInit(660168893).
LogInit: Read version file with build ID '3709383'
LogInit: Overriding engine version to CL 3832480, compatible CL 3709383
LogInit: Registered custom module enumerator with build ID '3709383'
LogTaskGraph: Started task graph with 5 named threads and 14 total threads with 3 sets of task threads.
LogStats: Stats thread started at 4.059801
LogD3D11RHI: Aftermath initialized
LogPluginManager: Mounting plugin Paper2D
LogPluginManager: Mounting plugin LightPropagationVolume
LogPluginManager: Mounting plugin CodeLiteSourceCodeAccess
LogPluginManager: Mounting plugin GitSourceControl
LogPluginManager: Mounting plugin KDevelopSourceCodeAccess
LogPluginManager: Mounting plugin NullSourceCodeAccess
LogPluginManager: Mounting plugin PerforceSourceControl
LogPluginManager: Mounting plugin SubversionSourceControl
LogPluginManager: Mounting plugin UObjectPlugin
LogPluginManager: Mounting plugin VisualStudioCodeSourceCodeAccess
LogPluginManager: Mounting plugin VisualStudioSourceCodeAccess
LogPluginManager: Mounting plugin XCodeSourceCodeAccess
LogPluginManager: Mounting plugin AssetManagerEditor
LogPluginManager: Mounting plugin AudioCapture
LogPluginManager: Mounting plugin FacialAnimation
LogPluginManager: Mounting plugin GameplayTagsEditor
LogPluginManager: Mounting plugin MobileLauncherProfileWizard
LogPluginManager: Mounting plugin PluginBrowser
LogPluginManager: Mounting plugin SpeedTreeImporter
LogPluginManager: Mounting plugin AlembicImporter
LogPluginManager: Mounting plugin CharacterAI
LogPluginManager: Mounting plugin HTML5Networking
LogPluginManager: Mounting plugin AndroidMedia
LogPluginManager: Mounting plugin AvfMedia
LogPluginManager: Mounting plugin ImgMedia
LogPluginManager: Mounting plugin MediaCompositing
LogPluginManager: Mounting plugin MediaPlayerEditor
LogPluginManager: Mounting plugin WmfMedia
LogPluginManager: Mounting plugin TcpMessaging
LogPluginManager: Mounting plugin UdpMessaging
LogPluginManager: Mounting plugin ActorSequence
LogPluginManager: Mounting plugin LevelSequenceEditor
LogPluginManager: Mounting plugin MatineeToLevelSequence
LogPluginManager: Mounting plugin OnlineSubsystemGooglePlay
LogPluginManager: Mounting plugin OnlineSubsystemIOS
LogPluginManager: Mounting plugin OnlineSubsystem
LogPluginManager: Mounting plugin OnlineSubsystemNull
LogPluginManager: Mounting plugin OnlineSubsystemUtils
LogPluginManager: Mounting plugin AndroidDeviceProfileSelector
LogPluginManager: Mounting plugin AndroidMoviePlayer
LogPluginManager: Mounting plugin AndroidPermission
LogPluginManager: Mounting plugin AppleARKit
LogPluginManager: Mounting plugin AppleMoviePlayer
LogPluginManager: Mounting plugin ArchVisCharacter
LogPluginManager: Mounting plugin CableComponent
LogPluginManager: Mounting plugin CustomMeshComponent
LogPluginManager: Mounting plugin ExampleDeviceProfileSelector
LogPluginManager: Mounting plugin GoogleCloudMessaging
LogPluginManager: Mounting plugin ImmediatePhysics
LogPluginManager: Mounting plugin IOSDeviceProfileSelector
LogPluginManager: Mounting plugin LinuxDeviceProfileSelector
LogPluginManager: Mounting plugin LocationServicesBPLibrary
LogPluginManager: Mounting plugin MobilePatchingUtils
LogPluginManager: Mounting plugin OculusVR
LogPluginManager: Plugin shader directory ../../../Engine/Plugins/Runtime/Oculus/OculusVR/Shaders found
LogPluginManager: Mapping shader source directory ../../../Engine/Plugins/Runtime/Oculus/OculusVR/Shaders to virtual directory /Plugin/OculusVR
LogPluginManager: Mounting plugin PhysXVehicles
LogPluginManager: Mounting plugin ProceduralMeshComponent
LogPluginManager: Mounting plugin RuntimePhysXCooking
LogPluginManager: Mounting plugin SteamVR
LogPluginManager: Mounting plugin WindowsMoviePlayer
LogPluginManager: Mounting plugin UEAnimaLoader
LogModuleManager: Display: Found up-to-date module file C:/Users/walid/Downloads/CoinCollectorStarter/CoinCollectorStarter/Binaries/Win64/UE4Editor-CoinCollector.dll (API version 3709383).
LogModuleManager: Display: Found up-to-date module file ../../../Engine/Plugins/2D/Paper2D/Binaries/Win64/UE4Editor-Paper2D.dll (API version 3709383).
LogModuleManager: Display: Found up-to-date module file ../../../Engine/Plugins/2D/Paper2D/Binaries/Win64/UE4Editor-Paper2DEditor.dll (API version 3709383).
LogModuleManager: Display: Found up-to-date module file ../../../Engine/Plugins/2D/Paper2D/Binaries/Win64/UE4Editor-PaperSpriteSheetImporter.dll (API version 3709383).
LogModuleManager: Display: Found up-to-date module file ../../../Engine/Plugins/2D/Paper2D/Binaries/Win64/UE4Editor-PaperTiledImporter.dll (API version 3709383).
LogModuleManager: Display: Found up-to-date module file ../../../Engine/Plugins/2D/Paper2D/Binaries/Win64/UE4Editor-SmartSnapping.dll (API version 3709383).
LogModuleManager: Display: Found up-to-date module file ../../../Engine/Plugins/Blendables/LightPropagationVolume/Binaries/Win64/UE4Editor-LightPropagationVolumeRuntime.dll (API version 3709383).
LogModuleManager: Display: Found up-to-date module file ../../../Engine/Plugins/Blendables/LightPropagationVolume/Binaries/Win64/UE4Editor-LightPropagationVolumeEditor.dll (API version 3709383).
LogModuleManager: Display: Found up-to-date module file ../../../Engine/Plugins/Developer/GitSourceControl/Binaries/Win64/UE4Editor-GitSourceControl.dll (API version 3709383).
LogModuleManager: Display: Found up-to-date module file ../../../Engine/Plugins/Developer/PerforceSourceControl/Binaries/Win64/UE4Editor-PerforceSourceControl.dll (API version 3709383).
LogModuleManager: Display: Found up-to-date module file ../../../Engine/Plugins/Developer/SubversionSourceControl/Binaries/Win64/UE4Editor-SubversionSourceControl.dll (API version 3709383).
LogModuleManager: Display: Found up-to-date module file ../../../Engine/Plugins/Developer/UObjectPlugin/Binaries/Win64/UE4Editor-UObjectPlugin.dll (API version 3709383).
LogModuleManager: Display: Found up-to-date module file ../../../Engine/Plugins/Developer/VisualStudioCodeSourceCodeAccess/Binaries/Win64/UE4Editor-VisualStudioCodeSourceCodeAccess.dll (API version 3709383).
LogModuleManager: Display: Found up-to-date module file ../../../Engine/Plugins/Developer/VisualStudioSourceCodeAccess/Binaries/Win64/UE4Editor-VisualStudioSourceCodeAccess.dll (API version 3709383).
LogModuleManager: Display: Found up-to-date module file ../../../Engine/Plugins/Editor/AssetManagerEditor/Binaries/Win64/UE4Editor-AssetManagerEditor.dll (API version 3709383).
LogModuleManager: Display: Found up-to-date module file ../../../Engine/Plugins/Editor/AudioCapture/Binaries/Win64/UE4Editor-AudioCapture.dll (API version 3709383).
LogModuleManager: Display: Found up-to-date module file ../../../Engine/Plugins/Editor/FacialAnimation/Binaries/Win64/UE4Editor-FacialAnimation.dll (API version 3709383).
LogModuleManager: Display: Found up-to-date module file ../../../Engine/Plugins/Editor/FacialAnimation/Binaries/Win64/UE4Editor-FacialAnimationEditor.dll (API version 3709383).
LogModuleManager: Display: Found up-to-date module file ../../../Engine/Plugins/Editor/GameplayTagsEditor/Binaries/Win64/UE4Editor-GameplayTagsEditor.dll (API version 3709383).
LogModuleManager: Display: Found up-to-date module file ../../../Engine/Plugins/Editor/MobileLauncherProfileWizard/Binaries/Win64/UE4Editor-MobileLauncherProfileWizard.dll (API version 3709383).
LogModuleManager: Display: Found up-to-date module file ../../../Engine/Plugins/Editor/PluginBrowser/Binaries/Win64/UE4Editor-PluginBrowser.dll (API version 3709383).
LogModuleManager: Display: Found up-to-date module file ../../../Engine/Plugins/Editor/SpeedTreeImporter/Binaries/Win64/UE4Editor-SpeedTreeImporter.dll (API version 3709383).
LogModuleManager: Display: Found up-to-date module file ../../../Engine/Plugins/Experimental/AlembicImporter/Binaries/Win64/UE4Editor-AlembicImporter.dll (API version 3709383).
LogModuleManager: Display: Found up-to-date module file ../../../Engine/Plugins/Experimental/AlembicImporter/Binaries/Win64/UE4Editor-AlembicLibrary.dll (API version 3709383).
LogModuleManager: Display: Found up-to-date module file ../../../Engine/Plugins/Experimental/CharacterAI/Binaries/Win64/UE4Editor-CharacterAI.dll (API version 3709383).
LogModuleManager: Display: Found up-to-date module file ../../../Engine/Plugins/Experimental/HTML5Networking/Binaries/Win64/UE4Editor-HTML5Networking.dll (API version 3709383).
LogModuleManager: Display: Found up-to-date module file ../../../Engine/Plugins/Media/AndroidMedia/Binaries/Win64/UE4Editor-AndroidMediaEditor.dll (API version 3709383).
LogModuleManager: Display: Found up-to-date module file ../../../Engine/Plugins/Media/AndroidMedia/Binaries/Win64/UE4Editor-AndroidMediaFactory.dll (API version 3709383).
LogModuleManager: Display: Found up-to-date module file ../../../Engine/Plugins/Media/AvfMedia/Binaries/Win64/UE4Editor-AvfMediaEditor.dll (API version 3709383).
LogModuleManager: Display: Found up-to-date module file ../../../Engine/Plugins/Media/AvfMedia/Binaries/Win64/UE4Editor-AvfMediaFactory.dll (API version 3709383).
LogModuleManager: Display: Found up-to-date module file ../../../Engine/Plugins/Media/AvfMedia/Binaries/Win64/UE4Editor-AvfMediaFactory.dll (API version 3709383).
LogModuleManager: Display: Found up-to-date module file ../../../Engine/Plugins/Media/ImgMedia/Binaries/Win64/UE4Editor-ImgMedia.dll (API version 3709383).
LogModuleManager: Display: Found up-to-date module file ../../../Engine/Plugins/Media/ImgMedia/Binaries/Win64/UE4Editor-ImgMediaEditor.dll (API version 3709383).
LogModuleManager: Display: Found up-to-date module file ../../../Engine/Plugins/Media/ImgMedia/Binaries/Win64/UE4Editor-ImgMediaFactory.dll (API version 3709383).
LogModuleManager: Display: Found up-to-date module file ../../../Engine/Plugins/Media/ImgMedia/Binaries/Win64/UE4Editor-ImgMediaFactory.dll (API version 3709383).
LogModuleManager: Display: Found up-to-date module file ../../../Engine/Plugins/Media/ImgMedia/Binaries/Win64/UE4Editor-OpenExrWrapper.dll (API version 3709383).
LogModuleManager: Display: Found up-to-date module file ../../../Engine/Plugins/Media/MediaCompositing/Binaries/Win64/UE4Editor-MediaCompositing.dll (API version 3709383).
LogModuleManager: Display: Found up-to-date module file ../../../Engine/Plugins/Media/MediaCompositing/Binaries/Win64/UE4Editor-MediaCompositingEditor.dll (API version 3709383).
LogModuleManager: Display: Found up-to-date module file ../../../Engine/Plugins/Media/MediaPlayerEditor/Binaries/Win64/UE4Editor-MediaPlayerEditor.dll (API version 3709383).
LogModuleManager: Display: Found up-to-date module file ../../../Engine/Plugins/Media/WmfMedia/Binaries/Win64/UE4Editor-WmfMedia.dll (API version 3709383).
LogModuleManager: Display: Found up-to-date module file ../../../Engine/Plugins/Media/WmfMedia/Binaries/Win64/UE4Editor-WmfMediaEditor.dll (API version 3709383).
LogModuleManager: Display: Found up-to-date module file ../../../Engine/Plugins/Media/WmfMedia/Binaries/Win64/UE4Editor-WmfMediaFactory.dll (API version 3709383).
LogModuleManager: Display: Found up-to-date module file ../../../Engine/Plugins/Media/WmfMedia/Binaries/Win64/UE4Editor-WmfMediaFactory.dll (API version 3709383).
LogModuleManager: Display: Found up-to-date module file ../../../Engine/Plugins/Messaging/TcpMessaging/Binaries/Win64/UE4Editor-TcpMessaging.dll (API version 3709383).
LogModuleManager: Display: Found up-to-date module file ../../../Engine/Plugins/Messaging/UdpMessaging/Binaries/Win64/UE4Editor-UdpMessaging.dll (API version 3709383).
LogModuleManager: Display: Found up-to-date module file ../../../Engine/Plugins/MovieScene/ActorSequence/Binaries/Win64/UE4Editor-ActorSequence.dll (API version 3709383).
LogModuleManager: Display: Found up-to-date module file ../../../Engine/Plugins/MovieScene/LevelSequenceEditor/Binaries/Win64/UE4Editor-LevelSequenceEditor.dll (API version 3709383).
LogModuleManager: Display: Found up-to-date module file ../../../Engine/Plugins/MovieScene/MatineeToLevelSequence/Binaries/Win64/UE4Editor-MatineeToLevelSequence.dll (API version 3709383).
LogModuleManager: Display: Found up-to-date module file ../../../Engine/Plugins/Online/OnlineSubsystem/Binaries/Win64/UE4Editor-OnlineSubsystem.dll (API version 3709383).
LogModuleManager: Display: Found up-to-date module file ../../../Engine/Plugins/Online/OnlineSubsystemNull/Binaries/Win64/UE4Editor-OnlineSubsystemNull.dll (API version 3709383).
LogModuleManager: Display: Found up-to-date module file ../../../Engine/Plugins/Online/OnlineSubsystemUtils/Binaries/Win64/UE4Editor-OnlineSubsystemUtils.dll (API version 3709383).
LogModuleManager: Display: Found up-to-date module file ../../../Engine/Plugins/Online/OnlineSubsystemUtils/Binaries/Win64/UE4Editor-OnlineBlueprintSupport.dll (API version 3709383).
LogModuleManager: Display: Found up-to-date module file ../../../Engine/Plugins/Runtime/AndroidDeviceProfileSelector/Binaries/Win64/UE4Editor-AndroidDeviceProfileSelector.dll (API version 3709383).
LogModuleManager: Display: Found up-to-date module file ../../../Engine/Plugins/Runtime/AndroidPermission/Binaries/Win64/UE4Editor-AndroidPermission.dll (API version 3709383).
LogModuleManager: Display: Found up-to-date module file ../../../Engine/Plugins/Runtime/AppleARKit/Binaries/Win64/UE4Editor-AppleARKit.dll (API version 3709383).
LogModuleManager: Display: Found up-to-date module file ../../../Engine/Plugins/Runtime/ArchVisCharacter/Binaries/Win64/UE4Editor-ArchVisCharacter.dll (API version 3709383).
LogModuleManager: Display: Found up-to-date module file ../../../Engine/Plugins/Runtime/CableComponent/Binaries/Win64/UE4Editor-CableComponent.dll (API version 3709383).
LogModuleManager: Display: Found up-to-date module file ../../../Engine/Plugins/Runtime/CustomMeshComponent/Binaries/Win64/UE4Editor-CustomMeshComponent.dll (API version 3709383).
LogModuleManager: Display: Found up-to-date module file ../../../Engine/Plugins/Runtime/ExampleDeviceProfileSelector/Binaries/Win64/UE4Editor-ExampleDeviceProfileSelector.dll (API version 3709383).
LogModuleManager: Display: Found up-to-date module file ../../../Engine/Plugins/Runtime/ImmediatePhysics/Binaries/Win64/UE4Editor-ImmediatePhysics.dll (API version 3709383).
LogModuleManager: Display: Found up-to-date module file ../../../Engine/Plugins/Runtime/ImmediatePhysics/Binaries/Win64/UE4Editor-ImmediatePhysicsEditor.dll (API version 3709383).
LogModuleManager: Display: Found up-to-date module file ../../../Engine/Plugins/Runtime/LocationServicesBPLibrary/Binaries/Win64/UE4Editor-LocationServicesBPLibrary.dll (API version 3709383).
LogModuleManager: Display: Found up-to-date module file ../../../Engine/Plugins/Runtime/MobilePatchingUtils/Binaries/Win64/UE4Editor-MobilePatchingUtils.dll (API version 3709383).
LogModuleManager: Display: Found up-to-date module file ../../../Engine/Plugins/Runtime/Oculus/OculusVR/Binaries/Win64/UE4Editor-OculusHMD.dll (API version 3709383).
LogModuleManager: Display: Found up-to-date module file ../../../Engine/Plugins/Runtime/Oculus/OculusVR/Binaries/Win64/UE4Editor-OculusInput.dll (API version 3709383).
LogModuleManager: Display: Found up-to-date module file ../../../Engine/Plugins/Runtime/Oculus/OculusVR/Binaries/Win64/UE4Editor-OculusEditor.dll (API version 3709383).
LogModuleManager: Display: Found up-to-date module file ../../../Engine/Plugins/Runtime/PhysXVehicles/Binaries/Win64/UE4Editor-PhysXVehicles.dll (API version 3709383).
LogModuleManager: Display: Found up-to-date module file ../../../Engine/Plugins/Runtime/PhysXVehicles/Binaries/Win64/UE4Editor-PhysXVehiclesEditor.dll (API version 3709383).
LogModuleManager: Display: Found up-to-date module file ../../../Engine/Plugins/Runtime/ProceduralMeshComponent/Binaries/Win64/UE4Editor-ProceduralMeshComponent.dll (API version 3709383).
LogModuleManager: Display: Found up-to-date module file ../../../Engine/Plugins/Runtime/ProceduralMeshComponent/Binaries/Win64/UE4Editor-ProceduralMeshComponentEditor.dll (API version 3709383).
LogModuleManager: Display: Found up-to-date module file ../../../Engine/Plugins/Runtime/RuntimePhysXCooking/Binaries/Win64/UE4Editor-RuntimePhysXCooking.dll (API version 3709383).
LogModuleManager: Display: Found up-to-date module file ../../../Engine/Plugins/Runtime/Steam/SteamVR/Binaries/Win64/UE4Editor-SteamVR.dll (API version 3709383).
LogModuleManager: Display: Found up-to-date module file ../../../Engine/Plugins/Runtime/Steam/SteamVR/Binaries/Win64/UE4Editor-SteamVRController.dll (API version 3709383).
LogModuleManager: Display: Found up-to-date module file ../../../Engine/Plugins/Runtime/WindowsMoviePlayer/Binaries/Win64/UE4Editor-WindowsMoviePlayer.dll (API version 3709383).
LogModuleManager: Display: Found up-to-date module file ../../../Engine/Plugins/UEAnimaLoader/Binaries/Win64/UE4Editor-UEAnimaLoader.dll (API version 3709383).
LogInit: Using libcurl 7.47.1
LogInit:  - built for x86_64-pc-win32
LogInit:  - supports SSL with OpenSSL/1.0.2g
LogInit:  - supports HTTP deflate (compression) using libz 1.2.8
LogInit:  - other features:
LogInit:      CURL_VERSION_SSL
LogInit:      CURL_VERSION_LIBZ
LogInit:      CURL_VERSION_IPV6
LogInit:      CURL_VERSION_ASYNCHDNS
LogInit:      CURL_VERSION_LARGEFILE
LogInit:      CURL_VERSION_IDN
LogInit:  CurlRequestOptions (configurable via config and command line):
LogInit:  - bVerifyPeer = false  - Libcurl will NOT verify peer certificate
LogInit:  - bUseHttpProxy = false  - Libcurl will NOT use HTTP proxy
LogInit:  - bDontReuseConnections = false  - Libcurl will reuse connections
LogInit:  - CertBundlePath = nullptr  - Libcurl will use whatever was configured at build time.
LogInit: Build: ++UE4+Release-4.18-CL-3832480
LogInit: Engine Version: 4.18.3-3832480+++UE4+Release-4.18
LogInit: Compatible Engine Version: 4.18.0-3709383+++UE4+Release-4.18
LogInit: Net CL: 3709383
LogDevObjectVersion: Number of dev versions registered: 16
LogDevObjectVersion:   Dev-Blueprints (B0D832E4-1F89-4F0D-ACCF-7EB736FD4AA2): 10
LogDevObjectVersion:   Dev-Build (E1C64328-A22C-4D53-A36C-8E866417BD8C): 0
LogDevObjectVersion:   Dev-Core (375EC13C-06E4-48FB-B500-84F0262A717E): 2
LogDevObjectVersion:   Dev-Editor (E4B068ED-F494-42E9-A231-DA0B2E46BB41): 20
LogDevObjectVersion:   Dev-Framework (CFFC743F-43B0-4480-9391-14DF171D2073): 30
LogDevObjectVersion:   Dev-Mobile (B02B49B5-BB20-44E9-A304-32B752E40360): 0
LogDevObjectVersion:   Dev-Networking (A4E4105C-59A1-49B5-A7C5-40C4547EDFEE): 0
LogDevObjectVersion:   Dev-Online (39C831C9-5AE6-47DC-9A44-9C173E1C8E7C): 0
LogDevObjectVersion:   Dev-Physics (78F01B33-EBEA-4F98-B9B4-84EACCB95AA2): 0
LogDevObjectVersion:   Dev-Platform (6631380F-2D4D-43E0-8009-CF276956A95A): 0
LogDevObjectVersion:   Dev-Rendering (12F88B9F-8875-4AFC-A67C-D90C383ABD29): 20
LogDevObjectVersion:   Dev-Sequencer (7B5AE74C-D270-4C10-A958-57980B212A5A): 4
LogDevObjectVersion:   Dev-VR (D7296918-1DD6-4BDD-9DE2-64A83CC13884): 0
LogDevObjectVersion:   Dev-LoadTimes (C2A15278-BFE7-4AFE-6C17-90FF531DF755): 1
LogDevObjectVersion:   Private-Geometry (6EACA3D4-40EC-4CC1-B786-8BED09428FC5): 1
LogDevObjectVersion:   Dev-AnimPhys (29E575DD-E0A3-4627-9D10-D276232CDCEA): 12
LogInit: Compiled (64-bit): Jan 12 2018 02:04:55
LogInit: Compiled with Visual C++: 19.00.24215.01
LogInit: Build Configuration: Development
LogInit: Branch Name: ++UE4+Release-4.18
LogInit: Command line:  
LogInit: Base directory: D:/UE418/UE_4.18/Engine/Binaries/Win64/
LogInit: Installed Engine Build: 1
LogInit: Presizing for max 8388607 objects, including 0 objects not considered by GC, pre-allocating 0 bytes for permanent pool.
LogInit: Object subsystem initialized
[2019.07.20-19.24.58:111][  0]LogInit: Selected Device Profile: [Windows]
[2019.07.20-19.24.58:111][  0]LogInit: Applying CVar settings loaded from the selected device profile: [Windows]
[2019.07.20-19.24.58:291][  0]LogInit: Computer: MSI
[2019.07.20-19.24.58:291][  0]LogInit: User: walid
[2019.07.20-19.24.58:291][  0]LogInit: CPU Page size=4096, Cores=4
[2019.07.20-19.24.58:291][  0]LogInit: High frequency timer resolution =3.125014 MHz
[2019.07.20-19.24.58:292][  0]LogMemory: Memory total: Physical=7.9GB (8GB approx)
[2019.07.20-19.24.58:292][  0]LogMemory: Platform Memory Stats for Windows
[2019.07.20-19.24.58:292][  0]LogMemory: Process Physical Memory: 273.46 MB used, 273.46 MB peak
[2019.07.20-19.24.58:292][  0]LogMemory: Process Virtual Memory: 271.68 MB used, 271.68 MB peak
[2019.07.20-19.24.58:292][  0]LogMemory: Physical Memory: 5882.20 MB used,  2252.21 MB free, 8134.41 MB total
[2019.07.20-19.24.58:292][  0]LogMemory: Virtual Memory: 4781.75 MB used,  2252.21 MB free, 134217728.00 MB total
[2019.07.20-19.24.59:779][  0]LogInit: Using OS detected language (fr-FR).
[2019.07.20-19.24.59:779][  0]LogInit: Using OS detected locale (fr-FR).
[2019.07.20-19.25.00:199][  0]LogTextLocalizationManager: No localization for 'fr-FR' exists, so 'en' will be used for the language.
[2019.07.20-19.25.00:202][  0]LogTextLocalizationManager: No localization for 'fr-FR' exists, so 'en' will be used for the locale.
[2019.07.20-19.25.01:455][  0]LogInit: Setting process to per monitor DPI aware
[2019.07.20-19.25.10:978][  0]LogD3D11RHI: D3D11 adapters:
[2019.07.20-19.25.11:167][  0]LogD3D11RHI:    0. 'NVIDIA GeForce GTX 760' (Feature Level 11_0)
[2019.07.20-19.25.11:167][  0]LogD3D11RHI:       2017/0/4067 MB DedicatedVideo/DedicatedSystem/SharedSystem, Outputs:1, VendorId:0x10de
[2019.07.20-19.25.11:171][  0]LogD3D11RHI:    1. 'Microsoft Basic Render Driver' (Feature Level 11_0)
[2019.07.20-19.25.11:171][  0]LogD3D11RHI:       0/0/4067 MB DedicatedVideo/DedicatedSystem/SharedSystem, Outputs:0, VendorId:0x1414
[2019.07.20-19.25.11:171][  0]LogD3D11RHI: Chosen D3D11 Adapter: 0
[2019.07.20-19.25.11:183][  0]LogD3D11RHI: Creating new Direct3DDevice
[2019.07.20-19.25.11:183][  0]LogD3D11RHI:     GPU DeviceId: 0x1187 (for the marketing name, search the web for "GPU Device Id")
[2019.07.20-19.25.11:183][  0]LogWindows: EnumDisplayDevices:
[2019.07.20-19.25.11:183][  0]LogWindows:    0. 'NVIDIA GeForce GTX 760' (P:1 D:1)
[2019.07.20-19.25.11:183][  0]LogWindows:    1. 'NVIDIA GeForce GTX 760' (P:0 D:0)
[2019.07.20-19.25.11:184][  0]LogWindows:    2. 'NVIDIA GeForce GTX 760' (P:0 D:0)
[2019.07.20-19.25.11:184][  0]LogWindows:    3. 'NVIDIA GeForce GTX 760' (P:0 D:0)
[2019.07.20-19.25.11:184][  0]LogWindows: DebugString: GetVideoDriverDetailsInvalid PrimaryIsNotTheChoosenAdapter GetVideoDriverDetailsInvalid PrimaryIsNotTheChoosenAdapter GetVideoDriverDetailsInvalid PrimaryIsNotTheChoosenAdapter GetVideoDriverDetailsInvalid PrimaryIsNotTheChoosenAdapter FoundDriverCount:0 
[2019.07.20-19.25.11:184][  0]LogD3D11RHI:     Adapter Name: NVIDIA GeForce GTX 760
[2019.07.20-19.25.11:184][  0]LogD3D11RHI:   Driver Version: Unknown (internal:Unknown, unified:Unknown)
[2019.07.20-19.25.11:184][  0]LogD3D11RHI:      Driver Date: Unknown
[2019.07.20-19.25.11:184][  0]LogRHI: Texture pool is 1412 MB (70% of 2017 MB)
[2019.07.20-19.25.11:274][  0]LogD3D11RHI: Async texture creation enabled
[2019.07.20-19.25.11:837][  0]LogD3D11RHI: GPU Timing Frequency: 1000.000000 (Debug: 2 5)
[2019.07.20-19.25.11:957][  0]LogShaderCompilers: Guid format shader working directory is -21 characters bigger than the processId version (C:/Users/walid/Downloads/CoinCollectorStarter/CoinCollectorStarter/Intermediate/Shaders/WorkingDirectory/16056/).
[2019.07.20-19.25.11:957][  0]LogShaderCompilers: Cleaned the shader compiler working directory 'C:/Users/walid/AppData/Local/Temp/UnrealShaderWorkingDir/CC8A94F94FBDC4928A3F36843B259E79/'.
[2019.07.20-19.25.11:966][  0]LogShaderCompilers: Display: Using Local Shader Compiler.
[2019.07.20-19.25.18:569][  0]LogTemp: Display: Loaded TP AllDesktopTargetPlatform
[2019.07.20-19.25.18:686][  0]LogTemp: Display: Loaded TP MacClientTargetPlatform
[2019.07.20-19.25.18:773][  0]LogTemp: Display: Loaded TP MacNoEditorTargetPlatform
[2019.07.20-19.25.18:858][  0]LogTemp: Display: Loaded TP MacServerTargetPlatform
[2019.07.20-19.25.18:973][  0]LogTemp: Display: Loaded TP MacTargetPlatform
[2019.07.20-19.25.19:057][  0]LogTemp: Display: Loaded TP WindowsClientTargetPlatform
[2019.07.20-19.25.19:140][  0]LogTemp: Display: Loaded TP WindowsNoEditorTargetPlatform
[2019.07.20-19.25.19:223][  0]LogTemp: Display: Loaded TP WindowsServerTargetPlatform
[2019.07.20-19.25.19:301][  0]LogTemp: Display: Loaded TP WindowsTargetPlatform
[2019.07.20-19.25.19:384][  0]LogTemp: Display: Loaded TP Android_ASTCTargetPlatform
[2019.07.20-19.25.19:476][  0]LogTemp: Display: Loaded TP Android_ATCTargetPlatform
[2019.07.20-19.25.19:569][  0]LogTemp: Display: Loaded TP Android_DXTTargetPlatform
[2019.07.20-19.25.19:661][  0]LogTemp: Display: Loaded TP Android_ETC1TargetPlatform
[2019.07.20-19.25.19:747][  0]LogTemp: Display: Loaded TP Android_ETC2TargetPlatform
[2019.07.20-19.25.19:925][  0]LogTemp: Display: Loaded TP Android_MultiTargetPlatform
[2019.07.20-19.25.19:925][  0]LogTemp: Display: Loaded TP Android_PVRTCTargetPlatform
[2019.07.20-19.25.20:051][  0]LogTemp: Display: Loaded TP AndroidTargetPlatform
[2019.07.20-19.25.20:124][  0]LogTemp: Display: Loaded TP HTML5TargetPlatform
[2019.07.20-19.25.20:371][  0]LogTemp: Display: Loaded TP IOSTargetPlatform
[2019.07.20-19.25.20:415][  0]LogTemp: Display: Loaded TP TVOSTargetPlatform
[2019.07.20-19.25.20:502][  0]LogTemp: Display: Loaded TP LinuxClientTargetPlatform
[2019.07.20-19.25.20:589][  0]LogTemp: Display: Loaded TP LinuxNoEditorTargetPlatform
[2019.07.20-19.25.20:673][  0]LogTemp: Display: Loaded TP LinuxServerTargetPlatform
[2019.07.20-19.25.20:770][  0]LogTemp: Display: Loaded TP LinuxTargetPlatform
[2019.07.20-19.25.20:770][  0]LogTargetPlatformManager: Display: Building Assets For Windows
[2019.07.20-19.25.24:008][  0]LogDerivedDataCache: Display: Max Cache Size: 512 MB
[2019.07.20-19.25.25:126][  0]LogDerivedDataCache: Loaded boot cache 1.12s 91MB C:/Users/walid/AppData/Local/UnrealEngine/4.18/DerivedDataCache/Boot.ddc.
[2019.07.20-19.25.25:126][  0]LogDerivedDataCache: Display: Loaded Boot cache: C:/Users/walid/AppData/Local/UnrealEngine/4.18/DerivedDataCache/Boot.ddc
[2019.07.20-19.25.25:126][  0]LogDerivedDataCache: FDerivedDataBackendGraph:  Pak pak cache file C:/Users/walid/Downloads/CoinCollectorStarter/CoinCollectorStarter/DerivedDataCache/DDC.ddp not found, will not use a pak cache.
[2019.07.20-19.25.25:126][  0]LogDerivedDataCache: Unable to find inner node Pak for hierarchical cache Hierarchy.
[2019.07.20-19.25.25:127][  0]LogDerivedDataCache: FDerivedDataBackendGraph:  CompressedPak pak cache file C:/Users/walid/Downloads/CoinCollectorStarter/CoinCollectorStarter/DerivedDataCache/Compressed.ddp not found, will not use a pak cache.
[2019.07.20-19.25.25:127][  0]LogDerivedDataCache: Unable to find inner node CompressedPak for hierarchical cache Hierarchy.
[2019.07.20-19.25.25:327][  0]LogDerivedDataCache: Display: Pak cache opened for reading ../../../Engine/DerivedDataCache/Compressed.ddp.
[2019.07.20-19.25.25:345][  0]LogDerivedDataCache: Using Local data cache path C:/Users/walid/AppData/Local/UnrealEngine/Common/DerivedDataCache: Writable
[2019.07.20-19.25.25:474][  0]LogMaterial: Verifying Global Shaders for PCD3D_SM5
[2019.07.20-19.25.25:541][  0]LogSlate: Using Freetype 2.6.0
[2019.07.20-19.25.25:728][  0]LogSlate: SlateFontCache - WITH_FREETYPE: 1, WITH_HARFBUZZ: 1
[2019.07.20-19.25.25:738][  0]LogSlate: SlateFontCache - WITH_FREETYPE: 1, WITH_HARFBUZZ: 1
[2019.07.20-19.25.41:660][  0]LogInit: Selected Device Profile: [Windows]
[2019.07.20-19.25.45:041][  0]LogSimplygon: Simplygon DLL not present - disabling.
[2019.07.20-19.25.45:206][  0]LogMeshReduction: Using SimplygonSwarm for distributed automatic mesh merging
[2019.07.20-19.25.45:206][  0]LogMeshReduction: Using QuadricMeshReduction for automatic static mesh reduction
[2019.07.20-19.25.45:206][  0]LogMeshReduction: No automatic skeletal mesh reduction module available
[2019.07.20-19.25.45:206][  0]LogMeshReduction: No automatic mesh merging module available
[2019.07.20-19.25.45:206][  0]LogMeshMerging: No automatic mesh merging module available
[2019.07.20-19.25.46:058][  0]LogNetVersion: CoinCollector , NetCL: 3709383, EngineNetVer: 2, GameNetVer: 0 (Checksum: 1238253092)
[2019.07.20-19.25.49:571][  0]LogAssetRegistry: FAssetRegistry took 0.0959 seconds to start up
[2019.07.20-19.26.00:977][  0]LogPackageLocalizationCache: Processed 8 localized package path(s) for 1 prioritized culture(s) in 0.550310 seconds
[2019.07.20-19.26.01:063][  0]LogUObjectArray: 35871 objects as part of root set at end of initial load.
[2019.07.20-19.26.01:063][  0]LogUObjectAllocator: 7363920 out of 0 bytes used by permanent object pool.
[2019.07.20-19.26.01:063][  0]LogUObjectArray: CloseDisregardForGC: 0/0 objects in disregard for GC pool
[2019.07.20-19.26.01:392][  0]LogInit: WinSock: version 1.1 (2.2), MaxSocks=32767, MaxUdp=65467
[2019.07.20-19.29.24:676][  0]LogTcpMessaging: Initializing TcpMessaging bridge
[2019.07.20-19.29.24:942][  0]LogUdpMessaging: Initializing bridge on interface 0.0.0.0:0 to multicast group 230.0.0.1:6666.
[2019.07.20-19.29.40:691][  0]LogMaterial: Uniform references updated for custom material expression Custom.
[2019.07.20-19.29.56:073][  0]SourceControl: Source control is disabled
[2019.07.20-19.29.56:149][  0]SourceControl: Source control is disabled
[2019.07.20-19.29.56:429][  0]SourceControl: Source control is disabled
[2019.07.20-19.29.56:638][  0]SourceControl: Source control is disabled
[2019.07.20-19.30.07:225][  0]LogAndroidPermission: UAndroidPermissionCallbackProxy::GetInstance
[2019.07.20-19.30.08:391][  0]LogOcInput: OculusInput pre-init called
[2019.07.20-19.30.20:745][  0]LogAutomationTest: Warning: Smoke tests took > 2s to run: 4.60s
[2019.07.20-19.30.23:689][  0]LogEngine: Initializing Engine...
[2019.07.20-19.30.25:298][  0]LogHMD: Failed to initialize OpenVR with code 110
[2019.07.20-19.30.36:060][  0]LogStats: UGameplayTagsManager::ConstructGameplayTagTree: Construct from data asset -  0.000 s
[2019.07.20-19.30.36:199][  0]LogStats: UGameplayTagsManager::ConstructGameplayTagTree: GameplayTagTreeChangedEvent.Broadcast -  0.074 s
[2019.07.20-19.30.49:962][  0]LogAIModule: Creating AISystem for world Untitled
[2019.07.20-19.30.54:758][  0]LogInit: XAudio2 using 'Haut-parleurs (8- USB PnP Sound Device)' : 2 channels at 48 kHz using 16 bits per sample (channel mask 0x3)
[2019.07.20-19.30.55:741][  0]LogInit: FAudioDevice initialized.
[2019.07.20-19.30.59:336][  0]LogDerivedDataCache: Saved boot cache 3.26s 78MB C:/Users/walid/AppData/Local/UnrealEngine/4.18/DerivedDataCache/Boot.ddc.
[2019.07.20-19.30.59:895][  0]LogInit: Texture streaming: Enabled
[2019.07.20-19.31.05:247][  0]LogEngineSessionManager: EngineSessionManager initialized
[2019.07.20-19.31.11:107][  0]LogInit: Transaction tracking system initialized
[2019.07.20-19.31.18:893][  0]BlueprintLog: New page: Editor Load
[2019.07.20-19.31.49:733][  0]LocalizationService: Localization service is disabled
[2019.07.20-19.32.09:342][  0]LogLinker: Warning: Can't find file '/Game/ThirdPersonBP/ThirdPersonOverview'
[2019.07.20-19.32.09:384][  0]LogLinker: Warning: Can't find file '/Game/ThirdPersonBP/ThirdPersonOverview'
[2019.07.20-19.32.09:429][  0]LogUObjectGlobals: Warning: Failed to find object 'Class /Game/ThirdPersonBP/ThirdPersonOverview.ThirdPersonOverview_C'
[2019.07.20-19.32.20:907][  0]LogConsoleResponse: Display: 
[2019.07.20-19.32.48:970][  0]LogCook: Display: Max memory allowance for cook 16384mb min free memory 0mb
[2019.07.20-19.32.49:041][  0]LogCook: Display: Mobile HDR setting 1
[2019.07.20-19.32.49:186][  0]LogFileCache: Scanning file cache for directory 'C:/Users/walid/Downloads/CoinCollectorStarter/CoinCollectorStarter/Content/' took 0.88s
[2019.07.20-19.32.49:186][  0]LogGameplayTags: Display: UGameplayTagsManager::DoneAddingNativeTags. DelegateIsBound: 0
[2019.07.20-19.32.59:173][  0]SourceControl: Source control is disabled
[2019.07.20-19.32.59:248][  0]Cmd: MAP LOAD FILE="C:/Users/walid/Downloads/CoinCollectorStarter/CoinCollectorStarter/Content/CoinCollector/Maps/TutorialMap.umap" TEMPLATE=0 SHOWPROGRESS=1 FEATURELEVEL=3
[2019.07.20-19.32.59:385][  0]LightingResults: New page: Lighting Build
[2019.07.20-19.32.59:854][  0]MapCheck: New page: Map Check
[2019.07.20-19.32.59:855][  0]LightingResults: New page: Lighting Build
[2019.07.20-19.33.05:263][  0]LogAIModule: Creating AISystem for world TutorialMap
[2019.07.20-19.33.06:458][  0]LogEditorServer: Finished looking for orphan Actors (0.000 secs)
[2019.07.20-19.33.06:763][  0]Cmd: MAP CHECKDEP NOCLEARLOG
[2019.07.20-19.33.07:192][  0]MapCheck: Map check complete: 0 Error(s), 0 Warning(s), took 428.494ms to complete.
[2019.07.20-19.33.07:193][  0]LogFileHelpers: Loading map 'TutorialMap' took 7.973
[2019.07.20-19.33.11:147][  0]LogCollectionManager: Loaded 0 collections in 0.025064 seconds
[2019.07.20-19.33.11:449][  0]LogFileCache: Scanning file cache for directory 'C:/Users/walid/Downloads/CoinCollectorStarter/CoinCollectorStarter/Saved/Collections/' took 0.01s
[2019.07.20-19.33.11:449][  0]LogFileCache: Scanning file cache for directory 'C:/Users/walid/Downloads/CoinCollectorStarter/CoinCollectorStarter/Content/Developers/walid/Collections/' took 0.01s
[2019.07.20-19.33.11:449][  0]LogFileCache: Scanning file cache for directory 'C:/Users/walid/Downloads/CoinCollectorStarter/CoinCollectorStarter/Content/Collections/' took 0.01s
[2019.07.20-19.33.11:449][  0]LogCollectionManager: Rebuilt the GUID cache for 0 collections in 0.000001 seconds
[2019.07.20-19.33.11:503][  0]LogContentBrowser: Native class hierarchy populated in 0.0520 seconds. Added 2365 classes and 524 folders.
[2019.07.20-19.33.12:089][  0]LogContentBrowser: Native class hierarchy updated for 'WidgetCarousel' in 0.0038 seconds. Added 0 classes and 0 folders.
[2019.07.20-19.33.14:503][  0]LogContentBrowser: Native class hierarchy updated for 'AddContentDialog' in 0.0042 seconds. Added 0 classes and 0 folders.
[2019.07.20-19.33.14:741][  0]LogContentBrowser: Native class hierarchy updated for 'SceneOutliner' in 0.0010 seconds. Added 1 classes and 2 folders.
[2019.07.20-19.33.22:585][  0]LogSlate: Took 0.549600 seconds to synchronously load lazily loaded font '../../../Engine/Content/Slate/Fonts/Roboto-Regular.ttf' (155K)
[2019.07.20-19.33.22:733][  0]LogSlate: Took 0.110183 seconds to synchronously load lazily loaded font '../../../Engine/Content/Slate/Fonts/Roboto-Bold.ttf' (160K)
[2019.07.20-19.33.25:002][  0]LogSlate: Took 0.342946 seconds to synchronously load lazily loaded font '../../../Engine/Content/Editor/Slate/Fonts/FontAwesome.ttf' (139K)
[2019.07.20-19.33.31:358][  0]LogRenderer: Reallocating scene render targets to support 840x464 Format 9 NumSamples 1 (Frame:1).
[2019.07.20-19.33.36:775][  0]LogSlate: Took 0.014999 seconds to synchronously load lazily loaded font '../../../Engine/Content/Slate/Fonts/Roboto-Light.ttf' (159K)
[2019.07.20-19.33.37:504][  0]LogContentBrowser: Native class hierarchy updated for 'HierarchicalLODOutliner' in 0.0037 seconds. Added 1 classes and 2 folders.
[2019.07.20-19.33.37:504][  0]LogLoad: (Engine Initialization) Total time: 546.98 seconds
[2019.07.20-19.33.37:504][  0]LogLoad: (Engine Initialization) Total Blueprint compile time: 0.00 seconds
[2019.07.20-19.33.37:554][  0]LogExternalProfiler: Found external profiler: VSPerf
[2019.07.20-19.33.37:554][  0]LogExternalProfiler: Using external profiler: VSPerf
[2019.07.20-19.33.38:518][  0]LogContentStreaming: Texture pool size now 800 MB
[2019.07.20-19.33.39:991][  4]LogAssetRegistry: Asset discovery search completed in 470.4428 seconds
[2019.07.20-19.33.40:088][  4]LogCollectionManager: Rebuilt the object cache for 0 collections in 0.000001 seconds (found 0 objects)
[2019.07.20-19.33.40:114][  4]LogCollectionManager: Fixed up redirectors for 0 collections in 0.033550 seconds (updated 0 objects)
[2019.07.20-20.58.41:349][381]Cmd: QUIT_EDITOR
[2019.07.20-20.58.42:086][381]LogWindowsTextInputMethodSystem: Display: IME system now deactivated.
[2019.07.20-20.58.42:158][381]LogExit: Preparing to exit.
[2019.07.20-20.58.46:318][381]LogExit: Editor shut down
[2019.07.20-20.58.46:573][381]LogExit: Transaction tracking system shut down
[2019.07.20-20.58.48:130][381]LogDirectoryWatcher: A directory notification for '../../../Engine/Content/' was aborted.
[2019.07.20-20.58.48:130][381]LogDirectoryWatcher: A directory notification for 'C:/Users/walid/Downloads/CoinCollectorStarter/CoinCollectorStarter/Content/' was aborted.
[2019.07.20-20.58.48:130][381]LogDirectoryWatcher: A directory notification for '../../../Engine/Plugins/2D/Paper2D/Content/' was aborted.
[2019.07.20-20.58.48:130][381]LogDirectoryWatcher: A directory notification for '../../../Engine/Plugins/Media/MediaCompositing/Content/' was aborted.
[2019.07.20-20.58.48:130][381]LogDirectoryWatcher: A directory notification for '../../../Engine/Plugins/Runtime/AppleARKit/Content/' was aborted.
[2019.07.20-20.58.48:131][381]LogDirectoryWatcher: A directory notification for '../../../Engine/Plugins/Runtime/Oculus/OculusVR/Content/' was aborted.
[2019.07.20-20.58.48:131][381]LogDirectoryWatcher: A directory notification for '../../../Engine/Plugins/Runtime/Steam/SteamVR/Content/' was aborted.
[2019.07.20-20.58.50:262][381]LogExit: Object subsystem successfully closed.
[2019.07.20-20.58.50:645][381]LogD3D11RHI: Shutdown
[2019.07.20-20.58.50:662][381]LogD3D11RHI: CleanupD3DDevice
[2019.07.20-20.58.50:842][381]LogD3D11RHI: ~FD3D11DynamicRHI
[2019.07.20-20.58.51:886][381]LogModuleManager: Shutting down and abandoning module HierarchicalLODOutliner (552)
[2019.07.20-20.58.51:886][381]LogModuleManager: Shutting down and abandoning module DesktopPlatform (550)
[2019.07.20-20.58.51:887][381]LogModuleManager: Shutting down and abandoning module SceneOutliner (548)
[2019.07.20-20.58.51:894][381]LogModuleManager: Shutting down and abandoning module AddContentDialog (546)
[2019.07.20-20.58.51:917][381]LogDirectoryWatcher: A directory notification for 'D:/UE418/UE_4.18/FeaturePacks/' was aborted.
[2019.07.20-20.58.51:952][381]LogModuleManager: Shutting down and abandoning module WidgetCarousel (545)
[2019.07.20-20.58.51:953][381]LogModuleManager: Shutting down and abandoning module EditorWidgets (542)
[2019.07.20-20.58.51:953][381]LogModuleManager: Shutting down and abandoning module CollectionManager (540)
[2019.07.20-20.58.51:998][381]LogDirectoryWatcher: A directory notification for 'C:/Users/walid/Downloads/CoinCollectorStarter/CoinCollectorStarter/Content/Collections/' was aborted.
[2019.07.20-20.58.51:998][381]LogDirectoryWatcher: A directory notification for 'C:/Users/walid/Downloads/CoinCollectorStarter/CoinCollectorStarter/Content/Developers/walid/Collections/' was aborted.
[2019.07.20-20.58.51:998][381]LogDirectoryWatcher: A directory notification for 'C:/Users/walid/Downloads/CoinCollectorStarter/CoinCollectorStarter/Saved/Collections/' was aborted.
[2019.07.20-20.58.51:999][381]LogModuleManager: Shutting down and abandoning module StatsViewer (538)
[2019.07.20-20.58.52:013][381]LogModuleManager: Shutting down and abandoning module FoliageEdit (536)
[2019.07.20-20.58.52:014][381]LogModuleManager: Shutting down and abandoning module LandscapeEditor (534)
[2019.07.20-20.58.52:045][381]LogModuleManager: Shutting down and abandoning module MeshPaintMode (532)
[2019.07.20-20.58.52:052][381]LogModuleManager: Shutting down and abandoning module SceneDepthPickerMode (530)
[2019.07.20-20.58.52:053][381]LogModuleManager: Shutting down and abandoning module ActorPickerMode (528)
[2019.07.20-20.58.52:053][381]LogModuleManager: Shutting down and abandoning module GeometryMode (526)
[2019.07.20-20.58.52:053][381]LogModuleManager: Shutting down and abandoning module TextureAlignMode (524)
[2019.07.20-20.58.52:053][381]LogModuleManager: Shutting down and abandoning module BspMode (522)
[2019.07.20-20.58.52:053][381]LogModuleManager: Shutting down and abandoning module PIEPreviewDeviceProfileSelector (520)
[2019.07.20-20.58.52:053][381]LogModuleManager: Shutting down and abandoning module HardwareSurvey (518)
[2019.07.20-20.58.52:053][381]LogModuleManager: Shutting down and abandoning module SequenceRecorderSections (516)
[2019.07.20-20.58.52:072][381]LogModuleManager: Shutting down and abandoning module AutomationWorker (514)
[2019.07.20-20.58.52:083][381]LogModuleManager: Shutting down and abandoning module MatineeToLevelSequence (512)
[2019.07.20-20.58.52:097][381]LogModuleManager: Shutting down and abandoning module LevelSequenceEditor (510)
[2019.07.20-20.58.52:134][381]LogModuleManager: Shutting down and abandoning module PlacementMode (509)
[2019.07.20-20.58.52:135][381]LogModuleManager: Shutting down and abandoning module WmfMediaFactory (506)
[2019.07.20-20.58.52:135][381]LogModuleManager: Shutting down and abandoning module WmfMediaEditor (504)
[2019.07.20-20.58.52:135][381]LogModuleManager: Shutting down and abandoning module OpenExrWrapper (502)
[2019.07.20-20.58.52:136][381]LogModuleManager: Shutting down and abandoning module ImgMediaFactory (500)
[2019.07.20-20.58.52:136][381]LogModuleManager: Shutting down and abandoning module ImgMediaEditor (498)
[2019.07.20-20.58.52:136][381]LogModuleManager: Shutting down and abandoning module AvfMediaFactory (496)
[2019.07.20-20.58.52:136][381]LogModuleManager: Shutting down and abandoning module AvfMediaEditor (494)
[2019.07.20-20.58.52:136][381]LogModuleManager: Shutting down and abandoning module AndroidMediaFactory (492)
[2019.07.20-20.58.52:136][381]LogModuleManager: Shutting down and abandoning module AndroidMediaEditor (490)
[2019.07.20-20.58.52:136][381]LogModuleManager: Shutting down and abandoning module CharacterAI (488)
[2019.07.20-20.58.52:137][381]LogModuleManager: Shutting down and abandoning module AudioCapture (486)
[2019.07.20-20.58.52:157][381]LogModuleManager: Shutting down and abandoning module SequenceRecorder (485)
[2019.07.20-20.58.52:174][381]LogModuleManager: Shutting down and abandoning module SmartSnapping (482)
[2019.07.20-20.58.52:175][381]LogModuleManager: Shutting down and abandoning module SessionServices (480)
[2019.07.20-20.58.52:175][381]LogModuleManager: Shutting down and abandoning module ViewportSnapping (478)
[2019.07.20-20.58.52:175][381]LogModuleManager: Shutting down and abandoning module ViewportInteraction (476)
[2019.07.20-20.58.52:175][381]LogModuleManager: Shutting down and abandoning module ClothPainter (474)
[2019.07.20-20.58.52:201][381]LogModuleManager: Shutting down and abandoning module SkeletalMeshEditor (473)
[2019.07.20-20.58.52:228][381]LogModuleManager: Shutting down and abandoning module LogVisualizer (470)
[2019.07.20-20.58.52:255][381]LogModuleManager: Shutting down and abandoning module IntroTutorials (468)
[2019.07.20-20.58.52:289][381]LogModuleManager: Shutting down and abandoning module GameProjectGeneration (467)
[2019.07.20-20.58.52:302][381]LogModuleManager: Shutting down and abandoning module IOSPlatformEditor (464)
[2019.07.20-20.58.52:302][381]LogModuleManager: Shutting down and abandoning module HTML5PlatformEditor (462)
[2019.07.20-20.58.52:303][381]LogModuleManager: Shutting down and abandoning module AndroidPlatformEditor (460)
[2019.07.20-20.58.52:303][381]LogModuleManager: Shutting down and abandoning module AndroidDeviceDetection (459)
[2019.07.20-20.58.52:872][381]LogModuleManager: Shutting down and abandoning module WindowsPlatformEditor (456)
[2019.07.20-20.58.52:872][381]LogModuleManager: Shutting down and abandoning module IOSRuntimeSettings (454)
[2019.07.20-20.58.52:872][381]LogModuleManager: Shutting down and abandoning module AndroidRuntimeSettings (452)
[2019.07.20-20.58.52:872][381]LogModuleManager: Shutting down and abandoning module InputBindingEditor (450)
[2019.07.20-20.58.52:894][381]LogModuleManager: Shutting down and abandoning module MergeActors (448)
[2019.07.20-20.58.52:909][381]LogModuleManager: Shutting down and abandoning module SizeMap (446)
[2019.07.20-20.58.52:909][381]LogModuleManager: Shutting down and abandoning module TreeMap (444)
[2019.07.20-20.58.52:936][381]LogModuleManager: Shutting down and abandoning module ReferenceViewer (442)
[2019.07.20-20.58.52:936][381]LogModuleManager: Shutting down and abandoning module LocalizationDashboard (440)
[2019.07.20-20.58.52:945][381]LogModuleManager: Shutting down and abandoning module LocalizationService (439)
[2019.07.20-20.58.52:954][381]LogModuleManager: Shutting down and abandoning module HardwareTargeting (436)
[2019.07.20-20.58.52:954][381]LogModuleManager: Shutting down and abandoning module DeviceProfileEditor (434)
[2019.07.20-20.58.52:954][381]LogModuleManager: Shutting down and abandoning module UndoHistory (432)
[2019.07.20-20.58.52:954][381]LogModuleManager: Shutting down and abandoning module XmlParser (430)
[2019.07.20-20.58.52:971][381]LogModuleManager: Shutting down and abandoning module Blutility (428)
[2019.07.20-20.58.52:971][381]LogModuleManager: Shutting down and abandoning module ProjectSettingsViewer (426)
[2019.07.20-20.58.52:971][381]LogModuleManager: Shutting down and abandoning module ProjectTargetPlatformEditor (425)
[2019.07.20-20.58.52:973][381]LogModuleManager: Shutting down and abandoning module EditorSettingsViewer (422)
[2019.07.20-20.58.52:974][381]LogModuleManager: Shutting down and abandoning module SettingsEditor (420)
[2019.07.20-20.58.52:988][381]LogModuleManager: Shutting down and abandoning module ProjectLauncher (418)
[2019.07.20-20.58.53:007][381]LogModuleManager: Shutting down and abandoning module SessionFrontend (416)
[2019.07.20-20.58.53:020][381]LogModuleManager: Shutting down and abandoning module ProfilerClient (414)
[2019.07.20-20.58.53:030][381]LogModuleManager: Shutting down and abandoning module DeviceManager (412)
[2019.07.20-20.58.53:040][381]LogModuleManager: Shutting down and abandoning module TargetDeviceServices (411)
[2019.07.20-20.58.53:118][381]LogModuleManager: Shutting down and abandoning module AutomationController (408)
[2019.07.20-20.58.53:138][381]LogModuleManager: Shutting down and abandoning module AutomationWindow (406)
[2019.07.20-20.58.53:158][381]LogModuleManager: Shutting down and abandoning module Layers (404)
[2019.07.20-20.58.53:178][381]LogModuleManager: Shutting down and abandoning module ComponentVisualizers (402)
[2019.07.20-20.58.53:178][381]LogModuleManager: Shutting down and abandoning module DetailCustomizations (400)
[2019.07.20-20.58.53:185][381]LogModuleManager: Shutting down and abandoning module PackagesDialog (398)
[2019.07.20-20.58.53:210][381]LogModuleManager: Shutting down and abandoning module Persona (396)
[2019.07.20-20.58.53:239][381]LogModuleManager: Shutting down and abandoning module AdvancedPreviewScene (395)
[2019.07.20-20.58.53:239][381]LogModuleManager: Shutting down and abandoning module AnimGraph (393)
[2019.07.20-20.58.53:239][381]LogModuleManager: Shutting down and abandoning module Kismet (390)
[2019.07.20-20.58.53:287][381]LogModuleManager: Shutting down and abandoning module ClassViewer (388)
[2019.07.20-20.58.53:287][381]LogModuleManager: Shutting down and abandoning module Toolbox (386)
[2019.07.20-20.58.53:287][381]LogModuleManager: Shutting down and abandoning module ModuleUI (384)
[2019.07.20-20.58.53:295][381]LogModuleManager: Shutting down and abandoning module MovieSceneTools (382)
[2019.07.20-20.58.53:311][381]LogModuleManager: Shutting down and abandoning module OutputLog (380)
[2019.07.20-20.58.53:334][381]LogModuleManager: Shutting down and abandoning module GammaUI (378)
[2019.07.20-20.58.53:346][381]LogModuleManager: Shutting down and abandoning module Documentation (376)
[2019.07.20-20.58.53:346][381]LogModuleManager: Shutting down and abandoning module MovieSceneTracks (374)
[2019.07.20-20.58.53:346][381]LogModuleManager: Shutting down and abandoning module MovieScene (372)
[2019.07.20-20.58.53:346][381]LogModuleManager: Shutting down and abandoning module StreamingPauseRendering (370)
[2019.07.20-20.58.53:346][381]LogModuleManager: Shutting down and abandoning module LauncherPlatform (368)
[2019.07.20-20.58.53:346][381]LogModuleManager: Shutting down and abandoning module AnalyticsET (366)
[2019.07.20-20.58.53:346][381]LogModuleManager: Shutting down and abandoning module PortalServices (364)
[2019.07.20-20.58.53:346][381]LogModuleManager: Shutting down and abandoning module PortalRpc (362)
[2019.07.20-20.58.53:346][381]LogModuleManager: Shutting down and abandoning module MessagingRpc (360)
[2019.07.20-20.58.53:347][381]LogModuleManager: Shutting down and abandoning module AIModule (358)
[2019.07.20-20.58.53:347][381]LogModuleManager: Shutting down and abandoning module GameplayDebugger (357)
[2019.07.20-20.58.53:375][381]LogModuleManager: Shutting down and abandoning module AITestSuite (355)
[2019.07.20-20.58.53:382][381]LogModuleManager: Shutting down and abandoning module ProfilerService (352)
[2019.07.20-20.58.53:457][381]LogModuleManager: Shutting down and abandoning module TaskGraph (350)
[2019.07.20-20.58.53:477][381]LogModuleManager: Shutting down and abandoning module UEAnimaLoader (348)
[2019.07.20-20.58.53:477][381]LogModuleManager: Shutting down and abandoning module SteamVRController (346)
[2019.07.20-20.58.53:477][381]LogModuleManager: Shutting down and abandoning module ProceduralMeshComponentEditor (344)
[2019.07.20-20.58.53:477][381]LogModuleManager: Shutting down and abandoning module ProceduralMeshComponent (342)
[2019.07.20-20.58.53:477][381]LogModuleManager: Shutting down and abandoning module OculusInput (340)
[2019.07.20-20.58.53:488][381]LogModuleManager: Shutting down and abandoning module MobilePatchingUtils (338)
[2019.07.20-20.58.53:488][381]LogModuleManager: Shutting down and abandoning module CustomMeshComponent (336)
[2019.07.20-20.58.53:488][381]LogModuleManager: Shutting down and abandoning module CableComponent (334)
[2019.07.20-20.58.53:502][381]LogModuleManager: Shutting down and abandoning module ArchVisCharacter (332)
[2019.07.20-20.58.53:502][381]LogModuleManager: Shutting down and abandoning module AndroidPermission (330)
[2019.07.20-20.58.53:502][381]LogModuleManager: Shutting down and abandoning module ActorSequence (326)
[2019.07.20-20.58.53:502][381]LogModuleManager: Shutting down and abandoning module MediaPlayerEditor (324)
[2019.07.20-20.58.53:521][381]LogModuleManager: Shutting down and abandoning module MediaCompositingEditor (322)
[2019.07.20-20.58.53:521][381]LogModuleManager: Shutting down and abandoning module MediaCompositing (320)
[2019.07.20-20.58.53:521][381]LogModuleManager: Shutting down and abandoning module HTML5Networking (318)
[2019.07.20-20.58.53:522][381]LogModuleManager: Shutting down and abandoning module AlembicImporter (316)
[2019.07.20-20.58.53:535][381]LogModuleManager: Shutting down and abandoning module AlembicLibrary (315)
[2019.07.20-20.58.53:535][381]LogModuleManager: Shutting down and abandoning module GeometryCache (314)
[2019.07.20-20.58.53:544][381]LogModuleManager: Shutting down and abandoning module GeometryCacheEd (313)
[2019.07.20-20.58.53:544][381]LogModuleManager: Shutting down and abandoning module SpeedTreeImporter (308)
[2019.07.20-20.58.53:544][381]LogModuleManager: Shutting down and abandoning module PluginBrowser (306)
[2019.07.20-20.58.53:587][381]LogModuleManager: Shutting down and abandoning module MobileLauncherProfileWizard (304)
[2019.07.20-20.58.53:592][381]LogModuleManager: Shutting down and abandoning module VisualStudioSourceCodeAccess (302)
[2019.07.20-20.58.53:592][381]LogModuleManager: Shutting down and abandoning module VisualStudioCodeSourceCodeAccess (300)
[2019.07.20-20.58.53:592][381]LogModuleManager: Shutting down and abandoning module UObjectPlugin (298)
[2019.07.20-20.58.53:592][381]LogModuleManager: Shutting down and abandoning module SubversionSourceControl (296)
[2019.07.20-20.58.53:607][381]LogModuleManager: Shutting down and abandoning module PerforceSourceControl (294)
[2019.07.20-20.58.53:624][381]LogModuleManager: Shutting down and abandoning module GitSourceControl (292)
[2019.07.20-20.58.53:644][381]LogModuleManager: Shutting down and abandoning module SourceControl (291)
[2019.07.20-20.58.53:672][381]LogModuleManager: Shutting down and abandoning module LightPropagationVolumeEditor (288)
[2019.07.20-20.58.53:672][381]LogModuleManager: Shutting down and abandoning module PaperTiledImporter (286)
[2019.07.20-20.58.53:673][381]LogModuleManager: Shutting down and abandoning module PaperSpriteSheetImporter (284)
[2019.07.20-20.58.53:673][381]LogModuleManager: Shutting down and abandoning module Paper2DEditor (282)
[2019.07.20-20.58.53:689][381]LogModuleManager: Shutting down and abandoning module MeshPaint (281)
[2019.07.20-20.58.53:701][381]LogModuleManager: Shutting down and abandoning module LevelEditor (279)
[2019.07.20-20.58.53:715][381]LogModuleManager: Shutting down and abandoning module PixelInspectorModule (278)
[2019.07.20-20.58.53:730][381]LogModuleManager: Shutting down and abandoning module MainFrame (276)
[2019.07.20-20.58.53:744][381]LogModuleManager: Shutting down and abandoning module HotReload (275)
[2019.07.20-20.58.53:751][381]LogDirectoryWatcher: A directory notification for 'C:/Users/walid/Downloads/CoinCollectorStarter/CoinCollectorStarter/Binaries/Win64' was aborted.
[2019.07.20-20.58.53:775][381]LogModuleManager: Shutting down and abandoning module CoinCollector (270)
[2019.07.20-20.58.53:775][381]LogModuleManager: Shutting down and abandoning module RuntimePhysXCooking (268)
[2019.07.20-20.58.53:775][381]LogModuleManager: Shutting down and abandoning module PhysXVehiclesEditor (266)
[2019.07.20-20.58.53:775][381]LogModuleManager: Shutting down and abandoning module PhysXVehicles (264)
[2019.07.20-20.58.53:775][381]LogModuleManager: Shutting down and abandoning module OculusEditor (262)
[2019.07.20-20.58.53:776][381]LogModuleManager: Shutting down and abandoning module LocationServicesBPLibrary (260)
[2019.07.20-20.58.53:776][381]LogModuleManager: Shutting down and abandoning module ImmediatePhysicsEditor (258)
[2019.07.20-20.58.53:776][381]LogModuleManager: Shutting down and abandoning module ImmediatePhysics (256)
[2019.07.20-20.58.53:793][381]LogModuleManager: Shutting down and abandoning module UdpMessaging (254)
[2019.07.20-20.58.53:913][381]LogModuleManager: Shutting down and abandoning module TcpMessaging (252)
[2019.07.20-20.58.54:025][381]LogModuleManager: Shutting down and abandoning module GameplayTagsEditor (250)
[2019.07.20-20.58.54:056][381]LogModuleManager: Shutting down and abandoning module FacialAnimationEditor (248)
[2019.07.20-20.58.54:056][381]LogModuleManager: Shutting down and abandoning module FacialAnimation (246)
[2019.07.20-20.58.54:056][381]LogModuleManager: Shutting down and abandoning module AssetManagerEditor (244)
[2019.07.20-20.58.54:062][381]LogModuleManager: Shutting down and abandoning module GraphEditor (243)
[2019.07.20-20.58.54:143][381]LogModuleManager: Shutting down and abandoning module ContentBrowser (241)
[2019.07.20-20.58.54:146][381]LogModuleManager: Shutting down and abandoning module LightPropagationVolumeRuntime (238)
[2019.07.20-20.58.54:146][381]LogModuleManager: Shutting down and abandoning module Paper2D (236)
[2019.07.20-20.58.54:146][381]LogModuleManager: Shutting down and abandoning module WindowsMoviePlayer (234)
[2019.07.20-20.58.54:162][381]LogModuleManager: Shutting down and abandoning module WmfMedia (232)
[2019.07.20-20.58.54:177][381]LogModuleManager: Shutting down and abandoning module ImgMedia (230)
[2019.07.20-20.58.54:177][381]LogModuleManager: Shutting down and abandoning module PacketHandler (228)
[2019.07.20-20.58.54:177][381]LogModuleManager: Shutting down and abandoning module ClothingSystemEditor (226)
[2019.07.20-20.58.54:177][381]LogModuleManager: Shutting down and abandoning module ClothingSystemRuntime (224)
[2019.07.20-20.58.54:214][381]LogModuleManager: Shutting down and abandoning module MediaAssets (222)
[2019.07.20-20.58.54:214][381]LogModuleManager: Shutting down and abandoning module Media (221)
[2019.07.20-20.58.54:220][381]LogModuleManager: Shutting down and abandoning module Overlay (218)
[2019.07.20-20.58.54:220][381]LogModuleManager: Shutting down and abandoning module OverlayEditor (217)
[2019.07.20-20.58.54:220][381]LogModuleManager: Shutting down and abandoning module VREditor (214)
[2019.07.20-20.58.54:369][381]LogModuleManager: Shutting down and abandoning module StringTableEditor (212)
[2019.07.20-20.58.54:405][381]LogModuleManager: Shutting down and abandoning module GameplayTasksEditor (210)
[2019.07.20-20.58.54:405][381]LogModuleManager: Shutting down and abandoning module BehaviorTreeEditor (208)
[2019.07.20-20.58.54:652][381]LogModuleManager: Shutting down and abandoning module FunctionalTesting (206)
[2019.07.20-20.58.54:679][381]LogModuleManager: Shutting down and abandoning module CollisionAnalyzer (204)
[2019.07.20-20.58.54:774][381]LogModuleManager: Shutting down and abandoning module WorkspaceMenuStructure (203)
[2019.07.20-20.58.54:774][381]LogModuleManager: Shutting down and abandoning module UMG (200)
[2019.07.20-20.58.54:808][381]LogModuleManager: Shutting down and abandoning module UMGEditor (199)
[2019.07.20-20.58.54:828][381]LogModuleManager: Shutting down and abandoning module Sequencer (198)
[2019.07.20-20.58.54:857][381]LogModuleManager: Shutting down and abandoning module MessageLog (195)
[2019.07.20-20.58.54:857][381]LogModuleManager: Shutting down and abandoning module SlateReflector (190)
[2019.07.20-20.58.54:897][381]LogModuleManager: Shutting down and abandoning module Slate (188)
[2019.07.20-20.58.54:897][381]LogModuleManager: Shutting down and abandoning module EditorStyle (186)
[2019.07.20-20.58.54:927][381]LogModuleManager: Shutting down and abandoning module MRMesh (184)
[2019.07.20-20.58.54:927][381]LogModuleManager: Shutting down and abandoning module SourceCodeAccess (182)
[2019.07.20-20.58.54:927][381]LogModuleManager: Shutting down and abandoning module HeadMountedDisplay (180)
[2019.07.20-20.58.54:928][381]LogModuleManager: Shutting down and abandoning module XAudio2 (178)
[2019.07.20-20.58.54:928][381]LogModuleManager: Shutting down and abandoning module Networking (176)
[2019.07.20-20.58.54:928][381]LogModuleManager: Shutting down and abandoning module Core (172)
[2019.07.20-20.58.54:928][381]LogModuleManager: Shutting down and abandoning module LevelSequence (168)
[2019.07.20-20.58.54:937][381]LogModuleManager: Shutting down and abandoning module DirectoryWatcher (166)
[2019.07.20-20.58.54:963][381]LogModuleManager: Shutting down and abandoning module KismetCompiler (164)
[2019.07.20-20.58.54:964][381]LogModuleManager: Shutting down and abandoning module MeshUtilities (162)
[2019.07.20-20.58.55:156][381]LogModuleManager: Shutting down and abandoning module MeshMergeUtilities (161)
[2019.07.20-20.58.55:258][381]LogModuleManager: Shutting down and abandoning module MeshReductionInterface (160)
[2019.07.20-20.58.55:258][381]LogModuleManager: Shutting down and abandoning module SimplygonSwarm (159)
[2019.07.20-20.58.55:325][381]LogModuleManager: Shutting down and abandoning module SimplygonMeshReduction (157)
[2019.07.20-20.58.55:373][381]LogModuleManager: Shutting down and abandoning module QuadricMeshReduction (155)
[2019.07.20-20.58.55:422][381]LogModuleManager: Shutting down and abandoning module MaterialBaking (151)
[2019.07.20-20.58.55:488][381]LogModuleManager: Shutting down and abandoning module DerivedDataCache (148)
[2019.07.20-20.58.55:611][381]LogDerivedDataCache: Shutdown
[2019.07.20-20.58.55:611][381]LogModuleManager: Shutting down and abandoning module TargetPlatform (146)
[2019.07.20-20.58.55:611][381]LogModuleManager: Shutting down and abandoning module VulkanShaderFormat (145)
[2019.07.20-20.58.55:622][381]LogModuleManager: Shutting down and abandoning module ShaderFormatVectorVM (143)
[2019.07.20-20.58.55:632][381]LogModuleManager: Shutting down and abandoning module ShaderFormatOpenGL (141)
[2019.07.20-20.58.55:643][381]LogModuleManager: Shutting down and abandoning module ShaderFormatD3D (139)
[2019.07.20-20.58.55:656][381]LogModuleManager: Shutting down and abandoning module MetalShaderFormat (137)
[2019.07.20-20.58.55:674][381]LogModuleManager: Shutting down and abandoning module TextureFormatUncompressed (135)
[2019.07.20-20.58.55:674][381]LogModuleManager: Shutting down and abandoning module TextureFormatPVR (133)
[2019.07.20-20.58.55:675][381]LogModuleManager: Shutting down and abandoning module TextureFormatDXT (131)
[2019.07.20-20.58.55:687][381]LogModuleManager: Shutting down and abandoning module TextureFormatIntelISPCTexComp (129)
[2019.07.20-20.58.55:698][381]LogModuleManager: Shutting down and abandoning module TextureFormatASTC (127)
[2019.07.20-20.58.55:698][381]LogModuleManager: Shutting down and abandoning module ImageWrapper (126)
[2019.07.20-20.58.55:699][381]LogModuleManager: Shutting down and abandoning module TextureFormatAndroid (123)
[2019.07.20-20.58.55:699][381]LogModuleManager: Shutting down and abandoning module AudioFormatOpus (121)
[2019.07.20-20.58.55:700][381]LogModuleManager: Shutting down and abandoning module AudioFormatOgg (119)
[2019.07.20-20.58.55:700][381]LogModuleManager: Shutting down and abandoning module AudioFormatADPCM (117)
[2019.07.20-20.58.55:701][381]LogModuleManager: Shutting down and abandoning module LinuxTargetPlatform (115)
[2019.07.20-20.58.55:701][381]LogModuleManager: Shutting down and abandoning module LinuxServerTargetPlatform (113)
[2019.07.20-20.58.55:701][381]LogModuleManager: Shutting down and abandoning module LinuxNoEditorTargetPlatform (111)
[2019.07.20-20.58.55:702][381]LogModuleManager: Shutting down and abandoning module LinuxClientTargetPlatform (109)
[2019.07.20-20.58.55:702][381]LogModuleManager: Shutting down and abandoning module TVOSTargetPlatform (107)
[2019.07.20-20.58.55:702][381]LogModuleManager: Shutting down and abandoning module Messaging (105)
[2019.07.20-20.58.55:702][381]LogModuleManager: Shutting down and abandoning module IOSTargetPlatform (103)
[2019.07.20-20.58.55:703][381]LogModuleManager: Shutting down and abandoning module HTML5TargetPlatform (101)
[2019.07.20-20.58.55:703][381]LogModuleManager: Shutting down and abandoning module AndroidTargetPlatform (99)
[2019.07.20-20.58.55:704][381]LogModuleManager: Shutting down and abandoning module Android_PVRTCTargetPlatform (97)
[2019.07.20-20.58.55:704][381]LogModuleManager: Shutting down and abandoning module Android_MultiTargetPlatform (95)
[2019.07.20-20.58.55:704][381]LogModuleManager: Shutting down and abandoning module Android_ETC2TargetPlatform (93)
[2019.07.20-20.58.55:704][381]LogModuleManager: Shutting down and abandoning module Android_ETC1TargetPlatform (91)
[2019.07.20-20.58.55:704][381]LogModuleManager: Shutting down and abandoning module Android_DXTTargetPlatform (89)
[2019.07.20-20.58.55:704][381]LogModuleManager: Shutting down and abandoning module Android_ATCTargetPlatform (87)
[2019.07.20-20.58.55:704][381]LogModuleManager: Shutting down and abandoning module Android_ASTCTargetPlatform (85)
[2019.07.20-20.58.55:704][381]LogModuleManager: Shutting down and abandoning module WindowsTargetPlatform (83)
[2019.07.20-20.58.55:704][381]LogModuleManager: Shutting down and abandoning module WindowsServerTargetPlatform (81)
[2019.07.20-20.58.55:712][381]LogModuleManager: Shutting down and abandoning module WindowsNoEditorTargetPlatform (79)
[2019.07.20-20.58.55:721][381]LogModuleManager: Shutting down and abandoning module WindowsClientTargetPlatform (77)
[2019.07.20-20.58.55:728][381]LogModuleManager: Shutting down and abandoning module MacTargetPlatform (75)
[2019.07.20-20.58.55:729][381]LogModuleManager: Shutting down and abandoning module MacServerTargetPlatform (73)
[2019.07.20-20.58.55:729][381]LogModuleManager: Shutting down and abandoning module MacNoEditorTargetPlatform (71)
[2019.07.20-20.58.55:729][381]LogModuleManager: Shutting down and abandoning module MacClientTargetPlatform (69)
[2019.07.20-20.58.55:729][381]LogModuleManager: Shutting down and abandoning module AllDesktopTargetPlatform (67)
[2019.07.20-20.58.55:729][381]LogModuleManager: Shutting down and abandoning module InputCore (64)
[2019.07.20-20.58.55:729][381]LogModuleManager: Shutting down and abandoning module Settings (62)
[2019.07.20-20.58.55:729][381]LogModuleManager: Shutting down and abandoning module PhysXCooking (60)
[2019.07.20-20.58.55:729][381]LogModuleManager: Shutting down and abandoning module SteamVR (58)
[2019.07.20-20.58.55:729][381]LogModuleManager: Shutting down and abandoning module OculusHMD (56)
[2019.07.20-20.58.55:742][381]LogModuleManager: Shutting down and abandoning module ExampleDeviceProfileSelector (54)
[2019.07.20-20.58.55:742][381]LogModuleManager: Shutting down and abandoning module AppleARKit (52)
[2019.07.20-20.58.55:742][381]LogModuleManager: Shutting down and abandoning module AugmentedReality (51)
[2019.07.20-20.58.55:742][381]LogModuleManager: Shutting down and abandoning module OnlineBlueprintSupport (48)
[2019.07.20-20.58.55:742][381]LogModuleManager: Shutting down and abandoning module OnlineSubsystem (44)
[2019.07.20-20.58.55:770][381]LogModuleManager: Shutting down and abandoning module XMPP (43)
[2019.07.20-20.58.55:788][381]LogModuleManager: Shutting down and abandoning module HTTP (41)
[2019.07.20-20.58.55:789][381]LogHttp: Display: Http module shutting down, but needs to wait on 1 outstanding Http requests:
[2019.07.20-20.58.55:794][381]LogHttp: Display: 	verb=[POST] url=[https://datarouter.ol.epicgames.com/datarouter/api/v1/public/data?SessionID=%7BDA03DE09-49D6-76C6-13D2-40B40B5504D2%7D&AppID=UEEditor.Rocket.Release&AppVersion=4.18.3-3832480%2B%2B%2BUE4%2BRelease-4.18&UserID=d997032447a84b3d894f7db82a0879fe%7C23a2111a7e15405cba168622ce0f5987%7Cc2127f3c-1dda-4300-b816-f49ab9038d6f&AppEnvironment=datacollector-binary&UploadType=eteventstream] status=Processing
[2019.07.20-20.58.55:873][381]LogModuleManager: Shutting down and abandoning module SSL (40)
[2019.07.20-20.58.55:896][381]LogModuleManager: Shutting down and abandoning module AnimationModifiers (36)
[2019.07.20-20.58.55:935][381]LogModuleManager: Shutting down and abandoning module PropertyEditor (35)
[2019.07.20-20.58.55:935][381]LogModuleManager: Shutting down and abandoning module AudioEditor (32)
[2019.07.20-20.58.55:947][381]LogModuleManager: Shutting down and abandoning module TextureCompressor (30)
[2019.07.20-20.58.55:973][381]LogModuleManager: Shutting down and abandoning module ShaderCore (28)
[2019.07.20-20.58.55:973][381]LogModuleManager: Shutting down and abandoning module Landscape (26)
[2019.07.20-20.58.55:973][381]LogModuleManager: Shutting down and abandoning module SlateRHIRenderer (24)
[2019.07.20-20.58.56:004][381]LogModuleManager: Shutting down and abandoning module OpenGLDrv (22)
[2019.07.20-20.58.56:057][381]LogModuleManager: Shutting down and abandoning module D3D11RHI (20)
[2019.07.20-20.58.56:057][381]LogModuleManager: Shutting down and abandoning module AnimGraphRuntime (18)
[2019.07.20-20.58.56:057][381]LogModuleManager: Shutting down and abandoning module Renderer (16)
[2019.07.20-20.58.56:057][381]LogModuleManager: Shutting down and abandoning module Engine (14)
[2019.07.20-20.58.56:066][381]LogModuleManager: Shutting down and abandoning module CoreUObject (12)
[2019.07.20-20.58.56:066][381]LogModuleManager: Shutting down and abandoning module NetworkFile (10)
[2019.07.20-20.58.56:066][381]LogModuleManager: Shutting down and abandoning module CookedIterativeFile (8)
[2019.07.20-20.58.56:066][381]LogModuleManager: Shutting down and abandoning module StreamingFile (6)
[2019.07.20-20.58.56:078][381]LogModuleManager: Shutting down and abandoning module SandboxFile (4)
[2019.07.20-20.58.56:094][381]LogModuleManager: Shutting down and abandoning module PakFile (2)
[2019.07.20-20.58.56:131][381]LogExit: Exiting.
[2019.07.20-20.58.56:237][381]Log file closed, 07/20/19 21:58:56
