Log file open, 07/21/19 10:00:42
LogWindows: Failed to load 'aqProf.dll' (GetLastError=126)
LogWindows: File 'aqProf.dll' does not exist
LogWindows: Failed to load 'VtuneApi.dll' (GetLastError=126)
LogWindows: File 'VtuneApi.dll' does not exist
LogWindows: Failed to load 'VtuneApi32e.dll' (GetLastError=126)
LogWindows: File 'VtuneApi32e.dll' does not exist
LogInit: Display: Running engine for game: CoinCollector
LogPlatformFile: Not using cached read wrapper
LogInit: Display: RandInit(-1410142492) SRandInit(-1410142492).
LogInit: Read version file with build ID '3709383'
LogInit: Overriding engine version to CL 3832480, compatible CL 3709383
LogInit: Registered custom module enumerator with build ID '3709383'
LogTaskGraph: Started task graph with 5 named threads and 14 total threads with 3 sets of task threads.
LogStats: Stats thread started at 46.267738
LogD3D11RHI: Aftermath initialized
LogConfig: Warning: Failed to saved backup for config[Engine]
LogConfig: Warning: Failed to saved backup for config[EditorKeyBindings]
LogConfig: Warning: Failed to saved backup for config[Compat]
LogPluginManager: Mounting plugin Paper2D
LogConfig: Warning: Failed to saved backup for config[Paper2D]
LogPluginManager: Mounting plugin LightPropagationVolume
LogPluginManager: Mounting plugin CodeLiteSourceCodeAccess
LogPluginManager: Mounting plugin GitSourceControl
LogPluginManager: Mounting plugin KDevelopSourceCodeAccess
LogPluginManager: Mounting plugin NullSourceCodeAccess
LogPluginManager: Mounting plugin PerforceSourceControl
LogPluginManager: Mounting plugin SubversionSourceControl
LogConfig: Warning: Failed to saved backup for config[SubversionSourceControl]
LogPluginManager: Mounting plugin UObjectPlugin
LogConfig: Warning: Failed to saved backup for config[UObjectPlugin]
LogPluginManager: Mounting plugin VisualStudioCodeSourceCodeAccess
LogPluginManager: Mounting plugin VisualStudioSourceCodeAccess
LogConfig: Warning: Failed to saved backup for config[VisualStudioSourceCodeAccess]
LogPluginManager: Mounting plugin XCodeSourceCodeAccess
LogConfig: Warning: Failed to saved backup for config[XCodeSourceCodeAccess]
LogPluginManager: Mounting plugin AssetManagerEditor
LogConfig: Warning: Failed to saved backup for config[AssetManagerEditor]
LogPluginManager: Mounting plugin AudioCapture
LogPluginManager: Mounting plugin FacialAnimation
LogConfig: Warning: Failed to saved backup for config[FacialAnimation]
LogPluginManager: Mounting plugin GameplayTagsEditor
LogConfig: Warning: Failed to saved backup for config[GameplayTagsEditor]
LogPluginManager: Mounting plugin MobileLauncherProfileWizard
LogConfig: Warning: Failed to saved backup for config[MobileLauncherProfileWizard]
LogPluginManager: Mounting plugin PluginBrowser
LogPluginManager: Mounting plugin SpeedTreeImporter
LogPluginManager: Mounting plugin AlembicImporter
LogPluginManager: Mounting plugin CharacterAI
LogPluginManager: Mounting plugin HTML5Networking
LogPluginManager: Mounting plugin AndroidMedia
LogPluginManager: Mounting plugin AvfMedia
LogPluginManager: Mounting plugin ImgMedia
LogPluginManager: Mounting plugin MediaCompositing
LogPluginManager: Mounting plugin MediaPlayerEditor
LogPluginManager: Mounting plugin WmfMedia
LogPluginManager: Mounting plugin TcpMessaging
LogPluginManager: Mounting plugin UdpMessaging
LogPluginManager: Mounting plugin ActorSequence
LogPluginManager: Mounting plugin LevelSequenceEditor
LogPluginManager: Mounting plugin MatineeToLevelSequence
LogPluginManager: Mounting plugin OnlineSubsystemGooglePlay
LogPluginManager: Mounting plugin OnlineSubsystemIOS
LogPluginManager: Mounting plugin OnlineSubsystem
LogPluginManager: Mounting plugin OnlineSubsystemNull
LogPluginManager: Mounting plugin OnlineSubsystemUtils
LogPluginManager: Mounting plugin AndroidDeviceProfileSelector
LogPluginManager: Mounting plugin AndroidMoviePlayer
LogPluginManager: Mounting plugin AndroidPermission
LogPluginManager: Mounting plugin AppleARKit
LogPluginManager: Mounting plugin AppleMoviePlayer
LogPluginManager: Mounting plugin ArchVisCharacter
LogPluginManager: Mounting plugin CableComponent
LogPluginManager: Mounting plugin CustomMeshComponent
LogPluginManager: Mounting plugin ExampleDeviceProfileSelector
LogPluginManager: Mounting plugin GoogleCloudMessaging
LogPluginManager: Mounting plugin ImmediatePhysics
LogPluginManager: Mounting plugin IOSDeviceProfileSelector
LogPluginManager: Mounting plugin LinuxDeviceProfileSelector
LogConfig: Warning: Failed to saved backup for config[LinuxDeviceProfileSelector]
LogPluginManager: Mounting plugin LocationServicesBPLibrary
LogPluginManager: Mounting plugin MobilePatchingUtils
LogPluginManager: Mounting plugin OculusVR
LogPluginManager: Plugin shader directory ../../../Engine/Plugins/Runtime/Oculus/OculusVR/Shaders found
LogPluginManager: Mapping shader source directory ../../../Engine/Plugins/Runtime/Oculus/OculusVR/Shaders to virtual directory /Plugin/OculusVR
LogPluginManager: Mounting plugin PhysXVehicles
LogConfig: Warning: Failed to saved backup for config[PhysXVehicles]
LogPluginManager: Mounting plugin ProceduralMeshComponent
LogPluginManager: Mounting plugin RuntimePhysXCooking
LogPluginManager: Mounting plugin SteamVR
LogPluginManager: Mounting plugin WindowsMoviePlayer
LogPluginManager: Mounting plugin UEAnimaLoader
LogModuleManager: Display: Found up-to-date module file C:/Users/walid/Downloads/CoinCollectorStarter/CoinCollectorStarter/Binaries/Win64/UE4Editor-CoinCollector.dll (API version 3709383).
LogModuleManager: Display: Found up-to-date module file ../../../Engine/Plugins/2D/Paper2D/Binaries/Win64/UE4Editor-Paper2D.dll (API version 3709383).
LogModuleManager: Display: Found up-to-date module file ../../../Engine/Plugins/2D/Paper2D/Binaries/Win64/UE4Editor-Paper2DEditor.dll (API version 3709383).
LogModuleManager: Display: Found up-to-date module file ../../../Engine/Plugins/2D/Paper2D/Binaries/Win64/UE4Editor-PaperSpriteSheetImporter.dll (API version 3709383).
LogModuleManager: Display: Found up-to-date module file ../../../Engine/Plugins/2D/Paper2D/Binaries/Win64/UE4Editor-PaperTiledImporter.dll (API version 3709383).
LogModuleManager: Display: Found up-to-date module file ../../../Engine/Plugins/2D/Paper2D/Binaries/Win64/UE4Editor-SmartSnapping.dll (API version 3709383).
LogModuleManager: Display: Found up-to-date module file ../../../Engine/Plugins/Blendables/LightPropagationVolume/Binaries/Win64/UE4Editor-LightPropagationVolumeRuntime.dll (API version 3709383).
LogModuleManager: Display: Found up-to-date module file ../../../Engine/Plugins/Blendables/LightPropagationVolume/Binaries/Win64/UE4Editor-LightPropagationVolumeEditor.dll (API version 3709383).
LogModuleManager: Display: Found up-to-date module file ../../../Engine/Plugins/Developer/GitSourceControl/Binaries/Win64/UE4Editor-GitSourceControl.dll (API version 3709383).
LogModuleManager: Display: Found up-to-date module file ../../../Engine/Plugins/Developer/PerforceSourceControl/Binaries/Win64/UE4Editor-PerforceSourceControl.dll (API version 3709383).
LogModuleManager: Display: Found up-to-date module file ../../../Engine/Plugins/Developer/SubversionSourceControl/Binaries/Win64/UE4Editor-SubversionSourceControl.dll (API version 3709383).
LogModuleManager: Display: Found up-to-date module file ../../../Engine/Plugins/Developer/UObjectPlugin/Binaries/Win64/UE4Editor-UObjectPlugin.dll (API version 3709383).
LogModuleManager: Display: Found up-to-date module file ../../../Engine/Plugins/Developer/VisualStudioCodeSourceCodeAccess/Binaries/Win64/UE4Editor-VisualStudioCodeSourceCodeAccess.dll (API version 3709383).
LogModuleManager: Display: Found up-to-date module file ../../../Engine/Plugins/Developer/VisualStudioSourceCodeAccess/Binaries/Win64/UE4Editor-VisualStudioSourceCodeAccess.dll (API version 3709383).
LogModuleManager: Display: Found up-to-date module file ../../../Engine/Plugins/Editor/AssetManagerEditor/Binaries/Win64/UE4Editor-AssetManagerEditor.dll (API version 3709383).
LogModuleManager: Display: Found up-to-date module file ../../../Engine/Plugins/Editor/AudioCapture/Binaries/Win64/UE4Editor-AudioCapture.dll (API version 3709383).
LogModuleManager: Display: Found up-to-date module file ../../../Engine/Plugins/Editor/FacialAnimation/Binaries/Win64/UE4Editor-FacialAnimation.dll (API version 3709383).
LogModuleManager: Display: Found up-to-date module file ../../../Engine/Plugins/Editor/FacialAnimation/Binaries/Win64/UE4Editor-FacialAnimationEditor.dll (API version 3709383).
LogModuleManager: Display: Found up-to-date module file ../../../Engine/Plugins/Editor/GameplayTagsEditor/Binaries/Win64/UE4Editor-GameplayTagsEditor.dll (API version 3709383).
LogModuleManager: Display: Found up-to-date module file ../../../Engine/Plugins/Editor/MobileLauncherProfileWizard/Binaries/Win64/UE4Editor-MobileLauncherProfileWizard.dll (API version 3709383).
LogModuleManager: Display: Found up-to-date module file ../../../Engine/Plugins/Editor/PluginBrowser/Binaries/Win64/UE4Editor-PluginBrowser.dll (API version 3709383).
LogModuleManager: Display: Found up-to-date module file ../../../Engine/Plugins/Editor/SpeedTreeImporter/Binaries/Win64/UE4Editor-SpeedTreeImporter.dll (API version 3709383).
LogModuleManager: Display: Found up-to-date module file ../../../Engine/Plugins/Experimental/AlembicImporter/Binaries/Win64/UE4Editor-AlembicImporter.dll (API version 3709383).
LogModuleManager: Display: Found up-to-date module file ../../../Engine/Plugins/Experimental/AlembicImporter/Binaries/Win64/UE4Editor-AlembicLibrary.dll (API version 3709383).
LogModuleManager: Display: Found up-to-date module file ../../../Engine/Plugins/Experimental/CharacterAI/Binaries/Win64/UE4Editor-CharacterAI.dll (API version 3709383).
LogModuleManager: Display: Found up-to-date module file ../../../Engine/Plugins/Experimental/HTML5Networking/Binaries/Win64/UE4Editor-HTML5Networking.dll (API version 3709383).
LogModuleManager: Display: Found up-to-date module file ../../../Engine/Plugins/Media/AndroidMedia/Binaries/Win64/UE4Editor-AndroidMediaEditor.dll (API version 3709383).
LogModuleManager: Display: Found up-to-date module file ../../../Engine/Plugins/Media/AndroidMedia/Binaries/Win64/UE4Editor-AndroidMediaFactory.dll (API version 3709383).
LogModuleManager: Display: Found up-to-date module file ../../../Engine/Plugins/Media/AvfMedia/Binaries/Win64/UE4Editor-AvfMediaEditor.dll (API version 3709383).
LogModuleManager: Display: Found up-to-date module file ../../../Engine/Plugins/Media/AvfMedia/Binaries/Win64/UE4Editor-AvfMediaFactory.dll (API version 3709383).
LogModuleManager: Display: Found up-to-date module file ../../../Engine/Plugins/Media/AvfMedia/Binaries/Win64/UE4Editor-AvfMediaFactory.dll (API version 3709383).
LogModuleManager: Display: Found up-to-date module file ../../../Engine/Plugins/Media/ImgMedia/Binaries/Win64/UE4Editor-ImgMedia.dll (API version 3709383).
LogModuleManager: Display: Found up-to-date module file ../../../Engine/Plugins/Media/ImgMedia/Binaries/Win64/UE4Editor-ImgMediaEditor.dll (API version 3709383).
LogModuleManager: Display: Found up-to-date module file ../../../Engine/Plugins/Media/ImgMedia/Binaries/Win64/UE4Editor-ImgMediaFactory.dll (API version 3709383).
LogModuleManager: Display: Found up-to-date module file ../../../Engine/Plugins/Media/ImgMedia/Binaries/Win64/UE4Editor-ImgMediaFactory.dll (API version 3709383).
LogModuleManager: Display: Found up-to-date module file ../../../Engine/Plugins/Media/ImgMedia/Binaries/Win64/UE4Editor-OpenExrWrapper.dll (API version 3709383).
LogModuleManager: Display: Found up-to-date module file ../../../Engine/Plugins/Media/MediaCompositing/Binaries/Win64/UE4Editor-MediaCompositing.dll (API version 3709383).
LogModuleManager: Display: Found up-to-date module file ../../../Engine/Plugins/Media/MediaCompositing/Binaries/Win64/UE4Editor-MediaCompositingEditor.dll (API version 3709383).
LogModuleManager: Display: Found up-to-date module file ../../../Engine/Plugins/Media/MediaPlayerEditor/Binaries/Win64/UE4Editor-MediaPlayerEditor.dll (API version 3709383).
LogModuleManager: Display: Found up-to-date module file ../../../Engine/Plugins/Media/WmfMedia/Binaries/Win64/UE4Editor-WmfMedia.dll (API version 3709383).
LogModuleManager: Display: Found up-to-date module file ../../../Engine/Plugins/Media/WmfMedia/Binaries/Win64/UE4Editor-WmfMediaEditor.dll (API version 3709383).
LogModuleManager: Display: Found up-to-date module file ../../../Engine/Plugins/Media/WmfMedia/Binaries/Win64/UE4Editor-WmfMediaFactory.dll (API version 3709383).
LogModuleManager: Display: Found up-to-date module file ../../../Engine/Plugins/Media/WmfMedia/Binaries/Win64/UE4Editor-WmfMediaFactory.dll (API version 3709383).
LogModuleManager: Display: Found up-to-date module file ../../../Engine/Plugins/Messaging/TcpMessaging/Binaries/Win64/UE4Editor-TcpMessaging.dll (API version 3709383).
LogModuleManager: Display: Found up-to-date module file ../../../Engine/Plugins/Messaging/UdpMessaging/Binaries/Win64/UE4Editor-UdpMessaging.dll (API version 3709383).
LogModuleManager: Display: Found up-to-date module file ../../../Engine/Plugins/MovieScene/ActorSequence/Binaries/Win64/UE4Editor-ActorSequence.dll (API version 3709383).
LogModuleManager: Display: Found up-to-date module file ../../../Engine/Plugins/MovieScene/LevelSequenceEditor/Binaries/Win64/UE4Editor-LevelSequenceEditor.dll (API version 3709383).
LogModuleManager: Display: Found up-to-date module file ../../../Engine/Plugins/MovieScene/MatineeToLevelSequence/Binaries/Win64/UE4Editor-MatineeToLevelSequence.dll (API version 3709383).
LogModuleManager: Display: Found up-to-date module file ../../../Engine/Plugins/Online/OnlineSubsystem/Binaries/Win64/UE4Editor-OnlineSubsystem.dll (API version 3709383).
LogModuleManager: Display: Found up-to-date module file ../../../Engine/Plugins/Online/OnlineSubsystemNull/Binaries/Win64/UE4Editor-OnlineSubsystemNull.dll (API version 3709383).
LogModuleManager: Display: Found up-to-date module file ../../../Engine/Plugins/Online/OnlineSubsystemUtils/Binaries/Win64/UE4Editor-OnlineSubsystemUtils.dll (API version 3709383).
LogModuleManager: Display: Found up-to-date module file ../../../Engine/Plugins/Online/OnlineSubsystemUtils/Binaries/Win64/UE4Editor-OnlineBlueprintSupport.dll (API version 3709383).
LogModuleManager: Display: Found up-to-date module file ../../../Engine/Plugins/Runtime/AndroidDeviceProfileSelector/Binaries/Win64/UE4Editor-AndroidDeviceProfileSelector.dll (API version 3709383).
LogModuleManager: Display: Found up-to-date module file ../../../Engine/Plugins/Runtime/AndroidPermission/Binaries/Win64/UE4Editor-AndroidPermission.dll (API version 3709383).
LogModuleManager: Display: Found up-to-date module file ../../../Engine/Plugins/Runtime/AppleARKit/Binaries/Win64/UE4Editor-AppleARKit.dll (API version 3709383).
LogModuleManager: Display: Found up-to-date module file ../../../Engine/Plugins/Runtime/ArchVisCharacter/Binaries/Win64/UE4Editor-ArchVisCharacter.dll (API version 3709383).
LogModuleManager: Display: Found up-to-date module file ../../../Engine/Plugins/Runtime/CableComponent/Binaries/Win64/UE4Editor-CableComponent.dll (API version 3709383).
LogModuleManager: Display: Found up-to-date module file ../../../Engine/Plugins/Runtime/CustomMeshComponent/Binaries/Win64/UE4Editor-CustomMeshComponent.dll (API version 3709383).
LogModuleManager: Display: Found up-to-date module file ../../../Engine/Plugins/Runtime/ExampleDeviceProfileSelector/Binaries/Win64/UE4Editor-ExampleDeviceProfileSelector.dll (API version 3709383).
LogModuleManager: Display: Found up-to-date module file ../../../Engine/Plugins/Runtime/ImmediatePhysics/Binaries/Win64/UE4Editor-ImmediatePhysics.dll (API version 3709383).
LogModuleManager: Display: Found up-to-date module file ../../../Engine/Plugins/Runtime/ImmediatePhysics/Binaries/Win64/UE4Editor-ImmediatePhysicsEditor.dll (API version 3709383).
LogModuleManager: Display: Found up-to-date module file ../../../Engine/Plugins/Runtime/LocationServicesBPLibrary/Binaries/Win64/UE4Editor-LocationServicesBPLibrary.dll (API version 3709383).
LogModuleManager: Display: Found up-to-date module file ../../../Engine/Plugins/Runtime/MobilePatchingUtils/Binaries/Win64/UE4Editor-MobilePatchingUtils.dll (API version 3709383).
LogModuleManager: Display: Found up-to-date module file ../../../Engine/Plugins/Runtime/Oculus/OculusVR/Binaries/Win64/UE4Editor-OculusHMD.dll (API version 3709383).
LogModuleManager: Display: Found up-to-date module file ../../../Engine/Plugins/Runtime/Oculus/OculusVR/Binaries/Win64/UE4Editor-OculusInput.dll (API version 3709383).
LogModuleManager: Display: Found up-to-date module file ../../../Engine/Plugins/Runtime/Oculus/OculusVR/Binaries/Win64/UE4Editor-OculusEditor.dll (API version 3709383).
LogModuleManager: Display: Found up-to-date module file ../../../Engine/Plugins/Runtime/PhysXVehicles/Binaries/Win64/UE4Editor-PhysXVehicles.dll (API version 3709383).
LogModuleManager: Display: Found up-to-date module file ../../../Engine/Plugins/Runtime/PhysXVehicles/Binaries/Win64/UE4Editor-PhysXVehiclesEditor.dll (API version 3709383).
LogModuleManager: Display: Found up-to-date module file ../../../Engine/Plugins/Runtime/ProceduralMeshComponent/Binaries/Win64/UE4Editor-ProceduralMeshComponent.dll (API version 3709383).
LogModuleManager: Display: Found up-to-date module file ../../../Engine/Plugins/Runtime/ProceduralMeshComponent/Binaries/Win64/UE4Editor-ProceduralMeshComponentEditor.dll (API version 3709383).
LogModuleManager: Display: Found up-to-date module file ../../../Engine/Plugins/Runtime/RuntimePhysXCooking/Binaries/Win64/UE4Editor-RuntimePhysXCooking.dll (API version 3709383).
LogModuleManager: Display: Found up-to-date module file ../../../Engine/Plugins/Runtime/Steam/SteamVR/Binaries/Win64/UE4Editor-SteamVR.dll (API version 3709383).
LogModuleManager: Display: Found up-to-date module file ../../../Engine/Plugins/Runtime/Steam/SteamVR/Binaries/Win64/UE4Editor-SteamVRController.dll (API version 3709383).
LogModuleManager: Display: Found up-to-date module file ../../../Engine/Plugins/Runtime/WindowsMoviePlayer/Binaries/Win64/UE4Editor-WindowsMoviePlayer.dll (API version 3709383).
LogModuleManager: Display: Found up-to-date module file ../../../Engine/Plugins/UEAnimaLoader/Binaries/Win64/UE4Editor-UEAnimaLoader.dll (API version 3709383).
LogInit: Using libcurl 7.47.1
LogInit:  - built for x86_64-pc-win32
LogInit:  - supports SSL with OpenSSL/1.0.2g
LogInit:  - supports HTTP deflate (compression) using libz 1.2.8
LogInit:  - other features:
LogInit:      CURL_VERSION_SSL
LogInit:      CURL_VERSION_LIBZ
LogInit:      CURL_VERSION_IPV6
LogInit:      CURL_VERSION_ASYNCHDNS
LogInit:      CURL_VERSION_LARGEFILE
LogInit:      CURL_VERSION_IDN
LogInit:  CurlRequestOptions (configurable via config and command line):
LogInit:  - bVerifyPeer = false  - Libcurl will NOT verify peer certificate
LogInit:  - bUseHttpProxy = false  - Libcurl will NOT use HTTP proxy
LogInit:  - bDontReuseConnections = false  - Libcurl will reuse connections
LogInit:  - CertBundlePath = nullptr  - Libcurl will use whatever was configured at build time.
LogInit: Build: ++UE4+Release-4.18-CL-3832480
LogInit: Engine Version: 4.18.3-3832480+++UE4+Release-4.18
LogInit: Compatible Engine Version: 4.18.0-3709383+++UE4+Release-4.18
LogInit: Net CL: 3709383
LogDevObjectVersion: Number of dev versions registered: 16
LogDevObjectVersion:   Dev-Blueprints (B0D832E4-1F89-4F0D-ACCF-7EB736FD4AA2): 10
LogDevObjectVersion:   Dev-Build (E1C64328-A22C-4D53-A36C-8E866417BD8C): 0
LogDevObjectVersion:   Dev-Core (375EC13C-06E4-48FB-B500-84F0262A717E): 2
LogDevObjectVersion:   Dev-Editor (E4B068ED-F494-42E9-A231-DA0B2E46BB41): 20
LogDevObjectVersion:   Dev-Framework (CFFC743F-43B0-4480-9391-14DF171D2073): 30
LogDevObjectVersion:   Dev-Mobile (B02B49B5-BB20-44E9-A304-32B752E40360): 0
LogDevObjectVersion:   Dev-Networking (A4E4105C-59A1-49B5-A7C5-40C4547EDFEE): 0
LogDevObjectVersion:   Dev-Online (39C831C9-5AE6-47DC-9A44-9C173E1C8E7C): 0
LogDevObjectVersion:   Dev-Physics (78F01B33-EBEA-4F98-B9B4-84EACCB95AA2): 0
LogDevObjectVersion:   Dev-Platform (6631380F-2D4D-43E0-8009-CF276956A95A): 0
LogDevObjectVersion:   Dev-Rendering (12F88B9F-8875-4AFC-A67C-D90C383ABD29): 20
LogDevObjectVersion:   Dev-Sequencer (7B5AE74C-D270-4C10-A958-57980B212A5A): 4
LogDevObjectVersion:   Dev-VR (D7296918-1DD6-4BDD-9DE2-64A83CC13884): 0
LogDevObjectVersion:   Dev-LoadTimes (C2A15278-BFE7-4AFE-6C17-90FF531DF755): 1
LogDevObjectVersion:   Private-Geometry (6EACA3D4-40EC-4CC1-B786-8BED09428FC5): 1
LogDevObjectVersion:   Dev-AnimPhys (29E575DD-E0A3-4627-9D10-D276232CDCEA): 12
LogInit: Compiled (64-bit): Jan 12 2018 02:04:55
LogInit: Compiled with Visual C++: 19.00.24215.01
LogInit: Build Configuration: Development
LogInit: Branch Name: ++UE4+Release-4.18
LogInit: Command line:  
LogInit: Base directory: D:/UE418/UE_4.18/Engine/Binaries/Win64/
LogInit: Installed Engine Build: 1
LogInit: Presizing for max 8388607 objects, including 0 objects not considered by GC, pre-allocating 0 bytes for permanent pool.
LogInit: Object subsystem initialized
[2019.07.21-09.01.22:369][  0]LogInit: Selected Device Profile: [Windows]
[2019.07.21-09.01.22:369][  0]LogInit: Applying CVar settings loaded from the selected device profile: [Windows]
[2019.07.21-09.01.24:132][  0]LogInit: Computer: MSI
[2019.07.21-09.01.24:132][  0]LogInit: User: walid
[2019.07.21-09.01.24:133][  0]LogInit: CPU Page size=4096, Cores=4
[2019.07.21-09.01.24:133][  0]LogInit: High frequency timer resolution =3.125014 MHz
[2019.07.21-09.01.24:133][  0]LogMemory: Memory total: Physical=7.9GB (8GB approx)
[2019.07.21-09.01.24:133][  0]LogMemory: Platform Memory Stats for Windows
[2019.07.21-09.01.24:133][  0]LogMemory: Process Physical Memory: 271.31 MB used, 271.31 MB peak
[2019.07.21-09.01.24:133][  0]LogMemory: Process Virtual Memory: 263.65 MB used, 263.65 MB peak
[2019.07.21-09.01.24:133][  0]LogMemory: Physical Memory: 4408.50 MB used,  3725.91 MB free, 8134.41 MB total
[2019.07.21-09.01.24:133][  0]LogMemory: Virtual Memory: 4773.75 MB used,  3725.91 MB free, 134217728.00 MB total
[2019.07.21-09.01.38:913][  0]LogInit: Using OS detected language (fr-FR).
[2019.07.21-09.01.38:913][  0]LogInit: Using OS detected locale (fr-FR).
[2019.07.21-09.01.39:896][  0]LogTextLocalizationManager: No localization for 'fr-FR' exists, so 'en' will be used for the language.
[2019.07.21-09.01.39:898][  0]LogTextLocalizationManager: No localization for 'fr-FR' exists, so 'en' will be used for the locale.
[2019.07.21-09.01.43:045][  0]LogInit: Setting process to per monitor DPI aware
[2019.07.21-09.01.55:392][  0]LogD3D11RHI: D3D11 adapters:
[2019.07.21-09.01.55:520][  0]LogD3D11RHI:    0. 'NVIDIA GeForce GTX 760' (Feature Level 11_0)
[2019.07.21-09.01.55:520][  0]LogD3D11RHI:       2017/0/4067 MB DedicatedVideo/DedicatedSystem/SharedSystem, Outputs:1, VendorId:0x10de
[2019.07.21-09.01.55:524][  0]LogD3D11RHI:    1. 'Microsoft Basic Render Driver' (Feature Level 11_0)
[2019.07.21-09.01.55:524][  0]LogD3D11RHI:       0/0/4067 MB DedicatedVideo/DedicatedSystem/SharedSystem, Outputs:0, VendorId:0x1414
[2019.07.21-09.01.55:524][  0]LogD3D11RHI: Chosen D3D11 Adapter: 0
[2019.07.21-09.01.55:535][  0]LogD3D11RHI: Creating new Direct3DDevice
[2019.07.21-09.01.55:564][  0]LogD3D11RHI:     GPU DeviceId: 0x1187 (for the marketing name, search the web for "GPU Device Id")
[2019.07.21-09.01.55:564][  0]LogWindows: EnumDisplayDevices:
[2019.07.21-09.01.55:564][  0]LogWindows:    0. 'NVIDIA GeForce GTX 760' (P:1 D:1)
[2019.07.21-09.01.55:565][  0]LogWindows:    1. 'NVIDIA GeForce GTX 760' (P:0 D:0)
[2019.07.21-09.01.55:565][  0]LogWindows:    2. 'NVIDIA GeForce GTX 760' (P:0 D:0)
[2019.07.21-09.01.55:565][  0]LogWindows:    3. 'NVIDIA GeForce GTX 760' (P:0 D:0)
[2019.07.21-09.01.55:565][  0]LogWindows: DebugString: GetVideoDriverDetailsInvalid PrimaryIsNotTheChoosenAdapter GetVideoDriverDetailsInvalid PrimaryIsNotTheChoosenAdapter GetVideoDriverDetailsInvalid PrimaryIsNotTheChoosenAdapter GetVideoDriverDetailsInvalid PrimaryIsNotTheChoosenAdapter FoundDriverCount:0 
[2019.07.21-09.01.55:565][  0]LogD3D11RHI:     Adapter Name: NVIDIA GeForce GTX 760
[2019.07.21-09.01.55:565][  0]LogD3D11RHI:   Driver Version: Unknown (internal:Unknown, unified:Unknown)
[2019.07.21-09.01.55:565][  0]LogD3D11RHI:      Driver Date: Unknown
[2019.07.21-09.01.55:565][  0]LogRHI: Texture pool is 1412 MB (70% of 2017 MB)
[2019.07.21-09.01.56:008][  0]LogD3D11RHI: Async texture creation enabled
[2019.07.21-09.01.58:043][  0]LogD3D11RHI: GPU Timing Frequency: 1000.000000 (Debug: 2 2)
[2019.07.21-09.01.58:282][  0]LogShaderCompilers: Guid format shader working directory is -21 characters bigger than the processId version (C:/Users/walid/Downloads/CoinCollectorStarter/CoinCollectorStarter/Intermediate/Shaders/WorkingDirectory/12524/).
[2019.07.21-09.01.58:284][  0]LogShaderCompilers: Cleaned the shader compiler working directory 'C:/Users/walid/AppData/Local/Temp/UnrealShaderWorkingDir/9DF147DB4139BFFE99184488A26454C3/'.
[2019.07.21-09.01.58:291][  0]LogShaderCompilers: Display: Using Local Shader Compiler.
[2019.07.21-09.02.14:211][  0]LogTemp: Display: Loaded TP AllDesktopTargetPlatform
[2019.07.21-09.02.14:299][  0]LogTemp: Display: Loaded TP MacClientTargetPlatform
[2019.07.21-09.02.14:387][  0]LogTemp: Display: Loaded TP MacNoEditorTargetPlatform
[2019.07.21-09.02.14:472][  0]LogTemp: Display: Loaded TP MacServerTargetPlatform
[2019.07.21-09.02.14:600][  0]LogTemp: Display: Loaded TP MacTargetPlatform
[2019.07.21-09.02.14:685][  0]LogTemp: Display: Loaded TP WindowsClientTargetPlatform
[2019.07.21-09.02.14:775][  0]LogTemp: Display: Loaded TP WindowsNoEditorTargetPlatform
[2019.07.21-09.02.14:859][  0]LogTemp: Display: Loaded TP WindowsServerTargetPlatform
[2019.07.21-09.02.14:937][  0]LogTemp: Display: Loaded TP WindowsTargetPlatform
[2019.07.21-09.02.15:023][  0]LogTemp: Display: Loaded TP Android_ASTCTargetPlatform
[2019.07.21-09.02.15:108][  0]LogTemp: Display: Loaded TP Android_ATCTargetPlatform
[2019.07.21-09.02.15:195][  0]LogTemp: Display: Loaded TP Android_DXTTargetPlatform
[2019.07.21-09.02.15:278][  0]LogTemp: Display: Loaded TP Android_ETC1TargetPlatform
[2019.07.21-09.02.15:369][  0]LogTemp: Display: Loaded TP Android_ETC2TargetPlatform
[2019.07.21-09.02.15:543][  0]LogTemp: Display: Loaded TP Android_MultiTargetPlatform
[2019.07.21-09.02.15:543][  0]LogTemp: Display: Loaded TP Android_PVRTCTargetPlatform
[2019.07.21-09.02.15:677][  0]LogTemp: Display: Loaded TP AndroidTargetPlatform
[2019.07.21-09.02.16:101][  0]LogTemp: Display: Loaded TP HTML5TargetPlatform
[2019.07.21-09.02.16:453][  0]LogTemp: Display: Loaded TP IOSTargetPlatform
[2019.07.21-09.02.16:515][  0]LogTemp: Display: Loaded TP TVOSTargetPlatform
[2019.07.21-09.02.16:609][  0]LogTemp: Display: Loaded TP LinuxClientTargetPlatform
[2019.07.21-09.02.16:693][  0]LogTemp: Display: Loaded TP LinuxNoEditorTargetPlatform
[2019.07.21-09.02.16:786][  0]LogTemp: Display: Loaded TP LinuxServerTargetPlatform
[2019.07.21-09.02.16:880][  0]LogTemp: Display: Loaded TP LinuxTargetPlatform
[2019.07.21-09.02.16:880][  0]LogTargetPlatformManager: Display: Building Assets For Windows
[2019.07.21-09.02.19:388][  0]LogDerivedDataCache: Display: Max Cache Size: 512 MB
[2019.07.21-09.02.20:224][  0]LogDerivedDataCache: Loaded boot cache 0.82s 78MB C:/Users/walid/AppData/Local/UnrealEngine/4.18/DerivedDataCache/Boot.ddc.
[2019.07.21-09.02.20:224][  0]LogDerivedDataCache: Display: Loaded Boot cache: C:/Users/walid/AppData/Local/UnrealEngine/4.18/DerivedDataCache/Boot.ddc
[2019.07.21-09.02.20:224][  0]LogDerivedDataCache: FDerivedDataBackendGraph:  Pak pak cache file C:/Users/walid/Downloads/CoinCollectorStarter/CoinCollectorStarter/DerivedDataCache/DDC.ddp not found, will not use a pak cache.
[2019.07.21-09.02.20:224][  0]LogDerivedDataCache: Unable to find inner node Pak for hierarchical cache Hierarchy.
[2019.07.21-09.02.20:224][  0]LogDerivedDataCache: FDerivedDataBackendGraph:  CompressedPak pak cache file C:/Users/walid/Downloads/CoinCollectorStarter/CoinCollectorStarter/DerivedDataCache/Compressed.ddp not found, will not use a pak cache.
[2019.07.21-09.02.20:224][  0]LogDerivedDataCache: Unable to find inner node CompressedPak for hierarchical cache Hierarchy.
[2019.07.21-09.02.20:326][  0]LogDerivedDataCache: Display: Pak cache opened for reading ../../../Engine/DerivedDataCache/Compressed.ddp.
[2019.07.21-09.02.20:339][  0]LogDerivedDataCache: Using Local data cache path C:/Users/walid/AppData/Local/UnrealEngine/Common/DerivedDataCache: Writable
[2019.07.21-09.02.20:397][  0]LogMaterial: Verifying Global Shaders for PCD3D_SM5
[2019.07.21-09.02.20:483][  0]LogSlate: Using Freetype 2.6.0
[2019.07.21-09.02.20:602][  0]LogSlate: SlateFontCache - WITH_FREETYPE: 1, WITH_HARFBUZZ: 1
[2019.07.21-09.02.20:613][  0]LogSlate: SlateFontCache - WITH_FREETYPE: 1, WITH_HARFBUZZ: 1
[2019.07.21-09.02.33:391][  0]LogInit: Selected Device Profile: [Windows]
[2019.07.21-09.02.36:160][  0]LogSimplygon: Simplygon DLL not present - disabling.
[2019.07.21-09.02.36:258][  0]LogMeshReduction: Using SimplygonSwarm for distributed automatic mesh merging
[2019.07.21-09.02.36:270][  0]LogMeshReduction: Using QuadricMeshReduction for automatic static mesh reduction
[2019.07.21-09.02.36:286][  0]LogMeshReduction: No automatic skeletal mesh reduction module available
[2019.07.21-09.02.36:286][  0]LogMeshReduction: No automatic mesh merging module available
[2019.07.21-09.02.36:286][  0]LogMeshMerging: No automatic mesh merging module available
[2019.07.21-09.02.36:649][  0]LogNetVersion: CoinCollector , NetCL: 3709383, EngineNetVer: 2, GameNetVer: 0 (Checksum: 1238253092)
[2019.07.21-09.02.39:386][  0]LogAssetRegistry: FAssetRegistry took 0.1017 seconds to start up
[2019.07.21-09.02.47:249][  0]LogAssetRegistry: Error: Failed to open file for write C:/Users/walid/Downloads/CoinCollectorStarter/CoinCollectorStarter/Intermediate/CachedAssetRegistry.bin
[2019.07.21-09.02.47:249][  0]LogPackageLocalizationCache: Processed 8 localized package path(s) for 1 prioritized culture(s) in 0.223378 seconds
[2019.07.21-09.02.47:290][  0]LogUObjectArray: 35871 objects as part of root set at end of initial load.
[2019.07.21-09.02.47:290][  0]LogUObjectAllocator: 7363920 out of 0 bytes used by permanent object pool.
[2019.07.21-09.02.47:290][  0]LogUObjectArray: CloseDisregardForGC: 0/0 objects in disregard for GC pool
[2019.07.21-09.02.47:483][  0]LogInit: WinSock: version 1.1 (2.2), MaxSocks=32767, MaxUdp=65467
[2019.07.21-09.03.20:140][  0]LogTcpMessaging: Initializing TcpMessaging bridge
[2019.07.21-09.03.20:251][  0]LogUdpMessaging: Initializing bridge on interface 0.0.0.0:0 to multicast group 230.0.0.1:6666.
[2019.07.21-09.03.23:129][  0]LogMaterial: Uniform references updated for custom material expression Custom.
[2019.07.21-09.03.27:447][  0]SourceControl: Source control is disabled
[2019.07.21-09.03.27:454][  0]SourceControl: Source control is disabled
[2019.07.21-09.03.27:571][  0]SourceControl: Source control is disabled
[2019.07.21-09.03.27:677][  0]SourceControl: Source control is disabled
[2019.07.21-09.03.30:134][  0]LogAndroidPermission: UAndroidPermissionCallbackProxy::GetInstance
[2019.07.21-09.03.30:650][  0]LogOcInput: OculusInput pre-init called
[2019.07.21-09.03.32:458][  0]LogEngine: Initializing Engine...
[2019.07.21-09.03.32:508][  0]LogHMD: Failed to initialize OpenVR with code 110
[2019.07.21-09.03.35:389][  0]LogStats: UGameplayTagsManager::ConstructGameplayTagTree: Construct from data asset -  0.000 s
[2019.07.21-09.03.35:389][  0]LogStats: UGameplayTagsManager::ConstructGameplayTagTree: GameplayTagTreeChangedEvent.Broadcast -  0.000 s
[2019.07.21-09.03.36:159][  0]LogAIModule: Creating AISystem for world Untitled
[2019.07.21-09.03.36:420][  0]LogInit: XAudio2 using 'Haut-parleurs (8- USB PnP Sound Device)' : 2 channels at 48 kHz using 16 bits per sample (channel mask 0x3)
[2019.07.21-09.03.36:713][  0]LogInit: FAudioDevice initialized.
[2019.07.21-09.03.36:725][  0]LogDerivedDataCache: Error: Could not save memory cache C:/Users/walid/AppData/Local/UnrealEngine/4.18/DerivedDataCache/Boot.ddc.
[2019.07.21-09.03.36:743][  0]LogInit: Texture streaming: Enabled
[2019.07.21-09.03.37:140][  0]LogEngineSessionManager: EngineSessionManager initialized
[2019.07.21-09.03.38:299][  0]LogInit: Transaction tracking system initialized
[2019.07.21-09.03.39:750][  0]BlueprintLog: New page: Editor Load
[2019.07.21-09.03.44:082][  0]LocalizationService: Localization service is disabled
[2019.07.21-09.03.47:048][  0]LogLinker: Warning: Can't find file '/Game/ThirdPersonBP/ThirdPersonOverview'
[2019.07.21-09.03.47:048][  0]LogLinker: Warning: Can't find file '/Game/ThirdPersonBP/ThirdPersonOverview'
[2019.07.21-09.03.47:048][  0]LogUObjectGlobals: Warning: Failed to find object 'Class /Game/ThirdPersonBP/ThirdPersonOverview.ThirdPersonOverview_C'
[2019.07.21-09.03.48:920][  0]LogConsoleResponse: Display: 
[2019.07.21-09.03.57:642][  0]LogFileCache: Scanning file cache for directory 'C:/Users/walid/Downloads/CoinCollectorStarter/CoinCollectorStarter/Content/' took 0.05s
[2019.07.21-09.03.57:643][  0]LogCook: Display: Max memory allowance for cook 16384mb min free memory 0mb
[2019.07.21-09.03.57:643][  0]LogCook: Display: Mobile HDR setting 1
[2019.07.21-09.03.57:686][  0]LogGameplayTags: Display: UGameplayTagsManager::DoneAddingNativeTags. DelegateIsBound: 0
[2019.07.21-09.04.03:211][  0]SourceControl: Source control is disabled
[2019.07.21-09.04.03:261][  0]Cmd: MAP LOAD FILE="C:/Users/walid/Downloads/CoinCollectorStarter/CoinCollectorStarter/Content/CoinCollector/Maps/TutorialMap.umap" TEMPLATE=0 SHOWPROGRESS=1 FEATURELEVEL=3
[2019.07.21-09.04.03:327][  0]LightingResults: New page: Lighting Build
[2019.07.21-09.04.03:522][  0]MapCheck: New page: Map Check
[2019.07.21-09.04.03:522][  0]LightingResults: New page: Lighting Build
[2019.07.21-09.04.05:595][  0]LogAIModule: Creating AISystem for world TutorialMap
[2019.07.21-09.04.06:467][  0]LogEditorServer: Finished looking for orphan Actors (0.000 secs)
[2019.07.21-09.04.06:581][  0]Cmd: MAP CHECKDEP NOCLEARLOG
[2019.07.21-09.04.06:679][  0]MapCheck: Map check complete: 0 Error(s), 0 Warning(s), took 97.905ms to complete.
[2019.07.21-09.04.06:679][  0]LogFileHelpers: Loading map 'TutorialMap' took 3.433
[2019.07.21-09.04.08:084][  0]LogCollectionManager: Loaded 0 collections in 0.001991 seconds
[2019.07.21-09.04.08:323][  0]LogFileCache: Scanning file cache for directory 'C:/Users/walid/Downloads/CoinCollectorStarter/CoinCollectorStarter/Saved/Collections/' took 0.01s
[2019.07.21-09.04.08:323][  0]LogFileCache: Scanning file cache for directory 'C:/Users/walid/Downloads/CoinCollectorStarter/CoinCollectorStarter/Content/Developers/walid/Collections/' took 0.01s
[2019.07.21-09.04.08:323][  0]LogFileCache: Scanning file cache for directory 'C:/Users/walid/Downloads/CoinCollectorStarter/CoinCollectorStarter/Content/Collections/' took 0.00s
[2019.07.21-09.04.08:323][  0]LogCollectionManager: Rebuilt the GUID cache for 0 collections in 0.000000 seconds
[2019.07.21-09.04.08:370][  0]LogContentBrowser: Native class hierarchy populated in 0.0458 seconds. Added 2365 classes and 524 folders.
[2019.07.21-09.04.08:745][  0]LogContentBrowser: Native class hierarchy updated for 'WidgetCarousel' in 0.0012 seconds. Added 0 classes and 0 folders.
[2019.07.21-09.04.14:441][  0]LogContentBrowser: Native class hierarchy updated for 'AddContentDialog' in 0.0012 seconds. Added 0 classes and 0 folders.
[2019.07.21-09.04.14:587][  0]LogContentBrowser: Native class hierarchy updated for 'SceneOutliner' in 0.0012 seconds. Added 1 classes and 2 folders.
[2019.07.21-09.04.15:319][  0]LogSlate: Took 0.018077 seconds to synchronously load lazily loaded font '../../../Engine/Content/Slate/Fonts/Roboto-Regular.ttf' (155K)
[2019.07.21-09.04.15:351][  0]LogSlate: Took 0.021335 seconds to synchronously load lazily loaded font '../../../Engine/Content/Slate/Fonts/Roboto-Bold.ttf' (160K)
[2019.07.21-09.04.15:429][  0]LogSlate: Took 0.044892 seconds to synchronously load lazily loaded font '../../../Engine/Content/Editor/Slate/Fonts/FontAwesome.ttf' (139K)
[2019.07.21-09.04.15:967][  0]LogRenderer: Reallocating scene render targets to support 840x464 Format 9 NumSamples 1 (Frame:1).
[2019.07.21-09.04.16:934][  0]LogSlate: Took 0.014589 seconds to synchronously load lazily loaded font '../../../Engine/Content/Slate/Fonts/Roboto-Light.ttf' (159K)
[2019.07.21-09.04.17:508][  0]LogContentBrowser: Native class hierarchy updated for 'HierarchicalLODOutliner' in 0.0012 seconds. Added 1 classes and 2 folders.
[2019.07.21-09.04.17:508][  0]LogLoad: (Engine Initialization) Total time: 416.66 seconds
[2019.07.21-09.04.17:508][  0]LogLoad: (Engine Initialization) Total Blueprint compile time: 0.00 seconds
[2019.07.21-09.04.17:508][  0]LogExternalProfiler: Found external profiler: VSPerf
[2019.07.21-09.04.17:508][  0]LogExternalProfiler: Using external profiler: VSPerf
[2019.07.21-09.04.18:069][  0]LogContentStreaming: Texture pool size now 800 MB
[2019.07.21-09.04.18:622][  2]LogAssetRegistry: Asset discovery search completed in 99.2613 seconds
[2019.07.21-09.04.18:626][  2]LogCollectionManager: Rebuilt the object cache for 0 collections in 0.000000 seconds (found 0 objects)
[2019.07.21-09.04.18:680][  2]LogCollectionManager: Fixed up redirectors for 0 collections in 0.000084 seconds (updated 0 objects)
[2019.07.21-09.08.11:449][700]LogWindowsTextInputMethodSystem: Display: IME system now deactivated.
[2019.07.21-09.08.12:119][701]Cmd: QUIT_EDITOR
[2019.07.21-09.08.12:262][701]LogExit: Preparing to exit.
[2019.07.21-09.08.12:779][701]LogExit: Editor shut down
[2019.07.21-09.08.12:784][701]LogExit: Transaction tracking system shut down
[2019.07.21-09.08.13:184][701]LogDirectoryWatcher: A directory notification for '../../../Engine/Content/' was aborted.
[2019.07.21-09.08.13:184][701]LogDirectoryWatcher: A directory notification for 'C:/Users/walid/Downloads/CoinCollectorStarter/CoinCollectorStarter/Content/' was aborted.
[2019.07.21-09.08.13:185][701]LogDirectoryWatcher: A directory notification for '../../../Engine/Plugins/2D/Paper2D/Content/' was aborted.
[2019.07.21-09.08.13:185][701]LogDirectoryWatcher: A directory notification for '../../../Engine/Plugins/Media/MediaCompositing/Content/' was aborted.
[2019.07.21-09.08.13:185][701]LogDirectoryWatcher: A directory notification for '../../../Engine/Plugins/Runtime/AppleARKit/Content/' was aborted.
[2019.07.21-09.08.13:185][701]LogDirectoryWatcher: A directory notification for '../../../Engine/Plugins/Runtime/Oculus/OculusVR/Content/' was aborted.
[2019.07.21-09.08.13:185][701]LogDirectoryWatcher: A directory notification for '../../../Engine/Plugins/Runtime/Steam/SteamVR/Content/' was aborted.
[2019.07.21-09.08.14:018][701]LogExit: Object subsystem successfully closed.
[2019.07.21-09.08.14:248][701]LogD3D11RHI: Shutdown
[2019.07.21-09.08.14:248][701]LogD3D11RHI: CleanupD3DDevice
[2019.07.21-09.08.14:250][701]LogD3D11RHI: ~FD3D11DynamicRHI
[2019.07.21-09.08.14:554][701]LogModuleManager: Shutting down and abandoning module HierarchicalLODOutliner (552)
[2019.07.21-09.08.14:554][701]LogModuleManager: Shutting down and abandoning module DesktopPlatform (550)
[2019.07.21-09.08.14:554][701]LogModuleManager: Shutting down and abandoning module SceneOutliner (548)
[2019.07.21-09.08.14:555][701]LogModuleManager: Shutting down and abandoning module AddContentDialog (546)
[2019.07.21-09.08.14:562][701]LogDirectoryWatcher: A directory notification for 'D:/UE418/UE_4.18/FeaturePacks/' was aborted.
[2019.07.21-09.08.14:563][701]LogModuleManager: Shutting down and abandoning module WidgetCarousel (545)
[2019.07.21-09.08.14:563][701]LogModuleManager: Shutting down and abandoning module EditorWidgets (542)
[2019.07.21-09.08.14:563][701]LogModuleManager: Shutting down and abandoning module CollectionManager (540)
[2019.07.21-09.08.14:563][701]LogDirectoryWatcher: A directory notification for 'C:/Users/walid/Downloads/CoinCollectorStarter/CoinCollectorStarter/Content/Collections/' was aborted.
[2019.07.21-09.08.14:563][701]LogDirectoryWatcher: A directory notification for 'C:/Users/walid/Downloads/CoinCollectorStarter/CoinCollectorStarter/Content/Developers/walid/Collections/' was aborted.
[2019.07.21-09.08.14:564][701]LogDirectoryWatcher: A directory notification for 'C:/Users/walid/Downloads/CoinCollectorStarter/CoinCollectorStarter/Saved/Collections/' was aborted.
[2019.07.21-09.08.14:564][701]LogModuleManager: Shutting down and abandoning module StatsViewer (538)
[2019.07.21-09.08.14:564][701]LogModuleManager: Shutting down and abandoning module FoliageEdit (536)
[2019.07.21-09.08.14:564][701]LogModuleManager: Shutting down and abandoning module LandscapeEditor (534)
[2019.07.21-09.08.14:577][701]LogModuleManager: Shutting down and abandoning module MeshPaintMode (532)
[2019.07.21-09.08.14:577][701]LogModuleManager: Shutting down and abandoning module SceneDepthPickerMode (530)
[2019.07.21-09.08.14:577][701]LogModuleManager: Shutting down and abandoning module ActorPickerMode (528)
[2019.07.21-09.08.14:577][701]LogModuleManager: Shutting down and abandoning module GeometryMode (526)
[2019.07.21-09.08.14:577][701]LogModuleManager: Shutting down and abandoning module TextureAlignMode (524)
[2019.07.21-09.08.14:577][701]LogModuleManager: Shutting down and abandoning module BspMode (522)
[2019.07.21-09.08.14:577][701]LogModuleManager: Shutting down and abandoning module PIEPreviewDeviceProfileSelector (520)
[2019.07.21-09.08.14:577][701]LogModuleManager: Shutting down and abandoning module HardwareSurvey (518)
[2019.07.21-09.08.14:577][701]LogModuleManager: Shutting down and abandoning module SequenceRecorderSections (516)
[2019.07.21-09.08.14:577][701]LogModuleManager: Shutting down and abandoning module AutomationWorker (514)
[2019.07.21-09.08.14:577][701]LogModuleManager: Shutting down and abandoning module MatineeToLevelSequence (512)
[2019.07.21-09.08.14:594][701]LogModuleManager: Shutting down and abandoning module LevelSequenceEditor (510)
[2019.07.21-09.08.14:630][701]LogModuleManager: Shutting down and abandoning module PlacementMode (509)
[2019.07.21-09.08.14:630][701]LogModuleManager: Shutting down and abandoning module WmfMediaFactory (506)
[2019.07.21-09.08.14:630][701]LogModuleManager: Shutting down and abandoning module WmfMediaEditor (504)
[2019.07.21-09.08.14:630][701]LogModuleManager: Shutting down and abandoning module OpenExrWrapper (502)
[2019.07.21-09.08.14:630][701]LogModuleManager: Shutting down and abandoning module ImgMediaFactory (500)
[2019.07.21-09.08.14:630][701]LogModuleManager: Shutting down and abandoning module ImgMediaEditor (498)
[2019.07.21-09.08.14:630][701]LogModuleManager: Shutting down and abandoning module AvfMediaFactory (496)
[2019.07.21-09.08.14:630][701]LogModuleManager: Shutting down and abandoning module AvfMediaEditor (494)
[2019.07.21-09.08.14:630][701]LogModuleManager: Shutting down and abandoning module AndroidMediaFactory (492)
[2019.07.21-09.08.14:630][701]LogModuleManager: Shutting down and abandoning module AndroidMediaEditor (490)
[2019.07.21-09.08.14:631][701]LogModuleManager: Shutting down and abandoning module CharacterAI (488)
[2019.07.21-09.08.14:631][701]LogModuleManager: Shutting down and abandoning module AudioCapture (486)
[2019.07.21-09.08.14:631][701]LogModuleManager: Shutting down and abandoning module SequenceRecorder (485)
[2019.07.21-09.08.14:631][701]LogModuleManager: Shutting down and abandoning module SmartSnapping (482)
[2019.07.21-09.08.14:631][701]LogModuleManager: Shutting down and abandoning module SessionServices (480)
[2019.07.21-09.08.14:631][701]LogModuleManager: Shutting down and abandoning module ViewportSnapping (478)
[2019.07.21-09.08.14:631][701]LogModuleManager: Shutting down and abandoning module ViewportInteraction (476)
[2019.07.21-09.08.14:631][701]LogModuleManager: Shutting down and abandoning module ClothPainter (474)
[2019.07.21-09.08.14:638][701]LogModuleManager: Shutting down and abandoning module SkeletalMeshEditor (473)
[2019.07.21-09.08.14:665][701]LogModuleManager: Shutting down and abandoning module LogVisualizer (470)
[2019.07.21-09.08.14:665][701]LogModuleManager: Shutting down and abandoning module IntroTutorials (468)
[2019.07.21-09.08.14:666][701]LogModuleManager: Shutting down and abandoning module GameProjectGeneration (467)
[2019.07.21-09.08.14:714][701]LogModuleManager: Shutting down and abandoning module IOSPlatformEditor (464)
[2019.07.21-09.08.14:714][701]LogModuleManager: Shutting down and abandoning module HTML5PlatformEditor (462)
[2019.07.21-09.08.14:714][701]LogModuleManager: Shutting down and abandoning module AndroidPlatformEditor (460)
[2019.07.21-09.08.14:714][701]LogModuleManager: Shutting down and abandoning module AndroidDeviceDetection (459)
[2019.07.21-09.08.15:711][701]LogModuleManager: Shutting down and abandoning module WindowsPlatformEditor (456)
[2019.07.21-09.08.15:711][701]LogModuleManager: Shutting down and abandoning module IOSRuntimeSettings (454)
[2019.07.21-09.08.15:711][701]LogModuleManager: Shutting down and abandoning module AndroidRuntimeSettings (452)
[2019.07.21-09.08.15:711][701]LogModuleManager: Shutting down and abandoning module InputBindingEditor (450)
[2019.07.21-09.08.15:712][701]LogModuleManager: Shutting down and abandoning module MergeActors (448)
[2019.07.21-09.08.15:746][701]LogModuleManager: Shutting down and abandoning module SizeMap (446)
[2019.07.21-09.08.15:746][701]LogModuleManager: Shutting down and abandoning module TreeMap (444)
[2019.07.21-09.08.15:746][701]LogModuleManager: Shutting down and abandoning module ReferenceViewer (442)
[2019.07.21-09.08.15:746][701]LogModuleManager: Shutting down and abandoning module LocalizationDashboard (440)
[2019.07.21-09.08.15:764][701]LogModuleManager: Shutting down and abandoning module LocalizationService (439)
[2019.07.21-09.08.15:764][701]LogModuleManager: Shutting down and abandoning module HardwareTargeting (436)
[2019.07.21-09.08.15:764][701]LogModuleManager: Shutting down and abandoning module DeviceProfileEditor (434)
[2019.07.21-09.08.15:764][701]LogModuleManager: Shutting down and abandoning module UndoHistory (432)
[2019.07.21-09.08.15:764][701]LogModuleManager: Shutting down and abandoning module XmlParser (430)
[2019.07.21-09.08.15:764][701]LogModuleManager: Shutting down and abandoning module Blutility (428)
[2019.07.21-09.08.15:764][701]LogModuleManager: Shutting down and abandoning module ProjectSettingsViewer (426)
[2019.07.21-09.08.15:764][701]LogModuleManager: Shutting down and abandoning module ProjectTargetPlatformEditor (425)
[2019.07.21-09.08.15:764][701]LogModuleManager: Shutting down and abandoning module EditorSettingsViewer (422)
[2019.07.21-09.08.15:764][701]LogModuleManager: Shutting down and abandoning module SettingsEditor (420)
[2019.07.21-09.08.15:775][701]LogModuleManager: Shutting down and abandoning module ProjectLauncher (418)
[2019.07.21-09.08.15:787][701]LogModuleManager: Shutting down and abandoning module SessionFrontend (416)
[2019.07.21-09.08.15:787][701]LogModuleManager: Shutting down and abandoning module ProfilerClient (414)
[2019.07.21-09.08.15:801][701]LogModuleManager: Shutting down and abandoning module DeviceManager (412)
[2019.07.21-09.08.15:801][701]LogModuleManager: Shutting down and abandoning module TargetDeviceServices (411)
[2019.07.21-09.08.15:867][701]LogModuleManager: Shutting down and abandoning module AutomationController (408)
[2019.07.21-09.08.15:867][701]LogModuleManager: Shutting down and abandoning module AutomationWindow (406)
[2019.07.21-09.08.15:899][701]LogModuleManager: Shutting down and abandoning module Layers (404)
[2019.07.21-09.08.15:969][701]LogModuleManager: Shutting down and abandoning module ComponentVisualizers (402)
[2019.07.21-09.08.15:969][701]LogModuleManager: Shutting down and abandoning module DetailCustomizations (400)
[2019.07.21-09.08.15:969][701]LogModuleManager: Shutting down and abandoning module PackagesDialog (398)
[2019.07.21-09.08.15:981][701]LogModuleManager: Shutting down and abandoning module Persona (396)
[2019.07.21-09.08.16:018][701]LogModuleManager: Shutting down and abandoning module AdvancedPreviewScene (395)
[2019.07.21-09.08.16:018][701]LogModuleManager: Shutting down and abandoning module AnimGraph (393)
[2019.07.21-09.08.16:018][701]LogModuleManager: Shutting down and abandoning module Kismet (390)
[2019.07.21-09.08.16:018][701]LogModuleManager: Shutting down and abandoning module ClassViewer (388)
[2019.07.21-09.08.16:018][701]LogModuleManager: Shutting down and abandoning module Toolbox (386)
[2019.07.21-09.08.16:018][701]LogModuleManager: Shutting down and abandoning module ModuleUI (384)
[2019.07.21-09.08.16:033][701]LogModuleManager: Shutting down and abandoning module MovieSceneTools (382)
[2019.07.21-09.08.16:045][701]LogModuleManager: Shutting down and abandoning module OutputLog (380)
[2019.07.21-09.08.16:045][701]LogModuleManager: Shutting down and abandoning module GammaUI (378)
[2019.07.21-09.08.16:058][701]LogModuleManager: Shutting down and abandoning module Documentation (376)
[2019.07.21-09.08.16:058][701]LogModuleManager: Shutting down and abandoning module MovieSceneTracks (374)
[2019.07.21-09.08.16:084][701]LogModuleManager: Shutting down and abandoning module MovieScene (372)
[2019.07.21-09.08.16:084][701]LogModuleManager: Shutting down and abandoning module StreamingPauseRendering (370)
[2019.07.21-09.08.16:084][701]LogModuleManager: Shutting down and abandoning module LauncherPlatform (368)
[2019.07.21-09.08.16:084][701]LogModuleManager: Shutting down and abandoning module AnalyticsET (366)
[2019.07.21-09.08.16:084][701]LogModuleManager: Shutting down and abandoning module PortalServices (364)
[2019.07.21-09.08.16:084][701]LogModuleManager: Shutting down and abandoning module PortalRpc (362)
[2019.07.21-09.08.16:084][701]LogModuleManager: Shutting down and abandoning module MessagingRpc (360)
[2019.07.21-09.08.16:084][701]LogModuleManager: Shutting down and abandoning module AIModule (358)
[2019.07.21-09.08.16:084][701]LogModuleManager: Shutting down and abandoning module GameplayDebugger (357)
[2019.07.21-09.08.16:084][701]LogModuleManager: Shutting down and abandoning module AITestSuite (355)
[2019.07.21-09.08.16:084][701]LogModuleManager: Shutting down and abandoning module ProfilerService (352)
[2019.07.21-09.08.16:275][701]LogModuleManager: Shutting down and abandoning module TaskGraph (350)
[2019.07.21-09.08.16:275][701]LogModuleManager: Shutting down and abandoning module UEAnimaLoader (348)
[2019.07.21-09.08.16:275][701]LogModuleManager: Shutting down and abandoning module SteamVRController (346)
[2019.07.21-09.08.16:275][701]LogModuleManager: Shutting down and abandoning module ProceduralMeshComponentEditor (344)
[2019.07.21-09.08.16:275][701]LogModuleManager: Shutting down and abandoning module ProceduralMeshComponent (342)
[2019.07.21-09.08.16:300][701]LogModuleManager: Shutting down and abandoning module OculusInput (340)
[2019.07.21-09.08.16:309][701]LogModuleManager: Shutting down and abandoning module MobilePatchingUtils (338)
[2019.07.21-09.08.16:309][701]LogModuleManager: Shutting down and abandoning module CustomMeshComponent (336)
[2019.07.21-09.08.16:309][701]LogModuleManager: Shutting down and abandoning module CableComponent (334)
[2019.07.21-09.08.16:324][701]LogModuleManager: Shutting down and abandoning module ArchVisCharacter (332)
[2019.07.21-09.08.16:324][701]LogModuleManager: Shutting down and abandoning module AndroidPermission (330)
[2019.07.21-09.08.16:324][701]LogModuleManager: Shutting down and abandoning module ActorSequence (326)
[2019.07.21-09.08.16:324][701]LogModuleManager: Shutting down and abandoning module MediaPlayerEditor (324)
[2019.07.21-09.08.16:357][701]LogModuleManager: Shutting down and abandoning module MediaCompositingEditor (322)
[2019.07.21-09.08.16:357][701]LogModuleManager: Shutting down and abandoning module MediaCompositing (320)
[2019.07.21-09.08.16:357][701]LogModuleManager: Shutting down and abandoning module HTML5Networking (318)
[2019.07.21-09.08.16:357][701]LogModuleManager: Shutting down and abandoning module AlembicImporter (316)
[2019.07.21-09.08.16:406][701]LogModuleManager: Shutting down and abandoning module AlembicLibrary (315)
[2019.07.21-09.08.16:406][701]LogModuleManager: Shutting down and abandoning module GeometryCache (314)
[2019.07.21-09.08.16:406][701]LogModuleManager: Shutting down and abandoning module GeometryCacheEd (313)
[2019.07.21-09.08.16:406][701]LogModuleManager: Shutting down and abandoning module SpeedTreeImporter (308)
[2019.07.21-09.08.16:406][701]LogModuleManager: Shutting down and abandoning module PluginBrowser (306)
[2019.07.21-09.08.16:455][701]LogModuleManager: Shutting down and abandoning module MobileLauncherProfileWizard (304)
[2019.07.21-09.08.16:612][701]LogModuleManager: Shutting down and abandoning module VisualStudioSourceCodeAccess (302)
[2019.07.21-09.08.16:612][701]LogModuleManager: Shutting down and abandoning module VisualStudioCodeSourceCodeAccess (300)
[2019.07.21-09.08.16:612][701]LogModuleManager: Shutting down and abandoning module UObjectPlugin (298)
[2019.07.21-09.08.16:612][701]LogModuleManager: Shutting down and abandoning module SubversionSourceControl (296)
[2019.07.21-09.08.16:662][701]LogModuleManager: Shutting down and abandoning module PerforceSourceControl (294)
[2019.07.21-09.08.16:678][701]LogModuleManager: Shutting down and abandoning module GitSourceControl (292)
[2019.07.21-09.08.16:698][701]LogModuleManager: Shutting down and abandoning module SourceControl (291)
[2019.07.21-09.08.16:698][701]LogModuleManager: Shutting down and abandoning module LightPropagationVolumeEditor (288)
[2019.07.21-09.08.16:698][701]LogModuleManager: Shutting down and abandoning module PaperTiledImporter (286)
[2019.07.21-09.08.16:698][701]LogModuleManager: Shutting down and abandoning module PaperSpriteSheetImporter (284)
[2019.07.21-09.08.16:698][701]LogModuleManager: Shutting down and abandoning module Paper2DEditor (282)
[2019.07.21-09.08.16:719][701]LogModuleManager: Shutting down and abandoning module MeshPaint (281)
[2019.07.21-09.08.16:731][701]LogModuleManager: Shutting down and abandoning module LevelEditor (279)
[2019.07.21-09.08.16:732][701]LogModuleManager: Shutting down and abandoning module PixelInspectorModule (278)
[2019.07.21-09.08.16:732][701]LogModuleManager: Shutting down and abandoning module MainFrame (276)
[2019.07.21-09.08.16:732][701]LogModuleManager: Shutting down and abandoning module HotReload (275)
[2019.07.21-09.08.16:732][701]LogDirectoryWatcher: A directory notification for 'C:/Users/walid/Downloads/CoinCollectorStarter/CoinCollectorStarter/Binaries/Win64' was aborted.
[2019.07.21-09.08.16:733][701]LogModuleManager: Shutting down and abandoning module CoinCollector (270)
[2019.07.21-09.08.16:733][701]LogModuleManager: Shutting down and abandoning module RuntimePhysXCooking (268)
[2019.07.21-09.08.16:733][701]LogModuleManager: Shutting down and abandoning module PhysXVehiclesEditor (266)
[2019.07.21-09.08.16:733][701]LogModuleManager: Shutting down and abandoning module PhysXVehicles (264)
[2019.07.21-09.08.16:733][701]LogModuleManager: Shutting down and abandoning module OculusEditor (262)
[2019.07.21-09.08.16:733][701]LogModuleManager: Shutting down and abandoning module LocationServicesBPLibrary (260)
[2019.07.21-09.08.16:733][701]LogModuleManager: Shutting down and abandoning module ImmediatePhysicsEditor (258)
[2019.07.21-09.08.16:733][701]LogModuleManager: Shutting down and abandoning module ImmediatePhysics (256)
[2019.07.21-09.08.16:756][701]LogModuleManager: Shutting down and abandoning module UdpMessaging (254)
[2019.07.21-09.08.16:892][701]LogModuleManager: Shutting down and abandoning module TcpMessaging (252)
[2019.07.21-09.08.17:004][701]LogModuleManager: Shutting down and abandoning module GameplayTagsEditor (250)
[2019.07.21-09.08.17:060][701]LogModuleManager: Shutting down and abandoning module FacialAnimationEditor (248)
[2019.07.21-09.08.17:060][701]LogModuleManager: Shutting down and abandoning module FacialAnimation (246)
[2019.07.21-09.08.17:061][701]LogModuleManager: Shutting down and abandoning module AssetManagerEditor (244)
[2019.07.21-09.08.17:066][701]LogModuleManager: Shutting down and abandoning module GraphEditor (243)
[2019.07.21-09.08.17:106][701]LogModuleManager: Shutting down and abandoning module ContentBrowser (241)
[2019.07.21-09.08.17:107][701]LogModuleManager: Shutting down and abandoning module LightPropagationVolumeRuntime (238)
[2019.07.21-09.08.17:107][701]LogModuleManager: Shutting down and abandoning module Paper2D (236)
[2019.07.21-09.08.17:107][701]LogModuleManager: Shutting down and abandoning module WindowsMoviePlayer (234)
[2019.07.21-09.08.17:117][701]LogModuleManager: Shutting down and abandoning module WmfMedia (232)
[2019.07.21-09.08.17:132][701]LogModuleManager: Shutting down and abandoning module ImgMedia (230)
[2019.07.21-09.08.17:132][701]LogModuleManager: Shutting down and abandoning module PacketHandler (228)
[2019.07.21-09.08.17:132][701]LogModuleManager: Shutting down and abandoning module ClothingSystemEditor (226)
[2019.07.21-09.08.17:132][701]LogModuleManager: Shutting down and abandoning module ClothingSystemRuntime (224)
[2019.07.21-09.08.17:152][701]LogModuleManager: Shutting down and abandoning module MediaAssets (222)
[2019.07.21-09.08.17:152][701]LogModuleManager: Shutting down and abandoning module Media (221)
[2019.07.21-09.08.17:158][701]LogModuleManager: Shutting down and abandoning module Overlay (218)
[2019.07.21-09.08.17:158][701]LogModuleManager: Shutting down and abandoning module OverlayEditor (217)
[2019.07.21-09.08.17:158][701]LogModuleManager: Shutting down and abandoning module VREditor (214)
[2019.07.21-09.08.17:201][701]LogModuleManager: Shutting down and abandoning module StringTableEditor (212)
[2019.07.21-09.08.17:210][701]LogModuleManager: Shutting down and abandoning module GameplayTasksEditor (210)
[2019.07.21-09.08.17:210][701]LogModuleManager: Shutting down and abandoning module BehaviorTreeEditor (208)
[2019.07.21-09.08.17:226][701]LogModuleManager: Shutting down and abandoning module FunctionalTesting (206)
[2019.07.21-09.08.17:226][701]LogModuleManager: Shutting down and abandoning module CollisionAnalyzer (204)
[2019.07.21-09.08.17:226][701]LogModuleManager: Shutting down and abandoning module WorkspaceMenuStructure (203)
[2019.07.21-09.08.17:226][701]LogModuleManager: Shutting down and abandoning module UMG (200)
[2019.07.21-09.08.17:235][701]LogModuleManager: Shutting down and abandoning module UMGEditor (199)
[2019.07.21-09.08.17:256][701]LogModuleManager: Shutting down and abandoning module Sequencer (198)
[2019.07.21-09.08.17:269][701]LogModuleManager: Shutting down and abandoning module MessageLog (195)
[2019.07.21-09.08.17:269][701]LogModuleManager: Shutting down and abandoning module SlateReflector (190)
[2019.07.21-09.08.17:340][701]LogModuleManager: Shutting down and abandoning module Slate (188)
[2019.07.21-09.08.17:340][701]LogModuleManager: Shutting down and abandoning module EditorStyle (186)
[2019.07.21-09.08.17:342][701]LogModuleManager: Shutting down and abandoning module MRMesh (184)
[2019.07.21-09.08.17:342][701]LogModuleManager: Shutting down and abandoning module SourceCodeAccess (182)
[2019.07.21-09.08.17:342][701]LogModuleManager: Shutting down and abandoning module HeadMountedDisplay (180)
[2019.07.21-09.08.17:342][701]LogModuleManager: Shutting down and abandoning module XAudio2 (178)
[2019.07.21-09.08.17:343][701]LogModuleManager: Shutting down and abandoning module Networking (176)
[2019.07.21-09.08.17:343][701]LogModuleManager: Shutting down and abandoning module Core (172)
[2019.07.21-09.08.17:343][701]LogModuleManager: Shutting down and abandoning module LevelSequence (168)
[2019.07.21-09.08.17:343][701]LogModuleManager: Shutting down and abandoning module DirectoryWatcher (166)
[2019.07.21-09.08.17:343][701]LogModuleManager: Shutting down and abandoning module KismetCompiler (164)
[2019.07.21-09.08.17:343][701]LogModuleManager: Shutting down and abandoning module MeshUtilities (162)
[2019.07.21-09.08.17:352][701]LogModuleManager: Shutting down and abandoning module MeshMergeUtilities (161)
[2019.07.21-09.08.17:352][701]LogModuleManager: Shutting down and abandoning module MeshReductionInterface (160)
[2019.07.21-09.08.17:352][701]LogModuleManager: Shutting down and abandoning module SimplygonSwarm (159)
[2019.07.21-09.08.17:363][701]LogModuleManager: Shutting down and abandoning module SimplygonMeshReduction (157)
[2019.07.21-09.08.17:363][701]LogModuleManager: Shutting down and abandoning module QuadricMeshReduction (155)
[2019.07.21-09.08.17:386][701]LogModuleManager: Shutting down and abandoning module MaterialBaking (151)
[2019.07.21-09.08.17:386][701]LogModuleManager: Shutting down and abandoning module DerivedDataCache (148)
[2019.07.21-09.08.17:486][701]LogDerivedDataCache: Shutdown
[2019.07.21-09.08.17:486][701]LogModuleManager: Shutting down and abandoning module TargetPlatform (146)
[2019.07.21-09.08.17:489][701]LogModuleManager: Shutting down and abandoning module VulkanShaderFormat (145)
[2019.07.21-09.08.17:489][701]LogModuleManager: Shutting down and abandoning module ShaderFormatVectorVM (143)
[2019.07.21-09.08.17:512][701]LogModuleManager: Shutting down and abandoning module ShaderFormatOpenGL (141)
[2019.07.21-09.08.17:516][701]LogModuleManager: Shutting down and abandoning module ShaderFormatD3D (139)
[2019.07.21-09.08.17:536][701]LogModuleManager: Shutting down and abandoning module MetalShaderFormat (137)
[2019.07.21-09.08.17:562][701]LogModuleManager: Shutting down and abandoning module TextureFormatUncompressed (135)
[2019.07.21-09.08.17:562][701]LogModuleManager: Shutting down and abandoning module TextureFormatPVR (133)
[2019.07.21-09.08.17:562][701]LogModuleManager: Shutting down and abandoning module TextureFormatDXT (131)
[2019.07.21-09.08.17:575][701]LogModuleManager: Shutting down and abandoning module TextureFormatIntelISPCTexComp (129)
[2019.07.21-09.08.17:586][701]LogModuleManager: Shutting down and abandoning module TextureFormatASTC (127)
[2019.07.21-09.08.17:586][701]LogModuleManager: Shutting down and abandoning module ImageWrapper (126)
[2019.07.21-09.08.17:586][701]LogModuleManager: Shutting down and abandoning module TextureFormatAndroid (123)
[2019.07.21-09.08.17:586][701]LogModuleManager: Shutting down and abandoning module AudioFormatOpus (121)
[2019.07.21-09.08.17:586][701]LogModuleManager: Shutting down and abandoning module AudioFormatOgg (119)
[2019.07.21-09.08.17:586][701]LogModuleManager: Shutting down and abandoning module AudioFormatADPCM (117)
[2019.07.21-09.08.17:586][701]LogModuleManager: Shutting down and abandoning module LinuxTargetPlatform (115)
[2019.07.21-09.08.17:586][701]LogModuleManager: Shutting down and abandoning module LinuxServerTargetPlatform (113)
[2019.07.21-09.08.17:586][701]LogModuleManager: Shutting down and abandoning module LinuxNoEditorTargetPlatform (111)
[2019.07.21-09.08.17:586][701]LogModuleManager: Shutting down and abandoning module LinuxClientTargetPlatform (109)
[2019.07.21-09.08.17:586][701]LogModuleManager: Shutting down and abandoning module TVOSTargetPlatform (107)
[2019.07.21-09.08.17:586][701]LogModuleManager: Shutting down and abandoning module Messaging (105)
[2019.07.21-09.08.17:586][701]LogModuleManager: Shutting down and abandoning module IOSTargetPlatform (103)
[2019.07.21-09.08.17:586][701]LogModuleManager: Shutting down and abandoning module HTML5TargetPlatform (101)
[2019.07.21-09.08.17:586][701]LogModuleManager: Shutting down and abandoning module AndroidTargetPlatform (99)
[2019.07.21-09.08.17:586][701]LogModuleManager: Shutting down and abandoning module Android_PVRTCTargetPlatform (97)
[2019.07.21-09.08.17:586][701]LogModuleManager: Shutting down and abandoning module Android_MultiTargetPlatform (95)
[2019.07.21-09.08.17:586][701]LogModuleManager: Shutting down and abandoning module Android_ETC2TargetPlatform (93)
[2019.07.21-09.08.17:586][701]LogModuleManager: Shutting down and abandoning module Android_ETC1TargetPlatform (91)
[2019.07.21-09.08.17:586][701]LogModuleManager: Shutting down and abandoning module Android_DXTTargetPlatform (89)
[2019.07.21-09.08.17:586][701]LogModuleManager: Shutting down and abandoning module Android_ATCTargetPlatform (87)
[2019.07.21-09.08.17:586][701]LogModuleManager: Shutting down and abandoning module Android_ASTCTargetPlatform (85)
[2019.07.21-09.08.17:586][701]LogModuleManager: Shutting down and abandoning module WindowsTargetPlatform (83)
[2019.07.21-09.08.17:586][701]LogModuleManager: Shutting down and abandoning module WindowsServerTargetPlatform (81)
[2019.07.21-09.08.17:586][701]LogModuleManager: Shutting down and abandoning module WindowsNoEditorTargetPlatform (79)
[2019.07.21-09.08.17:586][701]LogModuleManager: Shutting down and abandoning module WindowsClientTargetPlatform (77)
[2019.07.21-09.08.17:586][701]LogModuleManager: Shutting down and abandoning module MacTargetPlatform (75)
[2019.07.21-09.08.17:586][701]LogModuleManager: Shutting down and abandoning module MacServerTargetPlatform (73)
[2019.07.21-09.08.17:586][701]LogModuleManager: Shutting down and abandoning module MacNoEditorTargetPlatform (71)
[2019.07.21-09.08.17:586][701]LogModuleManager: Shutting down and abandoning module MacClientTargetPlatform (69)
[2019.07.21-09.08.17:586][701]LogModuleManager: Shutting down and abandoning module AllDesktopTargetPlatform (67)
[2019.07.21-09.08.17:586][701]LogModuleManager: Shutting down and abandoning module InputCore (64)
[2019.07.21-09.08.17:586][701]LogModuleManager: Shutting down and abandoning module Settings (62)
[2019.07.21-09.08.17:586][701]LogModuleManager: Shutting down and abandoning module PhysXCooking (60)
[2019.07.21-09.08.17:586][701]LogModuleManager: Shutting down and abandoning module SteamVR (58)
[2019.07.21-09.08.17:586][701]LogModuleManager: Shutting down and abandoning module OculusHMD (56)
[2019.07.21-09.08.17:597][701]LogModuleManager: Shutting down and abandoning module ExampleDeviceProfileSelector (54)
[2019.07.21-09.08.17:597][701]LogModuleManager: Shutting down and abandoning module AppleARKit (52)
[2019.07.21-09.08.17:597][701]LogModuleManager: Shutting down and abandoning module AugmentedReality (51)
[2019.07.21-09.08.17:597][701]LogModuleManager: Shutting down and abandoning module OnlineBlueprintSupport (48)
[2019.07.21-09.08.17:597][701]LogModuleManager: Shutting down and abandoning module OnlineSubsystem (44)
[2019.07.21-09.08.17:624][701]LogModuleManager: Shutting down and abandoning module XMPP (43)
[2019.07.21-09.08.17:638][701]LogModuleManager: Shutting down and abandoning module HTTP (41)
[2019.07.21-09.08.17:638][701]LogHttp: Display: Http module shutting down, but needs to wait on 1 outstanding Http requests:
[2019.07.21-09.08.17:638][701]LogHttp: Display: 	verb=[POST] url=[https://datarouter.ol.epicgames.com/datarouter/api/v1/public/data?SessionID=%7B20BEE308-4E41-AD53-C278-578A3910180B%7D&AppID=UEEditor.Rocket.Release&AppVersion=4.18.3-3832480%2B%2B%2BUE4%2BRelease-4.18&UserID=d997032447a84b3d894f7db82a0879fe%7C23a2111a7e15405cba168622ce0f5987%7Cc2127f3c-1dda-4300-b816-f49ab9038d6f&AppEnvironment=datacollector-binary&UploadType=eteventstream] status=Processing
[2019.07.21-09.08.17:654][701]LogModuleManager: Shutting down and abandoning module SSL (40)
[2019.07.21-09.08.17:656][701]LogModuleManager: Shutting down and abandoning module AnimationModifiers (36)
[2019.07.21-09.08.17:656][701]LogModuleManager: Shutting down and abandoning module PropertyEditor (35)
[2019.07.21-09.08.17:656][701]LogModuleManager: Shutting down and abandoning module AudioEditor (32)
[2019.07.21-09.08.17:693][701]LogModuleManager: Shutting down and abandoning module TextureCompressor (30)
[2019.07.21-09.08.17:745][701]LogModuleManager: Shutting down and abandoning module ShaderCore (28)
[2019.07.21-09.08.17:745][701]LogModuleManager: Shutting down and abandoning module Landscape (26)
[2019.07.21-09.08.17:745][701]LogModuleManager: Shutting down and abandoning module SlateRHIRenderer (24)
[2019.07.21-09.08.17:759][701]LogModuleManager: Shutting down and abandoning module OpenGLDrv (22)
[2019.07.21-09.08.17:778][701]LogModuleManager: Shutting down and abandoning module D3D11RHI (20)
[2019.07.21-09.08.17:778][701]LogModuleManager: Shutting down and abandoning module AnimGraphRuntime (18)
[2019.07.21-09.08.17:778][701]LogModuleManager: Shutting down and abandoning module Renderer (16)
[2019.07.21-09.08.17:778][701]LogModuleManager: Shutting down and abandoning module Engine (14)
[2019.07.21-09.08.17:778][701]LogModuleManager: Shutting down and abandoning module CoreUObject (12)
[2019.07.21-09.08.17:778][701]LogModuleManager: Shutting down and abandoning module NetworkFile (10)
[2019.07.21-09.08.17:792][701]LogModuleManager: Shutting down and abandoning module CookedIterativeFile (8)
[2019.07.21-09.08.17:792][701]LogModuleManager: Shutting down and abandoning module StreamingFile (6)
[2019.07.21-09.08.17:798][701]LogModuleManager: Shutting down and abandoning module SandboxFile (4)
[2019.07.21-09.08.17:798][701]LogModuleManager: Shutting down and abandoning module PakFile (2)
[2019.07.21-09.08.17:802][701]LogExit: Exiting.
[2019.07.21-09.08.17:831][701]Log file closed, 07/21/19 10:08:17
