Log file open, 07/21/19 12:16:55
LogWindows: Failed to load 'aqProf.dll' (GetLastError=126)
LogWindows: File 'aqProf.dll' does not exist
LogWindows: Failed to load 'VtuneApi.dll' (GetLastError=126)
LogWindows: File 'VtuneApi.dll' does not exist
LogWindows: Failed to load 'VtuneApi32e.dll' (GetLastError=126)
LogWindows: File 'VtuneApi32e.dll' does not exist
LogInit: Display: Running engine for game: CoinCollector
LogPlatformFile: Not using cached read wrapper
LogInit: Display: RandInit(-1153606696) SRandInit(-1153606696).
LogInit: Read version file with build ID '3709383'
LogInit: Overriding engine version to CL 3832480, compatible CL 3709383
LogInit: Registered custom module enumerator with build ID '3709383'
LogTaskGraph: Started task graph with 5 named threads and 14 total threads with 3 sets of task threads.
LogStats: Stats thread started at 0.198715
LogD3D11RHI: Aftermath initialized
LogPluginManager: Mounting plugin Paper2D
LogPluginManager: Mounting plugin LightPropagationVolume
LogPluginManager: Mounting plugin CodeLiteSourceCodeAccess
LogPluginManager: Mounting plugin GitSourceControl
LogPluginManager: Mounting plugin KDevelopSourceCodeAccess
LogPluginManager: Mounting plugin NullSourceCodeAccess
LogPluginManager: Mounting plugin PerforceSourceControl
LogPluginManager: Mounting plugin SubversionSourceControl
LogPluginManager: Mounting plugin UObjectPlugin
LogPluginManager: Mounting plugin VisualStudioCodeSourceCodeAccess
LogPluginManager: Mounting plugin VisualStudioSourceCodeAccess
LogPluginManager: Mounting plugin XCodeSourceCodeAccess
LogPluginManager: Mounting plugin AssetManagerEditor
LogPluginManager: Mounting plugin AudioCapture
LogPluginManager: Mounting plugin FacialAnimation
LogPluginManager: Mounting plugin GameplayTagsEditor
LogPluginManager: Mounting plugin MobileLauncherProfileWizard
LogPluginManager: Mounting plugin PluginBrowser
LogPluginManager: Mounting plugin SpeedTreeImporter
LogPluginManager: Mounting plugin AlembicImporter
LogPluginManager: Mounting plugin CharacterAI
LogPluginManager: Mounting plugin HTML5Networking
LogPluginManager: Mounting plugin AndroidMedia
LogPluginManager: Mounting plugin AvfMedia
LogPluginManager: Mounting plugin ImgMedia
LogPluginManager: Mounting plugin MediaCompositing
LogPluginManager: Mounting plugin MediaPlayerEditor
LogPluginManager: Mounting plugin WmfMedia
LogPluginManager: Mounting plugin TcpMessaging
LogPluginManager: Mounting plugin UdpMessaging
LogPluginManager: Mounting plugin ActorSequence
LogPluginManager: Mounting plugin LevelSequenceEditor
LogPluginManager: Mounting plugin MatineeToLevelSequence
LogPluginManager: Mounting plugin OnlineSubsystemGooglePlay
LogPluginManager: Mounting plugin OnlineSubsystemIOS
LogPluginManager: Mounting plugin OnlineSubsystem
LogPluginManager: Mounting plugin OnlineSubsystemNull
LogPluginManager: Mounting plugin OnlineSubsystemUtils
LogPluginManager: Mounting plugin AndroidDeviceProfileSelector
LogPluginManager: Mounting plugin AndroidMoviePlayer
LogPluginManager: Mounting plugin AndroidPermission
LogPluginManager: Mounting plugin AppleARKit
LogPluginManager: Mounting plugin AppleMoviePlayer
LogPluginManager: Mounting plugin ArchVisCharacter
LogPluginManager: Mounting plugin CableComponent
LogPluginManager: Mounting plugin CustomMeshComponent
LogPluginManager: Mounting plugin ExampleDeviceProfileSelector
LogPluginManager: Mounting plugin GoogleCloudMessaging
LogPluginManager: Mounting plugin ImmediatePhysics
LogPluginManager: Mounting plugin IOSDeviceProfileSelector
LogPluginManager: Mounting plugin LinuxDeviceProfileSelector
LogPluginManager: Mounting plugin LocationServicesBPLibrary
LogPluginManager: Mounting plugin MobilePatchingUtils
LogPluginManager: Mounting plugin OculusVR
LogPluginManager: Plugin shader directory ../../../Engine/Plugins/Runtime/Oculus/OculusVR/Shaders found
LogPluginManager: Mapping shader source directory ../../../Engine/Plugins/Runtime/Oculus/OculusVR/Shaders to virtual directory /Plugin/OculusVR
LogPluginManager: Mounting plugin PhysXVehicles
LogPluginManager: Mounting plugin ProceduralMeshComponent
LogPluginManager: Mounting plugin RuntimePhysXCooking
LogPluginManager: Mounting plugin SteamVR
LogPluginManager: Mounting plugin WindowsMoviePlayer
LogPluginManager: Mounting plugin UEAnimaLoader
LogModuleManager: Warning: Module file C:/Users/walid/Downloads/CoinCollectorStarter/CoinCollectorStarter/Binaries/Win64/UE4Editor-CoinCollector-6903.dll is missing. This is likely a stale module that must be recompiled.
LogModuleManager: Display: Found up-to-date module file ../../../Engine/Plugins/2D/Paper2D/Binaries/Win64/UE4Editor-Paper2D.dll (API version 3709383).
LogModuleManager: Display: Found up-to-date module file ../../../Engine/Plugins/2D/Paper2D/Binaries/Win64/UE4Editor-Paper2DEditor.dll (API version 3709383).
LogModuleManager: Display: Found up-to-date module file ../../../Engine/Plugins/2D/Paper2D/Binaries/Win64/UE4Editor-PaperSpriteSheetImporter.dll (API version 3709383).
LogModuleManager: Display: Found up-to-date module file ../../../Engine/Plugins/2D/Paper2D/Binaries/Win64/UE4Editor-PaperTiledImporter.dll (API version 3709383).
LogModuleManager: Display: Found up-to-date module file ../../../Engine/Plugins/2D/Paper2D/Binaries/Win64/UE4Editor-SmartSnapping.dll (API version 3709383).
LogModuleManager: Display: Found up-to-date module file ../../../Engine/Plugins/Blendables/LightPropagationVolume/Binaries/Win64/UE4Editor-LightPropagationVolumeRuntime.dll (API version 3709383).
LogModuleManager: Display: Found up-to-date module file ../../../Engine/Plugins/Blendables/LightPropagationVolume/Binaries/Win64/UE4Editor-LightPropagationVolumeEditor.dll (API version 3709383).
LogModuleManager: Display: Found up-to-date module file ../../../Engine/Plugins/Developer/GitSourceControl/Binaries/Win64/UE4Editor-GitSourceControl.dll (API version 3709383).
LogModuleManager: Display: Found up-to-date module file ../../../Engine/Plugins/Developer/PerforceSourceControl/Binaries/Win64/UE4Editor-PerforceSourceControl.dll (API version 3709383).
LogModuleManager: Display: Found up-to-date module file ../../../Engine/Plugins/Developer/SubversionSourceControl/Binaries/Win64/UE4Editor-SubversionSourceControl.dll (API version 3709383).
LogModuleManager: Display: Found up-to-date module file ../../../Engine/Plugins/Developer/UObjectPlugin/Binaries/Win64/UE4Editor-UObjectPlugin.dll (API version 3709383).
LogModuleManager: Display: Found up-to-date module file ../../../Engine/Plugins/Developer/VisualStudioCodeSourceCodeAccess/Binaries/Win64/UE4Editor-VisualStudioCodeSourceCodeAccess.dll (API version 3709383).
LogModuleManager: Display: Found up-to-date module file ../../../Engine/Plugins/Developer/VisualStudioSourceCodeAccess/Binaries/Win64/UE4Editor-VisualStudioSourceCodeAccess.dll (API version 3709383).
LogModuleManager: Display: Found up-to-date module file ../../../Engine/Plugins/Editor/AssetManagerEditor/Binaries/Win64/UE4Editor-AssetManagerEditor.dll (API version 3709383).
LogModuleManager: Display: Found up-to-date module file ../../../Engine/Plugins/Editor/AudioCapture/Binaries/Win64/UE4Editor-AudioCapture.dll (API version 3709383).
LogModuleManager: Display: Found up-to-date module file ../../../Engine/Plugins/Editor/FacialAnimation/Binaries/Win64/UE4Editor-FacialAnimation.dll (API version 3709383).
LogModuleManager: Display: Found up-to-date module file ../../../Engine/Plugins/Editor/FacialAnimation/Binaries/Win64/UE4Editor-FacialAnimationEditor.dll (API version 3709383).
LogModuleManager: Display: Found up-to-date module file ../../../Engine/Plugins/Editor/GameplayTagsEditor/Binaries/Win64/UE4Editor-GameplayTagsEditor.dll (API version 3709383).
LogModuleManager: Display: Found up-to-date module file ../../../Engine/Plugins/Editor/MobileLauncherProfileWizard/Binaries/Win64/UE4Editor-MobileLauncherProfileWizard.dll (API version 3709383).
LogModuleManager: Display: Found up-to-date module file ../../../Engine/Plugins/Editor/PluginBrowser/Binaries/Win64/UE4Editor-PluginBrowser.dll (API version 3709383).
LogModuleManager: Display: Found up-to-date module file ../../../Engine/Plugins/Editor/SpeedTreeImporter/Binaries/Win64/UE4Editor-SpeedTreeImporter.dll (API version 3709383).
LogModuleManager: Display: Found up-to-date module file ../../../Engine/Plugins/Experimental/AlembicImporter/Binaries/Win64/UE4Editor-AlembicImporter.dll (API version 3709383).
LogModuleManager: Display: Found up-to-date module file ../../../Engine/Plugins/Experimental/AlembicImporter/Binaries/Win64/UE4Editor-AlembicLibrary.dll (API version 3709383).
LogModuleManager: Display: Found up-to-date module file ../../../Engine/Plugins/Experimental/CharacterAI/Binaries/Win64/UE4Editor-CharacterAI.dll (API version 3709383).
LogModuleManager: Display: Found up-to-date module file ../../../Engine/Plugins/Experimental/HTML5Networking/Binaries/Win64/UE4Editor-HTML5Networking.dll (API version 3709383).
LogModuleManager: Display: Found up-to-date module file ../../../Engine/Plugins/Media/AndroidMedia/Binaries/Win64/UE4Editor-AndroidMediaEditor.dll (API version 3709383).
LogModuleManager: Display: Found up-to-date module file ../../../Engine/Plugins/Media/AndroidMedia/Binaries/Win64/UE4Editor-AndroidMediaFactory.dll (API version 3709383).
LogModuleManager: Display: Found up-to-date module file ../../../Engine/Plugins/Media/AvfMedia/Binaries/Win64/UE4Editor-AvfMediaEditor.dll (API version 3709383).
LogModuleManager: Display: Found up-to-date module file ../../../Engine/Plugins/Media/AvfMedia/Binaries/Win64/UE4Editor-AvfMediaFactory.dll (API version 3709383).
LogModuleManager: Display: Found up-to-date module file ../../../Engine/Plugins/Media/AvfMedia/Binaries/Win64/UE4Editor-AvfMediaFactory.dll (API version 3709383).
LogModuleManager: Display: Found up-to-date module file ../../../Engine/Plugins/Media/ImgMedia/Binaries/Win64/UE4Editor-ImgMedia.dll (API version 3709383).
LogModuleManager: Display: Found up-to-date module file ../../../Engine/Plugins/Media/ImgMedia/Binaries/Win64/UE4Editor-ImgMediaEditor.dll (API version 3709383).
LogModuleManager: Display: Found up-to-date module file ../../../Engine/Plugins/Media/ImgMedia/Binaries/Win64/UE4Editor-ImgMediaFactory.dll (API version 3709383).
LogModuleManager: Display: Found up-to-date module file ../../../Engine/Plugins/Media/ImgMedia/Binaries/Win64/UE4Editor-ImgMediaFactory.dll (API version 3709383).
LogModuleManager: Display: Found up-to-date module file ../../../Engine/Plugins/Media/ImgMedia/Binaries/Win64/UE4Editor-OpenExrWrapper.dll (API version 3709383).
LogModuleManager: Display: Found up-to-date module file ../../../Engine/Plugins/Media/MediaCompositing/Binaries/Win64/UE4Editor-MediaCompositing.dll (API version 3709383).
LogModuleManager: Display: Found up-to-date module file ../../../Engine/Plugins/Media/MediaCompositing/Binaries/Win64/UE4Editor-MediaCompositingEditor.dll (API version 3709383).
LogModuleManager: Display: Found up-to-date module file ../../../Engine/Plugins/Media/MediaPlayerEditor/Binaries/Win64/UE4Editor-MediaPlayerEditor.dll (API version 3709383).
LogModuleManager: Display: Found up-to-date module file ../../../Engine/Plugins/Media/WmfMedia/Binaries/Win64/UE4Editor-WmfMedia.dll (API version 3709383).
LogModuleManager: Display: Found up-to-date module file ../../../Engine/Plugins/Media/WmfMedia/Binaries/Win64/UE4Editor-WmfMediaEditor.dll (API version 3709383).
LogModuleManager: Display: Found up-to-date module file ../../../Engine/Plugins/Media/WmfMedia/Binaries/Win64/UE4Editor-WmfMediaFactory.dll (API version 3709383).
LogModuleManager: Display: Found up-to-date module file ../../../Engine/Plugins/Media/WmfMedia/Binaries/Win64/UE4Editor-WmfMediaFactory.dll (API version 3709383).
LogModuleManager: Display: Found up-to-date module file ../../../Engine/Plugins/Messaging/TcpMessaging/Binaries/Win64/UE4Editor-TcpMessaging.dll (API version 3709383).
LogModuleManager: Display: Found up-to-date module file ../../../Engine/Plugins/Messaging/UdpMessaging/Binaries/Win64/UE4Editor-UdpMessaging.dll (API version 3709383).
LogModuleManager: Display: Found up-to-date module file ../../../Engine/Plugins/MovieScene/ActorSequence/Binaries/Win64/UE4Editor-ActorSequence.dll (API version 3709383).
LogModuleManager: Display: Found up-to-date module file ../../../Engine/Plugins/MovieScene/LevelSequenceEditor/Binaries/Win64/UE4Editor-LevelSequenceEditor.dll (API version 3709383).
LogModuleManager: Display: Found up-to-date module file ../../../Engine/Plugins/MovieScene/MatineeToLevelSequence/Binaries/Win64/UE4Editor-MatineeToLevelSequence.dll (API version 3709383).
LogModuleManager: Display: Found up-to-date module file ../../../Engine/Plugins/Online/OnlineSubsystem/Binaries/Win64/UE4Editor-OnlineSubsystem.dll (API version 3709383).
LogModuleManager: Display: Found up-to-date module file ../../../Engine/Plugins/Online/OnlineSubsystemNull/Binaries/Win64/UE4Editor-OnlineSubsystemNull.dll (API version 3709383).
LogModuleManager: Display: Found up-to-date module file ../../../Engine/Plugins/Online/OnlineSubsystemUtils/Binaries/Win64/UE4Editor-OnlineSubsystemUtils.dll (API version 3709383).
LogModuleManager: Display: Found up-to-date module file ../../../Engine/Plugins/Online/OnlineSubsystemUtils/Binaries/Win64/UE4Editor-OnlineBlueprintSupport.dll (API version 3709383).
LogModuleManager: Display: Found up-to-date module file ../../../Engine/Plugins/Runtime/AndroidDeviceProfileSelector/Binaries/Win64/UE4Editor-AndroidDeviceProfileSelector.dll (API version 3709383).
LogModuleManager: Display: Found up-to-date module file ../../../Engine/Plugins/Runtime/AndroidPermission/Binaries/Win64/UE4Editor-AndroidPermission.dll (API version 3709383).
LogModuleManager: Display: Found up-to-date module file ../../../Engine/Plugins/Runtime/AppleARKit/Binaries/Win64/UE4Editor-AppleARKit.dll (API version 3709383).
LogModuleManager: Display: Found up-to-date module file ../../../Engine/Plugins/Runtime/ArchVisCharacter/Binaries/Win64/UE4Editor-ArchVisCharacter.dll (API version 3709383).
LogModuleManager: Display: Found up-to-date module file ../../../Engine/Plugins/Runtime/CableComponent/Binaries/Win64/UE4Editor-CableComponent.dll (API version 3709383).
LogModuleManager: Display: Found up-to-date module file ../../../Engine/Plugins/Runtime/CustomMeshComponent/Binaries/Win64/UE4Editor-CustomMeshComponent.dll (API version 3709383).
LogModuleManager: Display: Found up-to-date module file ../../../Engine/Plugins/Runtime/ExampleDeviceProfileSelector/Binaries/Win64/UE4Editor-ExampleDeviceProfileSelector.dll (API version 3709383).
LogModuleManager: Display: Found up-to-date module file ../../../Engine/Plugins/Runtime/ImmediatePhysics/Binaries/Win64/UE4Editor-ImmediatePhysics.dll (API version 3709383).
LogModuleManager: Display: Found up-to-date module file ../../../Engine/Plugins/Runtime/ImmediatePhysics/Binaries/Win64/UE4Editor-ImmediatePhysicsEditor.dll (API version 3709383).
LogModuleManager: Display: Found up-to-date module file ../../../Engine/Plugins/Runtime/LocationServicesBPLibrary/Binaries/Win64/UE4Editor-LocationServicesBPLibrary.dll (API version 3709383).
LogModuleManager: Display: Found up-to-date module file ../../../Engine/Plugins/Runtime/MobilePatchingUtils/Binaries/Win64/UE4Editor-MobilePatchingUtils.dll (API version 3709383).
LogModuleManager: Display: Found up-to-date module file ../../../Engine/Plugins/Runtime/Oculus/OculusVR/Binaries/Win64/UE4Editor-OculusHMD.dll (API version 3709383).
LogModuleManager: Display: Found up-to-date module file ../../../Engine/Plugins/Runtime/Oculus/OculusVR/Binaries/Win64/UE4Editor-OculusInput.dll (API version 3709383).
LogModuleManager: Display: Found up-to-date module file ../../../Engine/Plugins/Runtime/Oculus/OculusVR/Binaries/Win64/UE4Editor-OculusEditor.dll (API version 3709383).
LogModuleManager: Display: Found up-to-date module file ../../../Engine/Plugins/Runtime/PhysXVehicles/Binaries/Win64/UE4Editor-PhysXVehicles.dll (API version 3709383).
LogModuleManager: Display: Found up-to-date module file ../../../Engine/Plugins/Runtime/PhysXVehicles/Binaries/Win64/UE4Editor-PhysXVehiclesEditor.dll (API version 3709383).
LogModuleManager: Display: Found up-to-date module file ../../../Engine/Plugins/Runtime/ProceduralMeshComponent/Binaries/Win64/UE4Editor-ProceduralMeshComponent.dll (API version 3709383).
LogModuleManager: Display: Found up-to-date module file ../../../Engine/Plugins/Runtime/ProceduralMeshComponent/Binaries/Win64/UE4Editor-ProceduralMeshComponentEditor.dll (API version 3709383).
LogModuleManager: Display: Found up-to-date module file ../../../Engine/Plugins/Runtime/RuntimePhysXCooking/Binaries/Win64/UE4Editor-RuntimePhysXCooking.dll (API version 3709383).
LogModuleManager: Display: Found up-to-date module file ../../../Engine/Plugins/Runtime/Steam/SteamVR/Binaries/Win64/UE4Editor-SteamVR.dll (API version 3709383).
LogModuleManager: Display: Found up-to-date module file ../../../Engine/Plugins/Runtime/Steam/SteamVR/Binaries/Win64/UE4Editor-SteamVRController.dll (API version 3709383).
LogModuleManager: Display: Found up-to-date module file ../../../Engine/Plugins/Runtime/WindowsMoviePlayer/Binaries/Win64/UE4Editor-WindowsMoviePlayer.dll (API version 3709383).
LogModuleManager: Display: Found up-to-date module file ../../../Engine/Plugins/UEAnimaLoader/Binaries/Win64/UE4Editor-UEAnimaLoader.dll (API version 3709383).
LogInit: Warning: Incompatible or missing module: UE4Editor-CoinCollector.dll
Running D:/UE418/UE_4.18/Engine/Binaries/DotNET/UnrealBuildTool.exe CoinCollector Development Win64 -project="C:/Users/walid/Downloads/CoinCollectorStarter/CoinCollectorStarter/CoinCollector.uproject" -editorrecompile -progress -NoHotReloadFromIDE
Creating makefile for CoinCollector (ini files are newer than UBTMakefile)
@progress push 5%
Parsing headers for CoinCollectorEditor
  Running UnrealHeaderTool "C:\Users\walid\Downloads\CoinCollectorStarter\CoinCollectorStarter\CoinCollector.uproject" "C:\Users\walid\Downloads\CoinCollectorStarter\CoinCollectorStarter\Intermediate\Build\Win64\CoinCollectorEditor\Development\CoinCollectorEditor.uhtmanifest" -LogCmds="loginit warning, logexit warning, logdatabase error" -Unattended -WarningsAsErrors -installed
Reflection code generated for CoinCollectorEditor in 13,4238585 seconds
@progress pop
Deleting old hot reload file: "C:\Users\walid\Downloads\CoinCollectorStarter\CoinCollectorStarter\Binaries\Win64\UE4Editor-CoinCollector-395.dll".
Deleting old hot reload file: "C:\Users\walid\Downloads\CoinCollectorStarter\CoinCollectorStarter\Binaries\Win64\UE4Editor-CoinCollector-395.pdb".
Deleting old hot reload file: "C:\Users\walid\Downloads\CoinCollectorStarter\CoinCollectorStarter\Binaries\Win64\UE4Editor-CoinCollector-4475.dll".
Deleting old hot reload file: "C:\Users\walid\Downloads\CoinCollectorStarter\CoinCollectorStarter\Binaries\Win64\UE4Editor-CoinCollector-4475.pdb".
Deleting old hot reload file: "C:\Users\walid\Downloads\CoinCollectorStarter\CoinCollectorStarter\Binaries\Win64\UE4Editor-CoinCollector-7984.dll".
Deleting old hot reload file: "C:\Users\walid\Downloads\CoinCollectorStarter\CoinCollectorStarter\Binaries\Win64\UE4Editor-CoinCollector-7984.pdb".
Deleting old hot reload file: "C:\Users\walid\Downloads\CoinCollectorStarter\CoinCollectorStarter\Binaries\Win64\UE4Editor-CoinCollector-9036.dll".
Deleting old hot reload file: "C:\Users\walid\Downloads\CoinCollectorStarter\CoinCollectorStarter\Binaries\Win64\UE4Editor-CoinCollector-9036.pdb".
Performing 5 actions (4 in parallel)
CoinCollector.init.gen.cpp
BaseCoin.gen.cpp
BaseCoin.cpp
[4/5] Link UE4Editor-CoinCollector.dll
[5/5] Link UE4Editor-CoinCollector.lib
   Cr?ation de la biblioth?que C:\Users\walid\Downloads\CoinCollectorStarter\CoinCollectorStarter\Intermediate\Build\Win64\UE4Editor\Development\UE4Editor-CoinCollector.lib et de l'objet C:\Users\walid\Downloads\CoinCollectorStarter\CoinCollectorStarter\Intermediate\Build\Win64\UE4Editor\Development\UE4Editor-CoinCollector.exp
   Cr?ation de la biblioth?que C:\Users\walid\Downloads\CoinCollectorStarter\CoinCollectorStarter\Intermediate\Build\Win64\UE4Editor\Development\UE4Editor-CoinCollector.suppressed.lib et de l'objet C:\Users\walid\Downloads\CoinCollectorStarter\CoinCollectorStarter\Intermediate\Build\Win64\UE4Editor\Development\UE4Editor-CoinCollector.suppressed.exp
Total build time: 35,42 seconds (Local executor: 13,39 seconds)
LogModuleManager: Display: Found up-to-date module file C:/Users/walid/Downloads/CoinCollectorStarter/CoinCollectorStarter/Binaries/Win64/UE4Editor-CoinCollector.dll (API version 3709383).
LogModuleManager: Display: Found up-to-date module file ../../../Engine/Plugins/2D/Paper2D/Binaries/Win64/UE4Editor-Paper2D.dll (API version 3709383).
LogModuleManager: Display: Found up-to-date module file ../../../Engine/Plugins/2D/Paper2D/Binaries/Win64/UE4Editor-Paper2DEditor.dll (API version 3709383).
LogModuleManager: Display: Found up-to-date module file ../../../Engine/Plugins/2D/Paper2D/Binaries/Win64/UE4Editor-PaperSpriteSheetImporter.dll (API version 3709383).
LogModuleManager: Display: Found up-to-date module file ../../../Engine/Plugins/2D/Paper2D/Binaries/Win64/UE4Editor-PaperTiledImporter.dll (API version 3709383).
LogModuleManager: Display: Found up-to-date module file ../../../Engine/Plugins/2D/Paper2D/Binaries/Win64/UE4Editor-SmartSnapping.dll (API version 3709383).
LogModuleManager: Display: Found up-to-date module file ../../../Engine/Plugins/Blendables/LightPropagationVolume/Binaries/Win64/UE4Editor-LightPropagationVolumeRuntime.dll (API version 3709383).
LogModuleManager: Display: Found up-to-date module file ../../../Engine/Plugins/Blendables/LightPropagationVolume/Binaries/Win64/UE4Editor-LightPropagationVolumeEditor.dll (API version 3709383).
LogModuleManager: Display: Found up-to-date module file ../../../Engine/Plugins/Developer/GitSourceControl/Binaries/Win64/UE4Editor-GitSourceControl.dll (API version 3709383).
LogModuleManager: Display: Found up-to-date module file ../../../Engine/Plugins/Developer/PerforceSourceControl/Binaries/Win64/UE4Editor-PerforceSourceControl.dll (API version 3709383).
LogModuleManager: Display: Found up-to-date module file ../../../Engine/Plugins/Developer/SubversionSourceControl/Binaries/Win64/UE4Editor-SubversionSourceControl.dll (API version 3709383).
LogModuleManager: Display: Found up-to-date module file ../../../Engine/Plugins/Developer/UObjectPlugin/Binaries/Win64/UE4Editor-UObjectPlugin.dll (API version 3709383).
LogModuleManager: Display: Found up-to-date module file ../../../Engine/Plugins/Developer/VisualStudioCodeSourceCodeAccess/Binaries/Win64/UE4Editor-VisualStudioCodeSourceCodeAccess.dll (API version 3709383).
LogModuleManager: Display: Found up-to-date module file ../../../Engine/Plugins/Developer/VisualStudioSourceCodeAccess/Binaries/Win64/UE4Editor-VisualStudioSourceCodeAccess.dll (API version 3709383).
LogModuleManager: Display: Found up-to-date module file ../../../Engine/Plugins/Editor/AssetManagerEditor/Binaries/Win64/UE4Editor-AssetManagerEditor.dll (API version 3709383).
LogModuleManager: Display: Found up-to-date module file ../../../Engine/Plugins/Editor/AudioCapture/Binaries/Win64/UE4Editor-AudioCapture.dll (API version 3709383).
LogModuleManager: Display: Found up-to-date module file ../../../Engine/Plugins/Editor/FacialAnimation/Binaries/Win64/UE4Editor-FacialAnimation.dll (API version 3709383).
LogModuleManager: Display: Found up-to-date module file ../../../Engine/Plugins/Editor/FacialAnimation/Binaries/Win64/UE4Editor-FacialAnimationEditor.dll (API version 3709383).
LogModuleManager: Display: Found up-to-date module file ../../../Engine/Plugins/Editor/GameplayTagsEditor/Binaries/Win64/UE4Editor-GameplayTagsEditor.dll (API version 3709383).
LogModuleManager: Display: Found up-to-date module file ../../../Engine/Plugins/Editor/MobileLauncherProfileWizard/Binaries/Win64/UE4Editor-MobileLauncherProfileWizard.dll (API version 3709383).
LogModuleManager: Display: Found up-to-date module file ../../../Engine/Plugins/Editor/PluginBrowser/Binaries/Win64/UE4Editor-PluginBrowser.dll (API version 3709383).
LogModuleManager: Display: Found up-to-date module file ../../../Engine/Plugins/Editor/SpeedTreeImporter/Binaries/Win64/UE4Editor-SpeedTreeImporter.dll (API version 3709383).
LogModuleManager: Display: Found up-to-date module file ../../../Engine/Plugins/Experimental/AlembicImporter/Binaries/Win64/UE4Editor-AlembicImporter.dll (API version 3709383).
LogModuleManager: Display: Found up-to-date module file ../../../Engine/Plugins/Experimental/AlembicImporter/Binaries/Win64/UE4Editor-AlembicLibrary.dll (API version 3709383).
LogModuleManager: Display: Found up-to-date module file ../../../Engine/Plugins/Experimental/CharacterAI/Binaries/Win64/UE4Editor-CharacterAI.dll (API version 3709383).
LogModuleManager: Display: Found up-to-date module file ../../../Engine/Plugins/Experimental/HTML5Networking/Binaries/Win64/UE4Editor-HTML5Networking.dll (API version 3709383).
LogModuleManager: Display: Found up-to-date module file ../../../Engine/Plugins/Media/AndroidMedia/Binaries/Win64/UE4Editor-AndroidMediaEditor.dll (API version 3709383).
LogModuleManager: Display: Found up-to-date module file ../../../Engine/Plugins/Media/AndroidMedia/Binaries/Win64/UE4Editor-AndroidMediaFactory.dll (API version 3709383).
LogModuleManager: Display: Found up-to-date module file ../../../Engine/Plugins/Media/AvfMedia/Binaries/Win64/UE4Editor-AvfMediaEditor.dll (API version 3709383).
LogModuleManager: Display: Found up-to-date module file ../../../Engine/Plugins/Media/AvfMedia/Binaries/Win64/UE4Editor-AvfMediaFactory.dll (API version 3709383).
LogModuleManager: Display: Found up-to-date module file ../../../Engine/Plugins/Media/AvfMedia/Binaries/Win64/UE4Editor-AvfMediaFactory.dll (API version 3709383).
LogModuleManager: Display: Found up-to-date module file ../../../Engine/Plugins/Media/ImgMedia/Binaries/Win64/UE4Editor-ImgMedia.dll (API version 3709383).
LogModuleManager: Display: Found up-to-date module file ../../../Engine/Plugins/Media/ImgMedia/Binaries/Win64/UE4Editor-ImgMediaEditor.dll (API version 3709383).
LogModuleManager: Display: Found up-to-date module file ../../../Engine/Plugins/Media/ImgMedia/Binaries/Win64/UE4Editor-ImgMediaFactory.dll (API version 3709383).
LogModuleManager: Display: Found up-to-date module file ../../../Engine/Plugins/Media/ImgMedia/Binaries/Win64/UE4Editor-ImgMediaFactory.dll (API version 3709383).
LogModuleManager: Display: Found up-to-date module file ../../../Engine/Plugins/Media/ImgMedia/Binaries/Win64/UE4Editor-OpenExrWrapper.dll (API version 3709383).
LogModuleManager: Display: Found up-to-date module file ../../../Engine/Plugins/Media/MediaCompositing/Binaries/Win64/UE4Editor-MediaCompositing.dll (API version 3709383).
LogModuleManager: Display: Found up-to-date module file ../../../Engine/Plugins/Media/MediaCompositing/Binaries/Win64/UE4Editor-MediaCompositingEditor.dll (API version 3709383).
LogModuleManager: Display: Found up-to-date module file ../../../Engine/Plugins/Media/MediaPlayerEditor/Binaries/Win64/UE4Editor-MediaPlayerEditor.dll (API version 3709383).
LogModuleManager: Display: Found up-to-date module file ../../../Engine/Plugins/Media/WmfMedia/Binaries/Win64/UE4Editor-WmfMedia.dll (API version 3709383).
LogModuleManager: Display: Found up-to-date module file ../../../Engine/Plugins/Media/WmfMedia/Binaries/Win64/UE4Editor-WmfMediaEditor.dll (API version 3709383).
LogModuleManager: Display: Found up-to-date module file ../../../Engine/Plugins/Media/WmfMedia/Binaries/Win64/UE4Editor-WmfMediaFactory.dll (API version 3709383).
LogModuleManager: Display: Found up-to-date module file ../../../Engine/Plugins/Media/WmfMedia/Binaries/Win64/UE4Editor-WmfMediaFactory.dll (API version 3709383).
LogModuleManager: Display: Found up-to-date module file ../../../Engine/Plugins/Messaging/TcpMessaging/Binaries/Win64/UE4Editor-TcpMessaging.dll (API version 3709383).
LogModuleManager: Display: Found up-to-date module file ../../../Engine/Plugins/Messaging/UdpMessaging/Binaries/Win64/UE4Editor-UdpMessaging.dll (API version 3709383).
LogModuleManager: Display: Found up-to-date module file ../../../Engine/Plugins/MovieScene/ActorSequence/Binaries/Win64/UE4Editor-ActorSequence.dll (API version 3709383).
LogModuleManager: Display: Found up-to-date module file ../../../Engine/Plugins/MovieScene/LevelSequenceEditor/Binaries/Win64/UE4Editor-LevelSequenceEditor.dll (API version 3709383).
LogModuleManager: Display: Found up-to-date module file ../../../Engine/Plugins/MovieScene/MatineeToLevelSequence/Binaries/Win64/UE4Editor-MatineeToLevelSequence.dll (API version 3709383).
LogModuleManager: Display: Found up-to-date module file ../../../Engine/Plugins/Online/OnlineSubsystem/Binaries/Win64/UE4Editor-OnlineSubsystem.dll (API version 3709383).
LogModuleManager: Display: Found up-to-date module file ../../../Engine/Plugins/Online/OnlineSubsystemNull/Binaries/Win64/UE4Editor-OnlineSubsystemNull.dll (API version 3709383).
LogModuleManager: Display: Found up-to-date module file ../../../Engine/Plugins/Online/OnlineSubsystemUtils/Binaries/Win64/UE4Editor-OnlineSubsystemUtils.dll (API version 3709383).
LogModuleManager: Display: Found up-to-date module file ../../../Engine/Plugins/Online/OnlineSubsystemUtils/Binaries/Win64/UE4Editor-OnlineBlueprintSupport.dll (API version 3709383).
LogModuleManager: Display: Found up-to-date module file ../../../Engine/Plugins/Runtime/AndroidDeviceProfileSelector/Binaries/Win64/UE4Editor-AndroidDeviceProfileSelector.dll (API version 3709383).
LogModuleManager: Display: Found up-to-date module file ../../../Engine/Plugins/Runtime/AndroidPermission/Binaries/Win64/UE4Editor-AndroidPermission.dll (API version 3709383).
LogModuleManager: Display: Found up-to-date module file ../../../Engine/Plugins/Runtime/AppleARKit/Binaries/Win64/UE4Editor-AppleARKit.dll (API version 3709383).
LogModuleManager: Display: Found up-to-date module file ../../../Engine/Plugins/Runtime/ArchVisCharacter/Binaries/Win64/UE4Editor-ArchVisCharacter.dll (API version 3709383).
LogModuleManager: Display: Found up-to-date module file ../../../Engine/Plugins/Runtime/CableComponent/Binaries/Win64/UE4Editor-CableComponent.dll (API version 3709383).
LogModuleManager: Display: Found up-to-date module file ../../../Engine/Plugins/Runtime/CustomMeshComponent/Binaries/Win64/UE4Editor-CustomMeshComponent.dll (API version 3709383).
LogModuleManager: Display: Found up-to-date module file ../../../Engine/Plugins/Runtime/ExampleDeviceProfileSelector/Binaries/Win64/UE4Editor-ExampleDeviceProfileSelector.dll (API version 3709383).
LogModuleManager: Display: Found up-to-date module file ../../../Engine/Plugins/Runtime/ImmediatePhysics/Binaries/Win64/UE4Editor-ImmediatePhysics.dll (API version 3709383).
LogModuleManager: Display: Found up-to-date module file ../../../Engine/Plugins/Runtime/ImmediatePhysics/Binaries/Win64/UE4Editor-ImmediatePhysicsEditor.dll (API version 3709383).
LogModuleManager: Display: Found up-to-date module file ../../../Engine/Plugins/Runtime/LocationServicesBPLibrary/Binaries/Win64/UE4Editor-LocationServicesBPLibrary.dll (API version 3709383).
LogModuleManager: Display: Found up-to-date module file ../../../Engine/Plugins/Runtime/MobilePatchingUtils/Binaries/Win64/UE4Editor-MobilePatchingUtils.dll (API version 3709383).
LogModuleManager: Display: Found up-to-date module file ../../../Engine/Plugins/Runtime/Oculus/OculusVR/Binaries/Win64/UE4Editor-OculusHMD.dll (API version 3709383).
LogModuleManager: Display: Found up-to-date module file ../../../Engine/Plugins/Runtime/Oculus/OculusVR/Binaries/Win64/UE4Editor-OculusInput.dll (API version 3709383).
LogModuleManager: Display: Found up-to-date module file ../../../Engine/Plugins/Runtime/Oculus/OculusVR/Binaries/Win64/UE4Editor-OculusEditor.dll (API version 3709383).
LogModuleManager: Display: Found up-to-date module file ../../../Engine/Plugins/Runtime/PhysXVehicles/Binaries/Win64/UE4Editor-PhysXVehicles.dll (API version 3709383).
LogModuleManager: Display: Found up-to-date module file ../../../Engine/Plugins/Runtime/PhysXVehicles/Binaries/Win64/UE4Editor-PhysXVehiclesEditor.dll (API version 3709383).
LogModuleManager: Display: Found up-to-date module file ../../../Engine/Plugins/Runtime/ProceduralMeshComponent/Binaries/Win64/UE4Editor-ProceduralMeshComponent.dll (API version 3709383).
LogModuleManager: Display: Found up-to-date module file ../../../Engine/Plugins/Runtime/ProceduralMeshComponent/Binaries/Win64/UE4Editor-ProceduralMeshComponentEditor.dll (API version 3709383).
LogModuleManager: Display: Found up-to-date module file ../../../Engine/Plugins/Runtime/RuntimePhysXCooking/Binaries/Win64/UE4Editor-RuntimePhysXCooking.dll (API version 3709383).
LogModuleManager: Display: Found up-to-date module file ../../../Engine/Plugins/Runtime/Steam/SteamVR/Binaries/Win64/UE4Editor-SteamVR.dll (API version 3709383).
LogModuleManager: Display: Found up-to-date module file ../../../Engine/Plugins/Runtime/Steam/SteamVR/Binaries/Win64/UE4Editor-SteamVRController.dll (API version 3709383).
LogModuleManager: Display: Found up-to-date module file ../../../Engine/Plugins/Runtime/WindowsMoviePlayer/Binaries/Win64/UE4Editor-WindowsMoviePlayer.dll (API version 3709383).
LogModuleManager: Display: Found up-to-date module file ../../../Engine/Plugins/UEAnimaLoader/Binaries/Win64/UE4Editor-UEAnimaLoader.dll (API version 3709383).
LogInit: Using libcurl 7.47.1
LogInit:  - built for x86_64-pc-win32
LogInit:  - supports SSL with OpenSSL/1.0.2g
LogInit:  - supports HTTP deflate (compression) using libz 1.2.8
LogInit:  - other features:
LogInit:      CURL_VERSION_SSL
LogInit:      CURL_VERSION_LIBZ
LogInit:      CURL_VERSION_IPV6
LogInit:      CURL_VERSION_ASYNCHDNS
LogInit:      CURL_VERSION_LARGEFILE
LogInit:      CURL_VERSION_IDN
LogInit:  CurlRequestOptions (configurable via config and command line):
LogInit:  - bVerifyPeer = false  - Libcurl will NOT verify peer certificate
LogInit:  - bUseHttpProxy = false  - Libcurl will NOT use HTTP proxy
LogInit:  - bDontReuseConnections = false  - Libcurl will reuse connections
LogInit:  - CertBundlePath = nullptr  - Libcurl will use whatever was configured at build time.
LogInit: Build: ++UE4+Release-4.18-CL-3832480
LogInit: Engine Version: 4.18.3-3832480+++UE4+Release-4.18
LogInit: Compatible Engine Version: 4.18.0-3709383+++UE4+Release-4.18
LogInit: Net CL: 3709383
LogDevObjectVersion: Number of dev versions registered: 16
LogDevObjectVersion:   Dev-Blueprints (B0D832E4-1F89-4F0D-ACCF-7EB736FD4AA2): 10
LogDevObjectVersion:   Dev-Build (E1C64328-A22C-4D53-A36C-8E866417BD8C): 0
LogDevObjectVersion:   Dev-Core (375EC13C-06E4-48FB-B500-84F0262A717E): 2
LogDevObjectVersion:   Dev-Editor (E4B068ED-F494-42E9-A231-DA0B2E46BB41): 20
LogDevObjectVersion:   Dev-Framework (CFFC743F-43B0-4480-9391-14DF171D2073): 30
LogDevObjectVersion:   Dev-Mobile (B02B49B5-BB20-44E9-A304-32B752E40360): 0
LogDevObjectVersion:   Dev-Networking (A4E4105C-59A1-49B5-A7C5-40C4547EDFEE): 0
LogDevObjectVersion:   Dev-Online (39C831C9-5AE6-47DC-9A44-9C173E1C8E7C): 0
LogDevObjectVersion:   Dev-Physics (78F01B33-EBEA-4F98-B9B4-84EACCB95AA2): 0
LogDevObjectVersion:   Dev-Platform (6631380F-2D4D-43E0-8009-CF276956A95A): 0
LogDevObjectVersion:   Dev-Rendering (12F88B9F-8875-4AFC-A67C-D90C383ABD29): 20
LogDevObjectVersion:   Dev-Sequencer (7B5AE74C-D270-4C10-A958-57980B212A5A): 4
LogDevObjectVersion:   Dev-VR (D7296918-1DD6-4BDD-9DE2-64A83CC13884): 0
LogDevObjectVersion:   Dev-LoadTimes (C2A15278-BFE7-4AFE-6C17-90FF531DF755): 1
LogDevObjectVersion:   Private-Geometry (6EACA3D4-40EC-4CC1-B786-8BED09428FC5): 1
LogDevObjectVersion:   Dev-AnimPhys (29E575DD-E0A3-4627-9D10-D276232CDCEA): 12
LogInit: Compiled (64-bit): Jan 12 2018 02:04:55
LogInit: Compiled with Visual C++: 19.00.24215.01
LogInit: Build Configuration: Development
LogInit: Branch Name: ++UE4+Release-4.18
LogInit: Command line:  
LogInit: Base directory: D:/UE418/UE_4.18/Engine/Binaries/Win64/
LogInit: Installed Engine Build: 1
LogInit: Presizing for max 8388607 objects, including 0 objects not considered by GC, pre-allocating 0 bytes for permanent pool.
LogInit: Object subsystem initialized
[2019.07.21-11.17.39:589][  0]LogInit: Selected Device Profile: [Windows]
[2019.07.21-11.17.39:589][  0]LogInit: Applying CVar settings loaded from the selected device profile: [Windows]
[2019.07.21-11.17.39:634][  0]LogInit: Computer: MSI
[2019.07.21-11.17.39:634][  0]LogInit: User: walid
[2019.07.21-11.17.39:634][  0]LogInit: CPU Page size=4096, Cores=4
[2019.07.21-11.17.39:634][  0]LogInit: High frequency timer resolution =3.125014 MHz
[2019.07.21-11.17.39:635][  0]LogMemory: Memory total: Physical=7.9GB (8GB approx)
[2019.07.21-11.17.39:635][  0]LogMemory: Platform Memory Stats for Windows
[2019.07.21-11.17.39:635][  0]LogMemory: Process Physical Memory: 278.48 MB used, 278.48 MB peak
[2019.07.21-11.17.39:635][  0]LogMemory: Process Virtual Memory: 270.67 MB used, 270.67 MB peak
[2019.07.21-11.17.39:635][  0]LogMemory: Physical Memory: 5063.62 MB used,  3070.79 MB free, 8134.41 MB total
[2019.07.21-11.17.39:635][  0]LogMemory: Virtual Memory: 4826.57 MB used,  3070.79 MB free, 134217728.00 MB total
[2019.07.21-11.17.39:884][  0]LogInit: Using OS detected language (fr-FR).
[2019.07.21-11.17.39:884][  0]LogInit: Using OS detected locale (fr-FR).
[2019.07.21-11.17.40:006][  0]LogTextLocalizationManager: No localization for 'fr-FR' exists, so 'en' will be used for the language.
[2019.07.21-11.17.40:006][  0]LogTextLocalizationManager: No localization for 'fr-FR' exists, so 'en' will be used for the locale.
[2019.07.21-11.17.40:545][  0]LogInit: Setting process to per monitor DPI aware
[2019.07.21-11.17.43:834][  0]LogD3D11RHI: D3D11 adapters:
[2019.07.21-11.17.43:918][  0]LogD3D11RHI:    0. 'NVIDIA GeForce GTX 760' (Feature Level 11_0)
[2019.07.21-11.17.43:919][  0]LogD3D11RHI:       2017/0/4067 MB DedicatedVideo/DedicatedSystem/SharedSystem, Outputs:1, VendorId:0x10de
[2019.07.21-11.17.43:923][  0]LogD3D11RHI:    1. 'Microsoft Basic Render Driver' (Feature Level 11_0)
[2019.07.21-11.17.43:923][  0]LogD3D11RHI:       0/0/4067 MB DedicatedVideo/DedicatedSystem/SharedSystem, Outputs:0, VendorId:0x1414
[2019.07.21-11.17.43:923][  0]LogD3D11RHI: Chosen D3D11 Adapter: 0
[2019.07.21-11.17.43:933][  0]LogD3D11RHI: Creating new Direct3DDevice
[2019.07.21-11.17.43:933][  0]LogD3D11RHI:     GPU DeviceId: 0x1187 (for the marketing name, search the web for "GPU Device Id")
[2019.07.21-11.17.43:933][  0]LogWindows: EnumDisplayDevices:
[2019.07.21-11.17.43:934][  0]LogWindows:    0. 'NVIDIA GeForce GTX 760' (P:1 D:1)
[2019.07.21-11.17.43:934][  0]LogWindows:    1. 'NVIDIA GeForce GTX 760' (P:0 D:0)
[2019.07.21-11.17.43:934][  0]LogWindows:    2. 'NVIDIA GeForce GTX 760' (P:0 D:0)
[2019.07.21-11.17.43:934][  0]LogWindows:    3. 'NVIDIA GeForce GTX 760' (P:0 D:0)
[2019.07.21-11.17.43:935][  0]LogWindows: DebugString: GetVideoDriverDetailsInvalid PrimaryIsNotTheChoosenAdapter GetVideoDriverDetailsInvalid PrimaryIsNotTheChoosenAdapter GetVideoDriverDetailsInvalid PrimaryIsNotTheChoosenAdapter GetVideoDriverDetailsInvalid PrimaryIsNotTheChoosenAdapter FoundDriverCount:0 
[2019.07.21-11.17.43:935][  0]LogD3D11RHI:     Adapter Name: NVIDIA GeForce GTX 760
[2019.07.21-11.17.43:935][  0]LogD3D11RHI:   Driver Version: Unknown (internal:Unknown, unified:Unknown)
[2019.07.21-11.17.43:935][  0]LogD3D11RHI:      Driver Date: Unknown
[2019.07.21-11.17.43:935][  0]LogRHI: Texture pool is 1412 MB (70% of 2017 MB)
[2019.07.21-11.17.43:971][  0]LogD3D11RHI: Async texture creation enabled
[2019.07.21-11.17.44:001][  0]LogD3D11RHI: GPU Timing Frequency: 1000.000000 (Debug: 2 1)
[2019.07.21-11.17.44:003][  0]LogShaderCompilers: Guid format shader working directory is -20 characters bigger than the processId version (C:/Users/walid/Downloads/CoinCollectorStarter/CoinCollectorStarter/Intermediate/Shaders/WorkingDirectory/9472/).
[2019.07.21-11.17.44:003][  0]LogShaderCompilers: Cleaned the shader compiler working directory 'C:/Users/walid/AppData/Local/Temp/UnrealShaderWorkingDir/BDD09D3146676B787C20D984C2F3CA2E/'.
[2019.07.21-11.17.44:003][  0]LogShaderCompilers: Display: Using Local Shader Compiler.
[2019.07.21-11.17.45:171][  0]LogTemp: Display: Loaded TP AllDesktopTargetPlatform
[2019.07.21-11.17.45:261][  0]LogTemp: Display: Loaded TP MacClientTargetPlatform
[2019.07.21-11.17.45:350][  0]LogTemp: Display: Loaded TP MacNoEditorTargetPlatform
[2019.07.21-11.17.45:441][  0]LogTemp: Display: Loaded TP MacServerTargetPlatform
[2019.07.21-11.17.45:568][  0]LogTemp: Display: Loaded TP MacTargetPlatform
[2019.07.21-11.17.45:659][  0]LogTemp: Display: Loaded TP WindowsClientTargetPlatform
[2019.07.21-11.17.45:748][  0]LogTemp: Display: Loaded TP WindowsNoEditorTargetPlatform
[2019.07.21-11.17.45:834][  0]LogTemp: Display: Loaded TP WindowsServerTargetPlatform
[2019.07.21-11.17.45:913][  0]LogTemp: Display: Loaded TP WindowsTargetPlatform
[2019.07.21-11.17.45:996][  0]LogTemp: Display: Loaded TP Android_ASTCTargetPlatform
[2019.07.21-11.17.46:080][  0]LogTemp: Display: Loaded TP Android_ATCTargetPlatform
[2019.07.21-11.17.46:164][  0]LogTemp: Display: Loaded TP Android_DXTTargetPlatform
[2019.07.21-11.17.46:248][  0]LogTemp: Display: Loaded TP Android_ETC1TargetPlatform
[2019.07.21-11.17.46:331][  0]LogTemp: Display: Loaded TP Android_ETC2TargetPlatform
[2019.07.21-11.17.46:503][  0]LogTemp: Display: Loaded TP Android_MultiTargetPlatform
[2019.07.21-11.17.46:503][  0]LogTemp: Display: Loaded TP Android_PVRTCTargetPlatform
[2019.07.21-11.17.46:609][  0]LogTemp: Display: Loaded TP AndroidTargetPlatform
[2019.07.21-11.17.46:682][  0]LogTemp: Display: Loaded TP HTML5TargetPlatform
[2019.07.21-11.17.46:841][  0]LogTemp: Display: Loaded TP IOSTargetPlatform
[2019.07.21-11.17.46:879][  0]LogTemp: Display: Loaded TP TVOSTargetPlatform
[2019.07.21-11.17.46:963][  0]LogTemp: Display: Loaded TP LinuxClientTargetPlatform
[2019.07.21-11.17.47:046][  0]LogTemp: Display: Loaded TP LinuxNoEditorTargetPlatform
[2019.07.21-11.17.47:130][  0]LogTemp: Display: Loaded TP LinuxServerTargetPlatform
[2019.07.21-11.17.47:220][  0]LogTemp: Display: Loaded TP LinuxTargetPlatform
[2019.07.21-11.17.47:220][  0]LogTargetPlatformManager: Display: Building Assets For Windows
[2019.07.21-11.17.48:019][  0]LogDerivedDataCache: Display: Max Cache Size: 512 MB
[2019.07.21-11.17.48:913][  0]LogDerivedDataCache: Loaded boot cache 0.89s 78MB C:/Users/walid/AppData/Local/UnrealEngine/4.18/DerivedDataCache/Boot.ddc.
[2019.07.21-11.17.48:913][  0]LogDerivedDataCache: Display: Loaded Boot cache: C:/Users/walid/AppData/Local/UnrealEngine/4.18/DerivedDataCache/Boot.ddc
[2019.07.21-11.17.48:913][  0]LogDerivedDataCache: FDerivedDataBackendGraph:  Pak pak cache file C:/Users/walid/Downloads/CoinCollectorStarter/CoinCollectorStarter/DerivedDataCache/DDC.ddp not found, will not use a pak cache.
[2019.07.21-11.17.48:913][  0]LogDerivedDataCache: Unable to find inner node Pak for hierarchical cache Hierarchy.
[2019.07.21-11.17.48:914][  0]LogDerivedDataCache: FDerivedDataBackendGraph:  CompressedPak pak cache file C:/Users/walid/Downloads/CoinCollectorStarter/CoinCollectorStarter/DerivedDataCache/Compressed.ddp not found, will not use a pak cache.
[2019.07.21-11.17.48:914][  0]LogDerivedDataCache: Unable to find inner node CompressedPak for hierarchical cache Hierarchy.
[2019.07.21-11.17.48:954][  0]LogDerivedDataCache: Display: Pak cache opened for reading ../../../Engine/DerivedDataCache/Compressed.ddp.
[2019.07.21-11.17.48:968][  0]LogDerivedDataCache: Using Local data cache path C:/Users/walid/AppData/Local/UnrealEngine/Common/DerivedDataCache: Writable
[2019.07.21-11.17.48:981][  0]LogMaterial: Verifying Global Shaders for PCD3D_SM5
[2019.07.21-11.17.48:981][  0]LogSlate: Using Freetype 2.6.0
[2019.07.21-11.17.49:043][  0]LogSlate: SlateFontCache - WITH_FREETYPE: 1, WITH_HARFBUZZ: 1
[2019.07.21-11.17.49:043][  0]LogSlate: SlateFontCache - WITH_FREETYPE: 1, WITH_HARFBUZZ: 1
[2019.07.21-11.17.50:353][  0]LogInit: Selected Device Profile: [Windows]
[2019.07.21-11.17.50:951][  0]LogSimplygon: Simplygon DLL not present - disabling.
[2019.07.21-11.17.51:028][  0]LogMeshReduction: Using SimplygonSwarm for distributed automatic mesh merging
[2019.07.21-11.17.51:028][  0]LogMeshReduction: Using QuadricMeshReduction for automatic static mesh reduction
[2019.07.21-11.17.51:028][  0]LogMeshReduction: No automatic skeletal mesh reduction module available
[2019.07.21-11.17.51:028][  0]LogMeshReduction: No automatic mesh merging module available
[2019.07.21-11.17.51:028][  0]LogMeshMerging: No automatic mesh merging module available
[2019.07.21-11.17.51:082][  0]LogNetVersion: CoinCollector , NetCL: 3709383, EngineNetVer: 2, GameNetVer: 0 (Checksum: 1238253092)
[2019.07.21-11.17.51:318][  0]LogAssetRegistry: FAssetRegistry took 0.0267 seconds to start up
[2019.07.21-11.17.51:983][  0]LogPackageLocalizationCache: Processed 8 localized package path(s) for 1 prioritized culture(s) in 0.050085 seconds
[2019.07.21-11.17.51:989][  0]LogUObjectArray: 35871 objects as part of root set at end of initial load.
[2019.07.21-11.17.51:989][  0]LogUObjectAllocator: 7363920 out of 0 bytes used by permanent object pool.
[2019.07.21-11.17.51:989][  0]LogUObjectArray: CloseDisregardForGC: 0/0 objects in disregard for GC pool
[2019.07.21-11.17.52:070][  0]LogInit: WinSock: version 1.1 (2.2), MaxSocks=32767, MaxUdp=65467
[2019.07.21-11.18.15:579][  0]LogTcpMessaging: Initializing TcpMessaging bridge
[2019.07.21-11.18.15:652][  0]LogUdpMessaging: Initializing bridge on interface 0.0.0.0:0 to multicast group 230.0.0.1:6666.
[2019.07.21-11.18.17:036][  0]LogMaterial: Uniform references updated for custom material expression Custom.
[2019.07.21-11.18.17:793][  0]SourceControl: Source control is disabled
[2019.07.21-11.18.17:793][  0]SourceControl: Source control is disabled
[2019.07.21-11.18.17:910][  0]SourceControl: Source control is disabled
[2019.07.21-11.18.18:025][  0]SourceControl: Source control is disabled
[2019.07.21-11.18.19:886][  0]LogAndroidPermission: UAndroidPermissionCallbackProxy::GetInstance
[2019.07.21-11.18.20:424][  0]LogOcInput: OculusInput pre-init called
[2019.07.21-11.18.21:021][  0]LogEngine: Initializing Engine...
[2019.07.21-11.18.21:024][  0]LogHMD: Failed to initialize OpenVR with code 110
[2019.07.21-11.18.21:299][  0]LogStats: UGameplayTagsManager::ConstructGameplayTagTree: Construct from data asset -  0.000 s
[2019.07.21-11.18.21:299][  0]LogStats: UGameplayTagsManager::ConstructGameplayTagTree: GameplayTagTreeChangedEvent.Broadcast -  0.000 s
[2019.07.21-11.18.21:536][  0]LogAIModule: Creating AISystem for world Untitled
[2019.07.21-11.18.21:564][  0]LogInit: XAudio2 using 'Haut-parleurs (8- USB PnP Sound Device)' : 2 channels at 48 kHz using 16 bits per sample (channel mask 0x3)
[2019.07.21-11.18.21:584][  0]LogInit: FAudioDevice initialized.
[2019.07.21-11.18.21:701][  0]LogDerivedDataCache: Saved boot cache 0.12s 78MB C:/Users/walid/AppData/Local/UnrealEngine/4.18/DerivedDataCache/Boot.ddc.
[2019.07.21-11.18.21:734][  0]LogInit: Texture streaming: Enabled
[2019.07.21-11.18.21:886][  0]LogEngineSessionManager: EngineSessionManager initialized
[2019.07.21-11.18.22:120][  0]LogInit: Transaction tracking system initialized
[2019.07.21-11.18.22:690][  0]BlueprintLog: New page: Editor Load
[2019.07.21-11.18.24:289][  0]LocalizationService: Localization service is disabled
[2019.07.21-11.18.25:449][  0]LogLinker: Warning: Can't find file '/Game/ThirdPersonBP/ThirdPersonOverview'
[2019.07.21-11.18.25:450][  0]LogLinker: Warning: Can't find file '/Game/ThirdPersonBP/ThirdPersonOverview'
[2019.07.21-11.18.25:450][  0]LogUObjectGlobals: Warning: Failed to find object 'Class /Game/ThirdPersonBP/ThirdPersonOverview.ThirdPersonOverview_C'
[2019.07.21-11.18.26:006][  0]LogConsoleResponse: Display: 
[2019.07.21-11.18.26:494][  0]LogCook: Display: Max memory allowance for cook 16384mb min free memory 0mb
[2019.07.21-11.18.26:494][  0]LogCook: Display: Mobile HDR setting 1
[2019.07.21-11.18.26:494][  0]LogGameplayTags: Display: UGameplayTagsManager::DoneAddingNativeTags. DelegateIsBound: 0
[2019.07.21-11.18.26:777][  0]LogFileCache: Scanning file cache for directory 'C:/Users/walid/Downloads/CoinCollectorStarter/CoinCollectorStarter/Content/' took 0.02s
[2019.07.21-11.18.28:946][  0]SourceControl: Source control is disabled
[2019.07.21-11.18.28:946][  0]Cmd: MAP LOAD FILE="C:/Users/walid/Downloads/CoinCollectorStarter/CoinCollectorStarter/Content/CoinCollector/Maps/TutorialMap.umap" TEMPLATE=0 SHOWPROGRESS=1 FEATURELEVEL=3
[2019.07.21-11.18.28:947][  0]LightingResults: New page: Lighting Build
[2019.07.21-11.18.29:023][  0]MapCheck: New page: Map Check
[2019.07.21-11.18.29:023][  0]LightingResults: New page: Lighting Build
[2019.07.21-11.18.29:562][  0]LogAIModule: Creating AISystem for world TutorialMap
[2019.07.21-11.18.29:570][  0]LogEditorServer: Finished looking for orphan Actors (0.000 secs)
[2019.07.21-11.18.29:583][  0]Cmd: MAP CHECKDEP NOCLEARLOG
[2019.07.21-11.18.29:680][  0]MapCheck: Map check complete: 0 Error(s), 0 Warning(s), took 96.641ms to complete.
[2019.07.21-11.18.29:680][  0]LogFileHelpers: Loading map 'TutorialMap' took 0.734
[2019.07.21-11.18.31:899][  0]LogSlate: Only BGRA pngs, bmps or icos are supported in by External Image Picker
[2019.07.21-11.18.32:090][  0]LogTemp: Executing iPhonePackager certificates Engine -bundlename com.YourCompany.CoinCollector
[2019.07.21-11.18.32:090][  0]LogTemp: CWD: D:\UE418\UE_4.18\Engine\Binaries\DotNET\IOS
[2019.07.21-11.18.32:090][  0]LogTemp: Initial Dir: D:\UE418\UE_4.18
[2019.07.21-11.18.32:090][  0]LogTemp: Env CWD: D:\UE418\UE_4.18\Engine\Binaries\DotNET\IOS
[2019.07.21-11.18.32:090][  0]LogTemp: BranchPath = MSI/D/UE418/UE_4.18/Engine/Binaries --- GameBranchPath = MSI/D/UE418/UE_4.18/Engine/Binaries
[2019.07.21-11.18.32:090][  0]LogTemp: IPP ERROR: Could not find provision directory 'C:\Users\walid\AppData\Local/Apple Computer/MobileDevice/Provisioning Profiles/'.
[2019.07.21-11.18.32:090][  0]LogCollectionManager: Loaded 0 collections in 0.001743 seconds
[2019.07.21-11.18.32:206][  0]LogFileCache: Scanning file cache for directory 'C:/Users/walid/Downloads/CoinCollectorStarter/CoinCollectorStarter/Saved/Collections/' took 0.01s
[2019.07.21-11.18.32:206][  0]LogFileCache: Scanning file cache for directory 'C:/Users/walid/Downloads/CoinCollectorStarter/CoinCollectorStarter/Content/Developers/walid/Collections/' took 0.01s
[2019.07.21-11.18.32:206][  0]LogFileCache: Scanning file cache for directory 'C:/Users/walid/Downloads/CoinCollectorStarter/CoinCollectorStarter/Content/Collections/' took 0.01s
[2019.07.21-11.18.32:206][  0]LogCollectionManager: Rebuilt the GUID cache for 0 collections in 0.000001 seconds
[2019.07.21-11.18.32:217][  0]LogContentBrowser: Native class hierarchy populated in 0.0105 seconds. Added 2366 classes and 524 folders.
[2019.07.21-11.18.32:327][  0]LogContentBrowser: Native class hierarchy updated for 'WidgetCarousel' in 0.0010 seconds. Added 0 classes and 0 folders.
[2019.07.21-11.18.32:821][  0]LogContentBrowser: Native class hierarchy updated for 'AddContentDialog' in 0.0010 seconds. Added 0 classes and 0 folders.
[2019.07.21-11.18.32:905][  0]LogContentBrowser: Native class hierarchy updated for 'SceneOutliner' in 0.0010 seconds. Added 1 classes and 2 folders.
[2019.07.21-11.18.32:979][  0]LogSlate: Took 0.000749 seconds to synchronously load lazily loaded font '../../../Engine/Content/Slate/Fonts/Roboto-Regular.ttf' (155K)
[2019.07.21-11.18.33:024][  0]LogSlate: Took 0.040750 seconds to synchronously load lazily loaded font '../../../Engine/Content/Slate/Fonts/Roboto-Bold.ttf' (160K)
[2019.07.21-11.18.33:045][  0]LogSlate: Took 0.016330 seconds to synchronously load lazily loaded font '../../../Engine/Content/Editor/Slate/Fonts/FontAwesome.ttf' (139K)
[2019.07.21-11.18.33:217][  0]LogRenderer: Reallocating scene render targets to support 840x464 Format 9 NumSamples 1 (Frame:1).
[2019.07.21-11.18.33:429][  0]LogContentBrowser: Native class hierarchy updated for 'HierarchicalLODOutliner' in 0.0011 seconds. Added 1 classes and 2 folders.
[2019.07.21-11.18.33:430][  0]LogLoad: (Engine Initialization) Total time: 99.72 seconds
[2019.07.21-11.18.33:430][  0]LogLoad: (Engine Initialization) Total Blueprint compile time: 0.00 seconds
[2019.07.21-11.18.33:430][  0]LogExternalProfiler: Found external profiler: VSPerf
[2019.07.21-11.18.33:430][  0]LogExternalProfiler: Using external profiler: VSPerf
[2019.07.21-11.18.33:440][  0]LogWindowsTextInputMethodSystem: Display: IME system now deactivated.
[2019.07.21-11.18.33:466][  0]LogContentStreaming: Texture pool size now 800 MB
[2019.07.21-11.18.33:585][  0]LogSlate: Took 0.000334 seconds to synchronously load lazily loaded font '../../../Engine/Content/Slate/Fonts/Roboto-Light.ttf' (159K)
[2019.07.21-11.18.33:610][  1]LogAssetRegistry: Asset discovery search completed in 42.3147 seconds
[2019.07.21-11.18.33:612][  1]LogCollectionManager: Rebuilt the object cache for 0 collections in 0.000000 seconds (found 0 objects)
[2019.07.21-11.18.33:612][  1]LogCollectionManager: Fixed up redirectors for 0 collections in 0.000070 seconds (updated 0 objects)
[2019.07.21-11.18.34:460][ 85]LogSlate: Took 0.000413 seconds to synchronously load lazily loaded font '../../../Engine/Content/Slate/Fonts/Roboto-Light.ttf' (159K)
[2019.07.21-11.18.38:695][310]LogSlate: Took 0.000316 seconds to synchronously load lazily loaded font '../../../Engine/Content/Slate/Fonts/Roboto-Light.ttf' (159K)
[2019.07.21-11.18.39:049][310]LogContentBrowser: Native class hierarchy updated for 'BlueprintGraph' in 0.0013 seconds. Added 116 classes and 0 folders.
[2019.07.21-11.18.39:722][310]LogSlate: Took 0.000384 seconds to synchronously load lazily loaded font '../../../Engine/Content/Slate/Fonts/Roboto-Regular.ttf' (155K)
[2019.07.21-11.18.41:952][491]LogSlate: Took 0.000414 seconds to synchronously load lazily loaded font '../../../Engine/Content/Editor/Slate/Fonts/Roboto-BoldCondensed.ttf' (158K)
[2019.07.21-11.18.46:486][916]LogSlate: Took 0.000397 seconds to synchronously load lazily loaded font '../../../Engine/Content/Editor/Slate/Fonts/Roboto-Italic.ttf' (157K)
[2019.07.21-11.19.46:016][139]BlueprintLog: New page: Compile BP_Coin_Custom
[2019.07.21-11.19.49:329][450]LogTemp: Repeating last play command: Selected Viewport
[2019.07.21-11.19.49:381][450]LogPlayLevel: PlayLevel: No blueprints needed recompiling
[2019.07.21-11.19.49:382][450]PIE: New page: PIE session: TutorialMap (Jul 21, 2019, 1:19:49 PM)
[2019.07.21-11.19.49:382][450]LogPlayLevel: Creating play world package: /Game/CoinCollector/Maps/UEDPIE_0_TutorialMap
[2019.07.21-11.19.49:389][450]LogPlayLevel: PIE: StaticDuplicateObject took: (0.006637s)
[2019.07.21-11.19.49:389][450]LogAIModule: Creating AISystem for world TutorialMap
[2019.07.21-11.19.49:390][450]LogPlayLevel: PIE: World Init took: (0.000994s)
[2019.07.21-11.19.49:390][450]LogPlayLevel: PIE: Created PIE world by copying editor world from /Game/CoinCollector/Maps/TutorialMap.TutorialMap to /Game/CoinCollector/Maps/UEDPIE_0_TutorialMap.TutorialMap (0.008010s)
[2019.07.21-11.19.49:423][450]LogInit: XAudio2 using 'Haut-parleurs (8- USB PnP Sound Device)' : 2 channels at 48 kHz using 16 bits per sample (channel mask 0x3)
[2019.07.21-11.19.49:435][450]LogInit: FAudioDevice initialized.
[2019.07.21-11.19.49:477][450]LogLoad: Game class is 'GM_Tutorial_C'
[2019.07.21-11.19.49:480][450]LogWorld: Bringing World /Game/CoinCollector/Maps/UEDPIE_0_TutorialMap.TutorialMap up for play (max tick rate 0) at 2019.07.21-12.19.49
[2019.07.21-11.19.49:480][450]LogWorld: Bringing up level for play took: 0.001569
[2019.07.21-11.19.49:559][450]LogContentBrowser: Native class hierarchy updated for 'MovieSceneCapture' in 0.0010 seconds. Added 11 classes and 0 folders.
[2019.07.21-11.19.49:560][450]PIE: Play in editor start time for /Game/CoinCollector/Maps/UEDPIE_0_TutorialMap 0.014
[2019.07.21-11.20.09:360][777]BlueprintLog: New page: Compile BP_Coin_Custom
[2019.07.21-11.20.11:775][980]LogTemp: Repeating last play command: Selected Viewport
[2019.07.21-11.20.11:796][980]LogPlayLevel: PlayLevel: No blueprints needed recompiling
[2019.07.21-11.20.11:797][980]PIE: New page: PIE session: TutorialMap (Jul 21, 2019, 1:20:11 PM)
[2019.07.21-11.20.11:797][980]LogPlayLevel: Creating play world package: /Game/CoinCollector/Maps/UEDPIE_0_TutorialMap
[2019.07.21-11.20.11:802][980]LogPlayLevel: PIE: StaticDuplicateObject took: (0.005141s)
[2019.07.21-11.20.11:803][980]LogAIModule: Creating AISystem for world TutorialMap
[2019.07.21-11.20.11:803][980]LogPlayLevel: PIE: World Init took: (0.000999s)
[2019.07.21-11.20.11:803][980]LogPlayLevel: PIE: Created PIE world by copying editor world from /Game/CoinCollector/Maps/TutorialMap.TutorialMap to /Game/CoinCollector/Maps/UEDPIE_0_TutorialMap.TutorialMap (0.006523s)
[2019.07.21-11.20.11:837][980]LogInit: XAudio2 using 'Haut-parleurs (8- USB PnP Sound Device)' : 2 channels at 48 kHz using 16 bits per sample (channel mask 0x3)
[2019.07.21-11.20.11:849][980]LogInit: FAudioDevice initialized.
[2019.07.21-11.20.11:884][980]LogLoad: Game class is 'GM_Tutorial_C'
[2019.07.21-11.20.11:886][980]LogWorld: Bringing World /Game/CoinCollector/Maps/UEDPIE_0_TutorialMap.TutorialMap up for play (max tick rate 0) at 2019.07.21-12.20.11
[2019.07.21-11.20.11:886][980]LogWorld: Bringing up level for play took: 0.001852
[2019.07.21-11.20.11:888][980]PIE: Play in editor start time for /Game/CoinCollector/Maps/UEDPIE_0_TutorialMap 0.342
[2019.07.21-11.20.19:861][933]LogTemp: Warning: Destroyed
[2019.07.21-11.20.27:212][815]LogTemp: Warning: Destroyed
[2019.07.21-11.21.13:676][476]BlueprintLog: New page: Compile BP_Coin_Custom
[2019.07.21-11.21.28:684][357]LogRenderer: Reallocating scene render targets to support 840x532 Format 9 NumSamples 1 (Frame:1).
[2019.07.21-11.21.44:735][544]LogSlate: Took 0.044563 seconds to synchronously load lazily loaded font '../../../Engine/Content/Editor/Slate/Fonts/DroidSansMono.ttf' (77K)
[2019.07.21-11.21.52:717][484]LogTemp: Repeating last play command: Selected Viewport
[2019.07.21-11.21.52:734][484]LogPlayLevel: PlayLevel: No blueprints needed recompiling
[2019.07.21-11.21.52:735][484]PIE: New page: PIE session: TutorialMap (Jul 21, 2019, 1:21:52 PM)
[2019.07.21-11.21.52:735][484]LogPlayLevel: Creating play world package: /Game/CoinCollector/Maps/UEDPIE_0_TutorialMap
[2019.07.21-11.21.52:740][484]LogPlayLevel: PIE: StaticDuplicateObject took: (0.005448s)
[2019.07.21-11.21.52:742][484]LogAIModule: Creating AISystem for world TutorialMap
[2019.07.21-11.21.52:742][484]LogPlayLevel: PIE: World Init took: (0.001595s)
[2019.07.21-11.21.52:743][484]LogPlayLevel: PIE: Created PIE world by copying editor world from /Game/CoinCollector/Maps/TutorialMap.TutorialMap to /Game/CoinCollector/Maps/UEDPIE_0_TutorialMap.TutorialMap (0.007691s)
[2019.07.21-11.21.52:777][484]LogInit: XAudio2 using 'Haut-parleurs (8- USB PnP Sound Device)' : 2 channels at 48 kHz using 16 bits per sample (channel mask 0x3)
[2019.07.21-11.21.52:789][484]LogInit: FAudioDevice initialized.
[2019.07.21-11.21.52:824][484]LogLoad: Game class is 'GM_Tutorial_C'
[2019.07.21-11.21.52:826][484]LogWorld: Bringing World /Game/CoinCollector/Maps/UEDPIE_0_TutorialMap.TutorialMap up for play (max tick rate 0) at 2019.07.21-12.21.52
[2019.07.21-11.21.52:827][484]LogWorld: Bringing up level for play took: 0.001870
[2019.07.21-11.21.52:828][484]PIE: Play in editor start time for /Game/CoinCollector/Maps/UEDPIE_0_TutorialMap -0.718
[2019.07.21-11.21.58:040][105]LogTemp: Warning: Destroyed
[2019.07.21-11.25.23:176][876]LogSavePackage: Save=60.01ms
[2019.07.21-11.25.23:176][876]LogSavePackage: Moving 'C:/Users/walid/Downloads/CoinCollectorStarter/CoinCollectorStarter/Saved/BP_Coin_CustomE87155D240A2351D566C8E8DF276D79C.tmp' to 'C:/Users/walid/Downloads/CoinCollectorStarter/CoinCollectorStarter/Content/CoinCollector/Blueprints/BP_Coin_Custom.uasset'
[2019.07.21-11.25.23:180][876]LogSavePackage: Display: Finished SavePackage C:/Users/walid/Downloads/CoinCollectorStarter/CoinCollectorStarter/Content/CoinCollector/Blueprints/BP_Coin_Custom.uasset
[2019.07.21-11.25.23:420][876]LogSavePackage: Save=100.49ms
[2019.07.21-11.25.23:420][876]LogSavePackage: Moving 'C:/Users/walid/Downloads/CoinCollectorStarter/CoinCollectorStarter/Saved/TutorialMap155F47EA4A1D29DE2D08AFAB6B23419B.tmp' to 'C:/Users/walid/Downloads/CoinCollectorStarter/CoinCollectorStarter/Content/CoinCollector/Maps/TutorialMap.umap'
[2019.07.21-11.25.23:425][876]LogSavePackage: Display: Finished SavePackage C:/Users/walid/Downloads/CoinCollectorStarter/CoinCollectorStarter/Content/CoinCollector/Maps/TutorialMap.umap
[2019.07.21-11.25.23:455][876]LogFileHelpers: Saving map 'TutorialMap' took 0.271
[2019.07.21-11.25.23:602][876]LogActorComponent: UnregisterComponent: (/Engine/Transient.EditorFloorComp) Not registered. Aborting.
[2019.07.21-11.25.23:918][877]Cmd: QUIT_EDITOR
[2019.07.21-11.25.24:514][877]LogWindowsTextInputMethodSystem: Display: IME system now deactivated.
[2019.07.21-11.25.24:536][877]LogExit: Preparing to exit.
[2019.07.21-11.25.24:959][877]LogExit: Editor shut down
[2019.07.21-11.25.24:966][877]LogExit: Transaction tracking system shut down
[2019.07.21-11.25.25:286][877]LogDirectoryWatcher: A directory notification for '../../../Engine/Content/' was aborted.
[2019.07.21-11.25.25:286][877]LogDirectoryWatcher: A directory notification for 'C:/Users/walid/Downloads/CoinCollectorStarter/CoinCollectorStarter/Content/' was aborted.
[2019.07.21-11.25.25:286][877]LogDirectoryWatcher: A directory notification for '../../../Engine/Plugins/2D/Paper2D/Content/' was aborted.
[2019.07.21-11.25.25:286][877]LogDirectoryWatcher: A directory notification for '../../../Engine/Plugins/Media/MediaCompositing/Content/' was aborted.
[2019.07.21-11.25.25:286][877]LogDirectoryWatcher: A directory notification for '../../../Engine/Plugins/Runtime/AppleARKit/Content/' was aborted.
[2019.07.21-11.25.25:286][877]LogDirectoryWatcher: A directory notification for '../../../Engine/Plugins/Runtime/Oculus/OculusVR/Content/' was aborted.
[2019.07.21-11.25.25:286][877]LogDirectoryWatcher: A directory notification for '../../../Engine/Plugins/Runtime/Steam/SteamVR/Content/' was aborted.
[2019.07.21-11.25.25:384][877]LogExit: Object subsystem successfully closed.
[2019.07.21-11.25.25:403][877]LogD3D11RHI: Shutdown
[2019.07.21-11.25.25:403][877]LogD3D11RHI: CleanupD3DDevice
[2019.07.21-11.25.25:405][877]LogD3D11RHI: ~FD3D11DynamicRHI
[2019.07.21-11.25.25:420][877]LogModuleManager: Shutting down and abandoning module MovieSceneCapture (558)
[2019.07.21-11.25.25:420][877]LogModuleManager: Shutting down and abandoning module BlueprintGraph (556)
[2019.07.21-11.25.25:420][877]LogModuleManager: Shutting down and abandoning module HierarchicalLODOutliner (554)
[2019.07.21-11.25.25:420][877]LogModuleManager: Shutting down and abandoning module SceneOutliner (552)
[2019.07.21-11.25.25:420][877]LogModuleManager: Shutting down and abandoning module AddContentDialog (550)
[2019.07.21-11.25.25:420][877]LogDirectoryWatcher: A directory notification for 'D:/UE418/UE_4.18/FeaturePacks/' was aborted.
[2019.07.21-11.25.25:421][877]LogModuleManager: Shutting down and abandoning module WidgetCarousel (549)
[2019.07.21-11.25.25:421][877]LogModuleManager: Shutting down and abandoning module EditorWidgets (546)
[2019.07.21-11.25.25:421][877]LogModuleManager: Shutting down and abandoning module CollectionManager (544)
[2019.07.21-11.25.25:421][877]LogDirectoryWatcher: A directory notification for 'C:/Users/walid/Downloads/CoinCollectorStarter/CoinCollectorStarter/Content/Collections/' was aborted.
[2019.07.21-11.25.25:421][877]LogDirectoryWatcher: A directory notification for 'C:/Users/walid/Downloads/CoinCollectorStarter/CoinCollectorStarter/Content/Developers/walid/Collections/' was aborted.
[2019.07.21-11.25.25:421][877]LogDirectoryWatcher: A directory notification for 'C:/Users/walid/Downloads/CoinCollectorStarter/CoinCollectorStarter/Saved/Collections/' was aborted.
[2019.07.21-11.25.25:421][877]LogModuleManager: Shutting down and abandoning module ExternalImagePicker (542)
[2019.07.21-11.25.25:421][877]LogModuleManager: Shutting down and abandoning module StatsViewer (540)
[2019.07.21-11.25.25:421][877]LogModuleManager: Shutting down and abandoning module FoliageEdit (538)
[2019.07.21-11.25.25:421][877]LogModuleManager: Shutting down and abandoning module LandscapeEditor (536)
[2019.07.21-11.25.25:421][877]LogModuleManager: Shutting down and abandoning module MeshPaintMode (534)
[2019.07.21-11.25.25:421][877]LogModuleManager: Shutting down and abandoning module SceneDepthPickerMode (532)
[2019.07.21-11.25.25:421][877]LogModuleManager: Shutting down and abandoning module ActorPickerMode (530)
[2019.07.21-11.25.25:421][877]LogModuleManager: Shutting down and abandoning module GeometryMode (528)
[2019.07.21-11.25.25:421][877]LogModuleManager: Shutting down and abandoning module TextureAlignMode (526)
[2019.07.21-11.25.25:421][877]LogModuleManager: Shutting down and abandoning module BspMode (524)
[2019.07.21-11.25.25:421][877]LogModuleManager: Shutting down and abandoning module PIEPreviewDeviceProfileSelector (522)
[2019.07.21-11.25.25:422][877]LogModuleManager: Shutting down and abandoning module HardwareSurvey (520)
[2019.07.21-11.25.25:422][877]LogModuleManager: Shutting down and abandoning module SequenceRecorderSections (518)
[2019.07.21-11.25.25:422][877]LogModuleManager: Shutting down and abandoning module AutomationWorker (516)
[2019.07.21-11.25.25:422][877]LogModuleManager: Shutting down and abandoning module MatineeToLevelSequence (514)
[2019.07.21-11.25.25:422][877]LogModuleManager: Shutting down and abandoning module LevelSequenceEditor (512)
[2019.07.21-11.25.25:422][877]LogModuleManager: Shutting down and abandoning module PlacementMode (511)
[2019.07.21-11.25.25:422][877]LogModuleManager: Shutting down and abandoning module WmfMediaFactory (508)
[2019.07.21-11.25.25:422][877]LogModuleManager: Shutting down and abandoning module WmfMediaEditor (506)
[2019.07.21-11.25.25:422][877]LogModuleManager: Shutting down and abandoning module OpenExrWrapper (504)
[2019.07.21-11.25.25:422][877]LogModuleManager: Shutting down and abandoning module ImgMediaFactory (502)
[2019.07.21-11.25.25:422][877]LogModuleManager: Shutting down and abandoning module ImgMediaEditor (500)
[2019.07.21-11.25.25:422][877]LogModuleManager: Shutting down and abandoning module AvfMediaFactory (498)
[2019.07.21-11.25.25:422][877]LogModuleManager: Shutting down and abandoning module AvfMediaEditor (496)
[2019.07.21-11.25.25:422][877]LogModuleManager: Shutting down and abandoning module AndroidMediaFactory (494)
[2019.07.21-11.25.25:422][877]LogModuleManager: Shutting down and abandoning module AndroidMediaEditor (492)
[2019.07.21-11.25.25:422][877]LogModuleManager: Shutting down and abandoning module CharacterAI (490)
[2019.07.21-11.25.25:422][877]LogModuleManager: Shutting down and abandoning module AudioCapture (488)
[2019.07.21-11.25.25:422][877]LogModuleManager: Shutting down and abandoning module SequenceRecorder (487)
[2019.07.21-11.25.25:422][877]LogModuleManager: Shutting down and abandoning module SmartSnapping (484)
[2019.07.21-11.25.25:422][877]LogModuleManager: Shutting down and abandoning module SessionServices (482)
[2019.07.21-11.25.25:422][877]LogModuleManager: Shutting down and abandoning module ViewportSnapping (480)
[2019.07.21-11.25.25:422][877]LogModuleManager: Shutting down and abandoning module ViewportInteraction (478)
[2019.07.21-11.25.25:422][877]LogModuleManager: Shutting down and abandoning module ClothPainter (476)
[2019.07.21-11.25.25:422][877]LogModuleManager: Shutting down and abandoning module SkeletalMeshEditor (475)
[2019.07.21-11.25.25:422][877]LogModuleManager: Shutting down and abandoning module LogVisualizer (472)
[2019.07.21-11.25.25:422][877]LogModuleManager: Shutting down and abandoning module IntroTutorials (470)
[2019.07.21-11.25.25:422][877]LogModuleManager: Shutting down and abandoning module GameProjectGeneration (469)
[2019.07.21-11.25.25:422][877]LogModuleManager: Shutting down and abandoning module IOSPlatformEditor (466)
[2019.07.21-11.25.25:422][877]LogModuleManager: Shutting down and abandoning module HTML5PlatformEditor (464)
[2019.07.21-11.25.25:422][877]LogModuleManager: Shutting down and abandoning module AndroidPlatformEditor (462)
[2019.07.21-11.25.25:422][877]LogModuleManager: Shutting down and abandoning module AndroidDeviceDetection (461)
[2019.07.21-11.25.25:817][877]LogModuleManager: Shutting down and abandoning module WindowsPlatformEditor (458)
[2019.07.21-11.25.25:817][877]LogModuleManager: Shutting down and abandoning module IOSRuntimeSettings (456)
[2019.07.21-11.25.25:817][877]LogModuleManager: Shutting down and abandoning module AndroidRuntimeSettings (454)
[2019.07.21-11.25.25:817][877]LogModuleManager: Shutting down and abandoning module InputBindingEditor (452)
[2019.07.21-11.25.25:817][877]LogModuleManager: Shutting down and abandoning module MergeActors (450)
[2019.07.21-11.25.25:817][877]LogModuleManager: Shutting down and abandoning module SizeMap (448)
[2019.07.21-11.25.25:817][877]LogModuleManager: Shutting down and abandoning module TreeMap (446)
[2019.07.21-11.25.25:817][877]LogModuleManager: Shutting down and abandoning module ReferenceViewer (444)
[2019.07.21-11.25.25:817][877]LogModuleManager: Shutting down and abandoning module LocalizationDashboard (442)
[2019.07.21-11.25.25:817][877]LogModuleManager: Shutting down and abandoning module LocalizationService (441)
[2019.07.21-11.25.25:817][877]LogModuleManager: Shutting down and abandoning module HardwareTargeting (438)
[2019.07.21-11.25.25:818][877]LogModuleManager: Shutting down and abandoning module DeviceProfileEditor (436)
[2019.07.21-11.25.25:818][877]LogModuleManager: Shutting down and abandoning module UndoHistory (434)
[2019.07.21-11.25.25:818][877]LogModuleManager: Shutting down and abandoning module XmlParser (432)
[2019.07.21-11.25.25:818][877]LogModuleManager: Shutting down and abandoning module Blutility (430)
[2019.07.21-11.25.25:818][877]LogModuleManager: Shutting down and abandoning module ProjectSettingsViewer (428)
[2019.07.21-11.25.25:818][877]LogModuleManager: Shutting down and abandoning module ProjectTargetPlatformEditor (427)
[2019.07.21-11.25.25:818][877]LogModuleManager: Shutting down and abandoning module EditorSettingsViewer (424)
[2019.07.21-11.25.25:818][877]LogModuleManager: Shutting down and abandoning module SettingsEditor (422)
[2019.07.21-11.25.25:818][877]LogModuleManager: Shutting down and abandoning module ProjectLauncher (420)
[2019.07.21-11.25.25:818][877]LogModuleManager: Shutting down and abandoning module SessionFrontend (418)
[2019.07.21-11.25.25:818][877]LogModuleManager: Shutting down and abandoning module ProfilerClient (416)
[2019.07.21-11.25.25:818][877]LogModuleManager: Shutting down and abandoning module DeviceManager (414)
[2019.07.21-11.25.25:818][877]LogModuleManager: Shutting down and abandoning module TargetDeviceServices (413)
[2019.07.21-11.25.25:884][877]LogModuleManager: Shutting down and abandoning module AutomationController (410)
[2019.07.21-11.25.25:884][877]LogModuleManager: Shutting down and abandoning module AutomationWindow (408)
[2019.07.21-11.25.25:884][877]LogModuleManager: Shutting down and abandoning module Layers (406)
[2019.07.21-11.25.25:884][877]LogModuleManager: Shutting down and abandoning module ComponentVisualizers (404)
[2019.07.21-11.25.25:884][877]LogModuleManager: Shutting down and abandoning module DetailCustomizations (402)
[2019.07.21-11.25.25:884][877]LogModuleManager: Shutting down and abandoning module PackagesDialog (400)
[2019.07.21-11.25.25:884][877]LogModuleManager: Shutting down and abandoning module Persona (398)
[2019.07.21-11.25.25:884][877]LogModuleManager: Shutting down and abandoning module AdvancedPreviewScene (397)
[2019.07.21-11.25.25:884][877]LogModuleManager: Shutting down and abandoning module AnimGraph (395)
[2019.07.21-11.25.25:884][877]LogModuleManager: Shutting down and abandoning module Kismet (392)
[2019.07.21-11.25.25:892][877]LogModuleManager: Shutting down and abandoning module ClassViewer (390)
[2019.07.21-11.25.25:892][877]LogModuleManager: Shutting down and abandoning module Toolbox (388)
[2019.07.21-11.25.25:893][877]LogModuleManager: Shutting down and abandoning module ModuleUI (386)
[2019.07.21-11.25.25:893][877]LogModuleManager: Shutting down and abandoning module MovieSceneTools (384)
[2019.07.21-11.25.25:893][877]LogModuleManager: Shutting down and abandoning module OutputLog (382)
[2019.07.21-11.25.25:893][877]LogModuleManager: Shutting down and abandoning module GammaUI (380)
[2019.07.21-11.25.25:893][877]LogModuleManager: Shutting down and abandoning module Documentation (378)
[2019.07.21-11.25.25:893][877]LogModuleManager: Shutting down and abandoning module MovieSceneTracks (376)
[2019.07.21-11.25.25:893][877]LogModuleManager: Shutting down and abandoning module MovieScene (374)
[2019.07.21-11.25.25:893][877]LogModuleManager: Shutting down and abandoning module StreamingPauseRendering (372)
[2019.07.21-11.25.25:893][877]LogModuleManager: Shutting down and abandoning module LauncherPlatform (370)
[2019.07.21-11.25.25:893][877]LogModuleManager: Shutting down and abandoning module AnalyticsET (368)
[2019.07.21-11.25.25:893][877]LogModuleManager: Shutting down and abandoning module PortalServices (366)
[2019.07.21-11.25.25:893][877]LogModuleManager: Shutting down and abandoning module PortalRpc (364)
[2019.07.21-11.25.25:893][877]LogModuleManager: Shutting down and abandoning module MessagingRpc (362)
[2019.07.21-11.25.25:893][877]LogModuleManager: Shutting down and abandoning module AIModule (360)
[2019.07.21-11.25.25:893][877]LogModuleManager: Shutting down and abandoning module GameplayDebugger (359)
[2019.07.21-11.25.25:893][877]LogModuleManager: Shutting down and abandoning module AITestSuite (357)
[2019.07.21-11.25.25:893][877]LogModuleManager: Shutting down and abandoning module ProfilerService (354)
[2019.07.21-11.25.26:086][877]LogModuleManager: Shutting down and abandoning module TaskGraph (352)
[2019.07.21-11.25.26:086][877]LogModuleManager: Shutting down and abandoning module UEAnimaLoader (350)
[2019.07.21-11.25.26:086][877]LogModuleManager: Shutting down and abandoning module SteamVRController (348)
[2019.07.21-11.25.26:086][877]LogModuleManager: Shutting down and abandoning module ProceduralMeshComponentEditor (346)
[2019.07.21-11.25.26:086][877]LogModuleManager: Shutting down and abandoning module ProceduralMeshComponent (344)
[2019.07.21-11.25.26:087][877]LogModuleManager: Shutting down and abandoning module OculusInput (342)
[2019.07.21-11.25.26:087][877]LogModuleManager: Shutting down and abandoning module MobilePatchingUtils (340)
[2019.07.21-11.25.26:087][877]LogModuleManager: Shutting down and abandoning module CustomMeshComponent (338)
[2019.07.21-11.25.26:087][877]LogModuleManager: Shutting down and abandoning module CableComponent (336)
[2019.07.21-11.25.26:087][877]LogModuleManager: Shutting down and abandoning module ArchVisCharacter (334)
[2019.07.21-11.25.26:087][877]LogModuleManager: Shutting down and abandoning module AndroidPermission (332)
[2019.07.21-11.25.26:087][877]LogModuleManager: Shutting down and abandoning module ActorSequence (328)
[2019.07.21-11.25.26:087][877]LogModuleManager: Shutting down and abandoning module MediaPlayerEditor (326)
[2019.07.21-11.25.26:087][877]LogModuleManager: Shutting down and abandoning module MediaCompositingEditor (324)
[2019.07.21-11.25.26:087][877]LogModuleManager: Shutting down and abandoning module MediaCompositing (322)
[2019.07.21-11.25.26:087][877]LogModuleManager: Shutting down and abandoning module HTML5Networking (320)
[2019.07.21-11.25.26:087][877]LogModuleManager: Shutting down and abandoning module AlembicImporter (318)
[2019.07.21-11.25.26:087][877]LogModuleManager: Shutting down and abandoning module AlembicLibrary (317)
[2019.07.21-11.25.26:087][877]LogModuleManager: Shutting down and abandoning module GeometryCache (316)
[2019.07.21-11.25.26:087][877]LogModuleManager: Shutting down and abandoning module GeometryCacheEd (315)
[2019.07.21-11.25.26:087][877]LogModuleManager: Shutting down and abandoning module SpeedTreeImporter (310)
[2019.07.21-11.25.26:087][877]LogModuleManager: Shutting down and abandoning module PluginBrowser (308)
[2019.07.21-11.25.26:087][877]LogModuleManager: Shutting down and abandoning module MobileLauncherProfileWizard (306)
[2019.07.21-11.25.26:087][877]LogModuleManager: Shutting down and abandoning module VisualStudioSourceCodeAccess (304)
[2019.07.21-11.25.26:088][877]LogModuleManager: Shutting down and abandoning module VisualStudioCodeSourceCodeAccess (302)
[2019.07.21-11.25.26:088][877]LogModuleManager: Shutting down and abandoning module UObjectPlugin (300)
[2019.07.21-11.25.26:088][877]LogModuleManager: Shutting down and abandoning module SubversionSourceControl (298)
[2019.07.21-11.25.26:088][877]LogModuleManager: Shutting down and abandoning module PerforceSourceControl (296)
[2019.07.21-11.25.26:088][877]LogModuleManager: Shutting down and abandoning module GitSourceControl (294)
[2019.07.21-11.25.26:088][877]LogModuleManager: Shutting down and abandoning module SourceControl (293)
[2019.07.21-11.25.26:088][877]LogModuleManager: Shutting down and abandoning module LightPropagationVolumeEditor (290)
[2019.07.21-11.25.26:088][877]LogModuleManager: Shutting down and abandoning module PaperTiledImporter (288)
[2019.07.21-11.25.26:088][877]LogModuleManager: Shutting down and abandoning module PaperSpriteSheetImporter (286)
[2019.07.21-11.25.26:088][877]LogModuleManager: Shutting down and abandoning module Paper2DEditor (284)
[2019.07.21-11.25.26:088][877]LogModuleManager: Shutting down and abandoning module MeshPaint (283)
[2019.07.21-11.25.26:088][877]LogModuleManager: Shutting down and abandoning module LevelEditor (281)
[2019.07.21-11.25.26:153][877]LogModuleManager: Shutting down and abandoning module PixelInspectorModule (280)
[2019.07.21-11.25.26:153][877]LogModuleManager: Shutting down and abandoning module MainFrame (278)
[2019.07.21-11.25.26:153][877]LogModuleManager: Shutting down and abandoning module HotReload (277)
[2019.07.21-11.25.26:153][877]LogDirectoryWatcher: A directory notification for 'C:/Users/walid/Downloads/CoinCollectorStarter/CoinCollectorStarter/Binaries/Win64' was aborted.
[2019.07.21-11.25.26:154][877]LogModuleManager: Shutting down and abandoning module CoinCollector (272)
[2019.07.21-11.25.26:154][877]LogModuleManager: Shutting down and abandoning module RuntimePhysXCooking (270)
[2019.07.21-11.25.26:154][877]LogModuleManager: Shutting down and abandoning module PhysXVehiclesEditor (268)
[2019.07.21-11.25.26:154][877]LogModuleManager: Shutting down and abandoning module PhysXVehicles (266)
[2019.07.21-11.25.26:154][877]LogModuleManager: Shutting down and abandoning module OculusEditor (264)
[2019.07.21-11.25.26:154][877]LogModuleManager: Shutting down and abandoning module LocationServicesBPLibrary (262)
[2019.07.21-11.25.26:154][877]LogModuleManager: Shutting down and abandoning module ImmediatePhysicsEditor (260)
[2019.07.21-11.25.26:154][877]LogModuleManager: Shutting down and abandoning module ImmediatePhysics (258)
[2019.07.21-11.25.26:154][877]LogModuleManager: Shutting down and abandoning module UdpMessaging (256)
[2019.07.21-11.25.26:256][877]LogModuleManager: Shutting down and abandoning module TcpMessaging (254)
[2019.07.21-11.25.26:357][877]LogModuleManager: Shutting down and abandoning module GameplayTagsEditor (252)
[2019.07.21-11.25.26:357][877]LogModuleManager: Shutting down and abandoning module FacialAnimationEditor (250)
[2019.07.21-11.25.26:357][877]LogModuleManager: Shutting down and abandoning module FacialAnimation (248)
[2019.07.21-11.25.26:357][877]LogModuleManager: Shutting down and abandoning module AssetManagerEditor (246)
[2019.07.21-11.25.26:357][877]LogModuleManager: Shutting down and abandoning module GraphEditor (245)
[2019.07.21-11.25.26:357][877]LogModuleManager: Shutting down and abandoning module ContentBrowser (243)
[2019.07.21-11.25.26:358][877]LogModuleManager: Shutting down and abandoning module LightPropagationVolumeRuntime (240)
[2019.07.21-11.25.26:358][877]LogModuleManager: Shutting down and abandoning module Paper2D (238)
[2019.07.21-11.25.26:358][877]LogModuleManager: Shutting down and abandoning module WindowsMoviePlayer (236)
[2019.07.21-11.25.26:358][877]LogModuleManager: Shutting down and abandoning module WmfMedia (234)
[2019.07.21-11.25.26:360][877]LogModuleManager: Shutting down and abandoning module ImgMedia (232)
[2019.07.21-11.25.26:360][877]LogModuleManager: Shutting down and abandoning module PacketHandler (230)
[2019.07.21-11.25.26:360][877]LogModuleManager: Shutting down and abandoning module ClothingSystemEditor (228)
[2019.07.21-11.25.26:360][877]LogModuleManager: Shutting down and abandoning module ClothingSystemRuntime (226)
[2019.07.21-11.25.26:360][877]LogModuleManager: Shutting down and abandoning module MediaAssets (224)
[2019.07.21-11.25.26:360][877]LogModuleManager: Shutting down and abandoning module Media (223)
[2019.07.21-11.25.26:366][877]LogModuleManager: Shutting down and abandoning module Overlay (220)
[2019.07.21-11.25.26:366][877]LogModuleManager: Shutting down and abandoning module OverlayEditor (219)
[2019.07.21-11.25.26:366][877]LogModuleManager: Shutting down and abandoning module VREditor (216)
[2019.07.21-11.25.26:366][877]LogModuleManager: Shutting down and abandoning module StringTableEditor (214)
[2019.07.21-11.25.26:366][877]LogModuleManager: Shutting down and abandoning module GameplayTasksEditor (212)
[2019.07.21-11.25.26:366][877]LogModuleManager: Shutting down and abandoning module BehaviorTreeEditor (210)
[2019.07.21-11.25.26:366][877]LogModuleManager: Shutting down and abandoning module FunctionalTesting (208)
[2019.07.21-11.25.26:366][877]LogModuleManager: Shutting down and abandoning module CollisionAnalyzer (206)
[2019.07.21-11.25.26:366][877]LogModuleManager: Shutting down and abandoning module WorkspaceMenuStructure (205)
[2019.07.21-11.25.26:366][877]LogModuleManager: Shutting down and abandoning module UMG (202)
[2019.07.21-11.25.26:366][877]LogModuleManager: Shutting down and abandoning module UMGEditor (201)
[2019.07.21-11.25.26:366][877]LogModuleManager: Shutting down and abandoning module Sequencer (200)
[2019.07.21-11.25.26:367][877]LogModuleManager: Shutting down and abandoning module MessageLog (197)
[2019.07.21-11.25.26:367][877]LogModuleManager: Shutting down and abandoning module SlateReflector (192)
[2019.07.21-11.25.26:367][877]LogModuleManager: Shutting down and abandoning module Slate (190)
[2019.07.21-11.25.26:367][877]LogModuleManager: Shutting down and abandoning module EditorStyle (188)
[2019.07.21-11.25.26:369][877]LogModuleManager: Shutting down and abandoning module MRMesh (186)
[2019.07.21-11.25.26:369][877]LogModuleManager: Shutting down and abandoning module SourceCodeAccess (184)
[2019.07.21-11.25.26:369][877]LogModuleManager: Shutting down and abandoning module HeadMountedDisplay (182)
[2019.07.21-11.25.26:369][877]LogModuleManager: Shutting down and abandoning module XAudio2 (180)
[2019.07.21-11.25.26:369][877]LogModuleManager: Shutting down and abandoning module Networking (178)
[2019.07.21-11.25.26:369][877]LogModuleManager: Shutting down and abandoning module Core (174)
[2019.07.21-11.25.26:369][877]LogModuleManager: Shutting down and abandoning module LevelSequence (170)
[2019.07.21-11.25.26:369][877]LogModuleManager: Shutting down and abandoning module DirectoryWatcher (168)
[2019.07.21-11.25.26:370][877]LogModuleManager: Shutting down and abandoning module KismetCompiler (166)
[2019.07.21-11.25.26:370][877]LogModuleManager: Shutting down and abandoning module MeshUtilities (164)
[2019.07.21-11.25.26:370][877]LogModuleManager: Shutting down and abandoning module MeshMergeUtilities (163)
[2019.07.21-11.25.26:370][877]LogModuleManager: Shutting down and abandoning module MeshReductionInterface (162)
[2019.07.21-11.25.26:370][877]LogModuleManager: Shutting down and abandoning module SimplygonSwarm (161)
[2019.07.21-11.25.26:370][877]LogModuleManager: Shutting down and abandoning module SimplygonMeshReduction (159)
[2019.07.21-11.25.26:370][877]LogModuleManager: Shutting down and abandoning module QuadricMeshReduction (157)
[2019.07.21-11.25.26:370][877]LogModuleManager: Shutting down and abandoning module MaterialBaking (153)
[2019.07.21-11.25.26:370][877]LogModuleManager: Shutting down and abandoning module DerivedDataCache (150)
[2019.07.21-11.25.26:458][877]LogDerivedDataCache: Shutdown
[2019.07.21-11.25.26:458][877]LogModuleManager: Shutting down and abandoning module TargetPlatform (148)
[2019.07.21-11.25.26:458][877]LogModuleManager: Shutting down and abandoning module VulkanShaderFormat (147)
[2019.07.21-11.25.26:458][877]LogModuleManager: Shutting down and abandoning module ShaderFormatVectorVM (145)
[2019.07.21-11.25.26:458][877]LogModuleManager: Shutting down and abandoning module ShaderFormatOpenGL (143)
[2019.07.21-11.25.26:458][877]LogModuleManager: Shutting down and abandoning module ShaderFormatD3D (141)
[2019.07.21-11.25.26:458][877]LogModuleManager: Shutting down and abandoning module MetalShaderFormat (139)
[2019.07.21-11.25.26:458][877]LogModuleManager: Shutting down and abandoning module TextureFormatUncompressed (137)
[2019.07.21-11.25.26:458][877]LogModuleManager: Shutting down and abandoning module TextureFormatPVR (135)
[2019.07.21-11.25.26:458][877]LogModuleManager: Shutting down and abandoning module TextureFormatDXT (133)
[2019.07.21-11.25.26:458][877]LogModuleManager: Shutting down and abandoning module TextureFormatIntelISPCTexComp (131)
[2019.07.21-11.25.26:459][877]LogModuleManager: Shutting down and abandoning module TextureFormatASTC (129)
[2019.07.21-11.25.26:459][877]LogModuleManager: Shutting down and abandoning module ImageWrapper (128)
[2019.07.21-11.25.26:459][877]LogModuleManager: Shutting down and abandoning module TextureFormatAndroid (125)
[2019.07.21-11.25.26:459][877]LogModuleManager: Shutting down and abandoning module AudioFormatOpus (123)
[2019.07.21-11.25.26:459][877]LogModuleManager: Shutting down and abandoning module AudioFormatOgg (121)
[2019.07.21-11.25.26:459][877]LogModuleManager: Shutting down and abandoning module AudioFormatADPCM (119)
[2019.07.21-11.25.26:459][877]LogModuleManager: Shutting down and abandoning module LinuxTargetPlatform (117)
[2019.07.21-11.25.26:459][877]LogModuleManager: Shutting down and abandoning module LinuxServerTargetPlatform (115)
[2019.07.21-11.25.26:459][877]LogModuleManager: Shutting down and abandoning module LinuxNoEditorTargetPlatform (113)
[2019.07.21-11.25.26:459][877]LogModuleManager: Shutting down and abandoning module LinuxClientTargetPlatform (111)
[2019.07.21-11.25.26:459][877]LogModuleManager: Shutting down and abandoning module TVOSTargetPlatform (109)
[2019.07.21-11.25.26:459][877]LogModuleManager: Shutting down and abandoning module Messaging (107)
[2019.07.21-11.25.26:459][877]LogModuleManager: Shutting down and abandoning module IOSTargetPlatform (105)
[2019.07.21-11.25.26:459][877]LogModuleManager: Shutting down and abandoning module HTML5TargetPlatform (103)
[2019.07.21-11.25.26:459][877]LogModuleManager: Shutting down and abandoning module AndroidTargetPlatform (101)
[2019.07.21-11.25.26:459][877]LogModuleManager: Shutting down and abandoning module Android_PVRTCTargetPlatform (99)
[2019.07.21-11.25.26:459][877]LogModuleManager: Shutting down and abandoning module Android_MultiTargetPlatform (97)
[2019.07.21-11.25.26:459][877]LogModuleManager: Shutting down and abandoning module Android_ETC2TargetPlatform (95)
[2019.07.21-11.25.26:459][877]LogModuleManager: Shutting down and abandoning module Android_ETC1TargetPlatform (93)
[2019.07.21-11.25.26:459][877]LogModuleManager: Shutting down and abandoning module Android_DXTTargetPlatform (91)
[2019.07.21-11.25.26:459][877]LogModuleManager: Shutting down and abandoning module Android_ATCTargetPlatform (89)
[2019.07.21-11.25.26:459][877]LogModuleManager: Shutting down and abandoning module Android_ASTCTargetPlatform (87)
[2019.07.21-11.25.26:459][877]LogModuleManager: Shutting down and abandoning module WindowsTargetPlatform (85)
[2019.07.21-11.25.26:459][877]LogModuleManager: Shutting down and abandoning module WindowsServerTargetPlatform (83)
[2019.07.21-11.25.26:459][877]LogModuleManager: Shutting down and abandoning module WindowsNoEditorTargetPlatform (81)
[2019.07.21-11.25.26:459][877]LogModuleManager: Shutting down and abandoning module WindowsClientTargetPlatform (79)
[2019.07.21-11.25.26:459][877]LogModuleManager: Shutting down and abandoning module MacTargetPlatform (77)
[2019.07.21-11.25.26:459][877]LogModuleManager: Shutting down and abandoning module MacServerTargetPlatform (75)
[2019.07.21-11.25.26:459][877]LogModuleManager: Shutting down and abandoning module MacNoEditorTargetPlatform (73)
[2019.07.21-11.25.26:459][877]LogModuleManager: Shutting down and abandoning module MacClientTargetPlatform (71)
[2019.07.21-11.25.26:459][877]LogModuleManager: Shutting down and abandoning module AllDesktopTargetPlatform (69)
[2019.07.21-11.25.26:459][877]LogModuleManager: Shutting down and abandoning module InputCore (66)
[2019.07.21-11.25.26:459][877]LogModuleManager: Shutting down and abandoning module Settings (64)
[2019.07.21-11.25.26:459][877]LogModuleManager: Shutting down and abandoning module PhysXCooking (62)
[2019.07.21-11.25.26:459][877]LogModuleManager: Shutting down and abandoning module SteamVR (60)
[2019.07.21-11.25.26:459][877]LogModuleManager: Shutting down and abandoning module OculusHMD (58)
[2019.07.21-11.25.26:459][877]LogModuleManager: Shutting down and abandoning module ExampleDeviceProfileSelector (56)
[2019.07.21-11.25.26:459][877]LogModuleManager: Shutting down and abandoning module AppleARKit (54)
[2019.07.21-11.25.26:459][877]LogModuleManager: Shutting down and abandoning module AugmentedReality (53)
[2019.07.21-11.25.26:459][877]LogModuleManager: Shutting down and abandoning module OnlineBlueprintSupport (50)
[2019.07.21-11.25.26:459][877]LogModuleManager: Shutting down and abandoning module OnlineSubsystem (46)
[2019.07.21-11.25.26:459][877]LogModuleManager: Shutting down and abandoning module XMPP (45)
[2019.07.21-11.25.26:459][877]LogModuleManager: Shutting down and abandoning module HTTP (43)
[2019.07.21-11.25.26:459][877]LogHttp: Display: Http module shutting down, but needs to wait on 1 outstanding Http requests:
[2019.07.21-11.25.26:460][877]LogHttp: Display: 	verb=[POST] url=[https://datarouter.ol.epicgames.com/datarouter/api/v1/public/data?SessionID=%7B4661752D-43D8-8359-3742-CEBDDA11A387%7D&AppID=UEEditor.Rocket.Release&AppVersion=4.18.3-3832480%2B%2B%2BUE4%2BRelease-4.18&UserID=d997032447a84b3d894f7db82a0879fe%7C23a2111a7e15405cba168622ce0f5987%7Cc2127f3c-1dda-4300-b816-f49ab9038d6f&AppEnvironment=datacollector-binary&UploadType=eteventstream] status=Processing
[2019.07.21-11.25.26:478][877]LogModuleManager: Shutting down and abandoning module SSL (42)
[2019.07.21-11.25.26:481][877]LogModuleManager: Shutting down and abandoning module DesktopPlatform (38)
[2019.07.21-11.25.26:481][877]LogModuleManager: Shutting down and abandoning module AnimationModifiers (36)
[2019.07.21-11.25.26:481][877]LogModuleManager: Shutting down and abandoning module PropertyEditor (35)
[2019.07.21-11.25.26:481][877]LogModuleManager: Shutting down and abandoning module AudioEditor (32)
[2019.07.21-11.25.26:481][877]LogModuleManager: Shutting down and abandoning module TextureCompressor (30)
[2019.07.21-11.25.26:482][877]LogModuleManager: Shutting down and abandoning module ShaderCore (28)
[2019.07.21-11.25.26:482][877]LogModuleManager: Shutting down and abandoning module Landscape (26)
[2019.07.21-11.25.26:482][877]LogModuleManager: Shutting down and abandoning module SlateRHIRenderer (24)
[2019.07.21-11.25.26:483][877]LogModuleManager: Shutting down and abandoning module OpenGLDrv (22)
[2019.07.21-11.25.26:483][877]LogModuleManager: Shutting down and abandoning module D3D11RHI (20)
[2019.07.21-11.25.26:483][877]LogModuleManager: Shutting down and abandoning module AnimGraphRuntime (18)
[2019.07.21-11.25.26:483][877]LogModuleManager: Shutting down and abandoning module Renderer (16)
[2019.07.21-11.25.26:483][877]LogModuleManager: Shutting down and abandoning module Engine (14)
[2019.07.21-11.25.26:483][877]LogModuleManager: Shutting down and abandoning module CoreUObject (12)
[2019.07.21-11.25.26:483][877]LogModuleManager: Shutting down and abandoning module NetworkFile (10)
[2019.07.21-11.25.26:483][877]LogModuleManager: Shutting down and abandoning module CookedIterativeFile (8)
[2019.07.21-11.25.26:483][877]LogModuleManager: Shutting down and abandoning module StreamingFile (6)
[2019.07.21-11.25.26:483][877]LogModuleManager: Shutting down and abandoning module SandboxFile (4)
[2019.07.21-11.25.26:483][877]LogModuleManager: Shutting down and abandoning module PakFile (2)
[2019.07.21-11.25.26:487][877]LogExit: Exiting.
[2019.07.21-11.25.26:502][877]Log file closed, 07/21/19 12:25:26
