Log file open, 07/19/19 15:44:23
LogWindows: Failed to load 'aqProf.dll' (GetLastError=126)
LogWindows: File 'aqProf.dll' does not exist
LogWindows: Failed to load 'VtuneApi.dll' (GetLastError=126)
LogWindows: File 'VtuneApi.dll' does not exist
LogWindows: Failed to load 'VtuneApi32e.dll' (GetLastError=126)
LogWindows: File 'VtuneApi32e.dll' does not exist
LogInit: Display: Running engine for game: CoinCollector
LogPlatformFile: Not using cached read wrapper
LogInit: Display: RandInit(-1979482938) SRandInit(-1979482938).
LogInit: Read version file with build ID '3709383'
LogInit: Overriding engine version to CL 3832480, compatible CL 3709383
LogInit: Registered custom module enumerator with build ID '3709383'
LogTaskGraph: Started task graph with 5 named threads and 14 total threads with 3 sets of task threads.
LogStats: Stats thread started at 3.686556
LogD3D11RHI: Aftermath initialized
LogPluginManager: Mounting plugin Paper2D
LogPluginManager: Mounting plugin LightPropagationVolume
LogPluginManager: Mounting plugin CodeLiteSourceCodeAccess
LogPluginManager: Mounting plugin GitSourceControl
LogPluginManager: Mounting plugin KDevelopSourceCodeAccess
LogPluginManager: Mounting plugin NullSourceCodeAccess
LogPluginManager: Mounting plugin PerforceSourceControl
LogPluginManager: Mounting plugin SubversionSourceControl
LogPluginManager: Mounting plugin UObjectPlugin
LogPluginManager: Mounting plugin VisualStudioCodeSourceCodeAccess
LogPluginManager: Mounting plugin VisualStudioSourceCodeAccess
LogPluginManager: Mounting plugin XCodeSourceCodeAccess
LogPluginManager: Mounting plugin AssetManagerEditor
LogPluginManager: Mounting plugin AudioCapture
LogPluginManager: Mounting plugin FacialAnimation
LogPluginManager: Mounting plugin GameplayTagsEditor
LogPluginManager: Mounting plugin MobileLauncherProfileWizard
LogPluginManager: Mounting plugin PluginBrowser
LogPluginManager: Mounting plugin SpeedTreeImporter
LogPluginManager: Mounting plugin AlembicImporter
LogPluginManager: Mounting plugin CharacterAI
LogPluginManager: Mounting plugin HTML5Networking
LogPluginManager: Mounting plugin AndroidMedia
LogPluginManager: Mounting plugin AvfMedia
LogPluginManager: Mounting plugin ImgMedia
LogPluginManager: Mounting plugin MediaCompositing
LogPluginManager: Mounting plugin MediaPlayerEditor
LogPluginManager: Mounting plugin WmfMedia
LogPluginManager: Mounting plugin TcpMessaging
LogPluginManager: Mounting plugin UdpMessaging
LogPluginManager: Mounting plugin ActorSequence
LogPluginManager: Mounting plugin LevelSequenceEditor
LogPluginManager: Mounting plugin MatineeToLevelSequence
LogPluginManager: Mounting plugin OnlineSubsystemGooglePlay
LogPluginManager: Mounting plugin OnlineSubsystemIOS
LogPluginManager: Mounting plugin OnlineSubsystem
LogPluginManager: Mounting plugin OnlineSubsystemNull
LogPluginManager: Mounting plugin OnlineSubsystemUtils
LogPluginManager: Mounting plugin AndroidDeviceProfileSelector
LogPluginManager: Mounting plugin AndroidMoviePlayer
LogPluginManager: Mounting plugin AndroidPermission
LogPluginManager: Mounting plugin AppleARKit
LogPluginManager: Mounting plugin AppleMoviePlayer
LogPluginManager: Mounting plugin ArchVisCharacter
LogPluginManager: Mounting plugin CableComponent
LogPluginManager: Mounting plugin CustomMeshComponent
LogPluginManager: Mounting plugin ExampleDeviceProfileSelector
LogPluginManager: Mounting plugin GoogleCloudMessaging
LogPluginManager: Mounting plugin ImmediatePhysics
LogPluginManager: Mounting plugin IOSDeviceProfileSelector
LogPluginManager: Mounting plugin LinuxDeviceProfileSelector
LogPluginManager: Mounting plugin LocationServicesBPLibrary
LogPluginManager: Mounting plugin MobilePatchingUtils
LogPluginManager: Mounting plugin OculusVR
LogPluginManager: Plugin shader directory ../../../Engine/Plugins/Runtime/Oculus/OculusVR/Shaders found
LogPluginManager: Mapping shader source directory ../../../Engine/Plugins/Runtime/Oculus/OculusVR/Shaders to virtual directory /Plugin/OculusVR
LogPluginManager: Mounting plugin PhysXVehicles
LogPluginManager: Mounting plugin ProceduralMeshComponent
LogPluginManager: Mounting plugin RuntimePhysXCooking
LogPluginManager: Mounting plugin SteamVR
LogPluginManager: Mounting plugin WindowsMoviePlayer
LogPluginManager: Mounting plugin UEAnimaLoader
LogModuleManager: Display: Found up-to-date module file ../../../Engine/Plugins/2D/Paper2D/Binaries/Win64/UE4Editor-Paper2D.dll (API version 3709383).
LogModuleManager: Display: Found up-to-date module file ../../../Engine/Plugins/2D/Paper2D/Binaries/Win64/UE4Editor-Paper2DEditor.dll (API version 3709383).
LogModuleManager: Display: Found up-to-date module file ../../../Engine/Plugins/2D/Paper2D/Binaries/Win64/UE4Editor-PaperSpriteSheetImporter.dll (API version 3709383).
LogModuleManager: Display: Found up-to-date module file ../../../Engine/Plugins/2D/Paper2D/Binaries/Win64/UE4Editor-PaperTiledImporter.dll (API version 3709383).
LogModuleManager: Display: Found up-to-date module file ../../../Engine/Plugins/2D/Paper2D/Binaries/Win64/UE4Editor-SmartSnapping.dll (API version 3709383).
LogModuleManager: Display: Found up-to-date module file ../../../Engine/Plugins/Blendables/LightPropagationVolume/Binaries/Win64/UE4Editor-LightPropagationVolumeRuntime.dll (API version 3709383).
LogModuleManager: Display: Found up-to-date module file ../../../Engine/Plugins/Blendables/LightPropagationVolume/Binaries/Win64/UE4Editor-LightPropagationVolumeEditor.dll (API version 3709383).
LogModuleManager: Display: Found up-to-date module file ../../../Engine/Plugins/Developer/GitSourceControl/Binaries/Win64/UE4Editor-GitSourceControl.dll (API version 3709383).
LogModuleManager: Display: Found up-to-date module file ../../../Engine/Plugins/Developer/PerforceSourceControl/Binaries/Win64/UE4Editor-PerforceSourceControl.dll (API version 3709383).
LogModuleManager: Display: Found up-to-date module file ../../../Engine/Plugins/Developer/SubversionSourceControl/Binaries/Win64/UE4Editor-SubversionSourceControl.dll (API version 3709383).
LogModuleManager: Display: Found up-to-date module file ../../../Engine/Plugins/Developer/UObjectPlugin/Binaries/Win64/UE4Editor-UObjectPlugin.dll (API version 3709383).
LogModuleManager: Display: Found up-to-date module file ../../../Engine/Plugins/Developer/VisualStudioCodeSourceCodeAccess/Binaries/Win64/UE4Editor-VisualStudioCodeSourceCodeAccess.dll (API version 3709383).
LogModuleManager: Display: Found up-to-date module file ../../../Engine/Plugins/Developer/VisualStudioSourceCodeAccess/Binaries/Win64/UE4Editor-VisualStudioSourceCodeAccess.dll (API version 3709383).
LogModuleManager: Display: Found up-to-date module file ../../../Engine/Plugins/Editor/AssetManagerEditor/Binaries/Win64/UE4Editor-AssetManagerEditor.dll (API version 3709383).
LogModuleManager: Display: Found up-to-date module file ../../../Engine/Plugins/Editor/AudioCapture/Binaries/Win64/UE4Editor-AudioCapture.dll (API version 3709383).
LogModuleManager: Display: Found up-to-date module file ../../../Engine/Plugins/Editor/FacialAnimation/Binaries/Win64/UE4Editor-FacialAnimation.dll (API version 3709383).
LogModuleManager: Display: Found up-to-date module file ../../../Engine/Plugins/Editor/FacialAnimation/Binaries/Win64/UE4Editor-FacialAnimationEditor.dll (API version 3709383).
LogModuleManager: Display: Found up-to-date module file ../../../Engine/Plugins/Editor/GameplayTagsEditor/Binaries/Win64/UE4Editor-GameplayTagsEditor.dll (API version 3709383).
LogModuleManager: Display: Found up-to-date module file ../../../Engine/Plugins/Editor/MobileLauncherProfileWizard/Binaries/Win64/UE4Editor-MobileLauncherProfileWizard.dll (API version 3709383).
LogModuleManager: Display: Found up-to-date module file ../../../Engine/Plugins/Editor/PluginBrowser/Binaries/Win64/UE4Editor-PluginBrowser.dll (API version 3709383).
LogModuleManager: Display: Found up-to-date module file ../../../Engine/Plugins/Editor/SpeedTreeImporter/Binaries/Win64/UE4Editor-SpeedTreeImporter.dll (API version 3709383).
LogModuleManager: Display: Found up-to-date module file ../../../Engine/Plugins/Experimental/AlembicImporter/Binaries/Win64/UE4Editor-AlembicImporter.dll (API version 3709383).
LogModuleManager: Display: Found up-to-date module file ../../../Engine/Plugins/Experimental/AlembicImporter/Binaries/Win64/UE4Editor-AlembicLibrary.dll (API version 3709383).
LogModuleManager: Display: Found up-to-date module file ../../../Engine/Plugins/Experimental/CharacterAI/Binaries/Win64/UE4Editor-CharacterAI.dll (API version 3709383).
LogModuleManager: Display: Found up-to-date module file ../../../Engine/Plugins/Experimental/HTML5Networking/Binaries/Win64/UE4Editor-HTML5Networking.dll (API version 3709383).
LogModuleManager: Display: Found up-to-date module file ../../../Engine/Plugins/Media/AndroidMedia/Binaries/Win64/UE4Editor-AndroidMediaEditor.dll (API version 3709383).
LogModuleManager: Display: Found up-to-date module file ../../../Engine/Plugins/Media/AndroidMedia/Binaries/Win64/UE4Editor-AndroidMediaFactory.dll (API version 3709383).
LogModuleManager: Display: Found up-to-date module file ../../../Engine/Plugins/Media/AvfMedia/Binaries/Win64/UE4Editor-AvfMediaEditor.dll (API version 3709383).
LogModuleManager: Display: Found up-to-date module file ../../../Engine/Plugins/Media/AvfMedia/Binaries/Win64/UE4Editor-AvfMediaFactory.dll (API version 3709383).
LogModuleManager: Display: Found up-to-date module file ../../../Engine/Plugins/Media/AvfMedia/Binaries/Win64/UE4Editor-AvfMediaFactory.dll (API version 3709383).
LogModuleManager: Display: Found up-to-date module file ../../../Engine/Plugins/Media/ImgMedia/Binaries/Win64/UE4Editor-ImgMedia.dll (API version 3709383).
LogModuleManager: Display: Found up-to-date module file ../../../Engine/Plugins/Media/ImgMedia/Binaries/Win64/UE4Editor-ImgMediaEditor.dll (API version 3709383).
LogModuleManager: Display: Found up-to-date module file ../../../Engine/Plugins/Media/ImgMedia/Binaries/Win64/UE4Editor-ImgMediaFactory.dll (API version 3709383).
LogModuleManager: Display: Found up-to-date module file ../../../Engine/Plugins/Media/ImgMedia/Binaries/Win64/UE4Editor-ImgMediaFactory.dll (API version 3709383).
LogModuleManager: Display: Found up-to-date module file ../../../Engine/Plugins/Media/ImgMedia/Binaries/Win64/UE4Editor-OpenExrWrapper.dll (API version 3709383).
LogModuleManager: Display: Found up-to-date module file ../../../Engine/Plugins/Media/MediaCompositing/Binaries/Win64/UE4Editor-MediaCompositing.dll (API version 3709383).
LogModuleManager: Display: Found up-to-date module file ../../../Engine/Plugins/Media/MediaCompositing/Binaries/Win64/UE4Editor-MediaCompositingEditor.dll (API version 3709383).
LogModuleManager: Display: Found up-to-date module file ../../../Engine/Plugins/Media/MediaPlayerEditor/Binaries/Win64/UE4Editor-MediaPlayerEditor.dll (API version 3709383).
LogModuleManager: Display: Found up-to-date module file ../../../Engine/Plugins/Media/WmfMedia/Binaries/Win64/UE4Editor-WmfMedia.dll (API version 3709383).
LogModuleManager: Display: Found up-to-date module file ../../../Engine/Plugins/Media/WmfMedia/Binaries/Win64/UE4Editor-WmfMediaEditor.dll (API version 3709383).
LogModuleManager: Display: Found up-to-date module file ../../../Engine/Plugins/Media/WmfMedia/Binaries/Win64/UE4Editor-WmfMediaFactory.dll (API version 3709383).
LogModuleManager: Display: Found up-to-date module file ../../../Engine/Plugins/Media/WmfMedia/Binaries/Win64/UE4Editor-WmfMediaFactory.dll (API version 3709383).
LogModuleManager: Display: Found up-to-date module file ../../../Engine/Plugins/Messaging/TcpMessaging/Binaries/Win64/UE4Editor-TcpMessaging.dll (API version 3709383).
LogModuleManager: Display: Found up-to-date module file ../../../Engine/Plugins/Messaging/UdpMessaging/Binaries/Win64/UE4Editor-UdpMessaging.dll (API version 3709383).
LogModuleManager: Display: Found up-to-date module file ../../../Engine/Plugins/MovieScene/ActorSequence/Binaries/Win64/UE4Editor-ActorSequence.dll (API version 3709383).
LogModuleManager: Display: Found up-to-date module file ../../../Engine/Plugins/MovieScene/LevelSequenceEditor/Binaries/Win64/UE4Editor-LevelSequenceEditor.dll (API version 3709383).
LogModuleManager: Display: Found up-to-date module file ../../../Engine/Plugins/MovieScene/MatineeToLevelSequence/Binaries/Win64/UE4Editor-MatineeToLevelSequence.dll (API version 3709383).
LogModuleManager: Display: Found up-to-date module file ../../../Engine/Plugins/Online/OnlineSubsystem/Binaries/Win64/UE4Editor-OnlineSubsystem.dll (API version 3709383).
LogModuleManager: Display: Found up-to-date module file ../../../Engine/Plugins/Online/OnlineSubsystemNull/Binaries/Win64/UE4Editor-OnlineSubsystemNull.dll (API version 3709383).
LogModuleManager: Display: Found up-to-date module file ../../../Engine/Plugins/Online/OnlineSubsystemUtils/Binaries/Win64/UE4Editor-OnlineSubsystemUtils.dll (API version 3709383).
LogModuleManager: Display: Found up-to-date module file ../../../Engine/Plugins/Online/OnlineSubsystemUtils/Binaries/Win64/UE4Editor-OnlineBlueprintSupport.dll (API version 3709383).
LogModuleManager: Display: Found up-to-date module file ../../../Engine/Plugins/Runtime/AndroidDeviceProfileSelector/Binaries/Win64/UE4Editor-AndroidDeviceProfileSelector.dll (API version 3709383).
LogModuleManager: Display: Found up-to-date module file ../../../Engine/Plugins/Runtime/AndroidPermission/Binaries/Win64/UE4Editor-AndroidPermission.dll (API version 3709383).
LogModuleManager: Display: Found up-to-date module file ../../../Engine/Plugins/Runtime/AppleARKit/Binaries/Win64/UE4Editor-AppleARKit.dll (API version 3709383).
LogModuleManager: Display: Found up-to-date module file ../../../Engine/Plugins/Runtime/ArchVisCharacter/Binaries/Win64/UE4Editor-ArchVisCharacter.dll (API version 3709383).
LogModuleManager: Display: Found up-to-date module file ../../../Engine/Plugins/Runtime/CableComponent/Binaries/Win64/UE4Editor-CableComponent.dll (API version 3709383).
LogModuleManager: Display: Found up-to-date module file ../../../Engine/Plugins/Runtime/CustomMeshComponent/Binaries/Win64/UE4Editor-CustomMeshComponent.dll (API version 3709383).
LogModuleManager: Display: Found up-to-date module file ../../../Engine/Plugins/Runtime/ExampleDeviceProfileSelector/Binaries/Win64/UE4Editor-ExampleDeviceProfileSelector.dll (API version 3709383).
LogModuleManager: Display: Found up-to-date module file ../../../Engine/Plugins/Runtime/ImmediatePhysics/Binaries/Win64/UE4Editor-ImmediatePhysics.dll (API version 3709383).
LogModuleManager: Display: Found up-to-date module file ../../../Engine/Plugins/Runtime/ImmediatePhysics/Binaries/Win64/UE4Editor-ImmediatePhysicsEditor.dll (API version 3709383).
LogModuleManager: Display: Found up-to-date module file ../../../Engine/Plugins/Runtime/LocationServicesBPLibrary/Binaries/Win64/UE4Editor-LocationServicesBPLibrary.dll (API version 3709383).
LogModuleManager: Display: Found up-to-date module file ../../../Engine/Plugins/Runtime/MobilePatchingUtils/Binaries/Win64/UE4Editor-MobilePatchingUtils.dll (API version 3709383).
LogModuleManager: Display: Found up-to-date module file ../../../Engine/Plugins/Runtime/Oculus/OculusVR/Binaries/Win64/UE4Editor-OculusHMD.dll (API version 3709383).
LogModuleManager: Display: Found up-to-date module file ../../../Engine/Plugins/Runtime/Oculus/OculusVR/Binaries/Win64/UE4Editor-OculusInput.dll (API version 3709383).
LogModuleManager: Display: Found up-to-date module file ../../../Engine/Plugins/Runtime/Oculus/OculusVR/Binaries/Win64/UE4Editor-OculusEditor.dll (API version 3709383).
LogModuleManager: Display: Found up-to-date module file ../../../Engine/Plugins/Runtime/PhysXVehicles/Binaries/Win64/UE4Editor-PhysXVehicles.dll (API version 3709383).
LogModuleManager: Display: Found up-to-date module file ../../../Engine/Plugins/Runtime/PhysXVehicles/Binaries/Win64/UE4Editor-PhysXVehiclesEditor.dll (API version 3709383).
LogModuleManager: Display: Found up-to-date module file ../../../Engine/Plugins/Runtime/ProceduralMeshComponent/Binaries/Win64/UE4Editor-ProceduralMeshComponent.dll (API version 3709383).
LogModuleManager: Display: Found up-to-date module file ../../../Engine/Plugins/Runtime/ProceduralMeshComponent/Binaries/Win64/UE4Editor-ProceduralMeshComponentEditor.dll (API version 3709383).
LogModuleManager: Display: Found up-to-date module file ../../../Engine/Plugins/Runtime/RuntimePhysXCooking/Binaries/Win64/UE4Editor-RuntimePhysXCooking.dll (API version 3709383).
LogModuleManager: Display: Found up-to-date module file ../../../Engine/Plugins/Runtime/Steam/SteamVR/Binaries/Win64/UE4Editor-SteamVR.dll (API version 3709383).
LogModuleManager: Display: Found up-to-date module file ../../../Engine/Plugins/Runtime/Steam/SteamVR/Binaries/Win64/UE4Editor-SteamVRController.dll (API version 3709383).
LogModuleManager: Display: Found up-to-date module file ../../../Engine/Plugins/Runtime/WindowsMoviePlayer/Binaries/Win64/UE4Editor-WindowsMoviePlayer.dll (API version 3709383).
LogModuleManager: Display: Found up-to-date module file ../../../Engine/Plugins/UEAnimaLoader/Binaries/Win64/UE4Editor-UEAnimaLoader.dll (API version 3709383).
LogInit: Warning: Incompatible or missing module: UE4Editor-CoinCollector.dll
Running D:/UE418/UE_4.18/Engine/Binaries/DotNET/UnrealBuildTool.exe CoinCollector Development Win64 -project="C:/Users/walid/Downloads/CoinCollectorStarter/CoinCollectorStarter/CoinCollector.uproject" -editorrecompile -progress -NoHotReloadFromIDE
Performing full C++ include scan (building a new target)
Creating makefile for CoinCollector (Build.version is newer)
@progress push 5%
Parsing headers for CoinCollectorEditor
  Running UnrealHeaderTool "C:\Users\walid\Downloads\CoinCollectorStarter\CoinCollectorStarter\CoinCollector.uproject" "C:\Users\walid\Downloads\CoinCollectorStarter\CoinCollectorStarter\Intermediate\Build\Win64\CoinCollectorEditor\Development\CoinCollectorEditor.uhtmanifest" -LogCmds="loginit warning, logexit warning, logdatabase error" -Unattended -WarningsAsErrors -installed
Reflection code generated for CoinCollectorEditor in 11,6883859 seconds
@progress pop
Performing 9 actions (4 in parallel)
[2/9] Resource ModuleVersionResource.rc.inl
[3/9] Resource PCLaunch.rc
SharedPCH.Engine.cpp
BaseCoin.gen.cpp
CoinCollector.cpp
CoinCollector.init.gen.cpp
BaseCoin.cpp
[8/9] Link UE4Editor-CoinCollector.dll
[9/9] Link UE4Editor-CoinCollector.lib
   Cr?ation de la biblioth?que C:\Users\walid\Downloads\CoinCollectorStarter\CoinCollectorStarter\Intermediate\Build\Win64\UE4Editor\Development\UE4Editor-CoinCollector.lib et de l'objet C:\Users\walid\Downloads\CoinCollectorStarter\CoinCollectorStarter\Intermediate\Build\Win64\UE4Editor\Development\UE4Editor-CoinCollector.exp
   Cr?ation de la biblioth?que C:\Users\walid\Downloads\CoinCollectorStarter\CoinCollectorStarter\Intermediate\Build\Win64\UE4Editor\Development\UE4Editor-CoinCollector.suppressed.lib et de l'objet C:\Users\walid\Downloads\CoinCollectorStarter\CoinCollectorStarter\Intermediate\Build\Win64\UE4Editor\Development\UE4Editor-CoinCollector.suppressed.exp
Failed to write dependency cache: L'acc?s au chemin d'acc?s 'C:\Users\tommy\Desktop\CoinCollectorStarter\Intermediate\Build\Win64\CoinCollectorEditor' est refus?.
Failed to write FlatCPPIncludeDependencyCache: L'acc?s au chemin d'acc?s 'C:\Users\tommy\Desktop\CoinCollectorStarter\Intermediate\Build\Win64\CoinCollectorEditor' est refus?.
Total build time: 168,73 seconds (Local executor: 49,71 seconds)
LogModuleManager: Display: Found up-to-date module file C:/Users/walid/Downloads/CoinCollectorStarter/CoinCollectorStarter/Binaries/Win64/UE4Editor-CoinCollector.dll (API version 3709383).
LogModuleManager: Display: Found up-to-date module file ../../../Engine/Plugins/2D/Paper2D/Binaries/Win64/UE4Editor-Paper2D.dll (API version 3709383).
LogModuleManager: Display: Found up-to-date module file ../../../Engine/Plugins/2D/Paper2D/Binaries/Win64/UE4Editor-Paper2DEditor.dll (API version 3709383).
LogModuleManager: Display: Found up-to-date module file ../../../Engine/Plugins/2D/Paper2D/Binaries/Win64/UE4Editor-PaperSpriteSheetImporter.dll (API version 3709383).
LogModuleManager: Display: Found up-to-date module file ../../../Engine/Plugins/2D/Paper2D/Binaries/Win64/UE4Editor-PaperTiledImporter.dll (API version 3709383).
LogModuleManager: Display: Found up-to-date module file ../../../Engine/Plugins/2D/Paper2D/Binaries/Win64/UE4Editor-SmartSnapping.dll (API version 3709383).
LogModuleManager: Display: Found up-to-date module file ../../../Engine/Plugins/Blendables/LightPropagationVolume/Binaries/Win64/UE4Editor-LightPropagationVolumeRuntime.dll (API version 3709383).
LogModuleManager: Display: Found up-to-date module file ../../../Engine/Plugins/Blendables/LightPropagationVolume/Binaries/Win64/UE4Editor-LightPropagationVolumeEditor.dll (API version 3709383).
LogModuleManager: Display: Found up-to-date module file ../../../Engine/Plugins/Developer/GitSourceControl/Binaries/Win64/UE4Editor-GitSourceControl.dll (API version 3709383).
LogModuleManager: Display: Found up-to-date module file ../../../Engine/Plugins/Developer/PerforceSourceControl/Binaries/Win64/UE4Editor-PerforceSourceControl.dll (API version 3709383).
LogModuleManager: Display: Found up-to-date module file ../../../Engine/Plugins/Developer/SubversionSourceControl/Binaries/Win64/UE4Editor-SubversionSourceControl.dll (API version 3709383).
LogModuleManager: Display: Found up-to-date module file ../../../Engine/Plugins/Developer/UObjectPlugin/Binaries/Win64/UE4Editor-UObjectPlugin.dll (API version 3709383).
LogModuleManager: Display: Found up-to-date module file ../../../Engine/Plugins/Developer/VisualStudioCodeSourceCodeAccess/Binaries/Win64/UE4Editor-VisualStudioCodeSourceCodeAccess.dll (API version 3709383).
LogModuleManager: Display: Found up-to-date module file ../../../Engine/Plugins/Developer/VisualStudioSourceCodeAccess/Binaries/Win64/UE4Editor-VisualStudioSourceCodeAccess.dll (API version 3709383).
LogModuleManager: Display: Found up-to-date module file ../../../Engine/Plugins/Editor/AssetManagerEditor/Binaries/Win64/UE4Editor-AssetManagerEditor.dll (API version 3709383).
LogModuleManager: Display: Found up-to-date module file ../../../Engine/Plugins/Editor/AudioCapture/Binaries/Win64/UE4Editor-AudioCapture.dll (API version 3709383).
LogModuleManager: Display: Found up-to-date module file ../../../Engine/Plugins/Editor/FacialAnimation/Binaries/Win64/UE4Editor-FacialAnimation.dll (API version 3709383).
LogModuleManager: Display: Found up-to-date module file ../../../Engine/Plugins/Editor/FacialAnimation/Binaries/Win64/UE4Editor-FacialAnimationEditor.dll (API version 3709383).
LogModuleManager: Display: Found up-to-date module file ../../../Engine/Plugins/Editor/GameplayTagsEditor/Binaries/Win64/UE4Editor-GameplayTagsEditor.dll (API version 3709383).
LogModuleManager: Display: Found up-to-date module file ../../../Engine/Plugins/Editor/MobileLauncherProfileWizard/Binaries/Win64/UE4Editor-MobileLauncherProfileWizard.dll (API version 3709383).
LogModuleManager: Display: Found up-to-date module file ../../../Engine/Plugins/Editor/PluginBrowser/Binaries/Win64/UE4Editor-PluginBrowser.dll (API version 3709383).
LogModuleManager: Display: Found up-to-date module file ../../../Engine/Plugins/Editor/SpeedTreeImporter/Binaries/Win64/UE4Editor-SpeedTreeImporter.dll (API version 3709383).
LogModuleManager: Display: Found up-to-date module file ../../../Engine/Plugins/Experimental/AlembicImporter/Binaries/Win64/UE4Editor-AlembicImporter.dll (API version 3709383).
LogModuleManager: Display: Found up-to-date module file ../../../Engine/Plugins/Experimental/AlembicImporter/Binaries/Win64/UE4Editor-AlembicLibrary.dll (API version 3709383).
LogModuleManager: Display: Found up-to-date module file ../../../Engine/Plugins/Experimental/CharacterAI/Binaries/Win64/UE4Editor-CharacterAI.dll (API version 3709383).
LogModuleManager: Display: Found up-to-date module file ../../../Engine/Plugins/Experimental/HTML5Networking/Binaries/Win64/UE4Editor-HTML5Networking.dll (API version 3709383).
LogModuleManager: Display: Found up-to-date module file ../../../Engine/Plugins/Media/AndroidMedia/Binaries/Win64/UE4Editor-AndroidMediaEditor.dll (API version 3709383).
LogModuleManager: Display: Found up-to-date module file ../../../Engine/Plugins/Media/AndroidMedia/Binaries/Win64/UE4Editor-AndroidMediaFactory.dll (API version 3709383).
LogModuleManager: Display: Found up-to-date module file ../../../Engine/Plugins/Media/AvfMedia/Binaries/Win64/UE4Editor-AvfMediaEditor.dll (API version 3709383).
LogModuleManager: Display: Found up-to-date module file ../../../Engine/Plugins/Media/AvfMedia/Binaries/Win64/UE4Editor-AvfMediaFactory.dll (API version 3709383).
LogModuleManager: Display: Found up-to-date module file ../../../Engine/Plugins/Media/AvfMedia/Binaries/Win64/UE4Editor-AvfMediaFactory.dll (API version 3709383).
LogModuleManager: Display: Found up-to-date module file ../../../Engine/Plugins/Media/ImgMedia/Binaries/Win64/UE4Editor-ImgMedia.dll (API version 3709383).
LogModuleManager: Display: Found up-to-date module file ../../../Engine/Plugins/Media/ImgMedia/Binaries/Win64/UE4Editor-ImgMediaEditor.dll (API version 3709383).
LogModuleManager: Display: Found up-to-date module file ../../../Engine/Plugins/Media/ImgMedia/Binaries/Win64/UE4Editor-ImgMediaFactory.dll (API version 3709383).
LogModuleManager: Display: Found up-to-date module file ../../../Engine/Plugins/Media/ImgMedia/Binaries/Win64/UE4Editor-ImgMediaFactory.dll (API version 3709383).
LogModuleManager: Display: Found up-to-date module file ../../../Engine/Plugins/Media/ImgMedia/Binaries/Win64/UE4Editor-OpenExrWrapper.dll (API version 3709383).
LogModuleManager: Display: Found up-to-date module file ../../../Engine/Plugins/Media/MediaCompositing/Binaries/Win64/UE4Editor-MediaCompositing.dll (API version 3709383).
LogModuleManager: Display: Found up-to-date module file ../../../Engine/Plugins/Media/MediaCompositing/Binaries/Win64/UE4Editor-MediaCompositingEditor.dll (API version 3709383).
LogModuleManager: Display: Found up-to-date module file ../../../Engine/Plugins/Media/MediaPlayerEditor/Binaries/Win64/UE4Editor-MediaPlayerEditor.dll (API version 3709383).
LogModuleManager: Display: Found up-to-date module file ../../../Engine/Plugins/Media/WmfMedia/Binaries/Win64/UE4Editor-WmfMedia.dll (API version 3709383).
LogModuleManager: Display: Found up-to-date module file ../../../Engine/Plugins/Media/WmfMedia/Binaries/Win64/UE4Editor-WmfMediaEditor.dll (API version 3709383).
LogModuleManager: Display: Found up-to-date module file ../../../Engine/Plugins/Media/WmfMedia/Binaries/Win64/UE4Editor-WmfMediaFactory.dll (API version 3709383).
LogModuleManager: Display: Found up-to-date module file ../../../Engine/Plugins/Media/WmfMedia/Binaries/Win64/UE4Editor-WmfMediaFactory.dll (API version 3709383).
LogModuleManager: Display: Found up-to-date module file ../../../Engine/Plugins/Messaging/TcpMessaging/Binaries/Win64/UE4Editor-TcpMessaging.dll (API version 3709383).
LogModuleManager: Display: Found up-to-date module file ../../../Engine/Plugins/Messaging/UdpMessaging/Binaries/Win64/UE4Editor-UdpMessaging.dll (API version 3709383).
LogModuleManager: Display: Found up-to-date module file ../../../Engine/Plugins/MovieScene/ActorSequence/Binaries/Win64/UE4Editor-ActorSequence.dll (API version 3709383).
LogModuleManager: Display: Found up-to-date module file ../../../Engine/Plugins/MovieScene/LevelSequenceEditor/Binaries/Win64/UE4Editor-LevelSequenceEditor.dll (API version 3709383).
LogModuleManager: Display: Found up-to-date module file ../../../Engine/Plugins/MovieScene/MatineeToLevelSequence/Binaries/Win64/UE4Editor-MatineeToLevelSequence.dll (API version 3709383).
LogModuleManager: Display: Found up-to-date module file ../../../Engine/Plugins/Online/OnlineSubsystem/Binaries/Win64/UE4Editor-OnlineSubsystem.dll (API version 3709383).
LogModuleManager: Display: Found up-to-date module file ../../../Engine/Plugins/Online/OnlineSubsystemNull/Binaries/Win64/UE4Editor-OnlineSubsystemNull.dll (API version 3709383).
LogModuleManager: Display: Found up-to-date module file ../../../Engine/Plugins/Online/OnlineSubsystemUtils/Binaries/Win64/UE4Editor-OnlineSubsystemUtils.dll (API version 3709383).
LogModuleManager: Display: Found up-to-date module file ../../../Engine/Plugins/Online/OnlineSubsystemUtils/Binaries/Win64/UE4Editor-OnlineBlueprintSupport.dll (API version 3709383).
LogModuleManager: Display: Found up-to-date module file ../../../Engine/Plugins/Runtime/AndroidDeviceProfileSelector/Binaries/Win64/UE4Editor-AndroidDeviceProfileSelector.dll (API version 3709383).
LogModuleManager: Display: Found up-to-date module file ../../../Engine/Plugins/Runtime/AndroidPermission/Binaries/Win64/UE4Editor-AndroidPermission.dll (API version 3709383).
LogModuleManager: Display: Found up-to-date module file ../../../Engine/Plugins/Runtime/AppleARKit/Binaries/Win64/UE4Editor-AppleARKit.dll (API version 3709383).
LogModuleManager: Display: Found up-to-date module file ../../../Engine/Plugins/Runtime/ArchVisCharacter/Binaries/Win64/UE4Editor-ArchVisCharacter.dll (API version 3709383).
LogModuleManager: Display: Found up-to-date module file ../../../Engine/Plugins/Runtime/CableComponent/Binaries/Win64/UE4Editor-CableComponent.dll (API version 3709383).
LogModuleManager: Display: Found up-to-date module file ../../../Engine/Plugins/Runtime/CustomMeshComponent/Binaries/Win64/UE4Editor-CustomMeshComponent.dll (API version 3709383).
LogModuleManager: Display: Found up-to-date module file ../../../Engine/Plugins/Runtime/ExampleDeviceProfileSelector/Binaries/Win64/UE4Editor-ExampleDeviceProfileSelector.dll (API version 3709383).
LogModuleManager: Display: Found up-to-date module file ../../../Engine/Plugins/Runtime/ImmediatePhysics/Binaries/Win64/UE4Editor-ImmediatePhysics.dll (API version 3709383).
LogModuleManager: Display: Found up-to-date module file ../../../Engine/Plugins/Runtime/ImmediatePhysics/Binaries/Win64/UE4Editor-ImmediatePhysicsEditor.dll (API version 3709383).
LogModuleManager: Display: Found up-to-date module file ../../../Engine/Plugins/Runtime/LocationServicesBPLibrary/Binaries/Win64/UE4Editor-LocationServicesBPLibrary.dll (API version 3709383).
LogModuleManager: Display: Found up-to-date module file ../../../Engine/Plugins/Runtime/MobilePatchingUtils/Binaries/Win64/UE4Editor-MobilePatchingUtils.dll (API version 3709383).
LogModuleManager: Display: Found up-to-date module file ../../../Engine/Plugins/Runtime/Oculus/OculusVR/Binaries/Win64/UE4Editor-OculusHMD.dll (API version 3709383).
LogModuleManager: Display: Found up-to-date module file ../../../Engine/Plugins/Runtime/Oculus/OculusVR/Binaries/Win64/UE4Editor-OculusInput.dll (API version 3709383).
LogModuleManager: Display: Found up-to-date module file ../../../Engine/Plugins/Runtime/Oculus/OculusVR/Binaries/Win64/UE4Editor-OculusEditor.dll (API version 3709383).
LogModuleManager: Display: Found up-to-date module file ../../../Engine/Plugins/Runtime/PhysXVehicles/Binaries/Win64/UE4Editor-PhysXVehicles.dll (API version 3709383).
LogModuleManager: Display: Found up-to-date module file ../../../Engine/Plugins/Runtime/PhysXVehicles/Binaries/Win64/UE4Editor-PhysXVehiclesEditor.dll (API version 3709383).
LogModuleManager: Display: Found up-to-date module file ../../../Engine/Plugins/Runtime/ProceduralMeshComponent/Binaries/Win64/UE4Editor-ProceduralMeshComponent.dll (API version 3709383).
LogModuleManager: Display: Found up-to-date module file ../../../Engine/Plugins/Runtime/ProceduralMeshComponent/Binaries/Win64/UE4Editor-ProceduralMeshComponentEditor.dll (API version 3709383).
LogModuleManager: Display: Found up-to-date module file ../../../Engine/Plugins/Runtime/RuntimePhysXCooking/Binaries/Win64/UE4Editor-RuntimePhysXCooking.dll (API version 3709383).
LogModuleManager: Display: Found up-to-date module file ../../../Engine/Plugins/Runtime/Steam/SteamVR/Binaries/Win64/UE4Editor-SteamVR.dll (API version 3709383).
LogModuleManager: Display: Found up-to-date module file ../../../Engine/Plugins/Runtime/Steam/SteamVR/Binaries/Win64/UE4Editor-SteamVRController.dll (API version 3709383).
LogModuleManager: Display: Found up-to-date module file ../../../Engine/Plugins/Runtime/WindowsMoviePlayer/Binaries/Win64/UE4Editor-WindowsMoviePlayer.dll (API version 3709383).
LogModuleManager: Display: Found up-to-date module file ../../../Engine/Plugins/UEAnimaLoader/Binaries/Win64/UE4Editor-UEAnimaLoader.dll (API version 3709383).
LogInit: Using libcurl 7.47.1
LogInit:  - built for x86_64-pc-win32
LogInit:  - supports SSL with OpenSSL/1.0.2g
LogInit:  - supports HTTP deflate (compression) using libz 1.2.8
LogInit:  - other features:
LogInit:      CURL_VERSION_SSL
LogInit:      CURL_VERSION_LIBZ
LogInit:      CURL_VERSION_IPV6
LogInit:      CURL_VERSION_ASYNCHDNS
LogInit:      CURL_VERSION_LARGEFILE
LogInit:      CURL_VERSION_IDN
LogInit:  CurlRequestOptions (configurable via config and command line):
LogInit:  - bVerifyPeer = false  - Libcurl will NOT verify peer certificate
LogInit:  - bUseHttpProxy = false  - Libcurl will NOT use HTTP proxy
LogInit:  - bDontReuseConnections = false  - Libcurl will reuse connections
LogInit:  - CertBundlePath = nullptr  - Libcurl will use whatever was configured at build time.
LogInit: Build: ++UE4+Release-4.18-CL-3832480
LogInit: Engine Version: 4.18.3-3832480+++UE4+Release-4.18
LogInit: Compatible Engine Version: 4.18.0-3709383+++UE4+Release-4.18
LogInit: Net CL: 3709383
LogDevObjectVersion: Number of dev versions registered: 16
LogDevObjectVersion:   Dev-Blueprints (B0D832E4-1F89-4F0D-ACCF-7EB736FD4AA2): 10
LogDevObjectVersion:   Dev-Build (E1C64328-A22C-4D53-A36C-8E866417BD8C): 0
LogDevObjectVersion:   Dev-Core (375EC13C-06E4-48FB-B500-84F0262A717E): 2
LogDevObjectVersion:   Dev-Editor (E4B068ED-F494-42E9-A231-DA0B2E46BB41): 20
LogDevObjectVersion:   Dev-Framework (CFFC743F-43B0-4480-9391-14DF171D2073): 30
LogDevObjectVersion:   Dev-Mobile (B02B49B5-BB20-44E9-A304-32B752E40360): 0
LogDevObjectVersion:   Dev-Networking (A4E4105C-59A1-49B5-A7C5-40C4547EDFEE): 0
LogDevObjectVersion:   Dev-Online (39C831C9-5AE6-47DC-9A44-9C173E1C8E7C): 0
LogDevObjectVersion:   Dev-Physics (78F01B33-EBEA-4F98-B9B4-84EACCB95AA2): 0
LogDevObjectVersion:   Dev-Platform (6631380F-2D4D-43E0-8009-CF276956A95A): 0
LogDevObjectVersion:   Dev-Rendering (12F88B9F-8875-4AFC-A67C-D90C383ABD29): 20
LogDevObjectVersion:   Dev-Sequencer (7B5AE74C-D270-4C10-A958-57980B212A5A): 4
LogDevObjectVersion:   Dev-VR (D7296918-1DD6-4BDD-9DE2-64A83CC13884): 0
LogDevObjectVersion:   Dev-LoadTimes (C2A15278-BFE7-4AFE-6C17-90FF531DF755): 1
LogDevObjectVersion:   Private-Geometry (6EACA3D4-40EC-4CC1-B786-8BED09428FC5): 1
LogDevObjectVersion:   Dev-AnimPhys (29E575DD-E0A3-4627-9D10-D276232CDCEA): 12
LogInit: Compiled (64-bit): Jan 12 2018 02:04:55
LogInit: Compiled with Visual C++: 19.00.24215.01
LogInit: Build Configuration: Development
LogInit: Branch Name: ++UE4+Release-4.18
LogInit: Command line:  
LogInit: Base directory: D:/UE418/UE_4.18/Engine/Binaries/Win64/
LogInit: Installed Engine Build: 1
LogInit: Presizing for max 8388607 objects, including 0 objects not considered by GC, pre-allocating 0 bytes for permanent pool.
LogInit: Object subsystem initialized
[2019.07.19-14.47.32:181][  0]LogInit: Selected Device Profile: [Windows]
[2019.07.19-14.47.32:181][  0]LogInit: Applying CVar settings loaded from the selected device profile: [Windows]
[2019.07.19-14.47.32:261][  0]LogInit: Computer: MSI
[2019.07.19-14.47.32:261][  0]LogInit: User: walid
[2019.07.19-14.47.32:261][  0]LogInit: CPU Page size=4096, Cores=4
[2019.07.19-14.47.32:261][  0]LogInit: High frequency timer resolution =3.125016 MHz
[2019.07.19-14.47.32:266][  0]LogMemory: Memory total: Physical=7.9GB (8GB approx)
[2019.07.19-14.47.32:266][  0]LogMemory: Platform Memory Stats for Windows
[2019.07.19-14.47.32:266][  0]LogMemory: Process Physical Memory: 277.46 MB used, 277.46 MB peak
[2019.07.19-14.47.32:266][  0]LogMemory: Process Virtual Memory: 270.20 MB used, 270.20 MB peak
[2019.07.19-14.47.32:266][  0]LogMemory: Physical Memory: 4640.04 MB used,  3494.37 MB free, 8134.41 MB total
[2019.07.19-14.47.32:266][  0]LogMemory: Virtual Memory: 4821.75 MB used,  3494.37 MB free, 134217728.00 MB total
[2019.07.19-14.47.34:233][  0]LogInit: Using OS detected language (fr-FR).
[2019.07.19-14.47.34:233][  0]LogInit: Using OS detected locale (fr-FR).
[2019.07.19-14.47.34:661][  0]LogTextLocalizationManager: No localization for 'fr-FR' exists, so 'en' will be used for the language.
[2019.07.19-14.47.34:662][  0]LogTextLocalizationManager: No localization for 'fr-FR' exists, so 'en' will be used for the locale.
[2019.07.19-14.47.35:988][  0]LogInit: Setting process to per monitor DPI aware
[2019.07.19-14.47.41:350][  0]LogD3D11RHI: D3D11 adapters:
[2019.07.19-14.47.41:479][  0]LogD3D11RHI:    0. 'NVIDIA GeForce GTX 760' (Feature Level 11_0)
[2019.07.19-14.47.41:479][  0]LogD3D11RHI:       2017/0/4067 MB DedicatedVideo/DedicatedSystem/SharedSystem, Outputs:1, VendorId:0x10de
[2019.07.19-14.47.41:482][  0]LogD3D11RHI:    1. 'Microsoft Basic Render Driver' (Feature Level 11_0)
[2019.07.19-14.47.41:483][  0]LogD3D11RHI:       0/0/4067 MB DedicatedVideo/DedicatedSystem/SharedSystem, Outputs:0, VendorId:0x1414
[2019.07.19-14.47.41:483][  0]LogD3D11RHI: Chosen D3D11 Adapter: 0
[2019.07.19-14.47.41:493][  0]LogD3D11RHI: Creating new Direct3DDevice
[2019.07.19-14.47.41:494][  0]LogD3D11RHI:     GPU DeviceId: 0x1187 (for the marketing name, search the web for "GPU Device Id")
[2019.07.19-14.47.41:494][  0]LogWindows: EnumDisplayDevices:
[2019.07.19-14.47.41:494][  0]LogWindows:    0. 'NVIDIA GeForce GTX 760' (P:1 D:1)
[2019.07.19-14.47.41:513][  0]LogWindows:    1. 'NVIDIA GeForce GTX 760' (P:0 D:0)
[2019.07.19-14.47.41:514][  0]LogWindows:    2. 'NVIDIA GeForce GTX 760' (P:0 D:0)
[2019.07.19-14.47.41:514][  0]LogWindows:    3. 'NVIDIA GeForce GTX 760' (P:0 D:0)
[2019.07.19-14.47.41:514][  0]LogWindows: DebugString: GetVideoDriverDetailsInvalid PrimaryIsNotTheChoosenAdapter GetVideoDriverDetailsInvalid PrimaryIsNotTheChoosenAdapter GetVideoDriverDetailsInvalid PrimaryIsNotTheChoosenAdapter GetVideoDriverDetailsInvalid PrimaryIsNotTheChoosenAdapter FoundDriverCount:0 
[2019.07.19-14.47.41:514][  0]LogD3D11RHI:     Adapter Name: NVIDIA GeForce GTX 760
[2019.07.19-14.47.41:514][  0]LogD3D11RHI:   Driver Version: Unknown (internal:Unknown, unified:Unknown)
[2019.07.19-14.47.41:514][  0]LogD3D11RHI:      Driver Date: Unknown
[2019.07.19-14.47.41:514][  0]LogRHI: Texture pool is 1412 MB (70% of 2017 MB)
[2019.07.19-14.47.41:554][  0]LogD3D11RHI: Async texture creation enabled
[2019.07.19-14.47.42:173][  0]LogD3D11RHI: GPU Timing Frequency: 1000.000000 (Debug: 2 1)
[2019.07.19-14.47.42:663][  0]LogShaderCompilers: Guid format shader working directory is -21 characters bigger than the processId version (C:/Users/walid/Downloads/CoinCollectorStarter/CoinCollectorStarter/Intermediate/Shaders/WorkingDirectory/16740/).
[2019.07.19-14.47.42:664][  0]LogShaderCompilers: Cleaned the shader compiler working directory 'C:/Users/walid/AppData/Local/Temp/UnrealShaderWorkingDir/D43DB7454B6B8C9560F8B79330312DEC/'.
[2019.07.19-14.47.42:813][  0]LogShaderCompilers: Display: Using Local Shader Compiler.
[2019.07.19-14.47.50:879][  0]LogTemp: Display: Loaded TP AllDesktopTargetPlatform
[2019.07.19-14.47.50:968][  0]LogTemp: Display: Loaded TP MacClientTargetPlatform
[2019.07.19-14.47.51:059][  0]LogTemp: Display: Loaded TP MacNoEditorTargetPlatform
[2019.07.19-14.47.51:149][  0]LogTemp: Display: Loaded TP MacServerTargetPlatform
[2019.07.19-14.47.51:285][  0]LogTemp: Display: Loaded TP MacTargetPlatform
[2019.07.19-14.47.51:375][  0]LogTemp: Display: Loaded TP WindowsClientTargetPlatform
[2019.07.19-14.47.51:465][  0]LogTemp: Display: Loaded TP WindowsNoEditorTargetPlatform
[2019.07.19-14.47.51:556][  0]LogTemp: Display: Loaded TP WindowsServerTargetPlatform
[2019.07.19-14.47.51:642][  0]LogTemp: Display: Loaded TP WindowsTargetPlatform
[2019.07.19-14.47.51:729][  0]LogTemp: Display: Loaded TP Android_ASTCTargetPlatform
[2019.07.19-14.47.51:825][  0]LogTemp: Display: Loaded TP Android_ATCTargetPlatform
[2019.07.19-14.47.51:912][  0]LogTemp: Display: Loaded TP Android_DXTTargetPlatform
[2019.07.19-14.47.52:027][  0]LogTemp: Display: Loaded TP Android_ETC1TargetPlatform
[2019.07.19-14.47.52:129][  0]LogTemp: Display: Loaded TP Android_ETC2TargetPlatform
[2019.07.19-14.47.52:318][  0]LogTemp: Display: Loaded TP Android_MultiTargetPlatform
[2019.07.19-14.47.52:318][  0]LogTemp: Display: Loaded TP Android_PVRTCTargetPlatform
[2019.07.19-14.47.52:446][  0]LogTemp: Display: Loaded TP AndroidTargetPlatform
[2019.07.19-14.47.52:530][  0]LogTemp: Display: Loaded TP HTML5TargetPlatform
[2019.07.19-14.47.52:879][  0]LogTemp: Display: Loaded TP IOSTargetPlatform
[2019.07.19-14.47.52:974][  0]LogTemp: Display: Loaded TP TVOSTargetPlatform
[2019.07.19-14.47.53:094][  0]LogTemp: Display: Loaded TP LinuxClientTargetPlatform
[2019.07.19-14.47.53:183][  0]LogTemp: Display: Loaded TP LinuxNoEditorTargetPlatform
[2019.07.19-14.47.53:273][  0]LogTemp: Display: Loaded TP LinuxServerTargetPlatform
[2019.07.19-14.47.53:370][  0]LogTemp: Display: Loaded TP LinuxTargetPlatform
[2019.07.19-14.47.53:371][  0]LogTargetPlatformManager: Display: Building Assets For Windows
[2019.07.19-14.47.56:435][  0]LogDerivedDataCache: Display: Max Cache Size: 512 MB
[2019.07.19-14.47.57:411][  0]LogDerivedDataCache: Loaded boot cache 0.95s 82MB C:/Users/walid/AppData/Local/UnrealEngine/4.18/DerivedDataCache/Boot.ddc.
[2019.07.19-14.47.57:412][  0]LogDerivedDataCache: Display: Loaded Boot cache: C:/Users/walid/AppData/Local/UnrealEngine/4.18/DerivedDataCache/Boot.ddc
[2019.07.19-14.47.57:412][  0]LogDerivedDataCache: FDerivedDataBackendGraph:  Pak pak cache file C:/Users/walid/Downloads/CoinCollectorStarter/CoinCollectorStarter/DerivedDataCache/DDC.ddp not found, will not use a pak cache.
[2019.07.19-14.47.57:412][  0]LogDerivedDataCache: Unable to find inner node Pak for hierarchical cache Hierarchy.
[2019.07.19-14.47.57:412][  0]LogDerivedDataCache: FDerivedDataBackendGraph:  CompressedPak pak cache file C:/Users/walid/Downloads/CoinCollectorStarter/CoinCollectorStarter/DerivedDataCache/Compressed.ddp not found, will not use a pak cache.
[2019.07.19-14.47.57:412][  0]LogDerivedDataCache: Unable to find inner node CompressedPak for hierarchical cache Hierarchy.
[2019.07.19-14.47.57:543][  0]LogDerivedDataCache: Display: Pak cache opened for reading ../../../Engine/DerivedDataCache/Compressed.ddp.
[2019.07.19-14.47.57:556][  0]LogDerivedDataCache: Using Local data cache path C:/Users/walid/AppData/Local/UnrealEngine/Common/DerivedDataCache: Writable
[2019.07.19-14.47.57:624][  0]LogMaterial: Verifying Global Shaders for PCD3D_SM5
[2019.07.19-14.47.57:719][  0]LogSlate: Using Freetype 2.6.0
[2019.07.19-14.47.57:897][  0]LogSlate: SlateFontCache - WITH_FREETYPE: 1, WITH_HARFBUZZ: 1
[2019.07.19-14.47.57:907][  0]LogSlate: SlateFontCache - WITH_FREETYPE: 1, WITH_HARFBUZZ: 1
[2019.07.19-14.48.20:720][  0]LogInit: Selected Device Profile: [Windows]
[2019.07.19-14.48.24:424][  0]LogSimplygon: Simplygon DLL not present - disabling.
[2019.07.19-14.48.24:561][  0]LogMeshReduction: Using SimplygonSwarm for distributed automatic mesh merging
[2019.07.19-14.48.24:581][  0]LogMeshReduction: Using QuadricMeshReduction for automatic static mesh reduction
[2019.07.19-14.48.24:598][  0]LogMeshReduction: No automatic skeletal mesh reduction module available
[2019.07.19-14.48.24:598][  0]LogMeshReduction: No automatic mesh merging module available
[2019.07.19-14.48.24:598][  0]LogMeshMerging: No automatic mesh merging module available
[2019.07.19-14.48.25:388][  0]LogNetVersion: CoinCollector , NetCL: 3709383, EngineNetVer: 2, GameNetVer: 0 (Checksum: 1238253092)
[2019.07.19-14.48.28:479][  0]LogAssetRegistry: FAssetRegistry took 0.0590 seconds to start up
[2019.07.19-14.49.03:895][  0]LogPackageLocalizationCache: Processed 8 localized package path(s) for 1 prioritized culture(s) in 0.846993 seconds
[2019.07.19-14.49.04:507][  0]LogUObjectArray: 35871 objects as part of root set at end of initial load.
[2019.07.19-14.49.04:633][  0]LogUObjectAllocator: 7363928 out of 0 bytes used by permanent object pool.
[2019.07.19-14.49.04:633][  0]LogUObjectArray: CloseDisregardForGC: 0/0 objects in disregard for GC pool
[2019.07.19-14.49.06:351][  0]LogInit: WinSock: version 1.1 (2.2), MaxSocks=32767, MaxUdp=65467
[2019.07.19-14.53.48:208][  0]LogTcpMessaging: Initializing TcpMessaging bridge
[2019.07.19-14.53.48:410][  0]LogUdpMessaging: Initializing bridge on interface 0.0.0.0:0 to multicast group 230.0.0.1:6666.
[2019.07.19-14.53.58:095][  0]LogMaterial: Uniform references updated for custom material expression Custom.
[2019.07.19-14.54.03:390][  0]SourceControl: Source control is disabled
[2019.07.19-14.54.03:420][  0]SourceControl: Source control is disabled
[2019.07.19-14.54.03:706][  0]SourceControl: Source control is disabled
[2019.07.19-14.54.04:267][  0]SourceControl: Source control is disabled
[2019.07.19-14.54.12:311][  0]LogAndroidPermission: UAndroidPermissionCallbackProxy::GetInstance
[2019.07.19-14.54.15:620][  0]LogOcInput: OculusInput pre-init called
[2019.07.19-14.54.18:510][  0]LogEngine: Initializing Engine...
[2019.07.19-14.54.18:677][  0]LogHMD: Failed to initialize OpenVR with code 110
[2019.07.19-14.54.22:179][  0]LogStats: UGameplayTagsManager::ConstructGameplayTagTree: Construct from data asset -  0.000 s
[2019.07.19-14.54.22:194][  0]LogStats: UGameplayTagsManager::ConstructGameplayTagTree: GameplayTagTreeChangedEvent.Broadcast -  0.015 s
[2019.07.19-14.54.26:641][  0]LogAIModule: Creating AISystem for world Untitled
[2019.07.19-14.54.28:792][  0]LogInit: XAudio2 using 'Haut-parleurs (8- USB PnP Sound Device)' : 2 channels at 48 kHz using 16 bits per sample (channel mask 0x3)
[2019.07.19-14.54.28:890][  0]LogInit: FAudioDevice initialized.
[2019.07.19-14.54.29:558][  0]LogDerivedDataCache: Saved boot cache 0.64s 91MB C:/Users/walid/AppData/Local/UnrealEngine/4.18/DerivedDataCache/Boot.ddc.
[2019.07.19-14.54.29:641][  0]LogInit: Texture streaming: Enabled
[2019.07.19-14.54.31:524][  0]LogEngineSessionManager: EngineSessionManager initialized
[2019.07.19-14.54.32:618][  0]LogInit: Transaction tracking system initialized
[2019.07.19-14.54.34:445][  0]BlueprintLog: New page: Editor Load
[2019.07.19-14.54.44:765][  0]LocalizationService: Localization service is disabled
[2019.07.19-14.54.48:055][  0]LogLinker: Warning: Can't find file '/Game/ThirdPersonBP/ThirdPersonOverview'
[2019.07.19-14.54.48:061][  0]LogLinker: Warning: Can't find file '/Game/ThirdPersonBP/ThirdPersonOverview'
[2019.07.19-14.54.48:065][  0]LogUObjectGlobals: Warning: Failed to find object 'Class /Game/ThirdPersonBP/ThirdPersonOverview.ThirdPersonOverview_C'
[2019.07.19-14.54.50:517][  0]LogConsoleResponse: Display: 
[2019.07.19-14.54.54:871][  0]LogFileCache: Scanning file cache for directory 'C:/Users/walid/Downloads/CoinCollectorStarter/CoinCollectorStarter/Content/' took 0.03s
[2019.07.19-14.54.54:871][  0]LogCook: Display: Max memory allowance for cook 16384mb min free memory 0mb
[2019.07.19-14.54.54:872][  0]LogCook: Display: Mobile HDR setting 1
[2019.07.19-14.54.54:879][  0]LogGameplayTags: Display: UGameplayTagsManager::DoneAddingNativeTags. DelegateIsBound: 0
[2019.07.19-14.55.02:248][  0]SourceControl: Source control is disabled
[2019.07.19-14.55.02:312][  0]Cmd: MAP LOAD FILE="C:/Users/walid/Downloads/CoinCollectorStarter/CoinCollectorStarter/Content/CoinCollector/Maps/TutorialMap.umap" TEMPLATE=0 SHOWPROGRESS=1 FEATURELEVEL=3
[2019.07.19-14.55.02:378][  0]LightingResults: New page: Lighting Build
[2019.07.19-14.55.02:740][  0]MapCheck: New page: Map Check
[2019.07.19-14.55.02:740][  0]LightingResults: New page: Lighting Build
[2019.07.19-14.55.04:840][  0]LogTexture: Display: Building textures: T_Palette (AutoDXT, 256X256)
[2019.07.19-14.55.04:840][  0]LogStaticMesh: Building static mesh SM_Ground...
[2019.07.19-14.55.05:042][  0]LogStaticMesh: Built static mesh [0.20s] /Game/CoinCollector/Meshes/SM_Ground.SM_Ground
[2019.07.19-14.55.05:247][  0]LogMaterial: Missing cached shader map for material M_Prop, compiling. 
[2019.07.19-14.55.05:521][  0]LogStaticMesh: Building static mesh SM_Coin...
[2019.07.19-14.55.05:534][  0]LogStaticMesh: Built static mesh [0.05s] /Game/CoinCollector/Meshes/SM_Coin.SM_Coin
[2019.07.19-14.55.06:145][  0]LogAIModule: Creating AISystem for world TutorialMap
[2019.07.19-14.55.08:735][  0]LogEditorServer: Finished looking for orphan Actors (0.000 secs)
[2019.07.19-14.55.09:456][  0]Cmd: MAP CHECKDEP NOCLEARLOG
[2019.07.19-14.55.09:594][  0]MapCheck: Map check complete: 0 Error(s), 0 Warning(s), took 135.404ms to complete.
[2019.07.19-14.55.09:594][  0]LogFileHelpers: Loading map 'TutorialMap' took 7.298
[2019.07.19-14.55.14:276][  0]LogCollectionManager: Loaded 0 collections in 0.001738 seconds
[2019.07.19-14.55.15:277][  0]LogFileCache: Scanning file cache for directory 'C:/Users/walid/Downloads/CoinCollectorStarter/CoinCollectorStarter/Saved/Collections/' took 0.01s
[2019.07.19-14.55.15:277][  0]LogFileCache: Scanning file cache for directory 'C:/Users/walid/Downloads/CoinCollectorStarter/CoinCollectorStarter/Content/Developers/walid/Collections/' took 0.01s
[2019.07.19-14.55.15:277][  0]LogFileCache: Scanning file cache for directory 'C:/Users/walid/Downloads/CoinCollectorStarter/CoinCollectorStarter/Content/Collections/' took 0.01s
[2019.07.19-14.55.15:277][  0]LogCollectionManager: Rebuilt the GUID cache for 0 collections in 0.000001 seconds
[2019.07.19-14.55.15:328][  0]LogContentBrowser: Native class hierarchy populated in 0.0474 seconds. Added 2365 classes and 524 folders.
[2019.07.19-14.55.16:012][  0]LogContentBrowser: Native class hierarchy updated for 'WidgetCarousel' in 0.0011 seconds. Added 0 classes and 0 folders.
[2019.07.19-14.55.27:154][  0]LogContentBrowser: Native class hierarchy updated for 'AddContentDialog' in 0.0036 seconds. Added 0 classes and 0 folders.
[2019.07.19-14.55.27:386][  0]LogContentBrowser: Native class hierarchy updated for 'SceneOutliner' in 0.0038 seconds. Added 1 classes and 2 folders.
[2019.07.19-14.55.29:661][  0]LogSlate: Took 0.021754 seconds to synchronously load lazily loaded font '../../../Engine/Content/Slate/Fonts/Roboto-Regular.ttf' (155K)
[2019.07.19-14.55.29:684][  0]LogSlate: Took 0.019836 seconds to synchronously load lazily loaded font '../../../Engine/Content/Slate/Fonts/Roboto-Bold.ttf' (160K)
[2019.07.19-14.55.29:807][  0]LogSlate: Took 0.043047 seconds to synchronously load lazily loaded font '../../../Engine/Content/Editor/Slate/Fonts/FontAwesome.ttf' (139K)
[2019.07.19-14.55.31:634][  0]LogRenderer: Reallocating scene render targets to support 840x464 Format 9 NumSamples 1 (Frame:1).
[2019.07.19-14.55.34:423][  0]LogContentBrowser: Native class hierarchy updated for 'HierarchicalLODOutliner' in 0.0038 seconds. Added 1 classes and 2 folders.
[2019.07.19-14.55.34:424][  0]LogLoad: (Engine Initialization) Total time: 685.56 seconds
[2019.07.19-14.55.34:424][  0]LogLoad: (Engine Initialization) Total Blueprint compile time: 0.00 seconds
[2019.07.19-14.55.34:464][  0]LogExternalProfiler: Found external profiler: VSPerf
[2019.07.19-14.55.34:465][  0]LogExternalProfiler: Using external profiler: VSPerf
[2019.07.19-14.55.34:832][  0]LogContentStreaming: Texture pool size now 800 MB
[2019.07.19-14.55.35:611][  1]LogSlate: Took 0.020073 seconds to synchronously load lazily loaded font '../../../Engine/Content/Slate/Fonts/Roboto-Light.ttf' (159K)
[2019.07.19-14.55.35:960][  3]LogAssetRegistry: Asset discovery search completed in 427.5045 seconds
[2019.07.19-14.55.35:989][  3]LogCollectionManager: Rebuilt the object cache for 0 collections in 0.000009 seconds (found 0 objects)
[2019.07.19-14.55.35:990][  3]LogCollectionManager: Fixed up redirectors for 0 collections in 0.006276 seconds (updated 0 objects)
[2019.07.19-14.57.01:119][795]LogEditorViewport: Clicking on Actor (LMB): BP_Coin_C (BP_Coin2)
[2019.07.19-14.57.15:519][690]LogSlate: Took 0.082254 seconds to synchronously load lazily loaded font '../../../Engine/Content/Editor/Slate/Fonts/Roboto-Italic.ttf' (157K)
[2019.07.19-14.58.56:361][237]LogSlate: Took 0.015437 seconds to synchronously load lazily loaded font '../../../Engine/Content/Slate/Fonts/Roboto-Light.ttf' (159K)
[2019.07.19-14.58.57:243][237]LogSlate: Took 0.027979 seconds to synchronously load lazily loaded font '../../../Engine/Content/Slate/Fonts/Roboto-Regular.ttf' (155K)
[2019.07.19-14.58.57:723][237]LogContentBrowser: Native class hierarchy updated for 'BlueprintGraph' in 0.0221 seconds. Added 116 classes and 0 folders.
[2019.07.19-14.59.04:557][683]LogSlate: Took 0.070812 seconds to synchronously load lazily loaded font '../../../Engine/Content/Editor/Slate/Fonts/DroidSansMono.ttf' (77K)
[2019.07.19-14.59.14:765][785]LogSlate: Took 0.015019 seconds to synchronously load lazily loaded font '../../../Engine/Content/Editor/Slate/Fonts/Roboto-BoldCondensed.ttf' (158K)
[2019.07.19-14.59.24:374][694]LogRenderer: Reallocating scene render targets to support 840x532 Format 9 NumSamples 1 (Frame:1).
[2019.07.19-15.03.11:785][339]LogVSAccessor: Warning: Couldn't goto line number '0' in 'C:/Users/walid/Downloads/CoinCollectorStarter/CoinCollectorStarter/Source/CoinCollector/BaseCoin.h'
[2019.07.19-15.03.12:216][339]LogVSAccessor: Warning: Couldn't goto line number '0' in 'C:/Users/walid/Downloads/CoinCollectorStarter/CoinCollectorStarter/Source/CoinCollector/BaseCoin.cpp'
[2019.07.19-15.05.41:391][166]LogWindowsTextInputMethodSystem: Display: IME system now deactivated.
[2019.07.19-15.05.41:734][167]Cmd: QUIT_EDITOR
[2019.07.19-15.05.42:487][167]LogExit: Preparing to exit.
[2019.07.19-15.05.43:669][167]LogExit: Editor shut down
[2019.07.19-15.05.43:673][167]LogExit: Transaction tracking system shut down
[2019.07.19-15.05.44:217][167]LogDirectoryWatcher: A directory notification for '../../../Engine/Content/' was aborted.
[2019.07.19-15.05.44:217][167]LogDirectoryWatcher: A directory notification for 'C:/Users/walid/Downloads/CoinCollectorStarter/CoinCollectorStarter/Content/' was aborted.
[2019.07.19-15.05.44:218][167]LogDirectoryWatcher: A directory notification for '../../../Engine/Plugins/2D/Paper2D/Content/' was aborted.
[2019.07.19-15.05.44:218][167]LogDirectoryWatcher: A directory notification for '../../../Engine/Plugins/Media/MediaCompositing/Content/' was aborted.
[2019.07.19-15.05.44:218][167]LogDirectoryWatcher: A directory notification for '../../../Engine/Plugins/Runtime/AppleARKit/Content/' was aborted.
[2019.07.19-15.05.44:218][167]LogDirectoryWatcher: A directory notification for '../../../Engine/Plugins/Runtime/Oculus/OculusVR/Content/' was aborted.
[2019.07.19-15.05.44:218][167]LogDirectoryWatcher: A directory notification for '../../../Engine/Plugins/Runtime/Steam/SteamVR/Content/' was aborted.
[2019.07.19-15.05.47:017][167]LogExit: Object subsystem successfully closed.
[2019.07.19-15.05.47:497][167]LogD3D11RHI: Shutdown
[2019.07.19-15.05.47:508][167]LogD3D11RHI: CleanupD3DDevice
[2019.07.19-15.05.47:514][167]LogD3D11RHI: ~FD3D11DynamicRHI
[2019.07.19-15.05.48:757][167]LogModuleManager: Shutting down and abandoning module BlueprintGraph (554)
[2019.07.19-15.05.48:758][167]LogModuleManager: Shutting down and abandoning module HierarchicalLODOutliner (552)
[2019.07.19-15.05.48:758][167]LogModuleManager: Shutting down and abandoning module SceneOutliner (550)
[2019.07.19-15.05.48:765][167]LogModuleManager: Shutting down and abandoning module AddContentDialog (548)
[2019.07.19-15.05.48:765][167]LogDirectoryWatcher: A directory notification for 'D:/UE418/UE_4.18/FeaturePacks/' was aborted.
[2019.07.19-15.05.48:768][167]LogModuleManager: Shutting down and abandoning module WidgetCarousel (547)
[2019.07.19-15.05.48:768][167]LogModuleManager: Shutting down and abandoning module EditorWidgets (544)
[2019.07.19-15.05.48:768][167]LogModuleManager: Shutting down and abandoning module CollectionManager (542)
[2019.07.19-15.05.48:777][167]LogDirectoryWatcher: A directory notification for 'C:/Users/walid/Downloads/CoinCollectorStarter/CoinCollectorStarter/Content/Collections/' was aborted.
[2019.07.19-15.05.48:777][167]LogDirectoryWatcher: A directory notification for 'C:/Users/walid/Downloads/CoinCollectorStarter/CoinCollectorStarter/Content/Developers/walid/Collections/' was aborted.
[2019.07.19-15.05.48:777][167]LogDirectoryWatcher: A directory notification for 'C:/Users/walid/Downloads/CoinCollectorStarter/CoinCollectorStarter/Saved/Collections/' was aborted.
[2019.07.19-15.05.48:778][167]LogModuleManager: Shutting down and abandoning module StatsViewer (540)
[2019.07.19-15.05.48:793][167]LogModuleManager: Shutting down and abandoning module FoliageEdit (538)
[2019.07.19-15.05.48:793][167]LogModuleManager: Shutting down and abandoning module LandscapeEditor (536)
[2019.07.19-15.05.48:807][167]LogModuleManager: Shutting down and abandoning module MeshPaintMode (534)
[2019.07.19-15.05.48:807][167]LogModuleManager: Shutting down and abandoning module SceneDepthPickerMode (532)
[2019.07.19-15.05.48:807][167]LogModuleManager: Shutting down and abandoning module ActorPickerMode (530)
[2019.07.19-15.05.48:807][167]LogModuleManager: Shutting down and abandoning module GeometryMode (528)
[2019.07.19-15.05.48:807][167]LogModuleManager: Shutting down and abandoning module TextureAlignMode (526)
[2019.07.19-15.05.48:807][167]LogModuleManager: Shutting down and abandoning module BspMode (524)
[2019.07.19-15.05.48:808][167]LogModuleManager: Shutting down and abandoning module PIEPreviewDeviceProfileSelector (522)
[2019.07.19-15.05.48:808][167]LogModuleManager: Shutting down and abandoning module HardwareSurvey (520)
[2019.07.19-15.05.48:808][167]LogModuleManager: Shutting down and abandoning module SequenceRecorderSections (518)
[2019.07.19-15.05.48:817][167]LogModuleManager: Shutting down and abandoning module AutomationWorker (516)
[2019.07.19-15.05.48:829][167]LogModuleManager: Shutting down and abandoning module MatineeToLevelSequence (514)
[2019.07.19-15.05.48:844][167]LogModuleManager: Shutting down and abandoning module LevelSequenceEditor (512)
[2019.07.19-15.05.48:913][167]LogModuleManager: Shutting down and abandoning module PlacementMode (511)
[2019.07.19-15.05.48:914][167]LogModuleManager: Shutting down and abandoning module WmfMediaFactory (508)
[2019.07.19-15.05.48:914][167]LogModuleManager: Shutting down and abandoning module WmfMediaEditor (506)
[2019.07.19-15.05.48:914][167]LogModuleManager: Shutting down and abandoning module OpenExrWrapper (504)
[2019.07.19-15.05.48:914][167]LogModuleManager: Shutting down and abandoning module ImgMediaFactory (502)
[2019.07.19-15.05.48:914][167]LogModuleManager: Shutting down and abandoning module ImgMediaEditor (500)
[2019.07.19-15.05.48:914][167]LogModuleManager: Shutting down and abandoning module AvfMediaFactory (498)
[2019.07.19-15.05.48:914][167]LogModuleManager: Shutting down and abandoning module AvfMediaEditor (496)
[2019.07.19-15.05.48:914][167]LogModuleManager: Shutting down and abandoning module AndroidMediaFactory (494)
[2019.07.19-15.05.48:914][167]LogModuleManager: Shutting down and abandoning module AndroidMediaEditor (492)
[2019.07.19-15.05.48:914][167]LogModuleManager: Shutting down and abandoning module CharacterAI (490)
[2019.07.19-15.05.48:914][167]LogModuleManager: Shutting down and abandoning module AudioCapture (488)
[2019.07.19-15.05.48:915][167]LogModuleManager: Shutting down and abandoning module SequenceRecorder (487)
[2019.07.19-15.05.48:927][167]LogModuleManager: Shutting down and abandoning module SmartSnapping (484)
[2019.07.19-15.05.48:927][167]LogModuleManager: Shutting down and abandoning module SessionServices (482)
[2019.07.19-15.05.48:927][167]LogModuleManager: Shutting down and abandoning module ViewportSnapping (480)
[2019.07.19-15.05.48:927][167]LogModuleManager: Shutting down and abandoning module ViewportInteraction (478)
[2019.07.19-15.05.48:927][167]LogModuleManager: Shutting down and abandoning module ClothPainter (476)
[2019.07.19-15.05.48:938][167]LogModuleManager: Shutting down and abandoning module SkeletalMeshEditor (475)
[2019.07.19-15.05.48:966][167]LogModuleManager: Shutting down and abandoning module LogVisualizer (472)
[2019.07.19-15.05.48:992][167]LogModuleManager: Shutting down and abandoning module IntroTutorials (470)
[2019.07.19-15.05.49:006][167]LogModuleManager: Shutting down and abandoning module GameProjectGeneration (469)
[2019.07.19-15.05.49:031][167]LogModuleManager: Shutting down and abandoning module IOSPlatformEditor (466)
[2019.07.19-15.05.49:031][167]LogModuleManager: Shutting down and abandoning module HTML5PlatformEditor (464)
[2019.07.19-15.05.49:031][167]LogModuleManager: Shutting down and abandoning module AndroidPlatformEditor (462)
[2019.07.19-15.05.49:031][167]LogModuleManager: Shutting down and abandoning module AndroidDeviceDetection (461)
[2019.07.19-15.05.49:610][167]LogModuleManager: Shutting down and abandoning module WindowsPlatformEditor (458)
[2019.07.19-15.05.49:610][167]LogModuleManager: Shutting down and abandoning module IOSRuntimeSettings (456)
[2019.07.19-15.05.49:610][167]LogModuleManager: Shutting down and abandoning module AndroidRuntimeSettings (454)
[2019.07.19-15.05.49:610][167]LogModuleManager: Shutting down and abandoning module InputBindingEditor (452)
[2019.07.19-15.05.49:640][167]LogModuleManager: Shutting down and abandoning module MergeActors (450)
[2019.07.19-15.05.49:688][167]LogModuleManager: Shutting down and abandoning module SizeMap (448)
[2019.07.19-15.05.49:688][167]LogModuleManager: Shutting down and abandoning module TreeMap (446)
[2019.07.19-15.05.49:741][167]LogModuleManager: Shutting down and abandoning module ReferenceViewer (444)
[2019.07.19-15.05.49:741][167]LogModuleManager: Shutting down and abandoning module LocalizationDashboard (442)
[2019.07.19-15.05.49:750][167]LogModuleManager: Shutting down and abandoning module LocalizationService (441)
[2019.07.19-15.05.49:758][167]LogModuleManager: Shutting down and abandoning module HardwareTargeting (438)
[2019.07.19-15.05.49:758][167]LogModuleManager: Shutting down and abandoning module DeviceProfileEditor (436)
[2019.07.19-15.05.49:758][167]LogModuleManager: Shutting down and abandoning module UndoHistory (434)
[2019.07.19-15.05.49:759][167]LogModuleManager: Shutting down and abandoning module XmlParser (432)
[2019.07.19-15.05.49:767][167]LogModuleManager: Shutting down and abandoning module Blutility (430)
[2019.07.19-15.05.49:785][167]LogModuleManager: Shutting down and abandoning module ProjectSettingsViewer (428)
[2019.07.19-15.05.49:785][167]LogModuleManager: Shutting down and abandoning module ProjectTargetPlatformEditor (427)
[2019.07.19-15.05.49:785][167]LogModuleManager: Shutting down and abandoning module EditorSettingsViewer (424)
[2019.07.19-15.05.49:785][167]LogModuleManager: Shutting down and abandoning module SettingsEditor (422)
[2019.07.19-15.05.49:842][167]LogModuleManager: Shutting down and abandoning module ProjectLauncher (420)
[2019.07.19-15.05.49:862][167]LogModuleManager: Shutting down and abandoning module SessionFrontend (418)
[2019.07.19-15.05.49:875][167]LogModuleManager: Shutting down and abandoning module ProfilerClient (416)
[2019.07.19-15.05.49:885][167]LogModuleManager: Shutting down and abandoning module DeviceManager (414)
[2019.07.19-15.05.49:920][167]LogModuleManager: Shutting down and abandoning module TargetDeviceServices (413)
[2019.07.19-15.05.49:986][167]LogModuleManager: Shutting down and abandoning module AutomationController (410)
[2019.07.19-15.05.50:018][167]LogModuleManager: Shutting down and abandoning module AutomationWindow (408)
[2019.07.19-15.05.50:034][167]LogModuleManager: Shutting down and abandoning module Layers (406)
[2019.07.19-15.05.50:140][167]LogModuleManager: Shutting down and abandoning module ComponentVisualizers (404)
[2019.07.19-15.05.50:140][167]LogModuleManager: Shutting down and abandoning module DetailCustomizations (402)
[2019.07.19-15.05.50:140][167]LogModuleManager: Shutting down and abandoning module PackagesDialog (400)
[2019.07.19-15.05.50:232][167]LogModuleManager: Shutting down and abandoning module Persona (398)
[2019.07.19-15.05.50:377][167]LogModuleManager: Shutting down and abandoning module AdvancedPreviewScene (397)
[2019.07.19-15.05.50:377][167]LogModuleManager: Shutting down and abandoning module AnimGraph (395)
[2019.07.19-15.05.50:377][167]LogModuleManager: Shutting down and abandoning module Kismet (392)
[2019.07.19-15.05.50:439][167]LogModuleManager: Shutting down and abandoning module ClassViewer (390)
[2019.07.19-15.05.50:439][167]LogModuleManager: Shutting down and abandoning module Toolbox (388)
[2019.07.19-15.05.50:439][167]LogModuleManager: Shutting down and abandoning module ModuleUI (386)
[2019.07.19-15.05.50:467][167]LogModuleManager: Shutting down and abandoning module MovieSceneTools (384)
[2019.07.19-15.05.50:515][167]LogModuleManager: Shutting down and abandoning module OutputLog (382)
[2019.07.19-15.05.50:515][167]LogModuleManager: Shutting down and abandoning module GammaUI (380)
[2019.07.19-15.05.50:525][167]LogModuleManager: Shutting down and abandoning module Documentation (378)
[2019.07.19-15.05.50:525][167]LogModuleManager: Shutting down and abandoning module MovieSceneTracks (376)
[2019.07.19-15.05.50:525][167]LogModuleManager: Shutting down and abandoning module MovieScene (374)
[2019.07.19-15.05.50:525][167]LogModuleManager: Shutting down and abandoning module StreamingPauseRendering (372)
[2019.07.19-15.05.50:525][167]LogModuleManager: Shutting down and abandoning module LauncherPlatform (370)
[2019.07.19-15.05.50:526][167]LogModuleManager: Shutting down and abandoning module AnalyticsET (368)
[2019.07.19-15.05.50:526][167]LogModuleManager: Shutting down and abandoning module PortalServices (366)
[2019.07.19-15.05.50:526][167]LogModuleManager: Shutting down and abandoning module PortalRpc (364)
[2019.07.19-15.05.50:526][167]LogModuleManager: Shutting down and abandoning module MessagingRpc (362)
[2019.07.19-15.05.50:526][167]LogModuleManager: Shutting down and abandoning module AIModule (360)
[2019.07.19-15.05.50:526][167]LogModuleManager: Shutting down and abandoning module GameplayDebugger (359)
[2019.07.19-15.05.50:555][167]LogModuleManager: Shutting down and abandoning module AITestSuite (357)
[2019.07.19-15.05.50:561][167]LogModuleManager: Shutting down and abandoning module ProfilerService (354)
[2019.07.19-15.05.50:773][167]LogModuleManager: Shutting down and abandoning module TaskGraph (352)
[2019.07.19-15.05.50:826][167]LogModuleManager: Shutting down and abandoning module UEAnimaLoader (350)
[2019.07.19-15.05.50:826][167]LogModuleManager: Shutting down and abandoning module SteamVRController (348)
[2019.07.19-15.05.50:826][167]LogModuleManager: Shutting down and abandoning module ProceduralMeshComponentEditor (346)
[2019.07.19-15.05.50:826][167]LogModuleManager: Shutting down and abandoning module ProceduralMeshComponent (344)
[2019.07.19-15.05.50:849][167]LogModuleManager: Shutting down and abandoning module OculusInput (342)
[2019.07.19-15.05.50:901][167]LogModuleManager: Shutting down and abandoning module MobilePatchingUtils (340)
[2019.07.19-15.05.50:901][167]LogModuleManager: Shutting down and abandoning module CustomMeshComponent (338)
[2019.07.19-15.05.50:901][167]LogModuleManager: Shutting down and abandoning module CableComponent (336)
[2019.07.19-15.05.50:956][167]LogModuleManager: Shutting down and abandoning module ArchVisCharacter (334)
[2019.07.19-15.05.50:957][167]LogModuleManager: Shutting down and abandoning module AndroidPermission (332)
[2019.07.19-15.05.50:957][167]LogModuleManager: Shutting down and abandoning module ActorSequence (328)
[2019.07.19-15.05.50:957][167]LogModuleManager: Shutting down and abandoning module MediaPlayerEditor (326)
[2019.07.19-15.05.51:356][167]LogModuleManager: Shutting down and abandoning module MediaCompositingEditor (324)
[2019.07.19-15.05.51:356][167]LogModuleManager: Shutting down and abandoning module MediaCompositing (322)
[2019.07.19-15.05.51:356][167]LogModuleManager: Shutting down and abandoning module HTML5Networking (320)
[2019.07.19-15.05.51:356][167]LogModuleManager: Shutting down and abandoning module AlembicImporter (318)
[2019.07.19-15.05.51:423][167]LogModuleManager: Shutting down and abandoning module AlembicLibrary (317)
[2019.07.19-15.05.51:423][167]LogModuleManager: Shutting down and abandoning module GeometryCache (316)
[2019.07.19-15.05.51:449][167]LogModuleManager: Shutting down and abandoning module GeometryCacheEd (315)
[2019.07.19-15.05.51:449][167]LogModuleManager: Shutting down and abandoning module SpeedTreeImporter (310)
[2019.07.19-15.05.51:449][167]LogModuleManager: Shutting down and abandoning module PluginBrowser (308)
[2019.07.19-15.05.51:532][167]LogModuleManager: Shutting down and abandoning module MobileLauncherProfileWizard (306)
[2019.07.19-15.05.51:662][167]LogModuleManager: Shutting down and abandoning module VisualStudioSourceCodeAccess (304)
[2019.07.19-15.05.51:663][167]LogModuleManager: Shutting down and abandoning module VisualStudioCodeSourceCodeAccess (302)
[2019.07.19-15.05.51:663][167]LogModuleManager: Shutting down and abandoning module UObjectPlugin (300)
[2019.07.19-15.05.51:663][167]LogModuleManager: Shutting down and abandoning module SubversionSourceControl (298)
[2019.07.19-15.05.51:861][167]LogModuleManager: Shutting down and abandoning module PerforceSourceControl (296)
[2019.07.19-15.05.52:054][167]LogModuleManager: Shutting down and abandoning module GitSourceControl (294)
[2019.07.19-15.05.52:207][167]LogModuleManager: Shutting down and abandoning module SourceControl (293)
[2019.07.19-15.05.52:377][167]LogModuleManager: Shutting down and abandoning module LightPropagationVolumeEditor (290)
[2019.07.19-15.05.52:377][167]LogModuleManager: Shutting down and abandoning module PaperTiledImporter (288)
[2019.07.19-15.05.52:377][167]LogModuleManager: Shutting down and abandoning module PaperSpriteSheetImporter (286)
[2019.07.19-15.05.52:377][167]LogModuleManager: Shutting down and abandoning module Paper2DEditor (284)
[2019.07.19-15.05.53:060][167]LogModuleManager: Shutting down and abandoning module MeshPaint (283)
[2019.07.19-15.05.53:123][167]LogModuleManager: Shutting down and abandoning module LevelEditor (281)
[2019.07.19-15.05.53:126][167]LogModuleManager: Shutting down and abandoning module PixelInspectorModule (280)
[2019.07.19-15.05.53:175][167]LogModuleManager: Shutting down and abandoning module MainFrame (278)
[2019.07.19-15.05.53:176][167]LogModuleManager: Shutting down and abandoning module HotReload (277)
[2019.07.19-15.05.53:256][167]LogDirectoryWatcher: A directory notification for 'C:/Users/walid/Downloads/CoinCollectorStarter/CoinCollectorStarter/Binaries/Win64' was aborted.
[2019.07.19-15.05.53:288][167]LogModuleManager: Shutting down and abandoning module CoinCollector (272)
[2019.07.19-15.05.53:288][167]LogModuleManager: Shutting down and abandoning module RuntimePhysXCooking (270)
[2019.07.19-15.05.53:288][167]LogModuleManager: Shutting down and abandoning module PhysXVehiclesEditor (268)
[2019.07.19-15.05.53:289][167]LogModuleManager: Shutting down and abandoning module PhysXVehicles (266)
[2019.07.19-15.05.53:289][167]LogModuleManager: Shutting down and abandoning module OculusEditor (264)
[2019.07.19-15.05.53:289][167]LogModuleManager: Shutting down and abandoning module LocationServicesBPLibrary (262)
[2019.07.19-15.05.53:289][167]LogModuleManager: Shutting down and abandoning module ImmediatePhysicsEditor (260)
[2019.07.19-15.05.53:289][167]LogModuleManager: Shutting down and abandoning module ImmediatePhysics (258)
[2019.07.19-15.05.53:332][167]LogModuleManager: Shutting down and abandoning module UdpMessaging (256)
[2019.07.19-15.05.53:433][167]LogModuleManager: Shutting down and abandoning module TcpMessaging (254)
[2019.07.19-15.05.53:554][167]LogModuleManager: Shutting down and abandoning module GameplayTagsEditor (252)
[2019.07.19-15.05.53:649][167]LogModuleManager: Shutting down and abandoning module FacialAnimationEditor (250)
[2019.07.19-15.05.53:649][167]LogModuleManager: Shutting down and abandoning module FacialAnimation (248)
[2019.07.19-15.05.53:649][167]LogModuleManager: Shutting down and abandoning module AssetManagerEditor (246)
[2019.07.19-15.05.53:790][167]LogModuleManager: Shutting down and abandoning module GraphEditor (245)
[2019.07.19-15.05.53:790][167]LogModuleManager: Shutting down and abandoning module ContentBrowser (243)
[2019.07.19-15.05.53:791][167]LogModuleManager: Shutting down and abandoning module LightPropagationVolumeRuntime (240)
[2019.07.19-15.05.53:791][167]LogModuleManager: Shutting down and abandoning module Paper2D (238)
[2019.07.19-15.05.53:791][167]LogModuleManager: Shutting down and abandoning module WindowsMoviePlayer (236)
[2019.07.19-15.05.53:858][167]LogModuleManager: Shutting down and abandoning module WmfMedia (234)
[2019.07.19-15.05.53:890][167]LogModuleManager: Shutting down and abandoning module ImgMedia (232)
[2019.07.19-15.05.53:891][167]LogModuleManager: Shutting down and abandoning module PacketHandler (230)
[2019.07.19-15.05.53:891][167]LogModuleManager: Shutting down and abandoning module ClothingSystemEditor (228)
[2019.07.19-15.05.53:891][167]LogModuleManager: Shutting down and abandoning module ClothingSystemRuntime (226)
[2019.07.19-15.05.53:969][167]LogModuleManager: Shutting down and abandoning module MediaAssets (224)
[2019.07.19-15.05.53:969][167]LogModuleManager: Shutting down and abandoning module Media (223)
[2019.07.19-15.05.53:976][167]LogModuleManager: Shutting down and abandoning module Overlay (220)
[2019.07.19-15.05.53:976][167]LogModuleManager: Shutting down and abandoning module OverlayEditor (219)
[2019.07.19-15.05.53:977][167]LogModuleManager: Shutting down and abandoning module VREditor (216)
[2019.07.19-15.05.54:082][167]LogModuleManager: Shutting down and abandoning module StringTableEditor (214)
[2019.07.19-15.05.54:218][167]LogModuleManager: Shutting down and abandoning module GameplayTasksEditor (212)
[2019.07.19-15.05.54:218][167]LogModuleManager: Shutting down and abandoning module BehaviorTreeEditor (210)
[2019.07.19-15.05.54:865][167]LogModuleManager: Shutting down and abandoning module FunctionalTesting (208)
[2019.07.19-15.05.54:908][167]LogModuleManager: Shutting down and abandoning module CollisionAnalyzer (206)
[2019.07.19-15.05.54:962][167]LogModuleManager: Shutting down and abandoning module WorkspaceMenuStructure (205)
[2019.07.19-15.05.54:962][167]LogModuleManager: Shutting down and abandoning module UMG (202)
[2019.07.19-15.05.55:004][167]LogModuleManager: Shutting down and abandoning module UMGEditor (201)
[2019.07.19-15.05.55:031][167]LogModuleManager: Shutting down and abandoning module Sequencer (200)
[2019.07.19-15.05.55:052][167]LogModuleManager: Shutting down and abandoning module MessageLog (197)
[2019.07.19-15.05.55:052][167]LogModuleManager: Shutting down and abandoning module SlateReflector (192)
[2019.07.19-15.05.55:092][167]LogModuleManager: Shutting down and abandoning module Slate (190)
[2019.07.19-15.05.55:092][167]LogModuleManager: Shutting down and abandoning module EditorStyle (188)
[2019.07.19-15.05.55:094][167]LogModuleManager: Shutting down and abandoning module MRMesh (186)
[2019.07.19-15.05.55:094][167]LogModuleManager: Shutting down and abandoning module SourceCodeAccess (184)
[2019.07.19-15.05.55:094][167]LogModuleManager: Shutting down and abandoning module HeadMountedDisplay (182)
[2019.07.19-15.05.55:094][167]LogModuleManager: Shutting down and abandoning module XAudio2 (180)
[2019.07.19-15.05.55:095][167]LogModuleManager: Shutting down and abandoning module Networking (178)
[2019.07.19-15.05.55:095][167]LogModuleManager: Shutting down and abandoning module Core (174)
[2019.07.19-15.05.55:095][167]LogModuleManager: Shutting down and abandoning module LevelSequence (170)
[2019.07.19-15.05.55:095][167]LogModuleManager: Shutting down and abandoning module DirectoryWatcher (168)
[2019.07.19-15.05.55:095][167]LogModuleManager: Shutting down and abandoning module KismetCompiler (166)
[2019.07.19-15.05.55:095][167]LogModuleManager: Shutting down and abandoning module MeshUtilities (164)
[2019.07.19-15.05.55:120][167]LogModuleManager: Shutting down and abandoning module MeshMergeUtilities (163)
[2019.07.19-15.05.55:129][167]LogModuleManager: Shutting down and abandoning module MeshReductionInterface (162)
[2019.07.19-15.05.55:129][167]LogModuleManager: Shutting down and abandoning module SimplygonSwarm (161)
[2019.07.19-15.05.55:146][167]LogModuleManager: Shutting down and abandoning module SimplygonMeshReduction (159)
[2019.07.19-15.05.55:146][167]LogModuleManager: Shutting down and abandoning module QuadricMeshReduction (157)
[2019.07.19-15.05.55:160][167]LogModuleManager: Shutting down and abandoning module MaterialBaking (153)
[2019.07.19-15.05.55:167][167]LogModuleManager: Shutting down and abandoning module DerivedDataCache (150)
[2019.07.19-15.05.55:316][167]LogDerivedDataCache: Shutdown
[2019.07.19-15.05.55:316][167]LogModuleManager: Shutting down and abandoning module TargetPlatform (148)
[2019.07.19-15.05.55:316][167]LogModuleManager: Shutting down and abandoning module VulkanShaderFormat (147)
[2019.07.19-15.05.55:327][167]LogModuleManager: Shutting down and abandoning module ShaderFormatVectorVM (145)
[2019.07.19-15.05.55:337][167]LogModuleManager: Shutting down and abandoning module ShaderFormatOpenGL (143)
[2019.07.19-15.05.55:341][167]LogModuleManager: Shutting down and abandoning module ShaderFormatD3D (141)
[2019.07.19-15.05.55:352][167]LogModuleManager: Shutting down and abandoning module MetalShaderFormat (139)
[2019.07.19-15.05.55:370][167]LogModuleManager: Shutting down and abandoning module TextureFormatUncompressed (137)
[2019.07.19-15.05.55:370][167]LogModuleManager: Shutting down and abandoning module TextureFormatPVR (135)
[2019.07.19-15.05.55:370][167]LogModuleManager: Shutting down and abandoning module TextureFormatDXT (133)
[2019.07.19-15.05.55:370][167]LogModuleManager: Shutting down and abandoning module TextureFormatIntelISPCTexComp (131)
[2019.07.19-15.05.55:385][167]LogModuleManager: Shutting down and abandoning module TextureFormatASTC (129)
[2019.07.19-15.05.55:385][167]LogModuleManager: Shutting down and abandoning module ImageWrapper (128)
[2019.07.19-15.05.55:385][167]LogModuleManager: Shutting down and abandoning module TextureFormatAndroid (125)
[2019.07.19-15.05.55:385][167]LogModuleManager: Shutting down and abandoning module AudioFormatOpus (123)
[2019.07.19-15.05.55:385][167]LogModuleManager: Shutting down and abandoning module AudioFormatOgg (121)
[2019.07.19-15.05.55:385][167]LogModuleManager: Shutting down and abandoning module AudioFormatADPCM (119)
[2019.07.19-15.05.55:386][167]LogModuleManager: Shutting down and abandoning module LinuxTargetPlatform (117)
[2019.07.19-15.05.55:386][167]LogModuleManager: Shutting down and abandoning module LinuxServerTargetPlatform (115)
[2019.07.19-15.05.55:386][167]LogModuleManager: Shutting down and abandoning module LinuxNoEditorTargetPlatform (113)
[2019.07.19-15.05.55:386][167]LogModuleManager: Shutting down and abandoning module LinuxClientTargetPlatform (111)
[2019.07.19-15.05.55:386][167]LogModuleManager: Shutting down and abandoning module TVOSTargetPlatform (109)
[2019.07.19-15.05.55:386][167]LogModuleManager: Shutting down and abandoning module Messaging (107)
[2019.07.19-15.05.55:386][167]LogModuleManager: Shutting down and abandoning module IOSTargetPlatform (105)
[2019.07.19-15.05.55:386][167]LogModuleManager: Shutting down and abandoning module HTML5TargetPlatform (103)
[2019.07.19-15.05.55:386][167]LogModuleManager: Shutting down and abandoning module AndroidTargetPlatform (101)
[2019.07.19-15.05.55:386][167]LogModuleManager: Shutting down and abandoning module Android_PVRTCTargetPlatform (99)
[2019.07.19-15.05.55:386][167]LogModuleManager: Shutting down and abandoning module Android_MultiTargetPlatform (97)
[2019.07.19-15.05.55:386][167]LogModuleManager: Shutting down and abandoning module Android_ETC2TargetPlatform (95)
[2019.07.19-15.05.55:386][167]LogModuleManager: Shutting down and abandoning module Android_ETC1TargetPlatform (93)
[2019.07.19-15.05.55:386][167]LogModuleManager: Shutting down and abandoning module Android_DXTTargetPlatform (91)
[2019.07.19-15.05.55:386][167]LogModuleManager: Shutting down and abandoning module Android_ATCTargetPlatform (89)
[2019.07.19-15.05.55:386][167]LogModuleManager: Shutting down and abandoning module Android_ASTCTargetPlatform (87)
[2019.07.19-15.05.55:386][167]LogModuleManager: Shutting down and abandoning module WindowsTargetPlatform (85)
[2019.07.19-15.05.55:386][167]LogModuleManager: Shutting down and abandoning module WindowsServerTargetPlatform (83)
[2019.07.19-15.05.55:386][167]LogModuleManager: Shutting down and abandoning module WindowsNoEditorTargetPlatform (81)
[2019.07.19-15.05.55:386][167]LogModuleManager: Shutting down and abandoning module WindowsClientTargetPlatform (79)
[2019.07.19-15.05.55:386][167]LogModuleManager: Shutting down and abandoning module MacTargetPlatform (77)
[2019.07.19-15.05.55:386][167]LogModuleManager: Shutting down and abandoning module MacServerTargetPlatform (75)
[2019.07.19-15.05.55:386][167]LogModuleManager: Shutting down and abandoning module MacNoEditorTargetPlatform (73)
[2019.07.19-15.05.55:386][167]LogModuleManager: Shutting down and abandoning module MacClientTargetPlatform (71)
[2019.07.19-15.05.55:386][167]LogModuleManager: Shutting down and abandoning module AllDesktopTargetPlatform (69)
[2019.07.19-15.05.55:386][167]LogModuleManager: Shutting down and abandoning module InputCore (66)
[2019.07.19-15.05.55:386][167]LogModuleManager: Shutting down and abandoning module Settings (64)
[2019.07.19-15.05.55:386][167]LogModuleManager: Shutting down and abandoning module PhysXCooking (62)
[2019.07.19-15.05.55:386][167]LogModuleManager: Shutting down and abandoning module SteamVR (60)
[2019.07.19-15.05.55:386][167]LogModuleManager: Shutting down and abandoning module OculusHMD (58)
[2019.07.19-15.05.55:397][167]LogModuleManager: Shutting down and abandoning module ExampleDeviceProfileSelector (56)
[2019.07.19-15.05.55:397][167]LogModuleManager: Shutting down and abandoning module AppleARKit (54)
[2019.07.19-15.05.55:397][167]LogModuleManager: Shutting down and abandoning module AugmentedReality (53)
[2019.07.19-15.05.55:397][167]LogModuleManager: Shutting down and abandoning module OnlineBlueprintSupport (50)
[2019.07.19-15.05.55:397][167]LogModuleManager: Shutting down and abandoning module OnlineSubsystem (46)
[2019.07.19-15.05.55:432][167]LogModuleManager: Shutting down and abandoning module XMPP (45)
[2019.07.19-15.05.55:453][167]LogModuleManager: Shutting down and abandoning module HTTP (43)
[2019.07.19-15.05.55:453][167]LogHttp: Display: Http module shutting down, but needs to wait on 1 outstanding Http requests:
[2019.07.19-15.05.55:453][167]LogHttp: Display: 	verb=[POST] url=[https://datarouter.ol.epicgames.com/datarouter/api/v1/public/data?SessionID=%7B2C60D52B-4FF9-2801-E75F-03A8779C6B5C%7D&AppID=UEEditor.Rocket.Release&AppVersion=4.18.3-3832480%2B%2B%2BUE4%2BRelease-4.18&UserID=d997032447a84b3d894f7db82a0879fe%7C23a2111a7e15405cba168622ce0f5987%7Cc2127f3c-1dda-4300-b816-f49ab9038d6f&AppEnvironment=datacollector-binary&UploadType=eteventstream] status=Processing
[2019.07.19-15.05.55:483][167]LogModuleManager: Shutting down and abandoning module SSL (42)
[2019.07.19-15.05.55:519][167]LogModuleManager: Shutting down and abandoning module DesktopPlatform (38)
[2019.07.19-15.05.55:519][167]LogModuleManager: Shutting down and abandoning module AnimationModifiers (36)
[2019.07.19-15.05.55:531][167]LogModuleManager: Shutting down and abandoning module PropertyEditor (35)
[2019.07.19-15.05.55:532][167]LogModuleManager: Shutting down and abandoning module AudioEditor (32)
[2019.07.19-15.05.55:544][167]LogModuleManager: Shutting down and abandoning module TextureCompressor (30)
[2019.07.19-15.05.55:544][167]LogModuleManager: Shutting down and abandoning module ShaderCore (28)
[2019.07.19-15.05.55:544][167]LogModuleManager: Shutting down and abandoning module Landscape (26)
[2019.07.19-15.05.55:544][167]LogModuleManager: Shutting down and abandoning module SlateRHIRenderer (24)
[2019.07.19-15.05.55:561][167]LogModuleManager: Shutting down and abandoning module OpenGLDrv (22)
[2019.07.19-15.05.55:578][167]LogModuleManager: Shutting down and abandoning module D3D11RHI (20)
[2019.07.19-15.05.55:578][167]LogModuleManager: Shutting down and abandoning module AnimGraphRuntime (18)
[2019.07.19-15.05.55:592][167]LogModuleManager: Shutting down and abandoning module Renderer (16)
[2019.07.19-15.05.55:592][167]LogModuleManager: Shutting down and abandoning module Engine (14)
[2019.07.19-15.05.55:592][167]LogModuleManager: Shutting down and abandoning module CoreUObject (12)
[2019.07.19-15.05.55:592][167]LogModuleManager: Shutting down and abandoning module NetworkFile (10)
[2019.07.19-15.05.55:601][167]LogModuleManager: Shutting down and abandoning module CookedIterativeFile (8)
[2019.07.19-15.05.55:602][167]LogModuleManager: Shutting down and abandoning module StreamingFile (6)
[2019.07.19-15.05.55:607][167]LogModuleManager: Shutting down and abandoning module SandboxFile (4)
[2019.07.19-15.05.55:615][167]LogModuleManager: Shutting down and abandoning module PakFile (2)
[2019.07.19-15.05.55:650][167]LogExit: Exiting.
[2019.07.19-15.05.55:684][167]Log file closed, 07/19/19 16:05:55
