Log file open, 07/21/19 11:01:29
LogWindows: Failed to load 'aqProf.dll' (GetLastError=126)
LogWindows: File 'aqProf.dll' does not exist
LogWindows: Failed to load 'VtuneApi.dll' (GetLastError=126)
LogWindows: File 'VtuneApi.dll' does not exist
LogWindows: Failed to load 'VtuneApi32e.dll' (GetLastError=126)
LogWindows: File 'VtuneApi32e.dll' does not exist
LogInit: Display: Running engine for game: CoinCollector
LogPlatformFile: Not using cached read wrapper
LogInit: Display: RandInit(1882122832) SRandInit(1882122832).
LogInit: Read version file with build ID '3709383'
LogInit: Overriding engine version to CL 3832480, compatible CL 3709383
LogInit: Registered custom module enumerator with build ID '3709383'
LogTaskGraph: Started task graph with 5 named threads and 14 total threads with 3 sets of task threads.
LogStats: Stats thread started at 0.207909
LogD3D11RHI: Aftermath initialized
LogPluginManager: Mounting plugin Paper2D
LogPluginManager: Mounting plugin LightPropagationVolume
LogPluginManager: Mounting plugin CodeLiteSourceCodeAccess
LogPluginManager: Mounting plugin GitSourceControl
LogPluginManager: Mounting plugin KDevelopSourceCodeAccess
LogPluginManager: Mounting plugin NullSourceCodeAccess
LogPluginManager: Mounting plugin PerforceSourceControl
LogPluginManager: Mounting plugin SubversionSourceControl
LogPluginManager: Mounting plugin UObjectPlugin
LogPluginManager: Mounting plugin VisualStudioCodeSourceCodeAccess
LogPluginManager: Mounting plugin VisualStudioSourceCodeAccess
LogPluginManager: Mounting plugin XCodeSourceCodeAccess
LogPluginManager: Mounting plugin AssetManagerEditor
LogPluginManager: Mounting plugin AudioCapture
LogPluginManager: Mounting plugin FacialAnimation
LogPluginManager: Mounting plugin GameplayTagsEditor
LogPluginManager: Mounting plugin MobileLauncherProfileWizard
LogPluginManager: Mounting plugin PluginBrowser
LogPluginManager: Mounting plugin SpeedTreeImporter
LogPluginManager: Mounting plugin AlembicImporter
LogPluginManager: Mounting plugin CharacterAI
LogPluginManager: Mounting plugin HTML5Networking
LogPluginManager: Mounting plugin AndroidMedia
LogPluginManager: Mounting plugin AvfMedia
LogPluginManager: Mounting plugin ImgMedia
LogPluginManager: Mounting plugin MediaCompositing
LogPluginManager: Mounting plugin MediaPlayerEditor
LogPluginManager: Mounting plugin WmfMedia
LogPluginManager: Mounting plugin TcpMessaging
LogPluginManager: Mounting plugin UdpMessaging
LogPluginManager: Mounting plugin ActorSequence
LogPluginManager: Mounting plugin LevelSequenceEditor
LogPluginManager: Mounting plugin MatineeToLevelSequence
LogPluginManager: Mounting plugin OnlineSubsystemGooglePlay
LogPluginManager: Mounting plugin OnlineSubsystemIOS
LogPluginManager: Mounting plugin OnlineSubsystem
LogPluginManager: Mounting plugin OnlineSubsystemNull
LogPluginManager: Mounting plugin OnlineSubsystemUtils
LogPluginManager: Mounting plugin AndroidDeviceProfileSelector
LogPluginManager: Mounting plugin AndroidMoviePlayer
LogPluginManager: Mounting plugin AndroidPermission
LogPluginManager: Mounting plugin AppleARKit
LogPluginManager: Mounting plugin AppleMoviePlayer
LogPluginManager: Mounting plugin ArchVisCharacter
LogPluginManager: Mounting plugin CableComponent
LogPluginManager: Mounting plugin CustomMeshComponent
LogPluginManager: Mounting plugin ExampleDeviceProfileSelector
LogPluginManager: Mounting plugin GoogleCloudMessaging
LogPluginManager: Mounting plugin ImmediatePhysics
LogPluginManager: Mounting plugin IOSDeviceProfileSelector
LogPluginManager: Mounting plugin LinuxDeviceProfileSelector
LogPluginManager: Mounting plugin LocationServicesBPLibrary
LogPluginManager: Mounting plugin MobilePatchingUtils
LogPluginManager: Mounting plugin OculusVR
LogPluginManager: Plugin shader directory ../../../Engine/Plugins/Runtime/Oculus/OculusVR/Shaders found
LogPluginManager: Mapping shader source directory ../../../Engine/Plugins/Runtime/Oculus/OculusVR/Shaders to virtual directory /Plugin/OculusVR
LogPluginManager: Mounting plugin PhysXVehicles
LogPluginManager: Mounting plugin ProceduralMeshComponent
LogPluginManager: Mounting plugin RuntimePhysXCooking
LogPluginManager: Mounting plugin SteamVR
LogPluginManager: Mounting plugin WindowsMoviePlayer
LogPluginManager: Mounting plugin UEAnimaLoader
LogModuleManager: Display: Found up-to-date module file C:/Users/walid/Downloads/CoinCollectorStarter/CoinCollectorStarter/Binaries/Win64/UE4Editor-CoinCollector-9233.dll (API version 3709383).
LogModuleManager: Display: Found up-to-date module file ../../../Engine/Plugins/2D/Paper2D/Binaries/Win64/UE4Editor-Paper2D.dll (API version 3709383).
LogModuleManager: Display: Found up-to-date module file ../../../Engine/Plugins/2D/Paper2D/Binaries/Win64/UE4Editor-Paper2DEditor.dll (API version 3709383).
LogModuleManager: Display: Found up-to-date module file ../../../Engine/Plugins/2D/Paper2D/Binaries/Win64/UE4Editor-PaperSpriteSheetImporter.dll (API version 3709383).
LogModuleManager: Display: Found up-to-date module file ../../../Engine/Plugins/2D/Paper2D/Binaries/Win64/UE4Editor-PaperTiledImporter.dll (API version 3709383).
LogModuleManager: Display: Found up-to-date module file ../../../Engine/Plugins/2D/Paper2D/Binaries/Win64/UE4Editor-SmartSnapping.dll (API version 3709383).
LogModuleManager: Display: Found up-to-date module file ../../../Engine/Plugins/Blendables/LightPropagationVolume/Binaries/Win64/UE4Editor-LightPropagationVolumeRuntime.dll (API version 3709383).
LogModuleManager: Display: Found up-to-date module file ../../../Engine/Plugins/Blendables/LightPropagationVolume/Binaries/Win64/UE4Editor-LightPropagationVolumeEditor.dll (API version 3709383).
LogModuleManager: Display: Found up-to-date module file ../../../Engine/Plugins/Developer/GitSourceControl/Binaries/Win64/UE4Editor-GitSourceControl.dll (API version 3709383).
LogModuleManager: Display: Found up-to-date module file ../../../Engine/Plugins/Developer/PerforceSourceControl/Binaries/Win64/UE4Editor-PerforceSourceControl.dll (API version 3709383).
LogModuleManager: Display: Found up-to-date module file ../../../Engine/Plugins/Developer/SubversionSourceControl/Binaries/Win64/UE4Editor-SubversionSourceControl.dll (API version 3709383).
LogModuleManager: Display: Found up-to-date module file ../../../Engine/Plugins/Developer/UObjectPlugin/Binaries/Win64/UE4Editor-UObjectPlugin.dll (API version 3709383).
LogModuleManager: Display: Found up-to-date module file ../../../Engine/Plugins/Developer/VisualStudioCodeSourceCodeAccess/Binaries/Win64/UE4Editor-VisualStudioCodeSourceCodeAccess.dll (API version 3709383).
LogModuleManager: Display: Found up-to-date module file ../../../Engine/Plugins/Developer/VisualStudioSourceCodeAccess/Binaries/Win64/UE4Editor-VisualStudioSourceCodeAccess.dll (API version 3709383).
LogModuleManager: Display: Found up-to-date module file ../../../Engine/Plugins/Editor/AssetManagerEditor/Binaries/Win64/UE4Editor-AssetManagerEditor.dll (API version 3709383).
LogModuleManager: Display: Found up-to-date module file ../../../Engine/Plugins/Editor/AudioCapture/Binaries/Win64/UE4Editor-AudioCapture.dll (API version 3709383).
LogModuleManager: Display: Found up-to-date module file ../../../Engine/Plugins/Editor/FacialAnimation/Binaries/Win64/UE4Editor-FacialAnimation.dll (API version 3709383).
LogModuleManager: Display: Found up-to-date module file ../../../Engine/Plugins/Editor/FacialAnimation/Binaries/Win64/UE4Editor-FacialAnimationEditor.dll (API version 3709383).
LogModuleManager: Display: Found up-to-date module file ../../../Engine/Plugins/Editor/GameplayTagsEditor/Binaries/Win64/UE4Editor-GameplayTagsEditor.dll (API version 3709383).
LogModuleManager: Display: Found up-to-date module file ../../../Engine/Plugins/Editor/MobileLauncherProfileWizard/Binaries/Win64/UE4Editor-MobileLauncherProfileWizard.dll (API version 3709383).
LogModuleManager: Display: Found up-to-date module file ../../../Engine/Plugins/Editor/PluginBrowser/Binaries/Win64/UE4Editor-PluginBrowser.dll (API version 3709383).
LogModuleManager: Display: Found up-to-date module file ../../../Engine/Plugins/Editor/SpeedTreeImporter/Binaries/Win64/UE4Editor-SpeedTreeImporter.dll (API version 3709383).
LogModuleManager: Display: Found up-to-date module file ../../../Engine/Plugins/Experimental/AlembicImporter/Binaries/Win64/UE4Editor-AlembicImporter.dll (API version 3709383).
LogModuleManager: Display: Found up-to-date module file ../../../Engine/Plugins/Experimental/AlembicImporter/Binaries/Win64/UE4Editor-AlembicLibrary.dll (API version 3709383).
LogModuleManager: Display: Found up-to-date module file ../../../Engine/Plugins/Experimental/CharacterAI/Binaries/Win64/UE4Editor-CharacterAI.dll (API version 3709383).
LogModuleManager: Display: Found up-to-date module file ../../../Engine/Plugins/Experimental/HTML5Networking/Binaries/Win64/UE4Editor-HTML5Networking.dll (API version 3709383).
LogModuleManager: Display: Found up-to-date module file ../../../Engine/Plugins/Media/AndroidMedia/Binaries/Win64/UE4Editor-AndroidMediaEditor.dll (API version 3709383).
LogModuleManager: Display: Found up-to-date module file ../../../Engine/Plugins/Media/AndroidMedia/Binaries/Win64/UE4Editor-AndroidMediaFactory.dll (API version 3709383).
LogModuleManager: Display: Found up-to-date module file ../../../Engine/Plugins/Media/AvfMedia/Binaries/Win64/UE4Editor-AvfMediaEditor.dll (API version 3709383).
LogModuleManager: Display: Found up-to-date module file ../../../Engine/Plugins/Media/AvfMedia/Binaries/Win64/UE4Editor-AvfMediaFactory.dll (API version 3709383).
LogModuleManager: Display: Found up-to-date module file ../../../Engine/Plugins/Media/AvfMedia/Binaries/Win64/UE4Editor-AvfMediaFactory.dll (API version 3709383).
LogModuleManager: Display: Found up-to-date module file ../../../Engine/Plugins/Media/ImgMedia/Binaries/Win64/UE4Editor-ImgMedia.dll (API version 3709383).
LogModuleManager: Display: Found up-to-date module file ../../../Engine/Plugins/Media/ImgMedia/Binaries/Win64/UE4Editor-ImgMediaEditor.dll (API version 3709383).
LogModuleManager: Display: Found up-to-date module file ../../../Engine/Plugins/Media/ImgMedia/Binaries/Win64/UE4Editor-ImgMediaFactory.dll (API version 3709383).
LogModuleManager: Display: Found up-to-date module file ../../../Engine/Plugins/Media/ImgMedia/Binaries/Win64/UE4Editor-ImgMediaFactory.dll (API version 3709383).
LogModuleManager: Display: Found up-to-date module file ../../../Engine/Plugins/Media/ImgMedia/Binaries/Win64/UE4Editor-OpenExrWrapper.dll (API version 3709383).
LogModuleManager: Display: Found up-to-date module file ../../../Engine/Plugins/Media/MediaCompositing/Binaries/Win64/UE4Editor-MediaCompositing.dll (API version 3709383).
LogModuleManager: Display: Found up-to-date module file ../../../Engine/Plugins/Media/MediaCompositing/Binaries/Win64/UE4Editor-MediaCompositingEditor.dll (API version 3709383).
LogModuleManager: Display: Found up-to-date module file ../../../Engine/Plugins/Media/MediaPlayerEditor/Binaries/Win64/UE4Editor-MediaPlayerEditor.dll (API version 3709383).
LogModuleManager: Display: Found up-to-date module file ../../../Engine/Plugins/Media/WmfMedia/Binaries/Win64/UE4Editor-WmfMedia.dll (API version 3709383).
LogModuleManager: Display: Found up-to-date module file ../../../Engine/Plugins/Media/WmfMedia/Binaries/Win64/UE4Editor-WmfMediaEditor.dll (API version 3709383).
LogModuleManager: Display: Found up-to-date module file ../../../Engine/Plugins/Media/WmfMedia/Binaries/Win64/UE4Editor-WmfMediaFactory.dll (API version 3709383).
LogModuleManager: Display: Found up-to-date module file ../../../Engine/Plugins/Media/WmfMedia/Binaries/Win64/UE4Editor-WmfMediaFactory.dll (API version 3709383).
LogModuleManager: Display: Found up-to-date module file ../../../Engine/Plugins/Messaging/TcpMessaging/Binaries/Win64/UE4Editor-TcpMessaging.dll (API version 3709383).
LogModuleManager: Display: Found up-to-date module file ../../../Engine/Plugins/Messaging/UdpMessaging/Binaries/Win64/UE4Editor-UdpMessaging.dll (API version 3709383).
LogModuleManager: Display: Found up-to-date module file ../../../Engine/Plugins/MovieScene/ActorSequence/Binaries/Win64/UE4Editor-ActorSequence.dll (API version 3709383).
LogModuleManager: Display: Found up-to-date module file ../../../Engine/Plugins/MovieScene/LevelSequenceEditor/Binaries/Win64/UE4Editor-LevelSequenceEditor.dll (API version 3709383).
LogModuleManager: Display: Found up-to-date module file ../../../Engine/Plugins/MovieScene/MatineeToLevelSequence/Binaries/Win64/UE4Editor-MatineeToLevelSequence.dll (API version 3709383).
LogModuleManager: Display: Found up-to-date module file ../../../Engine/Plugins/Online/OnlineSubsystem/Binaries/Win64/UE4Editor-OnlineSubsystem.dll (API version 3709383).
LogModuleManager: Display: Found up-to-date module file ../../../Engine/Plugins/Online/OnlineSubsystemNull/Binaries/Win64/UE4Editor-OnlineSubsystemNull.dll (API version 3709383).
LogModuleManager: Display: Found up-to-date module file ../../../Engine/Plugins/Online/OnlineSubsystemUtils/Binaries/Win64/UE4Editor-OnlineSubsystemUtils.dll (API version 3709383).
LogModuleManager: Display: Found up-to-date module file ../../../Engine/Plugins/Online/OnlineSubsystemUtils/Binaries/Win64/UE4Editor-OnlineBlueprintSupport.dll (API version 3709383).
LogModuleManager: Display: Found up-to-date module file ../../../Engine/Plugins/Runtime/AndroidDeviceProfileSelector/Binaries/Win64/UE4Editor-AndroidDeviceProfileSelector.dll (API version 3709383).
LogModuleManager: Display: Found up-to-date module file ../../../Engine/Plugins/Runtime/AndroidPermission/Binaries/Win64/UE4Editor-AndroidPermission.dll (API version 3709383).
LogModuleManager: Display: Found up-to-date module file ../../../Engine/Plugins/Runtime/AppleARKit/Binaries/Win64/UE4Editor-AppleARKit.dll (API version 3709383).
LogModuleManager: Display: Found up-to-date module file ../../../Engine/Plugins/Runtime/ArchVisCharacter/Binaries/Win64/UE4Editor-ArchVisCharacter.dll (API version 3709383).
LogModuleManager: Display: Found up-to-date module file ../../../Engine/Plugins/Runtime/CableComponent/Binaries/Win64/UE4Editor-CableComponent.dll (API version 3709383).
LogModuleManager: Display: Found up-to-date module file ../../../Engine/Plugins/Runtime/CustomMeshComponent/Binaries/Win64/UE4Editor-CustomMeshComponent.dll (API version 3709383).
LogModuleManager: Display: Found up-to-date module file ../../../Engine/Plugins/Runtime/ExampleDeviceProfileSelector/Binaries/Win64/UE4Editor-ExampleDeviceProfileSelector.dll (API version 3709383).
LogModuleManager: Display: Found up-to-date module file ../../../Engine/Plugins/Runtime/ImmediatePhysics/Binaries/Win64/UE4Editor-ImmediatePhysics.dll (API version 3709383).
LogModuleManager: Display: Found up-to-date module file ../../../Engine/Plugins/Runtime/ImmediatePhysics/Binaries/Win64/UE4Editor-ImmediatePhysicsEditor.dll (API version 3709383).
LogModuleManager: Display: Found up-to-date module file ../../../Engine/Plugins/Runtime/LocationServicesBPLibrary/Binaries/Win64/UE4Editor-LocationServicesBPLibrary.dll (API version 3709383).
LogModuleManager: Display: Found up-to-date module file ../../../Engine/Plugins/Runtime/MobilePatchingUtils/Binaries/Win64/UE4Editor-MobilePatchingUtils.dll (API version 3709383).
LogModuleManager: Display: Found up-to-date module file ../../../Engine/Plugins/Runtime/Oculus/OculusVR/Binaries/Win64/UE4Editor-OculusHMD.dll (API version 3709383).
LogModuleManager: Display: Found up-to-date module file ../../../Engine/Plugins/Runtime/Oculus/OculusVR/Binaries/Win64/UE4Editor-OculusInput.dll (API version 3709383).
LogModuleManager: Display: Found up-to-date module file ../../../Engine/Plugins/Runtime/Oculus/OculusVR/Binaries/Win64/UE4Editor-OculusEditor.dll (API version 3709383).
LogModuleManager: Display: Found up-to-date module file ../../../Engine/Plugins/Runtime/PhysXVehicles/Binaries/Win64/UE4Editor-PhysXVehicles.dll (API version 3709383).
LogModuleManager: Display: Found up-to-date module file ../../../Engine/Plugins/Runtime/PhysXVehicles/Binaries/Win64/UE4Editor-PhysXVehiclesEditor.dll (API version 3709383).
LogModuleManager: Display: Found up-to-date module file ../../../Engine/Plugins/Runtime/ProceduralMeshComponent/Binaries/Win64/UE4Editor-ProceduralMeshComponent.dll (API version 3709383).
LogModuleManager: Display: Found up-to-date module file ../../../Engine/Plugins/Runtime/ProceduralMeshComponent/Binaries/Win64/UE4Editor-ProceduralMeshComponentEditor.dll (API version 3709383).
LogModuleManager: Display: Found up-to-date module file ../../../Engine/Plugins/Runtime/RuntimePhysXCooking/Binaries/Win64/UE4Editor-RuntimePhysXCooking.dll (API version 3709383).
LogModuleManager: Display: Found up-to-date module file ../../../Engine/Plugins/Runtime/Steam/SteamVR/Binaries/Win64/UE4Editor-SteamVR.dll (API version 3709383).
LogModuleManager: Display: Found up-to-date module file ../../../Engine/Plugins/Runtime/Steam/SteamVR/Binaries/Win64/UE4Editor-SteamVRController.dll (API version 3709383).
LogModuleManager: Display: Found up-to-date module file ../../../Engine/Plugins/Runtime/WindowsMoviePlayer/Binaries/Win64/UE4Editor-WindowsMoviePlayer.dll (API version 3709383).
LogModuleManager: Display: Found up-to-date module file ../../../Engine/Plugins/UEAnimaLoader/Binaries/Win64/UE4Editor-UEAnimaLoader.dll (API version 3709383).
LogInit: Using libcurl 7.47.1
LogInit:  - built for x86_64-pc-win32
LogInit:  - supports SSL with OpenSSL/1.0.2g
LogInit:  - supports HTTP deflate (compression) using libz 1.2.8
LogInit:  - other features:
LogInit:      CURL_VERSION_SSL
LogInit:      CURL_VERSION_LIBZ
LogInit:      CURL_VERSION_IPV6
LogInit:      CURL_VERSION_ASYNCHDNS
LogInit:      CURL_VERSION_LARGEFILE
LogInit:      CURL_VERSION_IDN
LogInit:  CurlRequestOptions (configurable via config and command line):
LogInit:  - bVerifyPeer = false  - Libcurl will NOT verify peer certificate
LogInit:  - bUseHttpProxy = false  - Libcurl will NOT use HTTP proxy
LogInit:  - bDontReuseConnections = false  - Libcurl will reuse connections
LogInit:  - CertBundlePath = nullptr  - Libcurl will use whatever was configured at build time.
LogInit: Build: ++UE4+Release-4.18-CL-3832480
LogInit: Engine Version: 4.18.3-3832480+++UE4+Release-4.18
LogInit: Compatible Engine Version: 4.18.0-3709383+++UE4+Release-4.18
LogInit: Net CL: 3709383
LogDevObjectVersion: Number of dev versions registered: 16
LogDevObjectVersion:   Dev-Blueprints (B0D832E4-1F89-4F0D-ACCF-7EB736FD4AA2): 10
LogDevObjectVersion:   Dev-Build (E1C64328-A22C-4D53-A36C-8E866417BD8C): 0
LogDevObjectVersion:   Dev-Core (375EC13C-06E4-48FB-B500-84F0262A717E): 2
LogDevObjectVersion:   Dev-Editor (E4B068ED-F494-42E9-A231-DA0B2E46BB41): 20
LogDevObjectVersion:   Dev-Framework (CFFC743F-43B0-4480-9391-14DF171D2073): 30
LogDevObjectVersion:   Dev-Mobile (B02B49B5-BB20-44E9-A304-32B752E40360): 0
LogDevObjectVersion:   Dev-Networking (A4E4105C-59A1-49B5-A7C5-40C4547EDFEE): 0
LogDevObjectVersion:   Dev-Online (39C831C9-5AE6-47DC-9A44-9C173E1C8E7C): 0
LogDevObjectVersion:   Dev-Physics (78F01B33-EBEA-4F98-B9B4-84EACCB95AA2): 0
LogDevObjectVersion:   Dev-Platform (6631380F-2D4D-43E0-8009-CF276956A95A): 0
LogDevObjectVersion:   Dev-Rendering (12F88B9F-8875-4AFC-A67C-D90C383ABD29): 20
LogDevObjectVersion:   Dev-Sequencer (7B5AE74C-D270-4C10-A958-57980B212A5A): 4
LogDevObjectVersion:   Dev-VR (D7296918-1DD6-4BDD-9DE2-64A83CC13884): 0
LogDevObjectVersion:   Dev-LoadTimes (C2A15278-BFE7-4AFE-6C17-90FF531DF755): 1
LogDevObjectVersion:   Private-Geometry (6EACA3D4-40EC-4CC1-B786-8BED09428FC5): 1
LogDevObjectVersion:   Dev-AnimPhys (29E575DD-E0A3-4627-9D10-D276232CDCEA): 12
LogInit: Compiled (64-bit): Jan 12 2018 02:04:55
LogInit: Compiled with Visual C++: 19.00.24215.01
LogInit: Build Configuration: Development
LogInit: Branch Name: ++UE4+Release-4.18
LogInit: Command line:  
LogInit: Base directory: D:/UE418/UE_4.18/Engine/Binaries/Win64/
LogInit: Installed Engine Build: 1
LogInit: Presizing for max 8388607 objects, including 0 objects not considered by GC, pre-allocating 0 bytes for permanent pool.
LogInit: Object subsystem initialized
[2019.07.21-10.01.33:382][  0]LogInit: Selected Device Profile: [Windows]
[2019.07.21-10.01.33:382][  0]LogInit: Applying CVar settings loaded from the selected device profile: [Windows]
[2019.07.21-10.01.33:435][  0]LogInit: Computer: MSI
[2019.07.21-10.01.33:435][  0]LogInit: User: walid
[2019.07.21-10.01.33:435][  0]LogInit: CPU Page size=4096, Cores=4
[2019.07.21-10.01.33:435][  0]LogInit: High frequency timer resolution =3.125014 MHz
[2019.07.21-10.01.33:436][  0]LogMemory: Memory total: Physical=7.9GB (8GB approx)
[2019.07.21-10.01.33:436][  0]LogMemory: Platform Memory Stats for Windows
[2019.07.21-10.01.33:436][  0]LogMemory: Process Physical Memory: 272.55 MB used, 272.55 MB peak
[2019.07.21-10.01.33:436][  0]LogMemory: Process Virtual Memory: 269.64 MB used, 269.64 MB peak
[2019.07.21-10.01.33:436][  0]LogMemory: Physical Memory: 4422.26 MB used,  3712.15 MB free, 8134.41 MB total
[2019.07.21-10.01.33:436][  0]LogMemory: Virtual Memory: 4779.69 MB used,  3712.15 MB free, 134217728.00 MB total
[2019.07.21-10.01.33:736][  0]LogInit: Using OS detected language (fr-FR).
[2019.07.21-10.01.33:736][  0]LogInit: Using OS detected locale (fr-FR).
[2019.07.21-10.01.33:790][  0]LogTextLocalizationManager: No localization for 'fr-FR' exists, so 'en' will be used for the language.
[2019.07.21-10.01.33:791][  0]LogTextLocalizationManager: No localization for 'fr-FR' exists, so 'en' will be used for the locale.
[2019.07.21-10.01.34:351][  0]LogInit: Setting process to per monitor DPI aware
[2019.07.21-10.01.37:194][  0]LogD3D11RHI: D3D11 adapters:
[2019.07.21-10.01.37:349][  0]LogD3D11RHI:    0. 'NVIDIA GeForce GTX 760' (Feature Level 11_0)
[2019.07.21-10.01.37:349][  0]LogD3D11RHI:       2017/0/4067 MB DedicatedVideo/DedicatedSystem/SharedSystem, Outputs:1, VendorId:0x10de
[2019.07.21-10.01.37:353][  0]LogD3D11RHI:    1. 'Microsoft Basic Render Driver' (Feature Level 11_0)
[2019.07.21-10.01.37:353][  0]LogD3D11RHI:       0/0/4067 MB DedicatedVideo/DedicatedSystem/SharedSystem, Outputs:0, VendorId:0x1414
[2019.07.21-10.01.37:353][  0]LogD3D11RHI: Chosen D3D11 Adapter: 0
[2019.07.21-10.01.37:369][  0]LogD3D11RHI: Creating new Direct3DDevice
[2019.07.21-10.01.37:369][  0]LogD3D11RHI:     GPU DeviceId: 0x1187 (for the marketing name, search the web for "GPU Device Id")
[2019.07.21-10.01.37:369][  0]LogWindows: EnumDisplayDevices:
[2019.07.21-10.01.37:369][  0]LogWindows:    0. 'NVIDIA GeForce GTX 760' (P:1 D:1)
[2019.07.21-10.01.37:370][  0]LogWindows:    1. 'NVIDIA GeForce GTX 760' (P:0 D:0)
[2019.07.21-10.01.37:370][  0]LogWindows:    2. 'NVIDIA GeForce GTX 760' (P:0 D:0)
[2019.07.21-10.01.37:370][  0]LogWindows:    3. 'NVIDIA GeForce GTX 760' (P:0 D:0)
[2019.07.21-10.01.37:370][  0]LogWindows: DebugString: GetVideoDriverDetailsInvalid PrimaryIsNotTheChoosenAdapter GetVideoDriverDetailsInvalid PrimaryIsNotTheChoosenAdapter GetVideoDriverDetailsInvalid PrimaryIsNotTheChoosenAdapter GetVideoDriverDetailsInvalid PrimaryIsNotTheChoosenAdapter FoundDriverCount:0 
[2019.07.21-10.01.37:370][  0]LogD3D11RHI:     Adapter Name: NVIDIA GeForce GTX 760
[2019.07.21-10.01.37:370][  0]LogD3D11RHI:   Driver Version: Unknown (internal:Unknown, unified:Unknown)
[2019.07.21-10.01.37:370][  0]LogD3D11RHI:      Driver Date: Unknown
[2019.07.21-10.01.37:370][  0]LogRHI: Texture pool is 1412 MB (70% of 2017 MB)
[2019.07.21-10.01.37:467][  0]LogD3D11RHI: Async texture creation enabled
[2019.07.21-10.01.37:770][  0]LogD3D11RHI: GPU Timing Frequency: 1000.000000 (Debug: 2 1)
[2019.07.21-10.01.37:772][  0]LogShaderCompilers: Guid format shader working directory is -21 characters bigger than the processId version (C:/Users/walid/Downloads/CoinCollectorStarter/CoinCollectorStarter/Intermediate/Shaders/WorkingDirectory/13044/).
[2019.07.21-10.01.37:772][  0]LogShaderCompilers: Cleaned the shader compiler working directory 'C:/Users/walid/AppData/Local/Temp/UnrealShaderWorkingDir/9318D7BD49D147D02CEDD6A730A9727D/'.
[2019.07.21-10.01.37:772][  0]LogShaderCompilers: Display: Using Local Shader Compiler.
[2019.07.21-10.01.40:892][  0]LogTemp: Display: Loaded TP AllDesktopTargetPlatform
[2019.07.21-10.01.40:983][  0]LogTemp: Display: Loaded TP MacClientTargetPlatform
[2019.07.21-10.01.41:080][  0]LogTemp: Display: Loaded TP MacNoEditorTargetPlatform
[2019.07.21-10.01.41:175][  0]LogTemp: Display: Loaded TP MacServerTargetPlatform
[2019.07.21-10.01.41:269][  0]LogTemp: Display: Loaded TP MacTargetPlatform
[2019.07.21-10.01.41:365][  0]LogTemp: Display: Loaded TP WindowsClientTargetPlatform
[2019.07.21-10.01.41:458][  0]LogTemp: Display: Loaded TP WindowsNoEditorTargetPlatform
[2019.07.21-10.01.41:558][  0]LogTemp: Display: Loaded TP WindowsServerTargetPlatform
[2019.07.21-10.01.41:642][  0]LogTemp: Display: Loaded TP WindowsTargetPlatform
[2019.07.21-10.01.41:740][  0]LogTemp: Display: Loaded TP Android_ASTCTargetPlatform
[2019.07.21-10.01.41:835][  0]LogTemp: Display: Loaded TP Android_ATCTargetPlatform
[2019.07.21-10.01.41:936][  0]LogTemp: Display: Loaded TP Android_DXTTargetPlatform
[2019.07.21-10.01.42:029][  0]LogTemp: Display: Loaded TP Android_ETC1TargetPlatform
[2019.07.21-10.01.42:120][  0]LogTemp: Display: Loaded TP Android_ETC2TargetPlatform
[2019.07.21-10.01.42:304][  0]LogTemp: Display: Loaded TP Android_MultiTargetPlatform
[2019.07.21-10.01.42:304][  0]LogTemp: Display: Loaded TP Android_PVRTCTargetPlatform
[2019.07.21-10.01.42:399][  0]LogTemp: Display: Loaded TP AndroidTargetPlatform
[2019.07.21-10.01.42:475][  0]LogTemp: Display: Loaded TP HTML5TargetPlatform
[2019.07.21-10.01.42:651][  0]LogTemp: Display: Loaded TP IOSTargetPlatform
[2019.07.21-10.01.42:691][  0]LogTemp: Display: Loaded TP TVOSTargetPlatform
[2019.07.21-10.01.42:787][  0]LogTemp: Display: Loaded TP LinuxClientTargetPlatform
[2019.07.21-10.01.42:878][  0]LogTemp: Display: Loaded TP LinuxNoEditorTargetPlatform
[2019.07.21-10.01.42:973][  0]LogTemp: Display: Loaded TP LinuxServerTargetPlatform
[2019.07.21-10.01.43:076][  0]LogTemp: Display: Loaded TP LinuxTargetPlatform
[2019.07.21-10.01.43:076][  0]LogTargetPlatformManager: Display: Building Assets For Windows
[2019.07.21-10.01.43:924][  0]LogDerivedDataCache: Display: Max Cache Size: 512 MB
[2019.07.21-10.01.44:546][  0]LogDerivedDataCache: Loaded boot cache 0.62s 78MB C:/Users/walid/AppData/Local/UnrealEngine/4.18/DerivedDataCache/Boot.ddc.
[2019.07.21-10.01.44:546][  0]LogDerivedDataCache: Display: Loaded Boot cache: C:/Users/walid/AppData/Local/UnrealEngine/4.18/DerivedDataCache/Boot.ddc
[2019.07.21-10.01.44:547][  0]LogDerivedDataCache: FDerivedDataBackendGraph:  Pak pak cache file C:/Users/walid/Downloads/CoinCollectorStarter/CoinCollectorStarter/DerivedDataCache/DDC.ddp not found, will not use a pak cache.
[2019.07.21-10.01.44:547][  0]LogDerivedDataCache: Unable to find inner node Pak for hierarchical cache Hierarchy.
[2019.07.21-10.01.44:547][  0]LogDerivedDataCache: FDerivedDataBackendGraph:  CompressedPak pak cache file C:/Users/walid/Downloads/CoinCollectorStarter/CoinCollectorStarter/DerivedDataCache/Compressed.ddp not found, will not use a pak cache.
[2019.07.21-10.01.44:547][  0]LogDerivedDataCache: Unable to find inner node CompressedPak for hierarchical cache Hierarchy.
[2019.07.21-10.01.44:567][  0]LogDerivedDataCache: Display: Pak cache opened for reading ../../../Engine/DerivedDataCache/Compressed.ddp.
[2019.07.21-10.01.44:580][  0]LogDerivedDataCache: Using Local data cache path C:/Users/walid/AppData/Local/UnrealEngine/Common/DerivedDataCache: Writable
[2019.07.21-10.01.44:592][  0]LogMaterial: Verifying Global Shaders for PCD3D_SM5
[2019.07.21-10.01.44:592][  0]LogSlate: Using Freetype 2.6.0
[2019.07.21-10.01.44:594][  0]LogSlate: SlateFontCache - WITH_FREETYPE: 1, WITH_HARFBUZZ: 1
[2019.07.21-10.01.44:594][  0]LogSlate: SlateFontCache - WITH_FREETYPE: 1, WITH_HARFBUZZ: 1
[2019.07.21-10.01.46:800][  0]LogInit: Selected Device Profile: [Windows]
[2019.07.21-10.01.47:597][  0]LogSimplygon: Simplygon DLL not present - disabling.
[2019.07.21-10.01.47:729][  0]LogMeshReduction: Using SimplygonSwarm for distributed automatic mesh merging
[2019.07.21-10.01.47:729][  0]LogMeshReduction: Using QuadricMeshReduction for automatic static mesh reduction
[2019.07.21-10.01.47:729][  0]LogMeshReduction: No automatic skeletal mesh reduction module available
[2019.07.21-10.01.47:729][  0]LogMeshReduction: No automatic mesh merging module available
[2019.07.21-10.01.47:729][  0]LogMeshMerging: No automatic mesh merging module available
[2019.07.21-10.01.47:814][  0]LogNetVersion: CoinCollector , NetCL: 3709383, EngineNetVer: 2, GameNetVer: 0 (Checksum: 1238253092)
[2019.07.21-10.01.48:199][  0]LogAssetRegistry: FAssetRegistry took 0.0306 seconds to start up
[2019.07.21-10.01.49:172][  0]LogPackageLocalizationCache: Processed 8 localized package path(s) for 1 prioritized culture(s) in 0.085939 seconds
[2019.07.21-10.01.49:179][  0]LogUObjectArray: 35871 objects as part of root set at end of initial load.
[2019.07.21-10.01.49:179][  0]LogUObjectAllocator: 7363920 out of 0 bytes used by permanent object pool.
[2019.07.21-10.01.49:179][  0]LogUObjectArray: CloseDisregardForGC: 0/0 objects in disregard for GC pool
[2019.07.21-10.01.49:277][  0]LogInit: WinSock: version 1.1 (2.2), MaxSocks=32767, MaxUdp=65467
[2019.07.21-10.02.14:506][  0]LogTcpMessaging: Initializing TcpMessaging bridge
[2019.07.21-10.02.14:582][  0]LogUdpMessaging: Initializing bridge on interface 0.0.0.0:0 to multicast group 230.0.0.1:6666.
[2019.07.21-10.02.16:187][  0]LogMaterial: Uniform references updated for custom material expression Custom.
[2019.07.21-10.02.16:973][  0]SourceControl: Source control is disabled
[2019.07.21-10.02.16:974][  0]SourceControl: Source control is disabled
[2019.07.21-10.02.17:087][  0]SourceControl: Source control is disabled
[2019.07.21-10.02.17:193][  0]SourceControl: Source control is disabled
[2019.07.21-10.02.19:151][  0]LogAndroidPermission: UAndroidPermissionCallbackProxy::GetInstance
[2019.07.21-10.02.19:684][  0]LogOcInput: OculusInput pre-init called
[2019.07.21-10.02.20:290][  0]LogEngine: Initializing Engine...
[2019.07.21-10.02.20:293][  0]LogHMD: Failed to initialize OpenVR with code 110
[2019.07.21-10.02.20:577][  0]LogStats: UGameplayTagsManager::ConstructGameplayTagTree: Construct from data asset -  0.000 s
[2019.07.21-10.02.20:577][  0]LogStats: UGameplayTagsManager::ConstructGameplayTagTree: GameplayTagTreeChangedEvent.Broadcast -  0.000 s
[2019.07.21-10.02.20:819][  0]LogAIModule: Creating AISystem for world Untitled
[2019.07.21-10.02.20:845][  0]LogInit: XAudio2 using 'Haut-parleurs (8- USB PnP Sound Device)' : 2 channels at 48 kHz using 16 bits per sample (channel mask 0x3)
[2019.07.21-10.02.20:866][  0]LogInit: FAudioDevice initialized.
[2019.07.21-10.02.20:985][  0]LogDerivedDataCache: Saved boot cache 0.12s 78MB C:/Users/walid/AppData/Local/UnrealEngine/4.18/DerivedDataCache/Boot.ddc.
[2019.07.21-10.02.21:013][  0]LogInit: Texture streaming: Enabled
[2019.07.21-10.02.21:171][  0]LogEngineSessionManager: EngineSessionManager initialized
[2019.07.21-10.02.21:413][  0]LogInit: Transaction tracking system initialized
[2019.07.21-10.02.21:987][  0]BlueprintLog: New page: Editor Load
[2019.07.21-10.02.23:631][  0]LocalizationService: Localization service is disabled
[2019.07.21-10.02.25:276][  0]LogLinker: Warning: Can't find file '/Game/ThirdPersonBP/ThirdPersonOverview'
[2019.07.21-10.02.25:276][  0]LogLinker: Warning: Can't find file '/Game/ThirdPersonBP/ThirdPersonOverview'
[2019.07.21-10.02.25:276][  0]LogUObjectGlobals: Warning: Failed to find object 'Class /Game/ThirdPersonBP/ThirdPersonOverview.ThirdPersonOverview_C'
[2019.07.21-10.02.25:760][  0]LogConsoleResponse: Display: 
[2019.07.21-10.02.26:056][  0]LogCook: Display: Max memory allowance for cook 16384mb min free memory 0mb
[2019.07.21-10.02.26:056][  0]LogCook: Display: Mobile HDR setting 1
[2019.07.21-10.02.26:056][  0]LogGameplayTags: Display: UGameplayTagsManager::DoneAddingNativeTags. DelegateIsBound: 0
[2019.07.21-10.02.26:414][  0]LogFileCache: Scanning file cache for directory 'C:/Users/walid/Downloads/CoinCollectorStarter/CoinCollectorStarter/Content/' took 0.02s
[2019.07.21-10.02.28:497][  0]SourceControl: Source control is disabled
[2019.07.21-10.02.28:497][  0]Cmd: MAP LOAD FILE="C:/Users/walid/Downloads/CoinCollectorStarter/CoinCollectorStarter/Content/CoinCollector/Maps/TutorialMap.umap" TEMPLATE=0 SHOWPROGRESS=1 FEATURELEVEL=3
[2019.07.21-10.02.28:497][  0]LightingResults: New page: Lighting Build
[2019.07.21-10.02.28:571][  0]MapCheck: New page: Map Check
[2019.07.21-10.02.28:571][  0]LightingResults: New page: Lighting Build
[2019.07.21-10.02.29:089][  0]LogAIModule: Creating AISystem for world TutorialMap
[2019.07.21-10.02.29:097][  0]LogEditorServer: Finished looking for orphan Actors (0.000 secs)
[2019.07.21-10.02.29:109][  0]Cmd: MAP CHECKDEP NOCLEARLOG
[2019.07.21-10.02.29:205][  0]MapCheck: Map check complete: 0 Error(s), 0 Warning(s), took 96.064ms to complete.
[2019.07.21-10.02.29:205][  0]LogFileHelpers: Loading map 'TutorialMap' took 0.708
[2019.07.21-10.02.29:485][  0]LogCollectionManager: Loaded 0 collections in 0.001693 seconds
[2019.07.21-10.02.29:648][  0]LogFileCache: Scanning file cache for directory 'C:/Users/walid/Downloads/CoinCollectorStarter/CoinCollectorStarter/Saved/Collections/' took 0.01s
[2019.07.21-10.02.29:648][  0]LogFileCache: Scanning file cache for directory 'C:/Users/walid/Downloads/CoinCollectorStarter/CoinCollectorStarter/Content/Developers/walid/Collections/' took 0.01s
[2019.07.21-10.02.29:648][  0]LogFileCache: Scanning file cache for directory 'C:/Users/walid/Downloads/CoinCollectorStarter/CoinCollectorStarter/Content/Collections/' took 0.01s
[2019.07.21-10.02.29:648][  0]LogCollectionManager: Rebuilt the GUID cache for 0 collections in 0.000000 seconds
[2019.07.21-10.02.29:660][  0]LogContentBrowser: Native class hierarchy populated in 0.0118 seconds. Added 2366 classes and 524 folders.
[2019.07.21-10.02.29:774][  0]LogContentBrowser: Native class hierarchy updated for 'WidgetCarousel' in 0.0011 seconds. Added 0 classes and 0 folders.
[2019.07.21-10.02.30:179][  0]LogContentBrowser: Native class hierarchy updated for 'AddContentDialog' in 0.0010 seconds. Added 0 classes and 0 folders.
[2019.07.21-10.02.30:259][  0]LogContentBrowser: Native class hierarchy updated for 'SceneOutliner' in 0.0010 seconds. Added 1 classes and 2 folders.
[2019.07.21-10.02.30:395][  0]LogSlate: Took 0.027311 seconds to synchronously load lazily loaded font '../../../Engine/Content/Slate/Fonts/Roboto-Regular.ttf' (155K)
[2019.07.21-10.02.30:397][  0]LogSlate: Took 0.000297 seconds to synchronously load lazily loaded font '../../../Engine/Content/Slate/Fonts/Roboto-Bold.ttf' (160K)
[2019.07.21-10.02.30:413][  0]LogSlate: Took 0.011395 seconds to synchronously load lazily loaded font '../../../Engine/Content/Editor/Slate/Fonts/FontAwesome.ttf' (139K)
[2019.07.21-10.02.30:533][  0]LogRenderer: Reallocating scene render targets to support 840x464 Format 9 NumSamples 1 (Frame:1).
[2019.07.21-10.02.30:806][  0]LogContentBrowser: Native class hierarchy updated for 'HierarchicalLODOutliner' in 0.0010 seconds. Added 1 classes and 2 folders.
[2019.07.21-10.02.30:806][  0]LogLoad: (Engine Initialization) Total time: 63.21 seconds
[2019.07.21-10.02.30:806][  0]LogLoad: (Engine Initialization) Total Blueprint compile time: 0.00 seconds
[2019.07.21-10.02.30:806][  0]LogExternalProfiler: Found external profiler: VSPerf
[2019.07.21-10.02.30:806][  0]LogExternalProfiler: Using external profiler: VSPerf
[2019.07.21-10.02.31:172][  0]LogContentStreaming: Texture pool size now 800 MB
[2019.07.21-10.02.31:248][  0]LogSlate: Took 0.000355 seconds to synchronously load lazily loaded font '../../../Engine/Content/Slate/Fonts/Roboto-Light.ttf' (159K)
[2019.07.21-10.02.31:273][  1]LogAssetRegistry: Asset discovery search completed in 43.0986 seconds
[2019.07.21-10.02.31:274][  1]LogCollectionManager: Rebuilt the object cache for 0 collections in 0.000001 seconds (found 0 objects)
[2019.07.21-10.02.31:274][  1]LogCollectionManager: Fixed up redirectors for 0 collections in 0.000072 seconds (updated 0 objects)
[2019.07.21-10.02.39:609][544]LogSlate: Took 0.000308 seconds to synchronously load lazily loaded font '../../../Engine/Content/Slate/Fonts/Roboto-Light.ttf' (159K)
[2019.07.21-10.02.39:970][544]LogContentBrowser: Native class hierarchy updated for 'BlueprintGraph' in 0.0014 seconds. Added 116 classes and 0 folders.
[2019.07.21-10.02.40:667][544]LogSlate: Took 0.001419 seconds to synchronously load lazily loaded font '../../../Engine/Content/Slate/Fonts/Roboto-Regular.ttf' (155K)
[2019.07.21-10.02.42:368][689]LogSlate: Took 0.000383 seconds to synchronously load lazily loaded font '../../../Engine/Content/Editor/Slate/Fonts/Roboto-BoldCondensed.ttf' (158K)
[2019.07.21-10.02.42:881][727]LogSlate: Took 0.026144 seconds to synchronously load lazily loaded font '../../../Engine/Content/Editor/Slate/Fonts/Roboto-Italic.ttf' (157K)
[2019.07.21-10.03.14:207][995]LogRenderer: Reallocating scene render targets to support 840x532 Format 9 NumSamples 1 (Frame:1).
[2019.07.21-10.03.29:215][567]LogMetaData: Removing '/Game/CoinCollector/Blueprints/BP_BasePlayer.BP_BasePlayer:UserConstructionScript.K2Node_FunctionEntry_0' ref from Metadata '/Game/CoinCollector/Blueprints/testBp.PackageMetaData'
[2019.07.21-10.03.29:215][567]LogMetaData: Removing '/Game/CoinCollector/Blueprints/BP_BasePlayer.SKEL_BP_BasePlayer_C' ref from Metadata '/Game/CoinCollector/Blueprints/testBp.PackageMetaData'
[2019.07.21-10.03.29:215][567]LogMetaData: Removing '/Game/CoinCollector/Blueprints/BP_BasePlayer.BP_BasePlayer_C' ref from Metadata '/Game/CoinCollector/Blueprints/testBp.PackageMetaData'
[2019.07.21-10.03.29:215][567]LogMetaData: Removing '/Game/CoinCollector/Blueprints/BP_BasePlayer.BP_BasePlayer:EventGraph.K2Node_Event_0' ref from Metadata '/Game/CoinCollector/Blueprints/testBp.PackageMetaData'
[2019.07.21-10.03.29:215][567]LogMetaData: Removing '/Game/CoinCollector/Blueprints/BP_BasePlayer.BP_BasePlayer:EventGraph.K2Node_Event_1' ref from Metadata '/Game/CoinCollector/Blueprints/testBp.PackageMetaData'
[2019.07.21-10.03.29:215][567]LogMetaData: Removing '/Game/CoinCollector/Blueprints/BP_BasePlayer.BP_BasePlayer:EventGraph.K2Node_Event_2' ref from Metadata '/Game/CoinCollector/Blueprints/testBp.PackageMetaData'
[2019.07.21-10.03.29:322][567]LogSavePackage: Save=28.07ms
[2019.07.21-10.03.29:322][567]LogSavePackage: Moving 'C:/Users/walid/Downloads/CoinCollectorStarter/CoinCollectorStarter/Saved/BP_BasePlayer31D214D34DE91B738F92CF98D5C1E907.tmp' to 'C:/Users/walid/Downloads/CoinCollectorStarter/CoinCollectorStarter/Content/CoinCollector/Blueprints/BP_BasePlayer.uasset'
[2019.07.21-10.03.29:327][567]LogSavePackage: Display: Finished SavePackage C:/Users/walid/Downloads/CoinCollectorStarter/CoinCollectorStarter/Content/CoinCollector/Blueprints/BP_BasePlayer.uasset
[2019.07.21-10.03.38:631][168]LogSlate: Took 0.000364 seconds to synchronously load lazily loaded font '../../../Engine/Content/Slate/Fonts/Roboto-Light.ttf' (159K)
[2019.07.21-10.03.40:012][307]LogMaterial: Missing cached shader map for material M_PlayerBase, compiling. 
[2019.07.21-10.03.40:261][307]LogStaticMesh: Building static mesh SM_Sphere...
[2019.07.21-10.03.40:412][307]LogStaticMesh: Built static mesh [0.15s] /Game/CoinCollector/Meshes/SM_Sphere.SM_Sphere
[2019.07.21-10.05.22:719][ 61]BlueprintLog: New page: Compile BP_BasePlayer
[2019.07.21-10.06.16:191][ 53]LogSavePackage: Save=12.34ms
[2019.07.21-10.06.16:191][ 53]LogSavePackage: Moving 'C:/Users/walid/Downloads/CoinCollectorStarter/CoinCollectorStarter/Saved/GM_Tutorial870324F54674EA2CFE715D9207F03501.tmp' to 'C:/Users/walid/Downloads/CoinCollectorStarter/CoinCollectorStarter/Content/CoinCollector/Blueprints/GM_Tutorial.uasset'
[2019.07.21-10.06.16:195][ 53]LogSavePackage: Display: Finished SavePackage C:/Users/walid/Downloads/CoinCollectorStarter/CoinCollectorStarter/Content/CoinCollector/Blueprints/GM_Tutorial.uasset
[2019.07.21-10.06.16:414][ 53]LogSavePackage: Save=79.35ms
[2019.07.21-10.06.16:414][ 53]LogSavePackage: Moving 'C:/Users/walid/Downloads/CoinCollectorStarter/CoinCollectorStarter/Saved/BP_BasePlayer1B3DDBFD4EDAE073E41518AEB3E611BE.tmp' to 'C:/Users/walid/Downloads/CoinCollectorStarter/CoinCollectorStarter/Content/CoinCollector/Blueprints/BP_BasePlayer.uasset'
[2019.07.21-10.06.16:420][ 53]LogSavePackage: Display: Finished SavePackage C:/Users/walid/Downloads/CoinCollectorStarter/CoinCollectorStarter/Content/CoinCollector/Blueprints/BP_BasePlayer.uasset
[2019.07.21-10.06.20:312][494]LogTemp: Repeating last play command: Selected Viewport
[2019.07.21-10.06.20:413][494]LogPlayLevel: PlayLevel: No blueprints needed recompiling
[2019.07.21-10.06.20:414][494]PIE: New page: PIE session: TutorialMap (Jul 21, 2019, 12:06:20 PM)
[2019.07.21-10.06.20:415][494]LogPlayLevel: Creating play world package: /Game/CoinCollector/Maps/UEDPIE_0_TutorialMap
[2019.07.21-10.06.20:534][494]LogPlayLevel: PIE: StaticDuplicateObject took: (0.119014s)
[2019.07.21-10.06.20:536][494]LogAIModule: Creating AISystem for world TutorialMap
[2019.07.21-10.06.20:537][494]LogPlayLevel: PIE: World Init took: (0.003008s)
[2019.07.21-10.06.20:538][494]LogPlayLevel: PIE: Created PIE world by copying editor world from /Game/CoinCollector/Maps/TutorialMap.TutorialMap to /Game/CoinCollector/Maps/UEDPIE_0_TutorialMap.TutorialMap (0.123178s)
[2019.07.21-10.06.20:588][494]LogInit: XAudio2 using 'Haut-parleurs (8- USB PnP Sound Device)' : 2 channels at 48 kHz using 16 bits per sample (channel mask 0x3)
[2019.07.21-10.06.20:601][494]LogInit: FAudioDevice initialized.
[2019.07.21-10.06.20:645][494]LogLoad: Game class is 'GM_Tutorial_C'
[2019.07.21-10.06.20:654][494]LogWorld: Bringing World /Game/CoinCollector/Maps/UEDPIE_0_TutorialMap.TutorialMap up for play (max tick rate 0) at 2019.07.21-11.06.20
[2019.07.21-10.06.20:655][494]LogWorld: Bringing up level for play took: 0.005148
[2019.07.21-10.06.20:760][494]LogContentBrowser: Native class hierarchy updated for 'MovieSceneCapture' in 0.0011 seconds. Added 11 classes and 0 folders.
[2019.07.21-10.06.20:791][494]PIE: Play in editor start time for /Game/CoinCollector/Maps/UEDPIE_0_TutorialMap 1.244
[2019.07.21-10.13.49:839][953]LogSlate: Only BGRA pngs, bmps or icos are supported in by External Image Picker
[2019.07.21-10.13.50:002][966]LogTemp: Executing iPhonePackager certificates Engine -bundlename com.YourCompany.CoinCollector
[2019.07.21-10.13.50:002][966]LogTemp: CWD: D:\UE418\UE_4.18\Engine\Binaries\DotNET\IOS
[2019.07.21-10.13.50:002][966]LogTemp: Initial Dir: D:\UE418\UE_4.18
[2019.07.21-10.13.50:002][966]LogTemp: Env CWD: D:\UE418\UE_4.18\Engine\Binaries\DotNET\IOS
[2019.07.21-10.13.50:002][966]LogTemp: BranchPath = MSI/D/UE418/UE_4.18/Engine/Binaries --- GameBranchPath = MSI/D/UE418/UE_4.18/Engine/Binaries
[2019.07.21-10.13.50:020][968]LogTemp: IPP ERROR: Could not find provision directory 'C:\Users\walid\AppData\Local/Apple Computer/MobileDevice/Provisioning Profiles/'.
[2019.07.21-10.18.20:032][976]BlueprintLog: New page: Compile BP_BasePlayer
[2019.07.21-10.18.59:256][792]LogVSAccessor: Warning: Couldn't access Visual Studio
[2019.07.21-10.18.59:260][792]Candidate modules for hot reload:
[2019.07.21-10.18.59:260][792]  CoinCollector
[2019.07.21-10.18.59:261][792]Launching UnrealBuildTool... [D:/UE418/UE_4.18/Engine/Binaries/DotNET/UnrealBuildTool.exe CoinCollector -ModuleWithSuffix CoinCollector 4069 Win64 Development -editorrecompile -canskiplink "C:/Users/walid/Downloads/CoinCollectorStarter/CoinCollectorStarter/CoinCollector.uproject" ]
[2019.07.21-10.18.59:263][792]Warning: Starting HotReload took  0.0s.
[2019.07.21-10.19.20:671][973]CompilerResultsLog: New page: Compilation - Jul 21, 2019, 12:19:20 PM
[2019.07.21-10.19.20:671][973]CompilerResultsLog: Creating makefile for hot reloading CoinCollector (ini files are newer than UBTMakefile)
[2019.07.21-10.19.20:671][973]CompilerResultsLog: Compiling game modules for hot reload
[2019.07.21-10.19.20:671][973]CompilerResultsLog: Target is up to date
[2019.07.21-10.19.20:671][973]CompilerResultsLog: Total build time: 20,99 seconds (NoActionsToExecute executor: 0,01 seconds)
[2019.07.21-10.19.20:671][973]LogMainFrame: MainFrame: Module compiling took 21.415 seconds
[2019.07.21-10.19.21:122][973]LogContentBrowser: Native class hierarchy populated in 0.0104 seconds. Added 2368 classes and 528 folders.
[2019.07.21-10.19.21:122][973]Display: HotReload took 21.9s.
[2019.07.21-10.19.27:806][458]LogActorComponent: UnregisterComponent: (/Engine/Transient.EditorFloorComp) Not registered. Aborting.
[2019.07.21-10.19.41:656][755]BlueprintLog: New page: Compile BP_BasePlayer_Child
[2019.07.21-10.19.52:639][859]BlueprintLog: New page: Compile BP_BasePlayer
[2019.07.21-10.19.58:718][310]LogSavePackage: Save=25.91ms
[2019.07.21-10.19.58:718][310]LogSavePackage: Moving 'C:/Users/walid/Downloads/CoinCollectorStarter/CoinCollectorStarter/Saved/BP_BasePlayerFC00E3F448965C8BFBAEC68910775405.tmp' to 'C:/Users/walid/Downloads/CoinCollectorStarter/CoinCollectorStarter/Content/CoinCollector/Blueprints/BP_BasePlayer.uasset'
[2019.07.21-10.19.58:724][310]LogSavePackage: Display: Finished SavePackage C:/Users/walid/Downloads/CoinCollectorStarter/CoinCollectorStarter/Content/CoinCollector/Blueprints/BP_BasePlayer.uasset
[2019.07.21-10.19.58:780][310]LogSavePackage: Save=32.20ms
[2019.07.21-10.19.58:780][310]LogSavePackage: Moving 'C:/Users/walid/Downloads/CoinCollectorStarter/CoinCollectorStarter/Saved/BP_BasePlayer_Child0FEEBAB741490AA1F8EB8CAE98D05233.tmp' to 'C:/Users/walid/Downloads/CoinCollectorStarter/CoinCollectorStarter/Content/CoinCollector/Blueprints/BP_BasePlayer_Child.uasset'
[2019.07.21-10.19.58:783][310]LogSavePackage: Display: Finished SavePackage C:/Users/walid/Downloads/CoinCollectorStarter/CoinCollectorStarter/Content/CoinCollector/Blueprints/BP_BasePlayer_Child.uasset
[2019.07.21-10.20.13:347][657]LogSavePackage: Save=98.85ms
[2019.07.21-10.20.13:347][657]LogSavePackage: Moving 'C:/Users/walid/Downloads/CoinCollectorStarter/CoinCollectorStarter/Saved/TutorialMap837D0EB040E0780DE8A7DC87DB30BD42.tmp' to 'C:/Users/walid/Downloads/CoinCollectorStarter/CoinCollectorStarter/Content/CoinCollector/Maps/TutorialMap.umap'
[2019.07.21-10.20.13:350][657]LogSavePackage: Display: Finished SavePackage C:/Users/walid/Downloads/CoinCollectorStarter/CoinCollectorStarter/Content/CoinCollector/Maps/TutorialMap.umap
[2019.07.21-10.20.13:403][657]LogSavePackage: Save=16.86ms
[2019.07.21-10.20.13:403][657]LogSavePackage: Moving 'C:/Users/walid/Downloads/CoinCollectorStarter/CoinCollectorStarter/Saved/TutorialMap_BuiltData36368C674F5B6CC2340886BDC7938296.tmp' to 'C:/Users/walid/Downloads/CoinCollectorStarter/CoinCollectorStarter/Content/CoinCollector/Maps/TutorialMap_BuiltData.uasset'
[2019.07.21-10.20.13:405][657]LogSavePackage: Display: Finished SavePackage C:/Users/walid/Downloads/CoinCollectorStarter/CoinCollectorStarter/Content/CoinCollector/Maps/TutorialMap_BuiltData.uasset
[2019.07.21-10.20.15:031][851]LogTemp: Repeating last play command: Selected Viewport
[2019.07.21-10.20.15:055][851]LogPlayLevel: PlayLevel: No blueprints needed recompiling
[2019.07.21-10.20.15:056][851]PIE: New page: PIE session: TutorialMap (Jul 21, 2019, 12:20:15 PM)
[2019.07.21-10.20.15:056][851]LogPlayLevel: Creating play world package: /Game/CoinCollector/Maps/UEDPIE_0_TutorialMap
[2019.07.21-10.20.15:114][851]LogPlayLevel: PIE: StaticDuplicateObject took: (0.058682s)
[2019.07.21-10.20.15:115][851]LogAIModule: Creating AISystem for world TutorialMap
[2019.07.21-10.20.15:116][851]LogPlayLevel: PIE: World Init took: (0.001138s)
[2019.07.21-10.20.15:116][851]LogPlayLevel: PIE: Created PIE world by copying editor world from /Game/CoinCollector/Maps/TutorialMap.TutorialMap to /Game/CoinCollector/Maps/UEDPIE_0_TutorialMap.TutorialMap (0.060117s)
[2019.07.21-10.20.15:148][851]LogInit: XAudio2 using 'Haut-parleurs (8- USB PnP Sound Device)' : 2 channels at 48 kHz using 16 bits per sample (channel mask 0x3)
[2019.07.21-10.20.15:160][851]LogInit: FAudioDevice initialized.
[2019.07.21-10.20.15:215][851]LogLoad: Game class is 'GM_Tutorial_C'
[2019.07.21-10.20.15:220][851]LogWorld: Bringing World /Game/CoinCollector/Maps/UEDPIE_0_TutorialMap.TutorialMap up for play (max tick rate 0) at 2019.07.21-11.20.15
[2019.07.21-10.20.15:221][851]LogWorld: Bringing up level for play took: 0.004129
[2019.07.21-10.20.15:224][851]PIE: Play in editor start time for /Game/CoinCollector/Maps/UEDPIE_0_TutorialMap -0.322
[2019.07.21-10.21.22:190][444]BlueprintLog: New page: Compile BP_BasePlayer
[2019.07.21-10.21.25:693][601]LogVSAccessor: Warning: Couldn't access Visual Studio
[2019.07.21-10.21.25:697][601]Candidate modules for hot reload:
[2019.07.21-10.21.25:697][601]  CoinCollector
[2019.07.21-10.21.25:697][601]Launching UnrealBuildTool... [D:/UE418/UE_4.18/Engine/Binaries/DotNET/UnrealBuildTool.exe CoinCollector -ModuleWithSuffix CoinCollector 1474 Win64 Development -editorrecompile -canskiplink "C:/Users/walid/Downloads/CoinCollectorStarter/CoinCollectorStarter/CoinCollector.uproject" ]
[2019.07.21-10.21.25:700][601]Warning: Starting HotReload took  0.0s.
[2019.07.21-10.21.27:198][763]CompilerResultsLog: New page: Compilation - Jul 21, 2019, 12:21:27 PM
[2019.07.21-10.21.27:198][763]CompilerResultsLog: Compiling game modules for hot reload
[2019.07.21-10.21.27:198][763]CompilerResultsLog: Target is up to date
[2019.07.21-10.21.27:198][763]CompilerResultsLog: Total build time: 1,24 seconds (NoActionsToExecute executor: 0,00 seconds)
[2019.07.21-10.21.27:198][763]LogMainFrame: MainFrame: Module compiling took 1.505 seconds
[2019.07.21-10.21.27:467][763]LogContentBrowser: Native class hierarchy populated in 0.0101 seconds. Added 2368 classes and 528 folders.
[2019.07.21-10.21.27:467][763]Display: HotReload took  1.8s.
[2019.07.21-10.21.29:284][969]LogTemp: Repeating last play command: Selected Viewport
[2019.07.21-10.21.29:304][969]LogPlayLevel: PlayLevel: No blueprints needed recompiling
[2019.07.21-10.21.29:304][969]PIE: New page: PIE session: TutorialMap (Jul 21, 2019, 12:21:29 PM)
[2019.07.21-10.21.29:304][969]LogPlayLevel: Creating play world package: /Game/CoinCollector/Maps/UEDPIE_0_TutorialMap
[2019.07.21-10.21.29:310][969]LogPlayLevel: PIE: StaticDuplicateObject took: (0.005916s)
[2019.07.21-10.21.29:311][969]LogAIModule: Creating AISystem for world TutorialMap
[2019.07.21-10.21.29:311][969]LogPlayLevel: PIE: World Init took: (0.000928s)
[2019.07.21-10.21.29:311][969]LogPlayLevel: PIE: Created PIE world by copying editor world from /Game/CoinCollector/Maps/TutorialMap.TutorialMap to /Game/CoinCollector/Maps/UEDPIE_0_TutorialMap.TutorialMap (0.007137s)
[2019.07.21-10.21.29:365][969]LogInit: XAudio2 using 'Haut-parleurs (8- USB PnP Sound Device)' : 2 channels at 48 kHz using 16 bits per sample (channel mask 0x3)
[2019.07.21-10.21.29:377][969]LogInit: FAudioDevice initialized.
[2019.07.21-10.21.29:413][969]LogLoad: Game class is 'GM_Tutorial_C'
[2019.07.21-10.21.29:415][969]LogWorld: Bringing World /Game/CoinCollector/Maps/UEDPIE_0_TutorialMap.TutorialMap up for play (max tick rate 0) at 2019.07.21-11.21.29
[2019.07.21-10.21.29:416][969]LogWorld: Bringing up level for play took: 0.001536
[2019.07.21-10.21.29:417][969]PIE: Play in editor start time for /Game/CoinCollector/Maps/UEDPIE_0_TutorialMap -0.13
[2019.07.21-10.22.32:001][110]LogSavePackage: Save=26.26ms
[2019.07.21-10.22.32:001][110]LogSavePackage: Moving 'C:/Users/walid/Downloads/CoinCollectorStarter/CoinCollectorStarter/Saved/BP_BasePlayer64A76E0D42D63B3E6A3CABA2FF364F56.tmp' to 'C:/Users/walid/Downloads/CoinCollectorStarter/CoinCollectorStarter/Content/CoinCollector/Blueprints/BP_BasePlayer.uasset'
[2019.07.21-10.22.32:005][110]LogSavePackage: Display: Finished SavePackage C:/Users/walid/Downloads/CoinCollectorStarter/CoinCollectorStarter/Content/CoinCollector/Blueprints/BP_BasePlayer.uasset
[2019.07.21-10.22.32:060][110]LogSavePackage: Save=31.11ms
[2019.07.21-10.22.32:060][110]LogSavePackage: Moving 'C:/Users/walid/Downloads/CoinCollectorStarter/CoinCollectorStarter/Saved/BP_BasePlayer_Child9CDA2D8140E216B804EEAEAEBECAE752.tmp' to 'C:/Users/walid/Downloads/CoinCollectorStarter/CoinCollectorStarter/Content/CoinCollector/Blueprints/BP_BasePlayer_Child.uasset'
[2019.07.21-10.22.32:063][110]LogSavePackage: Display: Finished SavePackage C:/Users/walid/Downloads/CoinCollectorStarter/CoinCollectorStarter/Content/CoinCollector/Blueprints/BP_BasePlayer_Child.uasset
[2019.07.21-10.22.32:439][111]Cmd: QUIT_EDITOR
[2019.07.21-10.22.33:264][111]LogWindowsTextInputMethodSystem: Display: IME system now deactivated.
[2019.07.21-10.22.33:279][111]LogExit: Preparing to exit.
[2019.07.21-10.22.34:335][111]LogExit: Editor shut down
[2019.07.21-10.22.34:348][111]LogExit: Transaction tracking system shut down
[2019.07.21-10.22.34:511][111]LogDirectoryWatcher: A directory notification for '../../../Engine/Content/' was aborted.
[2019.07.21-10.22.34:511][111]LogDirectoryWatcher: A directory notification for 'C:/Users/walid/Downloads/CoinCollectorStarter/CoinCollectorStarter/Content/' was aborted.
[2019.07.21-10.22.34:511][111]LogDirectoryWatcher: A directory notification for '../../../Engine/Plugins/2D/Paper2D/Content/' was aborted.
[2019.07.21-10.22.34:511][111]LogDirectoryWatcher: A directory notification for '../../../Engine/Plugins/Media/MediaCompositing/Content/' was aborted.
[2019.07.21-10.22.34:512][111]LogDirectoryWatcher: A directory notification for '../../../Engine/Plugins/Runtime/AppleARKit/Content/' was aborted.
[2019.07.21-10.22.34:512][111]LogDirectoryWatcher: A directory notification for '../../../Engine/Plugins/Runtime/Oculus/OculusVR/Content/' was aborted.
[2019.07.21-10.22.34:512][111]LogDirectoryWatcher: A directory notification for '../../../Engine/Plugins/Runtime/Steam/SteamVR/Content/' was aborted.
[2019.07.21-10.22.34:612][111]LogExit: Object subsystem successfully closed.
[2019.07.21-10.22.34:628][111]LogD3D11RHI: Shutdown
[2019.07.21-10.22.34:628][111]LogD3D11RHI: CleanupD3DDevice
[2019.07.21-10.22.34:632][111]LogD3D11RHI: ~FD3D11DynamicRHI
[2019.07.21-10.22.34:683][111]LogModuleManager: Shutting down and abandoning module ExternalImagePicker (560)
[2019.07.21-10.22.34:683][111]LogModuleManager: Shutting down and abandoning module MovieSceneCapture (558)
[2019.07.21-10.22.34:683][111]LogModuleManager: Shutting down and abandoning module HierarchicalLODUtilities (556)
[2019.07.21-10.22.34:700][111]LogModuleManager: Shutting down and abandoning module BlueprintGraph (554)
[2019.07.21-10.22.34:700][111]LogModuleManager: Shutting down and abandoning module HierarchicalLODOutliner (552)
[2019.07.21-10.22.34:700][111]LogModuleManager: Shutting down and abandoning module DesktopPlatform (550)
[2019.07.21-10.22.34:700][111]LogModuleManager: Shutting down and abandoning module SceneOutliner (548)
[2019.07.21-10.22.34:700][111]LogModuleManager: Shutting down and abandoning module AddContentDialog (546)
[2019.07.21-10.22.34:700][111]LogDirectoryWatcher: A directory notification for 'D:/UE418/UE_4.18/FeaturePacks/' was aborted.
[2019.07.21-10.22.34:701][111]LogModuleManager: Shutting down and abandoning module WidgetCarousel (545)
[2019.07.21-10.22.34:701][111]LogModuleManager: Shutting down and abandoning module EditorWidgets (542)
[2019.07.21-10.22.34:701][111]LogModuleManager: Shutting down and abandoning module CollectionManager (540)
[2019.07.21-10.22.34:701][111]LogDirectoryWatcher: A directory notification for 'C:/Users/walid/Downloads/CoinCollectorStarter/CoinCollectorStarter/Content/Collections/' was aborted.
[2019.07.21-10.22.34:701][111]LogDirectoryWatcher: A directory notification for 'C:/Users/walid/Downloads/CoinCollectorStarter/CoinCollectorStarter/Content/Developers/walid/Collections/' was aborted.
[2019.07.21-10.22.34:701][111]LogDirectoryWatcher: A directory notification for 'C:/Users/walid/Downloads/CoinCollectorStarter/CoinCollectorStarter/Saved/Collections/' was aborted.
[2019.07.21-10.22.34:701][111]LogModuleManager: Shutting down and abandoning module StatsViewer (538)
[2019.07.21-10.22.34:701][111]LogModuleManager: Shutting down and abandoning module FoliageEdit (536)
[2019.07.21-10.22.34:701][111]LogModuleManager: Shutting down and abandoning module LandscapeEditor (534)
[2019.07.21-10.22.34:701][111]LogModuleManager: Shutting down and abandoning module MeshPaintMode (532)
[2019.07.21-10.22.34:701][111]LogModuleManager: Shutting down and abandoning module SceneDepthPickerMode (530)
[2019.07.21-10.22.34:701][111]LogModuleManager: Shutting down and abandoning module ActorPickerMode (528)
[2019.07.21-10.22.34:701][111]LogModuleManager: Shutting down and abandoning module GeometryMode (526)
[2019.07.21-10.22.34:701][111]LogModuleManager: Shutting down and abandoning module TextureAlignMode (524)
[2019.07.21-10.22.34:701][111]LogModuleManager: Shutting down and abandoning module BspMode (522)
[2019.07.21-10.22.34:701][111]LogModuleManager: Shutting down and abandoning module PIEPreviewDeviceProfileSelector (520)
[2019.07.21-10.22.34:701][111]LogModuleManager: Shutting down and abandoning module HardwareSurvey (518)
[2019.07.21-10.22.34:701][111]LogModuleManager: Shutting down and abandoning module SequenceRecorderSections (516)
[2019.07.21-10.22.34:701][111]LogModuleManager: Shutting down and abandoning module AutomationWorker (514)
[2019.07.21-10.22.34:701][111]LogModuleManager: Shutting down and abandoning module MatineeToLevelSequence (512)
[2019.07.21-10.22.34:701][111]LogModuleManager: Shutting down and abandoning module LevelSequenceEditor (510)
[2019.07.21-10.22.34:701][111]LogModuleManager: Shutting down and abandoning module PlacementMode (509)
[2019.07.21-10.22.34:701][111]LogModuleManager: Shutting down and abandoning module WmfMediaFactory (506)
[2019.07.21-10.22.34:701][111]LogModuleManager: Shutting down and abandoning module WmfMediaEditor (504)
[2019.07.21-10.22.34:701][111]LogModuleManager: Shutting down and abandoning module OpenExrWrapper (502)
[2019.07.21-10.22.34:701][111]LogModuleManager: Shutting down and abandoning module ImgMediaFactory (500)
[2019.07.21-10.22.34:701][111]LogModuleManager: Shutting down and abandoning module ImgMediaEditor (498)
[2019.07.21-10.22.34:701][111]LogModuleManager: Shutting down and abandoning module AvfMediaFactory (496)
[2019.07.21-10.22.34:702][111]LogModuleManager: Shutting down and abandoning module AvfMediaEditor (494)
[2019.07.21-10.22.34:702][111]LogModuleManager: Shutting down and abandoning module AndroidMediaFactory (492)
[2019.07.21-10.22.34:702][111]LogModuleManager: Shutting down and abandoning module AndroidMediaEditor (490)
[2019.07.21-10.22.34:702][111]LogModuleManager: Shutting down and abandoning module CharacterAI (488)
[2019.07.21-10.22.34:702][111]LogModuleManager: Shutting down and abandoning module AudioCapture (486)
[2019.07.21-10.22.34:702][111]LogModuleManager: Shutting down and abandoning module SequenceRecorder (485)
[2019.07.21-10.22.34:702][111]LogModuleManager: Shutting down and abandoning module SmartSnapping (482)
[2019.07.21-10.22.34:702][111]LogModuleManager: Shutting down and abandoning module SessionServices (480)
[2019.07.21-10.22.34:702][111]LogModuleManager: Shutting down and abandoning module ViewportSnapping (478)
[2019.07.21-10.22.34:702][111]LogModuleManager: Shutting down and abandoning module ViewportInteraction (476)
[2019.07.21-10.22.34:702][111]LogModuleManager: Shutting down and abandoning module ClothPainter (474)
[2019.07.21-10.22.34:702][111]LogModuleManager: Shutting down and abandoning module SkeletalMeshEditor (473)
[2019.07.21-10.22.34:702][111]LogModuleManager: Shutting down and abandoning module LogVisualizer (470)
[2019.07.21-10.22.34:702][111]LogModuleManager: Shutting down and abandoning module IntroTutorials (468)
[2019.07.21-10.22.34:702][111]LogModuleManager: Shutting down and abandoning module GameProjectGeneration (467)
[2019.07.21-10.22.34:702][111]LogModuleManager: Shutting down and abandoning module IOSPlatformEditor (464)
[2019.07.21-10.22.34:702][111]LogModuleManager: Shutting down and abandoning module HTML5PlatformEditor (462)
[2019.07.21-10.22.34:702][111]LogModuleManager: Shutting down and abandoning module AndroidPlatformEditor (460)
[2019.07.21-10.22.34:702][111]LogModuleManager: Shutting down and abandoning module AndroidDeviceDetection (459)
[2019.07.21-10.22.35:641][111]LogModuleManager: Shutting down and abandoning module WindowsPlatformEditor (456)
[2019.07.21-10.22.35:641][111]LogModuleManager: Shutting down and abandoning module IOSRuntimeSettings (454)
[2019.07.21-10.22.35:641][111]LogModuleManager: Shutting down and abandoning module AndroidRuntimeSettings (452)
[2019.07.21-10.22.35:642][111]LogModuleManager: Shutting down and abandoning module InputBindingEditor (450)
[2019.07.21-10.22.35:642][111]LogModuleManager: Shutting down and abandoning module MergeActors (448)
[2019.07.21-10.22.35:642][111]LogModuleManager: Shutting down and abandoning module SizeMap (446)
[2019.07.21-10.22.35:642][111]LogModuleManager: Shutting down and abandoning module TreeMap (444)
[2019.07.21-10.22.35:642][111]LogModuleManager: Shutting down and abandoning module ReferenceViewer (442)
[2019.07.21-10.22.35:642][111]LogModuleManager: Shutting down and abandoning module LocalizationDashboard (440)
[2019.07.21-10.22.35:642][111]LogModuleManager: Shutting down and abandoning module LocalizationService (439)
[2019.07.21-10.22.35:642][111]LogModuleManager: Shutting down and abandoning module HardwareTargeting (436)
[2019.07.21-10.22.35:642][111]LogModuleManager: Shutting down and abandoning module DeviceProfileEditor (434)
[2019.07.21-10.22.35:643][111]LogModuleManager: Shutting down and abandoning module UndoHistory (432)
[2019.07.21-10.22.35:643][111]LogModuleManager: Shutting down and abandoning module XmlParser (430)
[2019.07.21-10.22.35:643][111]LogModuleManager: Shutting down and abandoning module Blutility (428)
[2019.07.21-10.22.35:643][111]LogModuleManager: Shutting down and abandoning module ProjectSettingsViewer (426)
[2019.07.21-10.22.35:643][111]LogModuleManager: Shutting down and abandoning module ProjectTargetPlatformEditor (425)
[2019.07.21-10.22.35:643][111]LogModuleManager: Shutting down and abandoning module EditorSettingsViewer (422)
[2019.07.21-10.22.35:643][111]LogModuleManager: Shutting down and abandoning module SettingsEditor (420)
[2019.07.21-10.22.35:644][111]LogModuleManager: Shutting down and abandoning module ProjectLauncher (418)
[2019.07.21-10.22.35:644][111]LogModuleManager: Shutting down and abandoning module SessionFrontend (416)
[2019.07.21-10.22.35:644][111]LogModuleManager: Shutting down and abandoning module ProfilerClient (414)
[2019.07.21-10.22.35:644][111]LogModuleManager: Shutting down and abandoning module DeviceManager (412)
[2019.07.21-10.22.35:645][111]LogModuleManager: Shutting down and abandoning module TargetDeviceServices (411)
[2019.07.21-10.22.35:711][111]LogModuleManager: Shutting down and abandoning module AutomationController (408)
[2019.07.21-10.22.35:711][111]LogModuleManager: Shutting down and abandoning module AutomationWindow (406)
[2019.07.21-10.22.35:711][111]LogModuleManager: Shutting down and abandoning module Layers (404)
[2019.07.21-10.22.35:711][111]LogModuleManager: Shutting down and abandoning module ComponentVisualizers (402)
[2019.07.21-10.22.35:711][111]LogModuleManager: Shutting down and abandoning module DetailCustomizations (400)
[2019.07.21-10.22.35:711][111]LogModuleManager: Shutting down and abandoning module PackagesDialog (398)
[2019.07.21-10.22.35:712][111]LogModuleManager: Shutting down and abandoning module Persona (396)
[2019.07.21-10.22.35:712][111]LogModuleManager: Shutting down and abandoning module AdvancedPreviewScene (395)
[2019.07.21-10.22.35:712][111]LogModuleManager: Shutting down and abandoning module AnimGraph (393)
[2019.07.21-10.22.35:712][111]LogModuleManager: Shutting down and abandoning module Kismet (390)
[2019.07.21-10.22.35:749][111]LogModuleManager: Shutting down and abandoning module ClassViewer (388)
[2019.07.21-10.22.35:754][111]LogModuleManager: Shutting down and abandoning module Toolbox (386)
[2019.07.21-10.22.35:754][111]LogModuleManager: Shutting down and abandoning module ModuleUI (384)
[2019.07.21-10.22.35:754][111]LogModuleManager: Shutting down and abandoning module MovieSceneTools (382)
[2019.07.21-10.22.35:755][111]LogModuleManager: Shutting down and abandoning module OutputLog (380)
[2019.07.21-10.22.35:755][111]LogModuleManager: Shutting down and abandoning module GammaUI (378)
[2019.07.21-10.22.35:755][111]LogModuleManager: Shutting down and abandoning module Documentation (376)
[2019.07.21-10.22.35:755][111]LogModuleManager: Shutting down and abandoning module MovieSceneTracks (374)
[2019.07.21-10.22.35:755][111]LogModuleManager: Shutting down and abandoning module MovieScene (372)
[2019.07.21-10.22.35:755][111]LogModuleManager: Shutting down and abandoning module StreamingPauseRendering (370)
[2019.07.21-10.22.35:755][111]LogModuleManager: Shutting down and abandoning module LauncherPlatform (368)
[2019.07.21-10.22.35:755][111]LogModuleManager: Shutting down and abandoning module AnalyticsET (366)
[2019.07.21-10.22.35:755][111]LogModuleManager: Shutting down and abandoning module PortalServices (364)
[2019.07.21-10.22.35:755][111]LogModuleManager: Shutting down and abandoning module PortalRpc (362)
[2019.07.21-10.22.35:755][111]LogModuleManager: Shutting down and abandoning module MessagingRpc (360)
[2019.07.21-10.22.35:756][111]LogModuleManager: Shutting down and abandoning module AIModule (358)
[2019.07.21-10.22.35:756][111]LogModuleManager: Shutting down and abandoning module GameplayDebugger (357)
[2019.07.21-10.22.35:756][111]LogModuleManager: Shutting down and abandoning module AITestSuite (355)
[2019.07.21-10.22.35:756][111]LogModuleManager: Shutting down and abandoning module ProfilerService (352)
[2019.07.21-10.22.35:988][111]LogModuleManager: Shutting down and abandoning module TaskGraph (350)
[2019.07.21-10.22.35:988][111]LogModuleManager: Shutting down and abandoning module UEAnimaLoader (348)
[2019.07.21-10.22.35:989][111]LogModuleManager: Shutting down and abandoning module SteamVRController (346)
[2019.07.21-10.22.35:989][111]LogModuleManager: Shutting down and abandoning module ProceduralMeshComponentEditor (344)
[2019.07.21-10.22.35:989][111]LogModuleManager: Shutting down and abandoning module ProceduralMeshComponent (342)
[2019.07.21-10.22.35:989][111]LogModuleManager: Shutting down and abandoning module OculusInput (340)
[2019.07.21-10.22.35:989][111]LogModuleManager: Shutting down and abandoning module MobilePatchingUtils (338)
[2019.07.21-10.22.35:989][111]LogModuleManager: Shutting down and abandoning module CustomMeshComponent (336)
[2019.07.21-10.22.35:989][111]LogModuleManager: Shutting down and abandoning module CableComponent (334)
[2019.07.21-10.22.35:989][111]LogModuleManager: Shutting down and abandoning module ArchVisCharacter (332)
[2019.07.21-10.22.35:989][111]LogModuleManager: Shutting down and abandoning module AndroidPermission (330)
[2019.07.21-10.22.35:989][111]LogModuleManager: Shutting down and abandoning module ActorSequence (326)
[2019.07.21-10.22.35:989][111]LogModuleManager: Shutting down and abandoning module MediaPlayerEditor (324)
[2019.07.21-10.22.35:990][111]LogModuleManager: Shutting down and abandoning module MediaCompositingEditor (322)
[2019.07.21-10.22.35:990][111]LogModuleManager: Shutting down and abandoning module MediaCompositing (320)
[2019.07.21-10.22.35:990][111]LogModuleManager: Shutting down and abandoning module HTML5Networking (318)
[2019.07.21-10.22.35:990][111]LogModuleManager: Shutting down and abandoning module AlembicImporter (316)
[2019.07.21-10.22.35:990][111]LogModuleManager: Shutting down and abandoning module AlembicLibrary (315)
[2019.07.21-10.22.35:990][111]LogModuleManager: Shutting down and abandoning module GeometryCache (314)
[2019.07.21-10.22.35:990][111]LogModuleManager: Shutting down and abandoning module GeometryCacheEd (313)
[2019.07.21-10.22.35:990][111]LogModuleManager: Shutting down and abandoning module SpeedTreeImporter (308)
[2019.07.21-10.22.35:991][111]LogModuleManager: Shutting down and abandoning module PluginBrowser (306)
[2019.07.21-10.22.35:991][111]LogModuleManager: Shutting down and abandoning module MobileLauncherProfileWizard (304)
[2019.07.21-10.22.35:991][111]LogModuleManager: Shutting down and abandoning module VisualStudioSourceCodeAccess (302)
[2019.07.21-10.22.35:991][111]LogModuleManager: Shutting down and abandoning module VisualStudioCodeSourceCodeAccess (300)
[2019.07.21-10.22.35:991][111]LogModuleManager: Shutting down and abandoning module UObjectPlugin (298)
[2019.07.21-10.22.35:991][111]LogModuleManager: Shutting down and abandoning module SubversionSourceControl (296)
[2019.07.21-10.22.35:991][111]LogModuleManager: Shutting down and abandoning module PerforceSourceControl (294)
[2019.07.21-10.22.35:991][111]LogModuleManager: Shutting down and abandoning module GitSourceControl (292)
[2019.07.21-10.22.35:992][111]LogModuleManager: Shutting down and abandoning module SourceControl (291)
[2019.07.21-10.22.35:992][111]LogModuleManager: Shutting down and abandoning module LightPropagationVolumeEditor (288)
[2019.07.21-10.22.35:992][111]LogModuleManager: Shutting down and abandoning module PaperTiledImporter (286)
[2019.07.21-10.22.35:992][111]LogModuleManager: Shutting down and abandoning module PaperSpriteSheetImporter (284)
[2019.07.21-10.22.35:992][111]LogModuleManager: Shutting down and abandoning module Paper2DEditor (282)
[2019.07.21-10.22.35:992][111]LogModuleManager: Shutting down and abandoning module MeshPaint (281)
[2019.07.21-10.22.35:992][111]LogModuleManager: Shutting down and abandoning module LevelEditor (279)
[2019.07.21-10.22.35:995][111]LogModuleManager: Shutting down and abandoning module PixelInspectorModule (278)
[2019.07.21-10.22.35:995][111]LogModuleManager: Shutting down and abandoning module MainFrame (276)
[2019.07.21-10.22.35:996][111]LogModuleManager: Shutting down and abandoning module HotReload (275)
[2019.07.21-10.22.35:996][111]LogDirectoryWatcher: A directory notification for 'C:/Users/walid/Downloads/CoinCollectorStarter/CoinCollectorStarter/Binaries/Win64' was aborted.
[2019.07.21-10.22.35:998][111]LogModuleManager: Shutting down and abandoning module CoinCollector (270)
[2019.07.21-10.22.35:998][111]LogModuleManager: Shutting down and abandoning module RuntimePhysXCooking (268)
[2019.07.21-10.22.35:998][111]LogModuleManager: Shutting down and abandoning module PhysXVehiclesEditor (266)
[2019.07.21-10.22.35:998][111]LogModuleManager: Shutting down and abandoning module PhysXVehicles (264)
[2019.07.21-10.22.35:998][111]LogModuleManager: Shutting down and abandoning module OculusEditor (262)
[2019.07.21-10.22.35:998][111]LogModuleManager: Shutting down and abandoning module LocationServicesBPLibrary (260)
[2019.07.21-10.22.35:999][111]LogModuleManager: Shutting down and abandoning module ImmediatePhysicsEditor (258)
[2019.07.21-10.22.35:999][111]LogModuleManager: Shutting down and abandoning module ImmediatePhysics (256)
[2019.07.21-10.22.35:999][111]LogModuleManager: Shutting down and abandoning module UdpMessaging (254)
[2019.07.21-10.22.36:100][111]LogModuleManager: Shutting down and abandoning module TcpMessaging (252)
[2019.07.21-10.22.36:202][111]LogModuleManager: Shutting down and abandoning module GameplayTagsEditor (250)
[2019.07.21-10.22.36:202][111]LogModuleManager: Shutting down and abandoning module FacialAnimationEditor (248)
[2019.07.21-10.22.36:202][111]LogModuleManager: Shutting down and abandoning module FacialAnimation (246)
[2019.07.21-10.22.36:202][111]LogModuleManager: Shutting down and abandoning module AssetManagerEditor (244)
[2019.07.21-10.22.36:202][111]LogModuleManager: Shutting down and abandoning module GraphEditor (243)
[2019.07.21-10.22.36:203][111]LogModuleManager: Shutting down and abandoning module ContentBrowser (241)
[2019.07.21-10.22.36:206][111]LogModuleManager: Shutting down and abandoning module LightPropagationVolumeRuntime (238)
[2019.07.21-10.22.36:206][111]LogModuleManager: Shutting down and abandoning module Paper2D (236)
[2019.07.21-10.22.36:206][111]LogModuleManager: Shutting down and abandoning module WindowsMoviePlayer (234)
[2019.07.21-10.22.36:206][111]LogModuleManager: Shutting down and abandoning module WmfMedia (232)
[2019.07.21-10.22.36:212][111]LogModuleManager: Shutting down and abandoning module ImgMedia (230)
[2019.07.21-10.22.36:212][111]LogModuleManager: Shutting down and abandoning module PacketHandler (228)
[2019.07.21-10.22.36:212][111]LogModuleManager: Shutting down and abandoning module ClothingSystemEditor (226)
[2019.07.21-10.22.36:212][111]LogModuleManager: Shutting down and abandoning module ClothingSystemRuntime (224)
[2019.07.21-10.22.36:212][111]LogModuleManager: Shutting down and abandoning module MediaAssets (222)
[2019.07.21-10.22.36:212][111]LogModuleManager: Shutting down and abandoning module Media (221)
[2019.07.21-10.22.36:219][111]LogModuleManager: Shutting down and abandoning module Overlay (218)
[2019.07.21-10.22.36:219][111]LogModuleManager: Shutting down and abandoning module OverlayEditor (217)
[2019.07.21-10.22.36:219][111]LogModuleManager: Shutting down and abandoning module VREditor (214)
[2019.07.21-10.22.36:219][111]LogModuleManager: Shutting down and abandoning module StringTableEditor (212)
[2019.07.21-10.22.36:219][111]LogModuleManager: Shutting down and abandoning module GameplayTasksEditor (210)
[2019.07.21-10.22.36:220][111]LogModuleManager: Shutting down and abandoning module BehaviorTreeEditor (208)
[2019.07.21-10.22.36:220][111]LogModuleManager: Shutting down and abandoning module FunctionalTesting (206)
[2019.07.21-10.22.36:220][111]LogModuleManager: Shutting down and abandoning module CollisionAnalyzer (204)
[2019.07.21-10.22.36:220][111]LogModuleManager: Shutting down and abandoning module WorkspaceMenuStructure (203)
[2019.07.21-10.22.36:220][111]LogModuleManager: Shutting down and abandoning module UMG (200)
[2019.07.21-10.22.36:220][111]LogModuleManager: Shutting down and abandoning module UMGEditor (199)
[2019.07.21-10.22.36:220][111]LogModuleManager: Shutting down and abandoning module Sequencer (198)
[2019.07.21-10.22.36:221][111]LogModuleManager: Shutting down and abandoning module MessageLog (195)
[2019.07.21-10.22.36:221][111]LogModuleManager: Shutting down and abandoning module SlateReflector (190)
[2019.07.21-10.22.36:221][111]LogModuleManager: Shutting down and abandoning module Slate (188)
[2019.07.21-10.22.36:221][111]LogModuleManager: Shutting down and abandoning module EditorStyle (186)
[2019.07.21-10.22.36:229][111]LogModuleManager: Shutting down and abandoning module MRMesh (184)
[2019.07.21-10.22.36:229][111]LogModuleManager: Shutting down and abandoning module SourceCodeAccess (182)
[2019.07.21-10.22.36:229][111]LogModuleManager: Shutting down and abandoning module HeadMountedDisplay (180)
[2019.07.21-10.22.36:229][111]LogModuleManager: Shutting down and abandoning module XAudio2 (178)
[2019.07.21-10.22.36:229][111]LogModuleManager: Shutting down and abandoning module Networking (176)
[2019.07.21-10.22.36:229][111]LogModuleManager: Shutting down and abandoning module Core (172)
[2019.07.21-10.22.36:229][111]LogModuleManager: Shutting down and abandoning module LevelSequence (168)
[2019.07.21-10.22.36:230][111]LogModuleManager: Shutting down and abandoning module DirectoryWatcher (166)
[2019.07.21-10.22.36:236][111]LogModuleManager: Shutting down and abandoning module KismetCompiler (164)
[2019.07.21-10.22.36:236][111]LogModuleManager: Shutting down and abandoning module MeshUtilities (162)
[2019.07.21-10.22.36:236][111]LogModuleManager: Shutting down and abandoning module MeshMergeUtilities (161)
[2019.07.21-10.22.36:237][111]LogModuleManager: Shutting down and abandoning module MeshReductionInterface (160)
[2019.07.21-10.22.36:237][111]LogModuleManager: Shutting down and abandoning module SimplygonSwarm (159)
[2019.07.21-10.22.36:237][111]LogModuleManager: Shutting down and abandoning module SimplygonMeshReduction (157)
[2019.07.21-10.22.36:237][111]LogModuleManager: Shutting down and abandoning module QuadricMeshReduction (155)
[2019.07.21-10.22.36:237][111]LogModuleManager: Shutting down and abandoning module MaterialBaking (151)
[2019.07.21-10.22.36:237][111]LogModuleManager: Shutting down and abandoning module DerivedDataCache (148)
[2019.07.21-10.22.36:279][111]LogDerivedDataCache: Shutdown
[2019.07.21-10.22.36:279][111]LogModuleManager: Shutting down and abandoning module TargetPlatform (146)
[2019.07.21-10.22.36:280][111]LogModuleManager: Shutting down and abandoning module VulkanShaderFormat (145)
[2019.07.21-10.22.36:280][111]LogModuleManager: Shutting down and abandoning module ShaderFormatVectorVM (143)
[2019.07.21-10.22.36:280][111]LogModuleManager: Shutting down and abandoning module ShaderFormatOpenGL (141)
[2019.07.21-10.22.36:280][111]LogModuleManager: Shutting down and abandoning module ShaderFormatD3D (139)
[2019.07.21-10.22.36:280][111]LogModuleManager: Shutting down and abandoning module MetalShaderFormat (137)
[2019.07.21-10.22.36:280][111]LogModuleManager: Shutting down and abandoning module TextureFormatUncompressed (135)
[2019.07.21-10.22.36:280][111]LogModuleManager: Shutting down and abandoning module TextureFormatPVR (133)
[2019.07.21-10.22.36:280][111]LogModuleManager: Shutting down and abandoning module TextureFormatDXT (131)
[2019.07.21-10.22.36:280][111]LogModuleManager: Shutting down and abandoning module TextureFormatIntelISPCTexComp (129)
[2019.07.21-10.22.36:281][111]LogModuleManager: Shutting down and abandoning module TextureFormatASTC (127)
[2019.07.21-10.22.36:281][111]LogModuleManager: Shutting down and abandoning module ImageWrapper (126)
[2019.07.21-10.22.36:281][111]LogModuleManager: Shutting down and abandoning module TextureFormatAndroid (123)
[2019.07.21-10.22.36:281][111]LogModuleManager: Shutting down and abandoning module AudioFormatOpus (121)
[2019.07.21-10.22.36:281][111]LogModuleManager: Shutting down and abandoning module AudioFormatOgg (119)
[2019.07.21-10.22.36:281][111]LogModuleManager: Shutting down and abandoning module AudioFormatADPCM (117)
[2019.07.21-10.22.36:281][111]LogModuleManager: Shutting down and abandoning module LinuxTargetPlatform (115)
[2019.07.21-10.22.36:281][111]LogModuleManager: Shutting down and abandoning module LinuxServerTargetPlatform (113)
[2019.07.21-10.22.36:281][111]LogModuleManager: Shutting down and abandoning module LinuxNoEditorTargetPlatform (111)
[2019.07.21-10.22.36:281][111]LogModuleManager: Shutting down and abandoning module LinuxClientTargetPlatform (109)
[2019.07.21-10.22.36:281][111]LogModuleManager: Shutting down and abandoning module TVOSTargetPlatform (107)
[2019.07.21-10.22.36:281][111]LogModuleManager: Shutting down and abandoning module Messaging (105)
[2019.07.21-10.22.36:282][111]LogModuleManager: Shutting down and abandoning module IOSTargetPlatform (103)
[2019.07.21-10.22.36:282][111]LogModuleManager: Shutting down and abandoning module HTML5TargetPlatform (101)
[2019.07.21-10.22.36:282][111]LogModuleManager: Shutting down and abandoning module AndroidTargetPlatform (99)
[2019.07.21-10.22.36:282][111]LogModuleManager: Shutting down and abandoning module Android_PVRTCTargetPlatform (97)
[2019.07.21-10.22.36:282][111]LogModuleManager: Shutting down and abandoning module Android_MultiTargetPlatform (95)
[2019.07.21-10.22.36:282][111]LogModuleManager: Shutting down and abandoning module Android_ETC2TargetPlatform (93)
[2019.07.21-10.22.36:282][111]LogModuleManager: Shutting down and abandoning module Android_ETC1TargetPlatform (91)
[2019.07.21-10.22.36:282][111]LogModuleManager: Shutting down and abandoning module Android_DXTTargetPlatform (89)
[2019.07.21-10.22.36:282][111]LogModuleManager: Shutting down and abandoning module Android_ATCTargetPlatform (87)
[2019.07.21-10.22.36:282][111]LogModuleManager: Shutting down and abandoning module Android_ASTCTargetPlatform (85)
[2019.07.21-10.22.36:282][111]LogModuleManager: Shutting down and abandoning module WindowsTargetPlatform (83)
[2019.07.21-10.22.36:282][111]LogModuleManager: Shutting down and abandoning module WindowsServerTargetPlatform (81)
[2019.07.21-10.22.36:282][111]LogModuleManager: Shutting down and abandoning module WindowsNoEditorTargetPlatform (79)
[2019.07.21-10.22.36:282][111]LogModuleManager: Shutting down and abandoning module WindowsClientTargetPlatform (77)
[2019.07.21-10.22.36:282][111]LogModuleManager: Shutting down and abandoning module MacTargetPlatform (75)
[2019.07.21-10.22.36:283][111]LogModuleManager: Shutting down and abandoning module MacServerTargetPlatform (73)
[2019.07.21-10.22.36:283][111]LogModuleManager: Shutting down and abandoning module MacNoEditorTargetPlatform (71)
[2019.07.21-10.22.36:283][111]LogModuleManager: Shutting down and abandoning module MacClientTargetPlatform (69)
[2019.07.21-10.22.36:283][111]LogModuleManager: Shutting down and abandoning module AllDesktopTargetPlatform (67)
[2019.07.21-10.22.36:283][111]LogModuleManager: Shutting down and abandoning module InputCore (64)
[2019.07.21-10.22.36:283][111]LogModuleManager: Shutting down and abandoning module Settings (62)
[2019.07.21-10.22.36:283][111]LogModuleManager: Shutting down and abandoning module PhysXCooking (60)
[2019.07.21-10.22.36:283][111]LogModuleManager: Shutting down and abandoning module SteamVR (58)
[2019.07.21-10.22.36:283][111]LogModuleManager: Shutting down and abandoning module OculusHMD (56)
[2019.07.21-10.22.36:283][111]LogModuleManager: Shutting down and abandoning module ExampleDeviceProfileSelector (54)
[2019.07.21-10.22.36:283][111]LogModuleManager: Shutting down and abandoning module AppleARKit (52)
[2019.07.21-10.22.36:283][111]LogModuleManager: Shutting down and abandoning module AugmentedReality (51)
[2019.07.21-10.22.36:283][111]LogModuleManager: Shutting down and abandoning module OnlineBlueprintSupport (48)
[2019.07.21-10.22.36:284][111]LogModuleManager: Shutting down and abandoning module OnlineSubsystem (44)
[2019.07.21-10.22.36:284][111]LogModuleManager: Shutting down and abandoning module XMPP (43)
[2019.07.21-10.22.36:284][111]LogModuleManager: Shutting down and abandoning module HTTP (41)
[2019.07.21-10.22.36:284][111]LogHttp: Display: Http module shutting down, but needs to wait on 1 outstanding Http requests:
[2019.07.21-10.22.36:284][111]LogHttp: Display: 	verb=[POST] url=[https://datarouter.ol.epicgames.com/datarouter/api/v1/public/data?SessionID=%7B2BE8AD23-46D9-4E4E-8D41-C9A4A99B578F%7D&AppID=UEEditor.Rocket.Release&AppVersion=4.18.3-3832480%2B%2B%2BUE4%2BRelease-4.18&UserID=d997032447a84b3d894f7db82a0879fe%7C23a2111a7e15405cba168622ce0f5987%7Cc2127f3c-1dda-4300-b816-f49ab9038d6f&AppEnvironment=datacollector-binary&UploadType=eteventstream] status=Processing
[2019.07.21-10.22.36:304][111]LogModuleManager: Shutting down and abandoning module SSL (40)
[2019.07.21-10.22.36:308][111]LogModuleManager: Shutting down and abandoning module AnimationModifiers (36)
[2019.07.21-10.22.36:308][111]LogModuleManager: Shutting down and abandoning module PropertyEditor (35)
[2019.07.21-10.22.36:308][111]LogModuleManager: Shutting down and abandoning module AudioEditor (32)
[2019.07.21-10.22.36:308][111]LogModuleManager: Shutting down and abandoning module TextureCompressor (30)
[2019.07.21-10.22.36:309][111]LogModuleManager: Shutting down and abandoning module ShaderCore (28)
[2019.07.21-10.22.36:309][111]LogModuleManager: Shutting down and abandoning module Landscape (26)
[2019.07.21-10.22.36:309][111]LogModuleManager: Shutting down and abandoning module SlateRHIRenderer (24)
[2019.07.21-10.22.36:313][111]LogModuleManager: Shutting down and abandoning module OpenGLDrv (22)
[2019.07.21-10.22.36:313][111]LogModuleManager: Shutting down and abandoning module D3D11RHI (20)
[2019.07.21-10.22.36:313][111]LogModuleManager: Shutting down and abandoning module AnimGraphRuntime (18)
[2019.07.21-10.22.36:314][111]LogModuleManager: Shutting down and abandoning module Renderer (16)
[2019.07.21-10.22.36:314][111]LogModuleManager: Shutting down and abandoning module Engine (14)
[2019.07.21-10.22.36:314][111]LogModuleManager: Shutting down and abandoning module CoreUObject (12)
[2019.07.21-10.22.36:314][111]LogModuleManager: Shutting down and abandoning module NetworkFile (10)
[2019.07.21-10.22.36:314][111]LogModuleManager: Shutting down and abandoning module CookedIterativeFile (8)
[2019.07.21-10.22.36:314][111]LogModuleManager: Shutting down and abandoning module StreamingFile (6)
[2019.07.21-10.22.36:314][111]LogModuleManager: Shutting down and abandoning module SandboxFile (4)
[2019.07.21-10.22.36:314][111]LogModuleManager: Shutting down and abandoning module PakFile (2)
[2019.07.21-10.22.36:326][111]LogExit: Exiting.
[2019.07.21-10.22.36:371][111]Log file closed, 07/21/19 11:22:36
